134
0 11
4 65
5 79
8 23
27 70
34 41
46 75
53 12
54 51
63 90
73 0
86 6
89 57
11 23
12 53
15 91
32 64
19 47
40 36
58 10
64 97
21 29
25 25
27 6
28 78
39 26
42 87
48 38
49 71
56 24
62 33
66 81
67 41
72 54
75 61
80 1
86 50
86 80
88 17
94 40
0 13
14 12
17 72
18 60
21 52
37 43
42 18
46 10
55 84
60 2
71 30
80 56
90 45
98 46
0 15
0 30
0 49
0 96
1 3
1 39
2 44
34 72
3 18
3 86
6 71
6 77
7 93
8 84
9 31
9 59
11 17
14 82
16 33
16 93
18 66
20 79
21 13
22 37
23 88
26 0
26 56
29 51
30 34
30 90
32 15
33 8
35 59
35 83
37 67
39 76
40 48
43 94
47 58
48 29
48 92
52 62
53 35
56 89
57 20
58 63
64 20
65 35
65 91
66 85
67 60
68 42
68 80
69 65
70 92
73 11
74 68
74 82
76 22
76 95
77 5
77 42
78 27
79 34
81 66
81 95
84 27
86 1
89 81
90 62
91 14
92 19
92 73
93 88
93 97
95 31
95 78
96 0
96 25
97 14
