130
0 47
1 88
2 18
6 4
7 33
14 97
16 60
17 76
20 2
21 28
27 91
28 41
31 11
32 77
35 54
39 99
41 30
45 9
46 85
52 42
53 67
56 0
57 25
61 89
69 42
69 63
71 23
73 97
75 9
81 50
83 66
85 24
86 90
94 56
96 41
97 73
0 53
3 87
60 5
19 51
23 4
35 77
49 28
60 61
71 29
87 9
1 37
32 37
4 78
28 6
5 97
13 23
21 36
22 62
27 20
37 81
49 2
53 86
70 58
78 36
86 58
2 37
2 60
3 10
36 41
11 83
34 5
40 70
53 8
81 25
4 53
4 84
7 94
9 42
9 49
9 74
10 0
11 10
12 28
12 84
15 15
17 96
19 67
22 0
24 34
24 73
30 68
30 89
32 47
32 56
33 14
34 97
38 76
39 43
42 62
43 31
44 95
46 13
48 90
52 36
52 53
56 26
57 40
57 63
58 9
58 51
59 16
60 68
61 93
62 44
65 21
66 2
66 75
70 47
72 21
76 6
76 29
78 0
78 15
81 90
84 37
84 69
86 19
88 0
92 3
92 64
93 85
94 20
94 45
95 54
