123
0 2
0 62
1 82
8 42
10 24
15 83
16 6
16 64
20 34
20 50
29 23
29 84
30 63
32 42
41 76
41 92
42 53
47 16
48 38
55 3
56 50
57 27
60 89
67 63
69 5
70 77
76 92
78 29
79 53
86 3
87 40
88 64
96 52
97 92
0 64
24 26
45 91
31 78
2 86
9 45
39 61
52 9
10 28
19 68
41 38
54 51
55 36
61 20
61 78
68 91
72 57
85 19
87 33
89 70
0 66
21 61
25 33
34 80
51 88
5 66
9 50
22 43
30 39
45 83
48 43
55 53
58 15
62 58
64 47
67 88
79 83
0 73
34 31
1 69
3 2
7 77
10 33
14 25
17 11
19 3
23 96
24 15
27 31
29 45
29 97
32 12
34 81
37 22
38 17
40 0
40 70
40 79
43 63
45 69
47 18
47 24
48 0
54 20
56 71
59 25
61 0
63 70
67 11
69 41
69 48
70 29
72 66
72 96
73 35
73 72
76 7
78 69
80 64
80 95
84 72
85 80
86 7
90 1
90 83
94 61
94 73
95 78
96 56
