132
0 7
0 40
0 81
2 63
12 19
12 51
12 95
21 74
22 9
25 25
26 60
26 88
35 43
38 18
44 56
47 70
48 28
49 6
49 90
59 78
62 30
70 42
70 57
73 92
75 74
79 14
87 57
89 92
91 71
96 36
97 13
0 42
26 94
93 94
27 64
44 26
30 13
48 50
53 6
87 11
16 93
17 46
27 96
30 49
30 75
38 81
43 19
52 20
52 96
56 86
58 1
58 92
70 22
76 43
78 91
94 59
95 64
0 50
0 88
1 94
4 10
4 22
23 14
25 53
4 46
7 78
32 57
8 86
9 57
10 0
12 71
13 82
15 49
15 87
16 61
18 30
20 0
21 40
21 78
23 19
23 32
25 70
30 0
31 4
31 21
31 66
32 60
32 90
35 45
36 0
36 10
38 37
38 96
39 90
40 45
40 85
44 36
46 0
46 13
47 23
50 70
50 87
51 0
56 23
58 80
60 36
61 43
61 92
63 51
64 30
65 87
66 79
66 93
67 4
69 0
73 4
75 57
76 23
79 83
81 4
81 17
84 44
84 75
86 27
87 96
89 47
93 2
93 29
95 8
95 21
95 78
96 40
