125
0 74
1 6
1 33
1 49
14 70
14 88
16 8
21 31
27 44
33 59
41 40
44 81
47 62
56 8
56 23
58 91
66 68
77 45
81 65
95 96
96 27
8 50
17 97
60 7
70 75
24 0
24 74
28 87
31 26
32 89
33 40
35 16
38 75
50 28
50 94
56 42
63 57
64 23
65 37
72 19
75 79
78 43
79 27
86 18
96 34
3 6
3 93
4 72
26 6
29 96
51 0
52 96
54 80
64 8
71 50
89 32
5 3
61 69
66 20
74 75
5 12
6 1
6 83
68 10
7 2
8 25
62 78
9 13
9 38
9 54
10 30
17 69
20 81
22 24
22 39
26 0
26 68
29 75
31 2
33 90
36 78
38 57
40 43
40 69
45 24
45 74
48 47
49 53
49 81
50 72
54 13
56 85
56 96
60 14
60 47
66 55
66 69
67 44
68 86
69 0
69 30
69 80
71 61
74 0
75 49
76 62
77 14
78 68
79 94
80 35
81 89
82 59
82 81
85 51
86 74
87 35
89 11
89 46
90 41
91 56
92 63
94 85
96 6
97 39
97 79
