129
0 1
0 47
2 94
5 69
11 56
23 71
30 86
45 0
46 62
49 43
53 14
59 81
64 66
70 50
79 27
90 57
7 74
10 0
12 27
12 92
14 45
24 64
47 70
51 37
17 93
19 40
23 32
27 26
29 45
33 81
36 0
37 12
58 54
59 2
63 89
65 33
74 9
74 29
77 97
82 41
83 84
88 13
90 2
91 41
91 92
92 68
97 39
0 52
1 28
26 97
27 67
49 70
31 31
66 71
1 55
2 36
20 46
29 69
33 87
41 77
47 7
50 60
2 62
2 79
3 16
5 4
5 93
6 11
6 56
7 46
9 69
11 8
11 75
13 21
14 59
16 74
18 6
19 82
25 57
26 78
27 5
28 94
29 23
30 47
30 55
31 64
32 40
32 75
34 23
37 51
37 79
39 18
40 24
40 37
42 54
42 82
47 13
47 20
50 87
51 25
51 61
54 56
55 87
56 25
56 31
59 16
62 23
64 14
65 7
65 81
72 41
73 21
73 35
74 90
75 4
78 34
79 20
79 48
79 74
81 7
82 87
84 26
85 35
85 67
90 24
93 11
96 63
97 21
97 46
