128
0 3
0 24
0 57
0 81
6 97
23 62
24 77
26 1
26 94
27 44
30 19
42 66
43 37
48 12
59 84
63 40
77 25
80 0
83 63
2 66
9 2
16 45
17 19
22 58
28 97
35 83
42 2
45 57
47 93
50 78
51 17
51 49
57 30
61 7
65 14
65 67
68 40
70 53
72 93
74 74
79 78
81 20
84 85
90 18
93 47
94 26
95 55
97 77
0 91
3 26
5 71
8 56
17 93
22 34
23 7
29 51
42 74
69 20
72 39
78 50
3 83
76 10
84 71
4 61
5 14
6 21
16 53
60 20
6 74
7 89
9 59
10 37
11 15
12 27
14 6
15 74
15 86
16 79
20 42
22 87
24 48
24 55
29 0
29 66
31 27
33 87
34 74
36 17
36 32
38 23
39 9
39 92
43 80
44 43
47 56
50 2
51 33
52 52
54 61
56 77
57 66
61 29
61 50
62 57
67 84
70 16
70 63
71 32
75 61
75 81
78 30
78 66
80 54
81 90
84 0
84 13
84 46
84 96
85 78
88 58
90 77
92 66
92 94
93 7
93 39
96 24
97 33
97 47
