128
0 0
8 56
10 90
12 28
20 16
22 53
26 94
27 31
33 44
35 17
35 59
38 73
41 88
43 32
47 47
49 18
49 61
52 97
59 29
59 81
62 12
62 67
71 37
73 82
76 65
77 50
84 27
85 97
90 62
91 48
1 2
12 35
69 10
12 88
73 88
96 49
17 59
27 36
31 96
61 34
33 22
41 72
63 71
44 86
45 36
75 43
77 72
94 93
1 3
13 26
17 84
29 51
39 17
48 90
64 85
65 33
81 48
83 72
2 0
30 81
54 22
79 86
2 2
16 27
49 86
63 81
83 57
2 3
19 33
32 26
49 93
3 0
3 1
5 68
5 84
6 48
9 41
14 46
15 18
17 23
17 90
19 54
19 73
20 46
26 45
30 7
31 37
32 67
34 95
35 48
37 82
41 48
41 92
42 8
42 54
45 39
46 23
51 57
51 68
56 15
58 62
59 22
60 40
61 95
65 44
66 30
66 50
69 25
73 16
74 81
75 58
75 73
76 40
76 96
77 31
78 9
81 62
83 45
84 10
84 18
86 50
86 72
94 32
94 50
94 57
94 81
96 24
96 66
