130
0 0
0 25
0 69
0 92
13 6
13 50
14 64
14 91
21 38
27 20
27 85
35 32
39 9
46 23
46 87
49 52
49 73
52 37
56 4
57 96
60 64
61 81
63 49
65 18
75 90
78 24
79 47
81 10
84 62
87 98
91 30
92 84
93 45
94 0
97 68
0 38
0 70
0 97
92 20
4 22
22 45
14 97
17 59
20 4
28 89
32 12
29 85
53 26
58 41
58 78
62 3
73 24
79 93
85 65
95 89
93 25
97 2
0 71
2 72
44 11
3 94
25 93
35 22
39 83
55 16
55 87
65 89
79 34
81 89
94 14
1 64
4 13
4 33
5 1
5 18
5 95
10 17
10 70
12 44
16 71
17 61
20 9
23 41
26 47
26 97
28 23
28 30
30 4
30 75
32 47
32 55
33 90
35 34
37 48
39 55
40 5
41 17
46 0
46 60
47 40
49 89
50 4
51 70
53 35
54 65
55 25
56 48
56 70
58 94
59 9
62 33
62 71
66 96
67 68
68 51
68 60
70 10
72 66
77 59
80 23
82 13
82 54
86 3
90 57
90 64
92 47
97 23
97 35
97 76
97 97
