135
0 6
2 58
3 72
9 21
9 43
13 82
14 7
19 65
22 27
26 97
29 75
36 62
38 42
44 3
46 72
51 53
55 30
59 79
65 0
66 64
67 40
70 26
76 11
77 50
78 81
86 28
89 64
90 12
90 89
94 49
0 8
69 31
86 74
95 10
97 92
8 67
12 49
16 82
17 3
24 25
27 59
33 91
42 55
53 58
59 45
65 77
69 3
75 17
76 64
80 51
81 91
0 13
0 41
19 91
66 82
0 47
0 66
0 95
59 54
78 37
2 10
17 73
2 18
3 37
4 57
4 79
54 66
79 24
8 8
8 85
11 12
12 28
12 55
17 44
19 34
19 50
19 58
23 0
24 17
25 35
30 36
31 17
31 43
31 76
33 9
33 56
34 63
35 0
38 77
38 88
40 67
41 17
43 38
44 45
45 96
46 11
47 17
47 85
48 4
53 7
53 37
55 31
56 91
57 20
59 85
60 71
62 21
62 51
63 9
65 15
65 43
67 90
68 60
71 25
72 4
74 96
78 0
82 5
82 51
83 87
85 35
86 40
86 81
88 56
89 18
90 90
92 33
93 13
94 75
95 59
96 44
96 85
97 53
97 65
97 70
