132
0 33
0 52
0 67
0 83
12 2
14 84
16 98
19 42
23 58
24 10
29 77
33 21
41 9
43 65
43 80
48 31
48 51
57 71
58 97
62 29
64 1
70 14
71 52
74 94
77 27
78 65
86 45
86 77
89 14
90 91
95 1
97 26
0 95
4 47
96 78
23 51
50 9
76 46
80 12
95 7
5 76
22 87
25 3
28 17
32 74
33 26
47 75
49 42
49 83
58 64
61 30
63 79
65 10
89 69
91 23
93 91
95 97
97 1
3 55
4 17
52 30
66 24
68 71
81 55
4 83
96 16
92 82
4 84
5 11
5 41
6 86
7 49
8 56
13 86
14 63
17 25
17 51
17 69
18 10
20 33
20 78
22 40
25 25
26 8
27 58
27 89
29 42
29 65
33 7
34 64
35 54
36 46
38 40
39 82
40 34
41 67
41 88
43 1
48 62
49 19
49 51
51 67
53 42
55 4
55 14
55 35
59 46
61 61
64 25
65 32
69 66
71 36
71 60
73 31
75 80
75 93
78 49
79 44
79 64
81 74
82 96
85 24
86 6
86 52
87 18
88 1
88 96
90 30
91 36
92 10
95 31
97 82
