119
0 0
0 17
3 63
13 78
34 89
40 46
44 24
47 2
48 94
51 60
55 43
62 80
66 55
78 42
0 25
3 52
6 94
49 90
53 20
8 89
10 10
60 48
14 67
54 25
14 92
15 39
21 52
23 97
25 36
26 15
26 84
27 1
28 81
32 6
35 38
35 55
36 20
37 69
41 38
41 60
54 7
59 10
60 27
60 87
61 0
66 14
68 94
73 22
76 8
80 61
82 72
82 79
85 34
86 86
87 24
87 42
91 2
95 21
0 7
0 32
0 75
40 79
68 37
0 86
0 91
2 6
5 43
7 32
48 45
9 20
10 48
14 17
18 79
16 7
16 66
34 76
17 38
17 91
19 59
21 25
22 48
22 90
24 20
24 61
26 97
28 14
30 62
34 23
36 86
37 4
41 13
41 28
41 72
42 90
46 19
49 92
52 80
54 0
56 12
57 18
57 37
64 22
67 4
70 80
70 97
71 35
79 97
80 4
81 0
83 64
85 55
87 26
92 60
92 67
93 51
93 72
94 32
96 2
96 37
