123
0 0
1 14
2 75
7 37
10 97
12 23
14 6
14 57
21 34
37 76
39 1
39 90
40 53
46 33
50 67
59 27
73 7
80 96
85 64
88 37
95 13
14 72
16 48
24 86
28 40
30 66
33 13
37 27
46 53
53 90
57 10
59 59
69 32
59 91
65 53
66 80
71 15
74 73
79 88
87 79
89 98
90 64
91 30
93 78
97 56
97 94
0 23
14 32
19 58
29 74
32 94
35 32
45 77
49 53
64 18
93 20
96 39
0 29
0 90
10 15
21 53
29 79
38 62
97 31
1 24
1 96
4 60
4 66
4 85
6 53
9 78
13 20
15 29
15 69
17 87
19 76
20 20
23 95
24 12
26 56
27 3
27 21
27 43
31 49
32 56
32 64
34 4
34 81
34 97
39 74
40 13
40 92
42 37
45 42
45 61
48 25
50 0
50 38
51 50
51 55
52 77
55 18
56 0
56 71
60 27
62 87
64 7
66 24
67 88
74 22
74 51
75 33
76 61
78 38
82 50
83 7
83 68
84 89
85 0
91 45
95 25
96 61
97 2
