124
0 0
0 15
11 88
14 12
18 70
27 37
31 83
40 61
42 2
46 32
58 57
75 90
91 5
94 76
2 20
16 15
82 84
2 2
12 12
10 97
14 32
88 86
15 9
17 52
17 89
18 23
19 41
20 60
20 81
25 71
27 97
32 11
33 53
35 97
39 38
44 74
45 42
51 34
52 14
53 85
57 41
58 3
59 60
65 48
67 55
71 35
72 8
73 68
75 63
76 35
76 76
78 54
84 12
84 20
85 74
89 67
90 15
91 42
94 88
97 64
0 8
0 29
0 49
1 81
1 87
2 21
3 3
3 58
4 4
4 43
4 70
5 5
5 75
6 6
7 7
7 52
8 61
10 76
11 38
14 44
16 16
18 0
20 24
21 54
21 96
22 34
24 0
24 19
27 69
32 43
32 57
33 19
33 32
38 21
39 26
42 60
46 11
49 76
49 96
56 28
59 21
61 15
62 96
63 9
64 0
64 25
69 48
69 82
69 88
70 27
70 76
72 93
74 9
76 56
76 83
79 89
80 62
80 95
83 42
90 19
91 53
96 51
97 3
97 67
