128
0 6
0 45
2 62
2 83
5 24
12 93
14 4
18 44
21 72
26 89
31 56
32 35
37 12
37 98
40 74
45 27
50 53
56 18
59 4
60 67
61 82
67 42
73 5
73 61
75 86
77 19
87 7
87 73
89 87
90 25
90 45
0 10
3 65
54 53
6 28
96 41
24 7
28 76
36 39
67 5
80 20
82 57
7 41
3 4
3 70
12 44
17 95
30 44
30 96
36 88
39 44
41 65
44 7
47 37
61 57
62 76
77 29
81 2
91 80
93 0
94 10
96 76
0 32
36 93
0 51
1 11
2 16
2 88
2 96
3 79
5 3
6 31
6 63
7 55
8 23
8 82
12 32
15 51
16 18
16 58
17 23
21 54
21 61
22 0
30 2
30 64
31 78
32 49
35 0
37 5
39 20
45 18
47 73
48 27
48 47
50 33
51 66
54 19
55 33
56 57
59 6
60 26
63 82
64 12
64 18
64 71
65 26
66 61
67 7
68 50
70 12
70 25
70 30
70 75
71 65
76 38
76 64
77 9
78 90
79 71
81 64
84 10
84 18
89 38
91 29
92 56
93 62
96 95
