136
0 5
0 25
2 55
5 77
10 15
12 91
21 39
25 5
26 53
29 96
34 24
38 67
38 82
52 44
54 3
54 20
56 71
59 85
65 33
67 62
73 21
73 86
76 42
83 11
83 64
86 92
93 48
94 80
95 30
97 8
0 29
14 72
30 10
18 20
97 13
21 47
30 87
71 40
71 64
40 57
95 39
35 18
59 96
88 83
92 97
0 64
0 83
0 92
1 0
15 5
22 28
31 1
33 47
61 44
61 77
64 24
83 26
85 54
1 19
6 90
24 29
33 62
33 90
37 18
62 84
88 59
3 22
4 34
4 65
5 59
66 75
7 25
8 22
8 97
11 47
11 54
13 30
15 60
17 55
17 79
23 37
23 70
25 12
25 61
26 56
28 46
28 71
33 38
35 49
37 28
38 0
38 7
39 33
40 76
42 45
44 61
45 17
46 83
47 39
50 30
51 11
56 32
57 18
59 3
59 55
63 44
65 63
66 11
68 5
68 24
69 0
69 57
69 71
74 1
75 33
75 54
76 12
79 92
80 40
81 15
81 45
86 33
87 64
88 21
89 12
89 38
90 71
90 90
92 51
94 58
95 95
96 66
97 0
97 18
97 75
97 87
