127
0 1
2 45
3 28
11 61
11 89
16 8
17 35
23 48
24 67
24 82
25 19
32 37
36 57
37 94
42 77
47 36
49 19
52 50
53 68
55 83
58 6
67 66
68 89
70 14
71 36
77 78
80 97
82 45
86 11
88 59
93 73
94 95
96 34
0 9
0 62
72 61
0 89
33 20
8 29
22 10
24 52
28 68
28 91
51 44
72 92
83 82
3 50
34 41
53 61
55 13
59 91
63 9
83 39
86 89
2 19
61 70
2 34
2 82
31 72
37 49
3 53
4 14
4 96
14 53
30 49
32 79
39 41
69 96
6 52
7 21
7 38
7 73
14 74
16 43
17 57
18 26
19 35
24 26
24 38
25 0
31 5
34 66
34 85
36 9
36 16
37 95
42 50
42 59
46 5
46 13
47 0
47 51
49 22
49 91
51 27
53 69
55 94
58 32
59 81
60 46
60 53
60 74
61 62
62 41
64 15
67 1
67 40
68 45
69 26
71 14
71 75
73 19
74 52
74 95
76 12
77 58
77 65
77 81
77 88
82 22
84 91
85 40
86 73
89 52
91 60
93 89
96 38
