124
0 51
0 77
1 1
10 61
12 29
14 78
21 42
31 69
47 40
55 25
57 91
58 66
76 83
94 71
5 3
14 20
96 64
14 55
50 48
60 83
17 5
20 79
26 10
26 41
27 94
30 20
34 2
34 52
35 74
41 90
47 25
50 54
58 16
62 41
64 68
67 27
72 5
72 31
78 64
79 0
81 38
83 17
87 86
89 7
94 26
94 38
96 40
96 88
0 78
17 57
0 84
3 22
22 89
69 89
87 60
3 51
4 43
39 47
59 48
80 32
89 77
5 13
5 78
9 51
22 51
55 59
63 78
85 27
96 79
7 81
10 41
12 10
14 25
17 95
18 8
22 27
25 64
26 57
26 82
28 45
31 38
32 19
32 85
32 97
33 30
35 10
36 62
38 85
40 12
41 20
41 48
42 5
43 57
46 94
48 34
51 7
52 90
53 43
56 34
59 87
61 3
61 15
62 33
64 72
67 59
69 20
70 7
72 41
72 59
72 77
74 14
76 22
76 95
77 75
79 68
87 12
88 96
90 52
91 29
91 78
93 13
96 0
96 48
97 82
