136
0 44
0 66
0 83
6 29
13 15
14 84
18 45
21 60
22 29
25 6
30 74
33 39
34 96
38 12
43 54
46 32
54 6
54 44
55 64
57 78
59 20
68 7
69 62
71 83
75 20
78 42
83 6
87 95
88 65
92 43
97 13
0 91
3 45
7 30
17 75
25 45
46 48
63 21
63 65
88 11
25 63
30 29
34 3
37 81
65 41
80 52
83 25
90 70
0 92
6 49
91 9
17 77
30 66
24 42
46 61
55 28
60 68
61 24
1 87
3 6
25 65
31 48
47 54
67 21
91 1
4 75
5 0
8 41
8 85
9 61
10 22
10 55
10 69
13 31
13 50
13 92
14 86
15 10
17 4
18 54
20 70
20 79
23 90
24 29
25 56
28 89
30 11
30 75
31 60
32 20
34 31
37 51
37 87
38 24
42 2
42 34
43 67
44 74
47 2
49 13
49 70
50 87
53 34
53 97
59 49
61 3
62 85
65 78
66 11
67 53
67 94
68 16
68 68
69 88
70 26
70 45
73 34
73 69
74 10
74 53
74 80
78 0
79 34
79 83
84 26
84 50
86 42
88 18
91 36
92 44
93 61
93 75
94 0
94 82
96 49
97 91
