120
0 14
3 58
3 84
5 43
9 71
10 24
23 60
25 76
41 87
48 20
50 73
61 47
64 9
64 76
68 24
73 38
86 28
87 90
92 11
96 57
99 82
7 9
34 70
56 67
65 48
76 10
83 42
95 21
7 78
8 39
8 95
14 29
15 94
16 63
20 38
27 22
33 80
34 91
37 7
38 23
39 47
51 23
54 89
66 66
67 10
72 53
72 94
75 68
81 58
81 90
86 59
92 71
94 51
95 89
0 17
80 17
12 77
28 66
57 75
81 37
0 29
1 46
84 13
3 16
4 53
6 82
59 73
8 18
14 22
15 81
18 30
22 16
23 10
23 27
24 91
26 49
27 59
28 27
30 96
31 38
32 54
36 78
37 28
39 12
40 35
40 93
42 18
43 78
44 50
45 88
47 36
47 41
49 50
52 28
53 38
56 54
57 78
58 9
58 30
59 24
61 69
62 38
62 94
63 31
64 81
69 72
70 14
71 24
72 46
72 80
77 28
78 45
78 82
78 95
80 72
83 48
89 86
92 26
94 33
94 63
