121
0 21
0 45
0 87
11 30
13 10
88 2
14 37
25 95
45 32
47 27
50 92
51 81
52 10
57 16
83 59
89 95
1 49
3 91
20 12
60 92
64 76
5 52
6 5
8 73
9 85
22 12
22 49
23 33
27 77
29 27
29 89
30 63
33 68
34 14
39 90
41 60
44 68
59 37
59 68
63 4
65 34
65 90
67 16
68 80
69 96
72 22
72 75
76 44
77 82
80 2
83 48
85 40
88 87
89 54
93 73
94 27
97 64
0 34
14 18
15 1
43 20
54 90
79 88
1 37
1 64
1 74
3 29
57 81
7 42
8 12
8 95
10 47
11 25
15 32
16 57
17 2
18 92
19 18
21 64
23 97
27 18
28 49
30 2
31 75
31 94
35 43
35 48
40 89
43 95
44 0
44 44
45 37
47 50
47 73
48 13
49 30
53 52
53 59
54 20
55 5
58 26
58 97
60 57
60 63
60 85
65 72
69 15
71 45
71 91
76 7
83 5
88 17
88 61
91 51
92 3
93 82
93 93
94 0
94 42
96 75
97 48
