125
0 21
0 44
8 80
11 12
15 36
15 65
17 91
26 10
29 83
30 47
31 33
31 69
38 96
40 58
41 23
50 5
50 78
52 45
61 87
62 55
66 15
69 35
75 48
75 85
81 8
82 63
84 37
94 55
95 27
97 84
0 47
1 26
9 88
46 16
14 11
21 62
22 96
32 47
32 84
46 95
54 28
56 49
78 33
78 54
94 32
57 66
58 4
64 82
80 89
82 16
83 5
84 67
1 30
11 79
23 38
95 42
4 41
72 54
9 25
19 2
19 89
38 4
39 64
41 75
63 6
84 13
1 32
2 69
4 19
6 95
8 49
10 2
15 71
16 11
17 34
19 52
21 14
21 68
22 78
25 21
27 7
29 51
29 57
31 17
32 68
34 33
35 24
36 40
39 50
40 93
42 79
44 60
45 21
48 65
49 35
50 82
51 22
53 55
57 37
57 79
61 14
65 74
67 4
67 23
67 48
67 67
70 41
70 74
71 56
75 61
76 39
83 77
84 0
85 20
85 62
87 56
87 89
88 11
89 76
92 5
94 0
94 59
95 28
95 34
95 47
