125
0 4
2 83
3 38
11 67
12 12
25 35
33 91
49 20
54 4
61 28
68 41
69 6
75 25
83 37
96 83
4 45
15 16
18 67
20 88
25 71
32 62
35 14
35 95
38 24
39 73
42 35
46 84
51 63
56 38
56 59
57 6
57 89
72 55
75 72
76 2
77 63
77 91
82 45
83 19
84 85
88 54
89 11
92 68
93 6
95 24
96 96
0 6
94 55
0 48
0 97
1 27
17 13
52 20
61 65
2 56
3 92
5 5
12 40
17 20
27 81
52 13
40 13
56 50
65 11
75 40
79 52
89 79
4 36
4 86
6 4
6 18
6 50
7 28
10 94
12 3
12 20
13 74
16 0
17 93
18 58
20 38
21 82
22 23
23 3
25 74
26 50
26 97
27 16
28 21
30 32
31 71
34 42
37 82
39 62
43 31
43 51
46 88
47 4
47 25
47 36
48 0
52 82
53 96
54 22
61 17
65 50
67 0
67 16
67 24
68 32
69 68
70 96
75 14
79 72
79 79
83 67
84 37
88 47
89 25
91 42
91 58
92 78
94 29
95 9
97 0
