108
0 15
0 32
0 47
0 80
10 65
12 96
14 16
27 28
33 94
34 77
50 58
16 46
26 65
34 53
52 75
56 90
76 95
90 91
3 33
67 78
1 8
13 71
26 93
38 47
61 95
3 93
5 48
57 66
9 20
20 55
33 61
14 35
31 82
9 75
16 89
66 89
17 20
18 31
24 34
17 60
4 12
33 41
34 68
37 96
41 81
45 95
47 59
53 60
62 72
75 85
81 89
1 34
1 61
25 88
1 74
12 51
15 69
30 70
59 80
2 19
19 69
25 50
3 24
25 96
3 40
3 80
11 56
23 77
24 39
36 71
4 20
4 86
5 9
5 15
5 23
5 66
6 30
8 81
10 90
12 28
14 97
15 76
16 23
17 38
21 68
25 55
27 87
28 32
35 55
36 37
37 85
42 52
43 88
45 63
45 77
49 51
49 84
51 67
54 74
57 84
63 64
65 95
67 87
69 72
70 92
81 96
85 90
89 96
