120
0 7
1 42
2 28
2 60
18 8
28 29
31 56
37 95
40 2
42 70
60 73
63 29
67 3
69 56
72 81
74 20
83 5
95 42
7 66
8 86
11 91
13 13
14 30
72 35
23 94
30 16
35 62
37 84
45 17
49 83
51 48
52 39
56 68
60 8
60 97
65 90
73 59
78 74
81 13
82 70
86 38
86 53
88 83
94 78
96 19
0 19
97 49
0 76
15 78
20 15
70 3
70 29
44 62
55 76
56 32
65 96
0 86
1 9
1 65
60 67
3 97
23 10
15 89
58 82
5 18
69 78
6 23
7 72
8 37
11 5
67 66
11 19
11 55
13 94
15 30
15 48
23 0
25 43
29 97
30 20
32 40
32 75
35 5
36 33
39 12
39 39
41 96
43 71
44 5
44 33
44 88
45 44
46 22
47 65
49 88
50 7
50 49
51 70
51 77
53 17
53 22
53 55
55 0
58 57
62 34
63 58
65 11
68 45
68 93
72 25
73 90
77 84
78 47
79 54
82 25
84 76
85 6
86 90
90 26
91 60
