126
0 14
7 53
7 74
11 23
24 29
28 95
34 59
36 4
42 96
53 56
54 83
66 49
71 96
83 61
83 87
8 54
8 85
16 73
31 82
59 84
88 53
18 65
19 8
20 47
27 15
35 40
38 4
42 91
42 57
48 12
53 3
62 7
63 67
66 26
71 18
72 77
77 38
81 0
83 23
84 69
87 1
87 95
90 15
92 72
93 34
95 53
96 81
0 23
0 41
14 26
49 97
97 21
0 79
22 71
2 57
7 13
12 43
35 91
55 71
58 90
78 84
88 57
3 75
8 27
9 77
49 86
10 56
10 94
12 17
15 46
18 24
20 75
22 7
23 65
25 50
25 86
29 94
30 16
30 30
33 71
37 43
37 83
38 62
40 25
44 34
44 72
45 88
49 50
51 92
52 15
52 30
52 43
53 25
56 36
58 71
58 97
60 9
61 19
61 57
64 50
65 9
65 79
67 67
67 74
69 33
70 56
71 43
72 62
74 26
75 17
76 91
77 56
80 46
83 14
86 75
86 81
87 97
89 63
90 3
90 40
92 95
95 54
96 0
96 59
96 71
97 42
