129
0 32
0 76
2 56
5 94
14 28
24 66
31 35
44 8
45 34
46 59
48 80
63 20
66 4
72 81
95 31
5 60
8 74
15 31
25 54
50 52
65 23
11 44
15 15
23 6
31 87
33 28
33 50
48 97
49 73
52 4
56 37
56 92
60 42
66 49
70 5
74 52
75 37
76 94
81 13
82 91
83 56
84 3
87 81
89 34
96 57
0 86
1 5
14 71
31 8
1 25
15 50
70 24
93 10
1 38
19 29
43 39
2 22
12 64
7 38
22 46
53 27
70 45
3 25
3 30
3 31
5 69
6 85
7 20
8 9
9 78
14 0
14 18
15 73
19 83
20 31
21 18
22 59
24 26
25 71
28 19
29 94
30 45
30 68
32 83
34 36
35 29
35 50
36 1
36 45
36 56
36 68
37 91
39 21
39 78
46 68
46 81
48 37
49 5
52 19
52 77
55 68
57 11
57 83
58 78
59 3
59 49
67 16
67 73
71 96
72 15
72 57
72 75
73 32
74 62
78 25
79 47
79 95
81 33
82 38
83 66
84 9
85 46
86 18
86 91
90 51
90 85
93 71
94 40
94 66
