106
0 0
0 18
0 34
0 50
0 66
0 82
8 94
12 10
12 26
12 42
12 58
12 74
28 2
28 18
28 34
28 50
28 66
28 82
38 94
40 10
40 26
40 42
40 58
40 74
50 86
52 2
52 18
52 34
52 50
52 66
62 78
62 94
68 2
68 18
68 34
68 50
70 66
88 2
88 18
88 34
88 50
88 66
88 82
0 2
0 26
0 42
0 58
0 74
0 90
8 2
8 18
8 50
8 82
12 34
12 66
28 10
28 26
28 42
28 58
28 74
28 90
38 2
38 86
40 18
40 34
40 50
40 66
48 74
48 94
50 10
52 26
52 42
52 58
58 2
58 18
58 34
58 50
58 86
60 62
62 70
68 10
68 26
68 42
68 74
68 86
68 94
70 58
88 10
88 26
88 42
88 58
88 74
88 90
0 6
0 10
0 94
8 86
28 94
38 78
58 10
58 26
58 42
48 78
58 54
68 78
88 94
