127
0 7
0 31
0 59
0 89
6 74
8 47
9 20
13 95
25 65
36 43
39 94
57 58
58 80
63 16
67 69
69 33
84 8
86 61
89 79
91 39
97 52
2 2
11 49
14 34
16 64
20 32
23 80
26 13
29 81
36 35
37 97
66 85
73 26
39 74
43 7
43 67
48 13
48 35
59 23
66 96
72 1
72 66
74 45
82 96
86 25
88 7
98 33
0 90
8 4
62 61
13 69
15 28
20 47
83 37
1 19
57 34
71 9
1 86
9 89
8 12
13 83
29 72
39 42
52 63
54 71
75 32
3 86
4 26
8 50
9 23
9 43
9 60
10 7
10 90
11 12
11 37
13 85
14 76
15 42
16 15
19 54
19 59
21 20
22 91
23 27
24 53
24 83
25 45
28 32
28 74
28 92
29 59
30 5
35 63
36 3
36 17
38 53
39 29
39 34
46 88
51 19
53 83
55 43
58 71
61 32
63 37
66 53
67 59
68 81
68 97
74 24
75 90
81 1
81 73
82 46
84 83
85 90
86 96
88 29
88 68
89 12
89 43
92 48
92 82
94 91
97 64
97 72
