127
0 3
0 18
0 73
4 53
4 97
13 11
14 71
15 44
18 86
32 80
34 35
36 21
38 93
41 5
43 70
50 27
51 58
55 78
64 96
66 68
70 82
72 6
75 20
75 37
77 59
86 90
90 19
91 4
91 43
97 61
97 80
0 25
0 77
8 58
17 11
75 79
96 94
9 90
57 72
80 38
16 61
17 34
24 47
95 48
26 79
36 69
38 45
50 32
59 57
72 9
87 63
0 78
2 27
21 4
57 79
71 67
73 86
7 53
9 6
9 14
13 93
16 72
18 54
47 62
73 63
74 93
81 76
94 55
3 84
5 32
5 41
7 73
8 16
9 68
11 37
11 79
15 0
15 88
19 48
21 13
23 89
24 65
26 0
26 21
30 39
30 44
30 71
31 58
34 26
41 19
42 0
42 83
45 5
45 11
47 42
48 73
50 94
51 4
51 64
53 83
54 45
59 46
60 24
60 29
63 77
64 7
65 54
66 14
66 83
69 48
72 70
74 0
74 49
78 68
78 83
79 91
80 33
82 26
84 21
86 10
89 71
92 33
92 82
94 14
95 0
97 22
97 32
