127
0 20
0 52
0 94
3 35
11 80
12 62
22 91
29 25
29 60
37 72
52 3
52 25
52 93
59 50
67 2
84 57
4 49
7 34
17 56
32 19
38 52
68 54
70 8
5 23
8 91
19 12
19 76
23 42
30 74
32 28
33 53
34 6
44 64
49 79
57 80
58 69
59 89
62 20
62 52
69 14
76 43
78 14
80 0
81 81
85 25
87 69
87 96
89 78
90 47
94 30
94 82
97 23
0 57
0 77
1 6
1 95
8 42
20 61
37 21
61 58
2 28
4 65
39 66
6 82
8 95
10 32
11 38
12 26
15 68
15 83
17 92
18 23
18 46
19 4
20 51
21 15
21 72
22 57
24 43
24 97
25 38
25 49
26 33
27 0
30 55
31 91
36 25
38 91
39 14
40 55
40 96
41 86
42 2
44 50
45 31
47 87
48 26
48 58
50 35
50 40
51 9
51 64
52 74
53 0
55 17
57 37
58 9
61 27
61 87
62 76
63 42
67 61
68 37
72 79
73 2
73 47
73 55
77 66
77 93
80 75
80 87
82 38
88 32
94 0
96 61
97 40
97 75
