134
0 0
0 26
0 48
1 94
3 62
13 76
14 27
16 11
17 61
20 41
21 90
28 28
30 9
34 72
41 22
43 87
44 5
46 56
54 78
55 95
60 23
60 43
62 6
68 81
71 67
73 15
77 29
77 48
81 88
86 69
0 28
3 87
24 96
85 42
16 20
61 35
19 82
20 1
25 68
33 38
34 2
39 69
46 12
49 95
56 70
63 89
64 0
72 58
76 7
77 80
84 21
86 91
90 63
96 74
0 32
20 73
32 18
33 95
73 76
83 13
0 34
21 12
73 72
2 32
3 8
3 26
4 34
4 62
5 48
7 24
8 0
9 4
9 58
11 38
14 3
16 14
16 46
17 96
19 28
20 22
21 2
21 69
21 83
23 13
25 34
26 70
28 83
30 20
35 52
36 4
36 25
37 44
41 74
42 37
43 26
43 89
45 63
47 40
48 11
51 0
52 48
52 80
54 60
55 86
57 14
58 96
61 45
61 67
61 79
66 31
67 6
67 89
69 47
70 79
74 21
75 32
75 65
76 93
78 2
78 59
78 75
80 50
81 29
83 76
84 0
88 38
88 45
89 24
90 16
93 41
93 84
96 8
96 33
96 78
