127
0 0
1 80
2 14
3 46
15 81
24 31
27 17
37 59
39 40
6 17
16 28
27 43
45 17
46 22
53 94
56 19
72 75
92 61
95 83
0 7
3 39
7 29
10 92
13 12
15 5
16 91
21 35
21 84
28 18
28 73
29 24
32 93
33 7
37 84
38 94
39 44
45 42
50 3
51 10
51 44
55 35
58 89
61 63
62 95
65 83
70 27
73 39
78 30
82 55
84 86
85 1
90 30
91 43
91 87
91 94
92 10
0 17
0 24
0 57
0 95
1 74
4 10
9 26
9 37
10 59
10 94
12 72
17 52
19 0
19 4
19 90
20 9
20 47
20 95
22 23
22 53
24 86
27 32
30 63
30 85
31 16
32 39
32 70
32 76
32 95
36 15
38 58
42 6
43 89
44 28
44 50
44 79
46 63
46 96
48 55
53 0
53 45
54 36
56 24
56 70
59 11
59 17
61 22
61 40
61 55
63 63
63 77
65 10
65 69
66 87
67 41
71 52
71 85
72 0
73 9
73 77
74 21
75 58
81 69
81 74
82 21
87 35
87 62
89 45
92 76
95 24
97 85
