129
0 8
0 65
3 49
12 16
18 54
23 25
27 85
39 12
39 51
49 2
52 44
57 61
81 3
86 72
9 2
55 45
68 65
1 14
9 65
10 44
15 8
15 27
16 97
18 41
24 1
26 39
27 20
28 96
31 8
32 41
32 52
32 61
35 81
37 27
37 65
41 9
46 70
51 74
52 57
56 35
59 80
59 94
64 32
69 47
71 73
73 25
73 56
78 95
79 58
84 33
87 26
91 54
92 35
93 67
94 81
97 22
1 52
41 16
42 36
2 10
3 75
3 97
4 22
6 31
9 73
10 68
45 52
60 42
12 61
46 60
14 10
14 89
16 27
17 63
17 80
19 43
22 90
24 55
24 73
26 66
28 26
30 47
31 17
32 86
34 91
35 0
36 37
38 70
39 62
39 90
46 41
47 20
48 92
49 32
50 79
52 48
54 0
56 54
58 30
60 72
60 96
62 5
63 0
63 79
65 73
67 15
69 35
69 97
70 74
71 6
71 41
72 87
73 46
76 39
78 51
79 76
80 18
80 23
80 44
81 8
83 50
84 0
84 64
87 8
88 28
94 0
95 74
96 3
97 53
