122
0 3
0 20
0 54
1 93
9 68
20 59
25 5
27 37
32 82
43 15
49 81
61 69
62 43
80 33
91 65
94 79
0 28
1 56
92 58
4 93
30 30
1 70
2 6
5 20
3 61
4 29
4 84
9 20
10 59
15 48
16 70
18 93
19 44
21 15
22 53
23 80
28 73
29 5
30 20
32 66
38 91
40 83
41 6
52 12
55 29
56 83
57 61
59 15
62 80
62 97
64 2
72 9
72 85
85 16
86 37
90 82
91 3
92 73
93 41
0 14
2 38
4 0
7 35
8 6
8 97
12 1
14 8
16 74
19 8
21 28
24 38
28 87
31 25
31 45
33 4
33 15
35 72
37 50
38 21
38 26
39 0
41 34
43 20
43 74
45 6
45 95
46 25
48 31
50 48
51 21
51 40
51 73
52 67
52 91
57 7
58 73
59 50
60 87
61 60
63 7
66 84
67 95
69 22
69 60
71 50
72 96
73 0
77 11
78 55
79 20
79 73
79 80
82 49
83 65
85 29
85 76
86 87
88 24
89 10
89 92
92 65
92 86
