136
0 7
0 50
9 18
9 88
13 56
19 69
21 3
22 24
22 94
31 13
31 77
34 60
38 26
41 3
42 86
47 66
49 48
50 14
55 35
55 79
59 97
61 56
63 20
70 1
70 45
70 76
77 59
81 16
85 90
91 72
92 38
94 22
99 84
0 64
0 84
66 16
7 42
25 75
26 5
28 27
92 94
14 89
27 61
43 90
44 96
47 21
55 51
62 64
70 96
73 4
75 74
83 61
85 10
93 71
0 95
1 18
1 36
5 56
18 17
32 20
54 17
68 20
85 19
89 80
1 90
2 23
3 71
4 96
6 60
9 0
9 32
10 77
11 63
13 42
17 9
17 79
18 31
19 54
20 84
22 37
24 8
24 18
25 62
25 70
26 42
27 29
27 88
32 67
34 52
35 12
37 42
37 62
38 19
43 2
43 16
47 9
48 38
48 71
51 29
52 43
53 63
54 21
55 73
55 86
55 92
57 30
60 0
61 6
63 27
65 50
65 67
65 77
65 91
66 84
68 13
68 34
72 85
75 78
76 49
77 4
78 95
81 28
84 47
84 72
85 23
87 0
87 28
90 7
92 77
94 62
95 24
95 97
96 7
96 15
97 0
97 33
