129
0 8
0 35
3 81
3 97
8 64
12 21
27 32
36 86
42 6
76 85
82 50
96 92
2 43
3 7
38 36
51 1
1 22
6 36
10 11
14 80
15 97
18 14
20 20
20 44
20 78
21 2
21 53
28 58
30 8
33 60
34 91
35 48
35 96
45 58
46 12
46 92
49 20
52 7
53 79
56 88
59 6
63 23
66 60
68 66
76 64
77 97
78 83
80 24
81 18
81 75
87 79
88 11
88 88
89 20
89 64
92 79
94 57
95 17
0 14
1 23
2 67
3 84
4 9
4 92
6 38
9 47
10 0
11 56
12 29
20 59
21 70
22 84
25 14
25 77
28 50
29 70
31 18
34 13
35 26
36 19
36 61
38 81
39 0
42 26
42 40
42 61
44 70
48 95
49 26
49 32
50 38
51 20
51 46
51 85
52 12
52 56
54 32
57 75
58 68
59 8
59 37
59 50
61 81
62 91
64 52
64 74
67 12
69 37
71 59
71 69
80 0
81 34
82 58
82 97
83 43
83 49
84 29
89 4
89 48
91 0
91 83
95 32
95 38
96 0
96 23
96 52
96 60
97 43
97 85
