127
0 6
1 54
2 68
3 26
9 81
13 12
21 67
30 31
38 91
55 67
57 21
64 78
74 27
75 2
82 15
86 72
89 46
93 29
2 43
11 79
92 12
12 26
23 66
26 91
29 23
30 2
39 13
41 33
50 42
55 36
56 78
56 92
60 52
65 38
66 94
70 58
77 71
77 84
79 44
84 93
88 31
91 95
92 73
0 7
30 62
66 22
4 76
6 35
5 2
7 69
57 65
68 86
72 12
79 77
88 6
96 83
0 20
3 96
4 41
5 53
67 69
88 18
6 10
6 16
6 28
8 88
12 7
14 80
15 37
16 15
16 52
16 91
17 26
21 1
21 10
22 38
26 49
27 66
28 56
30 12
30 86
31 28
31 40
32 47
32 96
33 68
34 23
34 53
34 63
35 18
39 47
40 36
40 89
44 76
48 48
49 2
51 57
56 22
57 0
57 31
57 42
57 96
58 7
59 59
59 71
61 54
62 48
63 11
65 33
67 5
70 18
70 40
73 86
75 30
76 37
76 50
80 21
85 64
89 0
89 30
91 23
91 50
91 55
96 13
96 44
96 77
97 60
