126
0 48
0 67
1 90
2 0
16 77
18 47
24 10
42 42
53 59
54 76
55 29
55 90
70 8
73 42
81 20
87 37
96 11
2 64
6 19
9 4
72 2
90 35
97 22
13 35
57 53
23 45
22 78
28 19
36 75
39 4
40 83
42 21
61 86
44 12
44 48
54 22
50 76
60 36
64 66
67 63
70 45
71 24
76 21
97 87
2 70
78 2
93 44
3 51
24 52
59 96
68 72
76 50
6 81
7 29
7 92
45 34
47 60
55 44
58 79
62 18
71 55
74 71
87 23
8 73
9 5
10 51
12 97
15 51
15 56
17 11
17 92
19 82
22 36
24 57
26 50
26 70
28 2
28 39
28 92
29 8
31 49
31 55
34 18
35 62
37 10
39 74
42 66
46 3
46 81
48 54
51 34
52 95
54 66
56 20
56 47
59 1
59 8
59 55
59 73
60 39
64 20
64 90
65 32
69 63
71 78
72 4
74 91
75 56
75 61
78 97
80 73
81 39
82 7
82 44
82 86
83 59
83 93
84 31
86 67
89 3
90 49
93 34
95 96
96 28
96 52
97 62
