135
0 6
0 30
0 45
0 78
14 8
14 37
17 80
18 96
21 54
25 19
28 0
28 34
34 47
39 15
42 90
51 27
52 54
53 99
54 2
55 71
61 37
64 82
65 11
67 50
67 97
76 20
76 39
85 89
86 55
91 12
92 30
99 90
0 87
27 93
37 54
72 57
5 68
35 29
40 8
43 41
59 67
65 30
68 6
72 95
94 44
1 7
3 82
10 30
18 4
27 48
60 96
21 39
26 25
28 6
40 55
54 49
55 7
70 0
94 82
1 34
2 55
2 92
5 72
30 23
59 57
61 6
6 35
7 9
7 21
7 47
7 54
28 39
8 77
11 65
12 16
13 71
13 89
18 0
36 39
19 8
19 14
20 30
21 67
26 62
26 84
27 54
29 11
31 49
32 93
34 4
35 60
35 81
38 0
40 46
40 65
41 54
42 13
42 80
45 37
47 0
48 44
48 96
49 18
54 36
54 81
58 12
58 59
60 69
60 85
64 59
66 19
66 28
67 78
68 69
68 88
69 62
71 9
77 60
77 96
78 48
78 77
79 12
79 17
79 31
79 66
83 5
83 40
83 61
83 78
86 48
86 68
86 73
95 29
96 18
97 38
