126
0 11
0 26
0 50
0 82
12 40
13 65
18 84
19 13
22 28
23 49
26 71
32 88
38 26
42 4
45 55
49 77
51 20
60 51
64 84
68 19
69 62
71 33
78 96
79 76
80 11
85 43
92 23
94 89
97 73
0 29
8 44
20 64
28 14
55 29
75 35
83 97
87 78
89 44
96 38
2 23
9 23
1 36
7 81
12 49
16 55
40 81
42 32
50 83
51 64
60 17
60 59
66 46
67 86
68 24
69 70
71 81
72 42
72 50
80 86
81 69
82 29
85 65
86 17
87 89
89 54
95 45
0 39
0 59
0 92
3 5
4 35
6 62
7 30
8 3
8 24
9 57
15 15
15 69
16 43
20 30
21 0
21 21
23 77
23 91
24 37
26 65
28 52
29 23
30 34
31 11
33 44
36 93
39 48
40 11
42 61
43 22
46 40
47 32
47 89
48 9
51 4
53 16
53 22
53 75
54 0
54 10
55 85
56 36
56 42
61 21
61 72
64 38
65 95
70 91
71 3
72 82
74 8
74 14
75 27
78 38
80 50
81 8
86 38
92 11
93 22
93 28
