136
0 4
0 29
5 62
13 11
19 60
21 42
26 76
26 92
27 25
28 6
31 52
39 98
40 14
40 69
44 84
45 40
50 1
52 22
54 70
61 33
63 90
69 45
77 68
77 89
79 25
83 44
85 11
92 87
95 53
0 5
0 33
8 69
47 47
1 19
74 39
79 79
8 54
13 22
19 63
31 37
37 71
42 1
43 15
47 93
57 72
58 3
65 87
66 31
80 52
86 92
92 15
0 37
27 51
44 23
81 28
81 60
89 47
0 49
0 94
1 2
61 38
80 85
2 37
48 17
3 8
3 74
3 80
23 47
4 19
70 33
77 40
5 11
5 33
5 63
5 97
7 91
9 86
10 59
11 13
11 45
15 29
18 18
18 65
20 30
21 2
22 96
26 53
28 30
29 0
29 20
29 43
29 58
31 3
31 97
32 63
35 21
35 85
36 15
36 55
38 47
38 79
51 7
51 57
52 38
53 25
53 45
53 87
54 51
55 92
56 59
57 8
58 75
60 50
61 61
63 15
64 79
66 95
68 49
68 56
70 14
72 85
73 5
78 18
78 91
82 1
83 73
87 63
88 0
88 52
89 21
90 36
92 10
94 42
96 94
97 18
97 28
