125
0 9
0 91
3 53
13 22
16 67
23 85
25 53
40 79
41 42
49 94
50 67
55 51
63 17
78 58
87 38
94 23
4 41
17 21
68 18
28 55
45 39
59 74
89 41
96 14
5 55
13 88
16 98
26 12
26 29
33 75
34 92
52 24
53 2
64 45
64 64
74 44
75 72
76 6
82 97
86 72
91 73
93 2
95 83
0 18
41 93
55 33
87 53
0 24
7 59
47 78
18 88
57 10
70 50
82 36
97 73
0 32
0 78
19 29
15 50
25 91
52 62
57 67
59 23
5 15
5 19
5 97
6 0
7 30
7 92
10 71
12 11
12 91
14 78
18 4
25 74
27 8
27 22
28 39
28 57
31 78
32 44
33 37
33 97
34 6
34 25
34 54
37 48
38 70
39 97
40 14
40 53
40 86
41 58
43 5
43 29
43 65
44 34
46 55
47 16
50 93
51 11
53 40
55 91
63 18
65 40
68 24
68 86
69 33
69 92
73 52
77 31
78 10
79 65
81 20
83 81
83 87
84 61
86 20
90 84
91 5
92 68
92 93
93 52
95 26
96 37
