107
0 0
12 8
13 23
25 15
27 42
50 22
51 6
52 42
69 34
69 88
76 16
76 47
76 64
78 2
80 97
82 77
84 28
91 8
94 85
15 43
16 26
26 7
49 27
58 43
66 69
67 15
71 49
84 35
97 6
79 61
88 49
91 63
0 2
78 91
88 77
53 20
16 48
80 9
82 34
92 92
93 54
0 6
51 12
51 36
70 96
88 21
1 14
3 26
89 80
16 10
71 79
84 43
8 32
84 14
84 72
15 35
73 86
16 16
60 25
75 53
89 29
9 3
73 69
18 4
20 42
25 22
28 39
33 10
38 31
43 35
46 17
48 0
53 48
82 58
54 36
55 1
56 28
58 47
79 86
59 38
62 52
65 61
66 6
68 21
68 27
68 52
70 42
70 58
73 25
73 96
78 26
78 40
78 45
79 21
79 65
81 51
81 60
83 6
84 22
85 0
87 97
88 3
93 67
94 42
95 78
96 11
96 28
