114
0 0
7 64
9 11
14 77
33 38
56 29
86 88
88 50
96 1
96 78
13 53
15 43
17 17
28 63
38 1
42 96
45 25
48 5
54 43
62 0
67 37
79 6
82 58
0 2
1 97
24 34
4 20
4 53
18 91
19 49
23 83
26 75
31 18
31 33
32 7
36 13
41 39
52 77
58 58
61 88
64 51
69 57
69 90
70 20
70 28
71 66
76 28
90 54
93 32
97 1
0 3
23 54
45 8
0 6
0 52
75 47
2 0
5 2
26 44
75 52
2 10
6 0
13 54
15 77
18 93
20 62
25 21
28 88
34 37
34 56
35 76
35 97
37 18
37 87
39 65
40 54
41 30
43 73
46 38
46 66
47 55
49 95
50 21
50 28
53 50
54 90
55 8
56 1
57 44
58 22
59 95
60 79
61 63
65 7
67 41
71 0
73 14
73 19
74 70
76 36
77 87
77 95
79 15
80 78
81 38
82 51
83 90
84 17
85 25
85 32
89 9
89 48
91 21
92 87
