126
0 18
0 59
6 95
8 78
9 38
17 63
22 44
23 19
29 88
31 7
32 31
33 67
40 54
43 85
44 13
46 37
50 66
53 95
57 81
59 43
60 7
63 28
67 91
71 51
77 71
80 33
81 3
90 65
95 6
0 19
12 32
48 20
48 52
24 24
96 71
12 75
23 50
46 90
50 37
54 74
70 34
62 97
66 13
75 87
79 63
84 10
0 23
34 14
65 44
14 32
27 40
36 40
41 48
59 57
59 75
89 74
0 26
40 25
53 89
71 42
18 34
31 22
65 81
0 29
0 47
0 95
5 16
52 45
6 25
6 56
8 51
8 62
8 96
9 80
10 12
11 91
12 2
12 56
13 42
15 82
24 76
26 45
27 16
28 91
34 0
35 65
36 17
36 59
36 73
38 40
40 67
41 49
42 16
44 72
47 53
48 14
50 79
51 63
56 34
58 89
59 84
66 70
67 4
67 65
69 58
72 29
75 44
77 18
78 13
80 72
81 62
83 78
84 41
85 16
86 32
86 57
87 46
88 84
89 76
92 14
93 87
94 49
94 82
95 27
96 95
97 19
