128
0 8
0 31
1 63
6 47
9 19
9 76
13 94
14 33
15 3
28 58
28 87
30 13
39 35
54 41
63 52
69 8
70 80
77 96
85 70
87 40
12 51
15 6
58 35
67 59
1 69
6 21
18 95
20 71
26 47
31 72
34 87
35 12
39 53
43 76
45 8
62 10
65 32
69 65
73 83
86 89
89 65
91 95
93 26
93 58
1 3
43 37
1 39
7 16
83 78
5 37
12 83
14 23
15 13
19 84
27 71
29 79
32 48
44 47
56 57
67 0
71 49
95 73
6 22
8 62
12 69
13 86
15 54
16 29
16 39
17 60
19 49
20 87
22 65
24 21
24 29
28 2
28 59
29 32
32 91
36 20
36 25
37 62
37 86
38 40
39 3
39 9
40 91
42 20
42 61
43 55
44 37
45 14
45 95
47 71
50 7
50 17
50 86
53 44
54 70
55 64
57 26
57 80
58 91
60 61
64 93
66 73
69 0
69 12
70 18
70 25
70 34
74 79
75 46
75 62
76 8
76 41
78 24
79 34
79 83
84 26
84 93
85 49
88 1
89 41
91 86
92 30
93 4
96 66
