131
0 9
4 37
8 59
10 93
15 9
17 48
20 76
22 34
25 60
29 87
33 25
35 70
36 5
41 42
47 59
50 6
50 29
50 76
55 95
58 48
63 14
64 63
73 41
75 2
77 85
80 70
85 56
89 13
91 82
95 45
0 17
0 60
52 33
0 92
52 85
41 13
19 94
65 49
67 17
8 5
21 66
23 42
40 77
26 4
31 29
42 51
56 3
57 33
71 55
75 39
78 90
89 51
89 66
93 76
2 21
2 73
29 91
60 87
4 85
71 62
4 94
7 79
10 19
36 64
10 37
10 50
46 9
54 53
60 8
79 45
81 78
10 62
27 69
10 97
11 40
12 86
18 4
18 16
18 58
18 85
21 75
23 28
25 49
29 36
29 96
30 9
32 47
34 87
35 10
39 24
39 95
41 83
43 30
45 68
45 78
45 90
46 95
47 43
49 35
52 19
53 69
54 14
55 62
61 22
63 73
65 28
66 0
66 4
66 67
69 10
72 63
72 97
73 15
79 1
81 83
82 71
84 27
84 94
89 40
89 53
90 85
91 7
95 28
95 36
95 80
95 85
96 50
96 60
96 66
97 6
97 55
