119
0 0
0 18
0 57
7 73
10 91
11 27
14 2
18 51
20 15
20 67
21 81
26 97
28 0
48 65
50 88
52 2
54 23
58 76
59 51
63 94
64 12
65 37
70 64
73 25
73 83
83 71
85 53
86 8
91 24
97 38
99 54
0 1
23 14
24 64
76 20
0 66
6 14
14 26
14 96
26 16
4 56
15 77
52 97
56 13
60 27
61 42
61 67
68 89
78 59
79 27
86 82
88 46
89 74
92 60
93 0
93 30
29 74
94 7
0 3
11 52
30 5
0 24
0 80
16 27
29 20
2 0
9 58
12 87
21 71
80 22
2 19
2 88
3 94
24 10
16 24
18 10
14 61
19 87
4 9
14 20
8 16
9 97
13 68
16 78
18 18
21 82
23 27
23 89
24 50
27 83
49 89
51 81
53 5
55 94
62 62
63 4
65 79
66 90
66 95
67 33
68 48
69 3
71 18
72 92
73 63
74 45
75 84
77 32
78 5
81 15
82 56
84 39
87 17
92 76
94 69
95 58
96 8
96 29
97 43
