129
0 0
0 80
5 96
7 13
16 47
17 67
21 25
35 82
40 41
50 83
51 63
79 63
86 3
94 63
7 77
8 28
27 18
64 66
86 16
19 81
20 39
22 7
27 3
30 49
35 34
43 60
97 3
39 90
50 45
51 11
54 31
55 25
57 9
59 47
60 86
66 80
72 30
72 78
73 55
73 92
79 94
85 38
96 48
97 77
99 37
0 1
24 75
11 33
48 74
63 15
75 58
79 86
80 11
89 59
0 3
17 14
28 24
33 40
37 54
0 5
0 49
33 13
35 48
42 32
83 54
1 3
1 43
3 56
45 38
4 7
4 17
4 85
5 1
10 20
10 69
11 10
11 95
15 4
16 28
21 97
24 30
25 55
27 73
31 66
31 87
34 23
37 79
40 85
41 41
45 25
46 66
47 55
50 2
50 95
51 74
54 67
55 93
56 35
57 22
58 56
58 77
61 7
61 44
61 94
64 0
64 38
64 74
65 51
67 82
68 17
69 33
71 38
72 81
72 97
77 77
78 37
79 14
82 79
82 84
83 28
84 90
85 48
86 42
89 36
89 64
91 89
95 7
97 13
97 21
