134
0 15
0 93
1 58
5 41
10 72
14 90
20 62
24 27
26 43
27 83
36 72
38 35
42 58
43 0
47 97
50 43
51 12
51 81
59 63
64 5
64 87
72 20
72 56
81 72
84 48
84 89
85 9
89 29
92 60
94 78
97 42
0 23
10 37
95 27
1 85
2 7
7 98
40 44
45 2
45 72
51 21
54 45
57 87
60 58
71 92
55 37
75 20
82 66
91 55
96 10
96 71
0 27
22 70
96 56
2 45
2 61
65 58
2 84
3 1
11 82
30 60
43 50
59 44
67 86
3 15
3 83
5 22
8 85
9 29
12 67
13 49
17 39
17 94
18 89
19 20
20 74
22 58
22 97
25 52
26 74
27 66
29 19
29 46
30 7
31 0
33 65
35 20
35 39
35 82
37 48
39 7
41 26
43 31
44 38
45 89
47 59
48 66
50 6
52 95
53 0
53 65
55 89
62 28
62 94
65 0
65 48
66 9
66 35
67 28
70 2
71 93
72 40
72 65
73 30
75 75
76 58
77 41
78 3
80 76
82 24
82 31
82 52
83 0
83 39
84 91
86 85
89 22
90 33
95 51
96 17
97 4
97 23
97 76
97 86
