99
0 0
5 61
9 11
37 29
71 51
88 11
88 27
89 78
90 41
90 56
90 92
10 49
90 25
92 62
92 78
92 95
94 40
90 7
12 73
14 20
17 93
18 55
21 61
36 73
39 15
40 51
43 82
46 5
50 61
53 10
59 58
65 31
75 2
75 81
76 16
79 38
0 2
94 25
96 55
96 78
97 92
18 15
77 18
91 11
79 93
81 57
81 73
96 25
3 2
95 11
91 46
95 70
3 4
3 81
3 87
4 31
4 39
19 26
19 34
25 38
25 44
29 0
32 42
32 47
32 90
32 97
33 31
45 33
92 27
93 48
94 3
96 62
45 38
49 18
49 26
57 52
59 0
62 58
73 51
80 26
92 15
92 83
94 31
90 68
90 50
92 31
91 36
96 15
96 45
96 83
89 18
89 63
89 73
92 88
94 50
94 93
96 8
96 31
96 40
