130
0 15
0 36
0 84
4 50
10 25
19 61
26 78
27 25
32 50
36 8
42 38
49 23
49 82
63 52
70 85
75 68
89 94
90 72
7 79
12 62
36 76
53 41
13 91
21 47
29 27
35 67
37 4
46 18
50 94
51 5
61 14
64 95
65 55
73 40
79 22
80 95
82 29
85 54
88 43
90 15
93 58
96 33
2 34
8 14
16 66
36 47
23 34
67 61
69 77
97 24
4 41
51 32
15 20
38 14
69 45
4 71
6 53
26 41
9 79
9 96
21 20
13 49
10 27
12 9
14 24
15 35
16 72
16 84
18 50
19 2
19 90
21 25
21 80
22 10
26 0
26 47
27 61
28 5
28 11
30 35
31 40
37 60
38 55
39 11
39 20
39 80
40 31
42 40
43 62
46 88
47 27
49 52
49 73
51 64
52 11
52 21
53 0
53 3
53 83
58 79
59 72
59 86
60 0
65 17
69 3
72 71
73 18
74 58
75 33
76 7
76 41
78 86
80 76
82 34
83 10
83 96
85 67
85 84
86 59
87 23
88 17
88 89
89 0
89 6
91 82
92 75
93 68
95 50
96 96
97 1
