126
0 13
0 29
0 45
0 63
0 91
17 34
27 51
28 24
29 95
44 40
45 91
48 54
49 0
53 15
65 76
77 84
87 97
90 31
0 96
4 61
29 13
34 40
51 49
57 23
4 65
5 46
6 3
9 47
11 36
14 70
15 5
16 24
19 59
20 90
26 81
27 56
31 68
34 77
43 27
44 82
45 32
52 83
56 93
61 32
61 45
61 67
73 69
74 25
79 71
80 22
87 12
89 45
91 97
92 58
93 78
94 36
95 6
96 22
97 44
97 90
0 50
0 55
4 91
5 11
6 64
7 27
8 57
10 39
11 76
11 97
20 45
20 64
20 91
21 9
22 73
23 30
26 1
27 90
31 15
31 60
32 29
32 80
33 2
34 43
35 9
37 29
42 13
43 1
49 20
49 26
51 37
51 52
53 0
55 62
55 86
57 79
58 36
59 0
59 14
60 87
61 60
62 42
63 81
63 92
65 49
65 55
70 36
70 53
71 0
71 28
71 83
72 7
73 44
73 92
76 39
76 87
77 57
82 49
82 79
83 57
88 14
88 69
95 54
95 68
96 59
97 30
