112
0 33
0 57
0 72
9 83
24 95
25 15
25 60
27 0
35 25
54 71
54 94
55 0
56 27
70 25
83 1
83 37
84 71
91 25
93 54
97 0
97 38
9 51
15 83
16 36
26 93
36 0
37 25
25 36
25 51
26 14
56 91
93 70
94 22
97 2
26 71
35 82
51 24
57 37
63 82
71 14
72 82
84 47
0 73
94 28
92 6
15 60
25 9
29 81
47 84
65 25
84 55
93 66
98 45
0 80
1 7
3 25
83 17
3 90
8 40
27 15
29 87
10 51
96 31
95 46
10 87
10 92
26 3
83 24
13 72
15 24
15 47
17 2
17 41
17 93
30 8
22 82
25 44
25 54
25 63
25 97
26 18
36 2
36 15
36 26
37 89
40 83
44 49
45 24
45 56
46 91
48 36
54 84
56 71
56 94
57 28
58 1
60 13
61 70
61 90
62 26
72 56
72 93
73 34
80 5
83 97
84 24
84 37
90 15
93 7
93 32
93 73
93 91
