134
0 6
0 33
2 86
11 53
12 16
19 35
21 65
27 52
27 90
33 76
35 5
39 34
41 51
41 88
42 20
49 63
56 25
56 77
59 11
63 64
68 97
71 26
71 79
74 51
81 36
84 7
90 25
90 67
93 91
96 52
0 40
6 0
8 87
11 61
20 38
35 59
36 73
38 6
64 26
42 39
52 60
66 57
71 88
75 44
80 21
81 76
88 3
87 36
94 22
95 74
0 41
44 10
20 49
25 30
38 78
45 43
86 50
0 48
0 91
22 44
25 58
43 71
45 27
57 68
73 24
91 35
1 40
2 26
2 79
3 70
28 63
5 37
5 65
33 63
6 39
7 0
7 18
7 45
8 6
9 34
10 27
11 89
14 49
14 57
16 79
17 91
19 52
20 3
24 74
28 1
28 66
30 52
32 45
33 19
34 81
37 11
40 31
42 77
43 0
43 89
43 97
46 52
47 28
48 2
48 21
48 41
50 71
53 84
54 41
56 91
57 61
59 17
60 6
60 84
65 25
66 11
66 81
67 17
71 37
72 58
75 74
77 12
77 47
77 62
80 91
80 96
83 41
87 15
88 8
92 78
93 0
93 11
96 43
97 64
