119
0 9
0 25
0 64
1 49
8 76
9 36
31 91
41 57
50 35
51 97
59 24
59 66
68 80
76 53
78 28
82 66
92 34
92 76
2 8
6 22
10 52
13 35
53 88
4 68
16 52
46 64
76 69
18 31
21 63
56 96
23 37
25 96
28 16
28 50
30 30
34 12
36 4
42 78
44 0
49 43
52 30
52 66
54 44
55 50
61 51
65 14
75 36
78 86
88 18
88 45
88 86
90 25
92 10
93 83
96 45
96 51
96 92
0 29
0 93
9 65
14 26
57 25
1 16
9 42
4 34
5 24
8 90
11 11
11 95
13 76
15 70
18 8
19 54
22 29
23 11
27 70
28 82
29 57
33 80
34 28
35 85
37 22
40 44
40 51
40 68
42 8
43 22
43 35
46 48
50 9
56 53
56 80
57 88
58 58
59 12
60 33
62 95
63 83
65 49
67 3
69 87
70 11
71 20
71 60
72 45
72 95
76 17
76 55
77 10
79 60
80 4
80 79
81 87
83 67
84 96
85 73
91 37
94 85
96 32
