139
0 8
0 35
0 83
9 72
11 47
16 91
24 13
24 63
30 29
30 93
34 73
38 55
39 15
43 84
52 30
52 52
52 73
56 10
56 97
62 40
62 83
69 3
69 23
69 66
75 96
77 45
81 31
83 15
84 62
86 81
93 39
96 71
97 10
97 53
0 20
12 51
95 29
3 81
27 56
34 7
35 77
55 69
56 34
61 2
61 54
65 97
67 80
80 54
85 2
0 41
42 51
46 91
49 14
93 14
17 43
0 87
87 5
7 89
28 66
40 12
43 65
59 59
74 11
79 73
82 23
95 41
1 47
1 71
2 11
4 16
4 58
89 25
7 38
7 94
8 0
8 22
10 56
11 16
14 77
16 0
16 5
17 46
17 70
20 86
22 46
25 35
25 73
29 0
29 12
29 18
29 80
31 91
32 97
33 48
33 68
34 8
37 36
38 30
41 1
43 18
43 40
45 58
47 81
48 0
48 76
51 20
54 25
55 14
56 47
57 6
58 19
58 67
59 25
59 73
59 88
64 34
67 74
68 13
68 39
69 4
70 58
71 26
71 84
74 0
74 89
75 6
76 18
79 89
81 43
82 25
85 49
88 6
89 33
89 89
90 70
93 16
93 47
93 56
97 82
