131
0 3
0 19
0 48
3 64
3 85
14 32
14 94
17 56
20 3
22 77
28 33
29 64
30 15
34 85
37 44
40 98
43 59
46 33
51 83
54 97
57 55
61 16
64 72
67 33
69 47
71 91
80 56
83 41
83 70
84 84
86 19
97 90
0 22
0 49
34 5
0 91
5 70
30 40
46 61
51 35
61 64
71 23
89 51
92 89
7 71
18 90
29 81
36 78
47 91
56 78
57 97
67 77
74 27
86 24
89 57
1 11
26 8
1 29
8 53
11 87
36 36
70 56
46 50
78 44
78 83
1 76
2 97
7 1
7 19
13 44
54 85
8 67
9 12
9 75
11 80
13 17
13 59
14 96
17 24
18 70
19 96
22 57
26 51
26 85
27 71
31 56
32 30
32 62
34 16
34 72
37 47
37 55
38 27
39 12
40 82
41 36
41 87
41 95
43 72
46 3
46 15
46 20
48 49
51 62
55 80
63 56
66 15
68 5
68 30
69 57
69 96
70 0
72 87
75 48
77 73
78 9
79 95
80 32
83 3
84 42
84 77
86 9
86 93
88 2
89 27
89 36
90 69
91 81
93 11
93 94
97 73
