130
0 10
0 34
0 49
0 97
5 63
13 40
18 96
24 22
31 44
32 92
34 62
38 0
43 16
48 30
48 83
56 42
64 16
64 62
64 90
67 1
73 27
78 11
78 95
79 67
82 51
87 28
88 1
93 15
93 86
94 41
95 57
1 9
11 70
14 45
60 43
69 80
8 91
31 53
36 86
38 71
46 59
54 78
70 1
79 30
83 44
83 84
92 3
95 61
96 17
98 37
2 53
4 24
14 38
67 71
10 97
30 94
36 92
52 35
65 86
66 94
68 6
86 89
4 34
4 74
6 48
8 3
36 52
65 36
75 6
76 22
91 7
8 46
12 30
14 0
14 64
15 78
17 10
18 5
18 30
20 83
21 88
22 0
26 73
28 27
28 68
30 46
32 17
40 31
40 60
44 73
45 11
45 43
47 1
48 16
48 54
50 46
50 86
52 92
53 11
54 25
54 60
57 95
58 51
59 13
59 64
60 71
60 77
65 18
65 28
65 45
67 58
72 42
72 89
76 60
80 74
80 87
81 11
81 61
82 68
83 31
84 46
86 12
86 38
88 79
88 95
89 52
94 78
96 84
97 9
97 23
