132
0 35
0 55
14 70
15 90
16 21
23 4
23 56
26 99
27 79
30 17
30 41
35 66
37 89
40 1
44 21
46 75
48 39
51 95
57 6
66 36
67 21
67 65
72 79
75 53
77 96
81 11
81 30
90 66
90 90
92 21
92 47
94 3
0 39
1 90
50 19
50 71
39 93
8 58
28 71
29 20
34 45
50 39
56 85
73 67
80 92
93 37
94 17
94 65
94 93
53 46
3 28
47 16
54 71
96 89
4 20
29 61
34 84
95 9
95 54
5 50
7 10
7 93
8 5
42 63
78 85
49 81
50 24
8 40
9 59
86 97
11 29
36 67
11 34
12 81
13 55
16 75
20 95
21 83
22 22
22 73
23 47
25 11
26 0
26 42
27 90
30 5
33 31
33 50
34 76
36 44
37 83
38 6
39 11
42 52
42 87
44 47
45 26
45 59
55 70
60 2
62 15
63 72
63 84
66 1
66 59
67 97
68 21
68 86
70 11
71 16
72 56
73 30
74 4
77 97
78 39
79 54
79 66
80 60
81 89
84 30
85 17
85 53
86 47
87 5
87 83
88 0
94 80
96 2
96 8
96 60
97 27
97 88
