130
0 17
0 34
1 95
9 1
13 85
14 43
16 57
18 19
19 71
19 98
24 32
28 46
29 4
30 84
33 66
34 98
42 10
44 30
44 79
46 44
52 57
55 16
55 95
58 36
64 70
67 8
71 28
75 79
78 65
78 93
89 80
92 21
98 34
0 38
0 55
34 43
38 61
35 90
57 22
62 94
6 98
7 15
49 5
71 67
6 29
11 3
17 65
21 86
22 26
65 13
24 60
34 52
35 74
40 65
44 16
48 53
54 45
55 32
56 59
61 83
64 41
83 65
1 21
1 47
3 79
5 84
60 5
6 33
6 93
25 67
40 57
62 21
7 38
9 28
9 74
11 80
12 38
14 0
16 11
16 47
20 3
24 40
30 9
32 34
33 93
34 22
34 81
35 9
37 31
39 88
43 8
43 68
44 0
44 22
46 31
47 74
49 15
49 39
50 90
51 84
59 96
63 0
65 87
68 39
68 58
68 82
73 2
73 25
75 55
77 30
77 35
78 14
78 21
80 53
81 86
83 1
87 34
87 49
88 0
88 5
89 44
89 81
91 62
93 20
93 26
94 9
95 38
95 82
96 50
96 63
