123
0 0
23 29
25 60
40 43
40 62
44 14
63 40
72 89
75 72
88 16
0 9
1 61
5 41
8 31
67 43
30 21
14 12
14 89
25 44
26 93
29 75
80 75
29 84
30 98
32 3
32 18
36 69
37 52
42 34
42 95
43 2
46 83
50 68
52 2
56 92
57 22
59 0
65 17
66 85
72 54
75 32
70 68
75 96
80 13
82 36
85 82
90 56
92 39
93 45
93 68
94 14
95 73
98 6
0 14
0 38
1 74
13 24
42 69
47 38
57 37
57 48
57 78
70 94
85 5
3 8
3 58
6 71
20 21
65 48
74 37
84 75
7 13
8 55
10 64
10 94
13 37
15 65
15 95
16 1
16 85
18 57
19 40
21 64
22 0
22 35
25 10
27 25
30 61
31 30
32 83
35 11
37 72
39 23
39 54
45 17
45 24
47 51
48 62
52 30
54 70
58 87
60 65
60 97
62 41
63 9
63 32
67 2
67 59
68 36
73 2
74 53
75 45
76 30
81 41
81 55
82 50
83 29
85 20
90 90
91 27
94 50
94 77
96 20
