122
0 64
1 22
3 91
4 42
6 6
19 41
35 21
35 92
38 35
41 69
42 49
59 53
68 66
76 35
80 74
90 33
93 68
3 21
4 97
44 94
45 35
10 84
22 94
24 82
85 74
27 69
29 6
30 52
31 27
40 16
50 91
52 68
57 84
58 7
60 55
65 85
66 36
70 6
72 87
75 13
79 89
80 54
81 49
84 5
91 7
93 60
95 48
96 90
98 8
1 35
2 55
2 70
34 46
61 71
78 27
89 85
3 48
4 89
32 77
35 56
38 85
45 24
65 93
67 71
68 50
78 3
8 48
11 28
11 74
12 16
32 34
32 86
40 97
76 84
84 11
13 90
42 24
13 95
17 19
18 60
20 47
21 40
22 87
23 35
29 19
29 40
29 92
30 13
33 25
36 10
37 1
41 57
45 28
45 66
47 10
49 49
50 28
51 5
53 22
54 79
56 30
56 41
56 47
56 95
59 75
61 3
64 52
67 23
70 59
70 95
73 72
78 17
80 39
84 16
87 89
87 95
89 38
90 21
93 31
94 54
95 1
96 65
