131
0 7
0 22
0 74
2 88
10 32
13 13
19 43
21 0
22 81
25 56
29 23
31 69
36 83
43 44
48 68
53 26
54 85
61 2
64 35
65 76
72 59
76 14
76 85
78 31
81 71
86 48
90 12
90 86
94 60
96 33
0 97
6 69
11 10
16 31
26 49
59 35
80 9
93 66
6 74
14 5
20 32
21 46
24 86
30 33
30 83
35 26
47 45
49 55
54 13
60 18
62 9
70 77
71 26
82 17
83 36
85 72
94 89
96 48
96 80
97 7
1 12
2 93
4 46
22 5
27 58
40 27
51 37
5 17
6 35
7 57
10 22
10 41
11 88
12 66
13 47
14 53
15 5
18 69
18 75
19 24
19 62
22 10
22 18
22 30
22 40
24 75
29 92
31 4
31 45
35 59
37 36
37 85
37 92
39 54
39 67
40 0
43 74
48 4
52 18
55 87
57 20
57 81
59 49
62 41
62 70
63 58
65 83
66 50
67 30
68 89
70 13
71 8
71 41
72 0
74 61
78 1
79 21
79 92
81 56
84 37
85 0
87 21
88 44
89 31
90 0
91 72
93 17
95 25
95 65
97 34
97 95
