130
0 11
0 32
0 71
0 93
6 47
9 82
11 20
15 58
17 3
17 38
27 24
31 87
32 38
33 73
39 3
46 39
50 68
52 94
60 55
61 18
62 4
63 81
67 31
69 94
73 61
75 17
76 75
78 47
81 33
91 1
93 22
93 76
97 91
1 0
3 95
20 52
33 92
43 7
52 36
66 3
71 93
89 45
97 21
1 29
5 74
31 30
27 5
38 66
49 50
52 74
56 95
66 75
90 37
2 4
17 22
7 48
36 44
72 3
75 68
72 89
81 20
84 53
2 25
5 2
18 44
34 31
54 42
2 61
4 17
8 7
38 33
38 48
71 79
4 23
7 0
7 88
9 39
10 28
11 22
12 95
13 9
14 65
16 70
17 26
19 0
19 96
21 19
21 79
23 91
25 84
26 62
28 67
33 7
33 36
34 15
34 95
35 76
39 55
41 39
42 26
43 93
47 52
50 59
53 19
54 50
56 26
57 66
60 38
62 60
62 88
63 11
63 51
67 57
69 44
72 25
72 79
73 30
75 59
77 95
78 35
78 48
81 0
84 73
86 59
86 65
92 10
94 79
95 52
95 96
96 28
