95
0 0
0 43
0 94
7 80
8 29
14 66
15 15
21 52
22 1
23 97
28 38
30 83
35 24
37 69
42 10
44 55
48 96
51 41
55 82
58 27
62 68
65 13
69 54
72 97
73 1
76 40
79 83
83 26
86 69
90 12
93 55
97 96
98 0
0 45
18 11
45 6
24 48
96 51
2 90
26 93
40 65
51 92
54 37
65 64
68 9
75 93
79 36
93 8
8 33
9 76
31 34
61 23
72 50
82 79
86 22
89 65
16 62
58 78
32 79
37 20
46 51
0 47
47 0
0 96
11 25
12 72
35 75
40 16
49 47
2 42
19 58
4 86
13 19
20 5
26 42
28 87
33 28
42 59
53 86
56 31
60 72
63 17
67 58
74 44
77 87
81 30
84 73
88 16
91 59
3 37
4 35
5 82
69 3
94 2
97 45
