123
0 0
3 47
7 76
12 8
14 24
23 59
27 87
38 13
42 85
48 47
53 8
61 75
72 55
77 41
88 65
91 92
6 53
9 81
14 97
17 8
18 35
21 65
45 20
60 8
65 82
22 49
32 1
23 76
32 43
34 27
37 97
42 65
46 38
47 99
53 23
53 74
53 94
56 53
61 23
62 39
74 8
75 85
76 24
77 70
81 20
85 34
95 5
95 72
0 1
13 83
33 6
34 36
60 66
84 54
90 25
0 9
12 43
14 78
43 87
47 26
57 81
65 64
66 16
2 9
4 27
4 91
5 0
5 46
13 71
64 74
6 7
8 68
9 88
11 13
11 46
14 58
14 88
15 0
16 78
19 96
21 24
23 12
26 61
28 49
29 15
33 67
35 39
40 43
41 0
41 57
42 77
43 13
47 28
50 12
50 46
52 30
54 97
59 15
59 86
61 44
62 92
64 2
64 49
65 22
69 29
70 13
71 43
72 76
74 50
75 64
75 93
79 78
81 6
81 89
83 11
85 27
86 43
91 8
91 47
93 91
94 21
95 32
95 63
