132
0 11
1 39
1 58
4 78
6 92
10 1
15 33
22 10
22 84
23 48
24 98
29 68
31 24
34 2
38 50
39 87
43 64
44 30
47 9
52 75
56 38
61 18
65 84
66 67
69 30
71 48
78 3
79 95
84 16
84 72
90 32
92 89
93 49
94 2
0 21
6 56
8 96
12 79
13 13
91 75
19 27
83 11
85 89
23 30
24 41
26 6
28 76
29 85
34 55
38 16
46 63
46 89
48 23
49 70
50 8
53 84
58 45
59 70
70 9
70 57
78 45
88 69
90 19
91 92
97 0
98 83
0 85
1 12
2 0
4 42
5 69
6 58
12 90
55 77
8 3
9 45
9 84
9 96
11 4
11 27
12 51
12 91
16 9
17 44
21 53
21 64
23 10
23 18
28 38
32 74
33 40
33 91
34 32
37 0
37 7
38 27
39 76
45 53
46 38
47 17
48 86
50 46
55 0
56 8
56 14
56 25
56 62
58 96
59 77
61 45
61 52
66 20
69 74
71 51
71 81
72 59
73 35
77 13
79 33
80 26
82 61
85 25
86 44
87 9
87 61
88 81
91 27
92 38
94 73
96 3
96 22
96 32
