123
0 28
1 88
2 60
3 11
3 45
7 74
14 95
17 43
22 79
29 10
43 15
43 81
45 65
63 79
66 9
66 41
70 56
85 39
85 66
6 15
9 29
71 40
14 60
8 81
10 11
13 51
16 5
20 39
20 60
23 25
23 96
30 59
31 32
37 75
38 36
39 43
40 51
42 92
46 49
49 21
50 61
55 42
62 61
64 72
64 92
66 34
69 1
72 76
73 11
77 54
80 0
87 10
91 51
91 91
92 34
92 42
95 82
97 54
3 61
77 43
3 62
18 53
4 56
21 47
23 56
7 47
7 65
8 24
8 35
8 96
12 9
13 83
13 97
14 30
20 81
21 28
24 44
27 86
29 41
30 10
31 75
35 22
36 58
36 66
38 7
39 27
42 17
42 57
45 27
46 39
46 44
47 4
49 81
50 66
50 86
51 35
51 48
53 30
54 17
55 63
57 73
59 83
61 97
65 66
67 46
67 81
71 41
71 61
74 19
74 97
76 7
76 74
81 17
81 49
81 67
81 89
82 75
84 28
87 60
88 95
95 23
96 96
97 10
