95
0 0
0 15
8 85
9 26
13 6
31 30
97 2
11 33
14 1
13 21
0 2
14 9
97 4
0 12
9 44
9 55
11 27
19 8
11 86
12 73
16 30
31 38
56 27
59 10
0 3
0 4
25 53
27 80
32 14
33 88
49 27
49 71
78 14
0 60
55 32
0 68
9 79
21 71
22 32
25 10
0 80
0 97
9 15
8 0
11 3
11 12
12 15
3 18
19 19
1 4
1 5
1 74
1 87
2 3
2 5
3 8
4 8
6 7
6 17
7 7
8 4
8 38
8 48
8 87
11 63
13 40
13 53
15 76
21 41
23 84
23 97
25 0
28 32
28 42
28 97
30 50
31 23
32 78
42 9
42 42
44 15
47 47
47 57
48 37
49 97
53 37
53 42
75 75
78 8
80 13
85 74
86 14
86 38
97 13
97 21
