124
0 1
0 18
4 66
10 28
18 48
29 58
31 34
36 71
53 68
60 45
74 37
75 23
90 40
90 75
94 89
6 73
15 44
18 26
18 94
23 10
28 1
32 49
38 22
40 74
60 54
63 68
43 20
43 91
47 7
47 51
51 28
55 83
57 17
64 82
70 92
74 66
81 57
85 4
85 33
88 95
64 22
92 8
93 45
95 54
0 19
0 38
0 46
93 77
0 51
1 1
10 70
35 61
39 29
45 66
64 49
12 18
21 56
22 45
27 18
59 60
72 84
82 62
94 28
95 36
5 38
46 73
5 44
5 97
6 31
10 0
11 66
12 35
13 23
14 84
17 0
21 81
21 89
23 35
24 22
26 50
27 80
27 89
28 68
30 55
33 25
35 0
37 49
37 87
38 64
40 6
40 58
42 97
44 25
47 94
48 31
48 39
49 61
52 53
52 73
55 21
56 65
57 7
59 31
59 76
61 87
62 54
62 62
64 76
65 5
68 16
69 60
71 95
73 11
74 2
74 52
75 33
75 89
76 94
79 22
81 80
83 10
86 0
86 52
95 8
