134
0 5
0 65
1 43
10 75
14 36
16 22
17 96
27 57
29 28
33 14
34 79
34 94
38 39
39 65
47 85
50 50
52 1
52 99
54 18
54 65
67 24
68 38
68 89
71 69
80 8
83 54
85 93
88 20
90 36
95 83
0 15
3 57
70 45
15 71
16 40
19 10
35 9
38 96
51 81
91 17
0 28
0 96
35 58
45 47
10 0
84 14
21 22
38 31
39 13
42 79
49 61
73 77
92 44
2 8
2 47
27 29
42 25
43 93
57 88
3 3
41 54
45 16
3 6
3 74
4 57
4 84
7 47
8 91
20 29
22 16
45 90
10 15
11 62
13 86
16 45
18 3
18 66
18 94
20 31
20 40
21 73
21 83
23 16
27 41
27 86
28 17
28 74
29 51
34 63
34 72
42 54
43 59
46 31
47 6
48 69
50 13
50 53
50 59
53 33
53 95
58 33
58 39
58 72
60 84
63 0
63 69
72 55
72 70
72 89
73 84
74 34
74 46
74 64
76 16
76 24
78 95
82 65
83 0
83 81
84 95
85 59
88 10
91 27
91 33
91 57
91 71
92 18
92 76
93 4
93 51
94 39
94 90
95 11
97 34
