128
0 38
1 74
4 12
6 51
9 97
31 95
32 63
50 19
50 83
53 5
54 37
64 60
76 3
78 47
83 23
95 11
1 79
52 74
67 64
85 21
2 65
5 15
12 28
13 82
17 47
20 54
20 84
27 80
32 7
33 78
34 51
38 93
40 44
46 24
46 57
60 90
61 6
62 25
66 77
69 35
72 82
76 7
49 33
79 52
82 92
92 43
99 16
0 47
28 72
65 58
82 28
2 45
2 84
36 60
60 72
68 50
93 19
2 89
4 57
6 6
6 20
7 62
28 87
68 63
75 61
94 26
8 85
10 50
11 2
11 91
13 83
16 69
17 10
17 90
20 33
21 24
21 74
24 1
25 43
25 48
29 12
29 84
30 41
30 90
31 70
32 53
36 36
40 30
43 85
44 41
46 64
46 92
47 8
51 25
51 76
52 11
54 0
54 51
56 76
58 82
59 52
60 38
63 29
63 97
64 0
64 17
65 22
67 67
69 95
70 16
70 89
76 78
76 89
77 7
77 54
78 64
82 83
84 11
84 54
87 28
87 94
89 35
93 96
94 13
95 0
95 36
96 72
97 62
