130
0 6
0 21
0 36
0 62
9 47
14 9
14 71
17 26
23 43
29 58
31 29
32 11
33 75
41 97
45 27
47 0
47 83
49 65
57 39
59 53
61 24
61 76
64 4
73 15
73 45
75 89
81 72
82 1
89 84
90 28
92 51
97 65
0 70
11 51
67 74
18 1
34 52
36 9
55 90
61 53
74 29
86 6
0 78
8 33
21 79
31 35
70 13
88 76
1 5
62 32
66 81
69 55
33 28
34 78
38 69
50 79
57 46
77 36
4 25
13 4
19 32
35 20
36 36
54 26
79 82
80 13
4 34
39 75
68 23
4 42
4 56
5 80
7 75
19 37
21 30
53 84
9 40
13 88
14 40
16 11
16 55
18 89
21 52
23 44
29 80
31 56
35 41
36 87
37 49
39 60
40 79
43 8
43 35
43 85
44 17
44 51
44 71
44 94
45 42
48 0
49 50
50 57
52 74
56 95
57 0
62 58
62 84
63 43
65 64
66 31
68 15
68 94
70 66
72 1
74 18
76 88
79 39
79 62
79 95
85 0
85 45
86 15
86 93
87 86
89 58
90 35
93 9
93 75
94 21
96 0
