137
0 14
0 41
0 81
4 0
10 25
14 10
14 63
20 76
24 32
24 50
25 91
28 11
35 76
36 58
38 31
39 90
41 2
47 20
48 47
49 72
56 59
57 97
63 41
63 76
77 75
79 26
88 56
90 3
90 85
91 17
92 42
0 89
5 43
61 90
25 97
39 62
44 87
59 17
91 0
97 45
1 69
19 24
11 0
31 32
26 51
26 71
49 79
54 64
56 44
83 32
4 48
68 92
6 16
24 85
46 30
4 80
9 34
30 50
48 96
4 87
9 39
29 23
38 84
39 39
60 50
7 7
13 31
9 45
8 68
9 54
11 97
42 76
13 5
14 33
14 53
14 91
16 82
17 67
20 8
21 20
23 57
25 80
28 74
29 35
29 63
30 54
31 43
31 82
33 95
34 5
36 10
37 54
39 25
39 64
45 2
46 7
47 32
50 19
50 77
51 53
52 0
54 12
54 28
54 35
54 72
56 53
56 80
58 61
59 21
60 33
64 14
65 2
66 40
66 58
67 22
73 36
73 91
76 63
77 96
79 4
81 16
82 0
82 10
82 22
82 65
84 31
87 66
90 76
92 64
94 0
94 7
94 30
94 93
95 80
95 86
97 51
97 61
