126
0 11
0 29
0 50
0 83
8 62
17 75
23 95
40 90
44 66
51 38
58 58
75 76
78 0
86 24
90 57
95 95
2 47
5 25
11 11
17 62
28 95
83 80
93 15
94 48
6 44
19 55
0 58
7 80
9 4
14 84
15 40
21 76
22 20
22 29
24 46
27 6
30 67
36 68
37 35
42 89
46 12
49 46
53 7
55 52
56 12
61 79
66 12
67 26
73 34
74 92
86 7
88 66
89 74
91 38
96 0
0 66
44 76
91 58
0 76
10 45
1 50
5 13
6 30
14 54
6 51
7 65
8 20
8 50
10 46
10 74
10 93
11 86
15 13
16 27
17 1
19 68
22 84
23 58
24 37
24 51
28 8
31 20
31 40
32 51
32 84
33 5
34 12
34 95
38 43
39 0
39 23
39 82
40 56
43 16
46 86
48 2
51 95
52 41
52 73
60 85
62 45
62 71
62 97
63 90
64 19
65 5
66 80
68 71
70 0
71 12
71 80
75 25
76 5
78 33
80 63
80 92
81 0
83 51
86 29
87 24
91 5
92 23
93 16
94 72
96 66
96 84
