123
0 26
1 73
1 94
7 42
11 63
21 82
24 24
36 33
39 82
55 36
62 63
66 85
75 46
91 42
95 80
6 87
10 26
20 39
75 63
4 64
78 38
8 88
12 51
13 4
17 32
17 55
18 12
19 64
25 79
25 91
26 49
28 1
36 5
37 61
39 57
43 45
47 29
47 63
48 86
53 42
53 92
55 22
59 48
59 92
64 65
66 78
67 96
69 15
69 38
71 22
82 8
87 16
87 96
89 34
89 48
92 10
0 35
2 0
2 14
3 48
20 27
49 35
65 50
3 55
5 32
6 96
7 76
9 18
12 38
15 3
15 94
18 0
18 19
18 52
18 68
18 85
19 42
22 59
25 38
26 31
28 14
30 5
31 97
36 96
39 33
41 68
42 18
43 4
44 91
46 53
47 22
55 29
59 8
59 34
59 70
61 80
64 0
65 43
67 51
71 32
71 65
71 73
72 49
73 27
74 0
74 22
75 95
76 90
77 80
79 15
79 44
80 26
82 55
82 95
83 2
84 64
86 72
88 55
94 83
94 92
95 37
96 78
97 31
