132
0 0
5 70
6 96
12 22
20 94
21 79
22 34
28 47
29 9
33 87
35 64
38 27
46 45
48 17
48 70
48 85
51 99
56 4
61 64
65 31
65 93
70 0
74 50
75 20
75 65
77 84
78 99
82 38
83 6
87 57
88 71
91 21
0 3
31 19
47 48
40 89
14 68
18 96
34 56
36 0
51 14
70 25
79 69
81 87
85 42
93 64
0 7
41 34
26 70
52 21
53 95
56 42
73 9
83 96
84 27
95 72
96 54
0 15
0 62
0 77
1 90
9 4
27 77
29 32
38 10
46 32
47 40
61 17
74 57
2 8
4 1
7 43
7 76
10 9
12 57
14 51
14 84
15 69
19 6
23 40
27 1
28 10
30 39
32 16
33 26
33 49
38 72
39 8
42 1
45 59
47 0
49 87
50 32
50 37
52 81
56 11
58 33
59 70
59 82
60 97
64 0
64 8
65 33
65 51
67 74
68 90
69 69
70 81
71 39
76 47
76 71
77 38
78 4
79 23
79 62
80 18
80 79
81 12
86 60
88 0
88 13
88 28
89 22
90 82
90 89
91 5
91 48
95 10
96 17
96 92
97 3
97 63
