132
0 41
0 82
6 61
14 18
14 79
14 97
15 32
17 52
20 1
24 65
28 13
29 28
32 46
34 97
42 3
42 34
42 74
46 48
54 11
55 59
59 88
63 35
67 5
67 51
67 67
69 98
72 81
76 17
77 41
81 55
83 93
88 32
90 18
94 72
95 50
0 86
1 46
2 0
20 57
84 63
23 9
17 35
23 96
38 49
73 6
20 76
31 66
38 86
46 78
60 12
64 56
68 34
72 76
81 46
89 93
2 33
3 8
4 91
22 51
27 25
36 52
50 50
3 26
12 64
15 11
66 11
70 59
77 49
3 39
3 54
3 75
4 97
20 60
7 29
22 57
8 40
9 80
10 71
13 64
15 81
18 64
20 32
25 48
29 71
29 77
33 16
34 72
37 34
39 54
40 77
43 15
44 41
44 67
44 72
49 22
49 67
49 91
51 2
52 30
53 83
53 97
54 67
56 78
58 0
58 94
59 4
60 22
61 83
64 78
65 43
65 54
65 68
70 54
71 0
72 9
74 32
76 73
77 62
79 24
83 18
83 77
86 33
86 68
89 24
89 46
92 37
92 77
93 31
93 83
94 13
95 42
96 50
