111
0 16
0 50
0 89
9 29
10 70
10 99
14 15
14 43
17 57
17 84
23 30
26 68
27 94
28 44
34 80
37 59
45 90
46 70
51 56
56 81
58 96
66 71
75 97
76 81
0 18
2 55
31 96
2 93
52 70
14 72
20 38
48 96
19 58
20 85
31 74
34 99
67 85
29 43
35 44
44 56
80 83
0 21
3 43
33 66
50 86
5 10
60 75
68 91
5 49
8 93
15 77
30 49
35 81
50 65
0 24
0 60
1 85
13 37
37 96
62 95
65 72
2 24
28 63
2 79
35 90
7 50
29 82
51 74
8 14
10 86
17 44
20 75
46 78
56 65
3 21
3 59
23 80
4 19
4 97
26 87
5 18
5 36
6 42
8 21
8 55
8 61
15 22
15 89
16 60
17 50
17 94
19 66
25 35
28 29
33 49
34 60
34 75
36 41
37 68
39 50
51 80
51 85
53 58
57 68
57 81
59 89
67 97
72 84
73 75
75 91
92 95
