127
0 21
0 66
6 47
7 6
8 78
16 30
17 61
18 92
28 38
31 7
31 62
31 80
31 98
40 47
45 67
46 81
46 96
57 12
60 93
62 30
62 51
64 77
67 2
73 66
74 95
75 41
78 21
81 4
82 54
87 68
88 83
88 98
91 27
91 43
0 29
32 39
39 5
45 75
72 35
75 57
92 85
9 16
11 45
23 19
31 68
46 51
59 96
62 9
65 67
78 73
78 93
88 23
89 10
0 33
0 51
0 73
12 38
15 9
37 71
40 57
46 62
63 85
70 0
71 71
72 48
83 69
84 59
91 32
93 77
1 39
3 29
7 23
7 95
8 65
10 53
12 0
12 83
15 35
15 50
17 62
18 29
20 24
20 72
22 48
22 85
22 95
23 1
23 34
23 80
28 24
29 0
33 43
34 32
35 0
35 62
39 82
39 94
45 16
45 26
47 72
47 90
48 42
48 52
50 11
50 17
52 30
53 36
53 88
54 95
55 50
59 25
66 23
66 36
66 97
67 78
68 16
73 29
85 47
85 77
92 25
92 51
93 11
93 86
95 94
96 18
96 61
97 55
