120
0 16
3 60
10 27
21 5
21 93
22 39
33 64
34 99
47 47
52 31
61 18
65 55
66 76
81 35
92 97
93 23
5 52
14 18
40 94
44 61
70 58
86 45
9 66
11 72
12 49
20 37
23 74
25 55
27 20
31 4
56 40
23 80
42 0
44 10
54 76
56 90
66 30
75 65
80 93
83 64
86 19
93 44
96 94
0 22
92 30
56 48
17 54
22 95
35 88
60 68
67 21
14 23
36 59
70 44
72 27
82 90
83 74
97 39
97 86
0 27
0 54
0 75
0 83
2 5
3 0
5 89
53 32
6 83
7 8
7 36
29 96
60 49
73 67
83 34
89 89
8 15
9 60
10 66
12 74
15 68
16 48
16 63
22 7
22 40
22 87
27 58
28 79
31 30
33 8
33 20
33 50
33 83
36 35
39 7
43 21
43 75
48 5
52 67
53 12
55 72
56 60
57 0
57 28
60 10
60 94
64 0
64 38
65 89
70 71
76 41
83 49
85 0
86 39
91 70
92 7
93 15
95 58
95 63
96 48
97 43
