125
0 61
0 76
0 93
4 11
14 73
17 43
21 89
28 11
39 52
42 6
47 79
56 50
62 4
64 31
66 91
68 64
80 3
80 78
5 93
10 56
24 84
69 76
89 68
6 70
0 83
11 3
17 48
18 10
18 38
19 96
25 23
29 51
31 99
34 74
38 38
41 16
41 32
41 58
47 33
51 74
57 45
59 87
62 59
67 16
69 91
75 18
75 34
79 97
83 42
85 78
86 0
87 10
87 91
88 52
90 39
94 91
1 55
9 60
24 76
28 81
58 79
93 89
95 69
1 64
3 24
4 44
6 34
6 87
9 16
11 47
11 64
14 16
15 81
16 25
18 1
19 59
23 88
25 0
25 13
26 66
28 36
29 22
29 31
29 57
30 5
32 0
32 42
33 63
34 88
39 61
39 81
41 18
41 42
42 48
47 96
49 40
50 57
50 91
55 97
56 39
61 22
61 68
63 47
66 66
69 38
72 47
73 86
75 20
75 25
76 63
76 80
78 46
78 87
79 10
82 60
84 32
87 4
88 21
89 47
91 15
93 38
94 26
95 21
95 57
97 47
