124
0 44
0 89
7 20
8 74
14 39
16 86
20 13
20 63
26 31
26 96
30 3
34 58
35 72
40 15
40 86
43 29
50 58
57 14
58 30
59 72
59 94
62 46
73 63
75 89
76 4
82 37
84 54
89 16
89 69
94 0
97 81
0 47
0 90
30 40
66 42
80 88
12 12
14 46
34 64
48 30
96 9
24 4
26 81
27 95
41 97
48 11
50 63
61 91
64 65
86 37
97 87
0 92
17 30
40 46
61 21
2 10
2 68
29 21
46 89
52 47
62 87
65 38
74 49
90 5
2 96
3 63
4 39
40 68
23 35
38 54
5 95
28 28
29 8
8 83
12 91
13 21
13 60
14 51
14 67
17 16
18 91
21 22
23 72
26 63
30 13
31 74
31 88
33 80
35 26
39 19
40 81
41 10
45 70
48 49
49 16
50 1
50 79
52 91
56 63
57 79
61 23
65 80
66 9
69 53
72 38
72 73
74 50
74 81
75 66
76 23
77 17
77 58
77 95
82 79
84 86
85 46
86 60
90 55
93 21
93 46
94 76
95 96
96 71
97 61
