125
0 52
1 20
1 67
2 1
2 96
23 93
34 82
38 10
39 42
47 67
57 38
73 57
78 97
83 23
96 76
3 18
8 81
9 43
87 12
13 62
41 90
45 45
75 59
13 24
14 51
17 72
21 32
27 71
28 52
30 14
39 1
42 58
44 3
44 20
48 53
53 67
54 19
59 61
62 54
63 1
63 32
63 79
63 89
69 81
70 26
72 6
73 17
78 67
78 79
82 81
83 27
86 33
93 33
97 4
97 47
0 61
70 48
82 60
88 15
90 80
1 49
50 43
85 74
3 61
4 25
4 95
8 90
67 53
9 67
9 72
12 97
13 78
14 28
14 34
15 6
17 41
18 49
18 78
19 11
21 23
23 96
25 43
28 83
30 28
30 39
32 91
33 58
34 22
34 46
36 36
40 94
42 84
43 34
48 34
52 46
53 54
53 74
54 69
54 85
56 7
56 14
56 28
58 23
61 14
61 42
64 89
65 37
65 73
66 0
67 15
71 20
72 0
72 40
72 72
72 87
74 52
78 43
83 90
85 0
87 21
87 67
95 97
96 11
96 80
97 16
