128
0 4
0 22
0 38
2 96
10 83
12 30
12 46
31 53
35 90
38 66
40 0
48 12
67 68
70 82
72 23
75 53
86 34
89 92
10 4
12 85
18 65
79 53
79 80
21 20
22 42
24 77
39 48
90 25
93 83
36 6
36 85
37 99
50 86
52 17
52 52
62 24
63 7
64 37
64 87
68 66
78 94
83 9
94 60
0 46
0 61
0 69
1 0
12 86
42 76
67 21
81 40
1 25
67 72
43 0
59 90
81 57
86 79
2 23
4 44
11 19
17 79
29 65
69 75
71 87
76 83
77 43
83 51
5 34
5 73
6 92
7 63
10 55
11 48
11 90
18 69
19 25
20 37
22 30
25 11
25 56
25 81
28 3
28 39
29 34
32 71
34 52
38 30
39 7
39 18
41 68
42 62
43 35
45 52
49 30
49 65
50 40
51 21
51 78
52 73
54 59
55 27
56 39
56 64
60 74
61 2
63 48
66 0
66 4
67 77
68 10
70 67
71 4
71 31
75 25
76 61
79 70
82 94
85 64
86 86
87 28
88 57
88 79
90 2
91 47
95 23
95 82
96 15
96 95
