131
0 17
0 51
0 66
3 80
10 7
13 24
17 88
28 0
31 18
32 75
32 95
34 55
40 29
41 6
45 46
47 74
47 93
49 18
58 33
59 53
60 67
61 94
64 20
72 32
75 61
77 14
77 46
78 84
86 96
87 69
89 33
91 18
0 93
1 43
14 27
5 10
11 53
17 96
40 92
41 8
41 33
53 66
59 41
69 17
71 96
77 64
78 30
91 58
94 44
95 97
97 15
1 74
18 3
50 52
54 97
4 59
53 23
66 48
80 16
80 92
95 68
3 4
7 73
21 2
61 62
35 87
38 22
54 89
79 38
85 86
3 21
3 36
5 79
6 57
45 16
87 80
7 9
8 41
8 70
8 97
13 63
40 19
13 69
14 28
15 43
15 54
17 13
18 70
19 25
21 96
22 10
22 40
24 85
28 35
29 3
36 9
39 56
41 38
43 10
45 0
46 59
48 71
49 39
50 8
52 60
56 11
57 96
64 60
65 77
66 8
67 70
71 37
71 54
73 22
74 72
78 0
80 7
82 25
82 39
82 51
83 61
83 89
85 97
87 49
88 19
92 29
92 89
94 0
94 51
95 75
96 63
