91
0 0
0 15
1 60
1 87
3 35
12 46
12 76
18 5
20 34
20 58
29 47
35 34
92 26
93 84
95 40
95 55
0 19
0 97
93 90
95 18
95 61
1 61
6 32
36 22
12 51
13 9
24 30
26 55
95 33
95 76
3 87
14 16
4 67
32 50
2 39
21 94
28 12
28 90
34 83
49 17
91 47
95 70
97 13
0 4
1 21
95 49
14 53
95 25
17 37
95 65
29 52
96 83
3 38
4 91
6 69
31 38
10 82
14 47
20 22
21 6
95 27
0 9
5 23
8 53
15 55
0 10
1 94
9 24
3 56
9 30
10 95
16 42
23 42
24 20
28 28
29 22
38 80
40 15
40 21
47 80
50 27
52 36
53 46
54 54
55 67
56 80
84 13
90 33
94 90
95 41
95 50
