129
0 52
0 86
3 21
7 65
8 98
12 33
14 49
21 81
25 96
33 64
36 33
41 76
43 93
45 54
54 4
54 82
58 45
63 15
64 63
71 39
75 76
78 58
78 96
81 19
86 45
89 78
94 7
94 32
94 61
4 18
12 63
16 27
25 48
38 27
34 63
47 69
56 87
67 18
74 32
80 59
82 91
84 22
92 75
99 39
5 85
17 66
29 87
57 70
91 89
12 43
30 93
18 56
85 66
34 74
45 88
57 80
61 37
63 44
64 71
67 47
69 20
69 71
71 56
84 97
85 12
86 27
89 37
6 74
9 9
11 24
12 69
15 12
16 0
20 26
21 86
22 15
44 73
23 38
25 67
27 77
28 0
30 54
31 19
49 77
33 80
34 90
36 63
38 35
40 7
41 40
41 63
42 0
43 24
45 46
46 94
47 31
47 82
49 69
52 9
53 36
57 18
57 81
59 89
61 49
63 75
64 3
65 32
67 80
67 86
70 46
74 83
75 21
78 32
81 54
83 78
84 6
84 31
84 46
84 73
87 21
87 40
91 53
92 66
95 91
96 51
96 60
96 79
97 14
97 70
