114
0 0
0 67
8 27
18 74
19 39
19 54
23 2
26 25
30 65
33 50
40 23
40 88
46 61
52 31
53 74
58 47
62 16
64 63
66 34
71 76
75 22
77 56
88 46
2 68
5 51
12 16
26 79
22 30
28 7
69 60
75 16
31 57
62 42
81 75
21 78
38 46
53 65
54 27
77 25
78 61
31 28
35 73
43 15
72 79
80 30
97 52
5 70
5 96
15 22
21 68
28 35
34 61
19 61
33 20
41 55
56 69
67 28
58 56
59 34
67 44
70 70
72 60
74 30
81 23
83 80
87 18
10 75
11 34
27 74
29 37
70 55
11 66
16 25
38 61
19 21
20 55
63 22
64 69
20 63
22 65
23 85
24 41
25 91
33 7
34 15
34 30
34 80
39 58
40 31
44 91
45 36
46 13
46 73
47 3
49 56
54 32
58 58
58 64
59 76
61 2
62 53
64 36
65 80
69 22
70 39
71 86
72 11
76 68
80 42
81 36
82 31
82 58
87 69
89 47
