124
0 13
0 32
0 47
0 63
0 82
9 96
14 29
14 52
40 77
60 8
61 49
15 82
44 58
45 7
53 83
57 27
69 86
89 55
94 31
12 72
63 2
74 78
15 43
24 68
28 47
32 4
33 91
36 59
37 81
39 32
41 29
47 93
54 47
61 22
66 90
74 17
75 25
76 72
77 7
78 55
83 90
85 40
86 5
88 94
97 14
1 44
13 88
8 57
27 79
5 42
5 76
38 7
43 79
46 36
49 29
55 89
61 82
63 29
80 63
81 12
81 68
83 56
86 48
1 54
3 66
3 96
4 51
6 24
6 40
7 17
8 63
16 0
17 27
17 37
18 16
18 42
18 58
18 78
21 2
22 22
23 61
23 97
27 34
28 29
28 68
29 12
29 86
34 22
34 95
39 16
45 65
46 47
47 2
47 21
47 55
52 18
52 67
55 12
55 57
59 38
59 74
59 94
61 86
64 62
65 35
66 72
68 43
68 93
70 54
78 14
78 20
78 35
78 85
84 76
85 83
86 67
90 77
91 5
92 56
95 21
95 29
95 43
97 53
97 75
