140
0 16
0 59
8 71
14 0
16 14
16 86
17 28
19 55
28 3
31 23
33 58
37 80
40 11
47 91
49 48
51 66
58 82
61 8
62 41
63 55
67 97
69 71
70 19
75 5
79 30
80 80
83 44
84 16
93 31
96 8
0 24
11 72
45 19
68 54
94 45
22 28
23 45
24 78
39 32
53 68
56 97
67 1
91 87
0 60
0 90
0 97
1 1
27 59
74 64
82 11
1 7
44 76
6 24
13 71
28 11
37 69
46 58
48 8
60 59
61 86
74 57
77 24
86 46
90 48
1 17
1 30
3 83
17 69
34 15
4 7
5 62
6 5
6 9
7 13
7 95
8 20
9 53
9 87
11 59
12 41
14 5
16 58
17 20
18 64
19 14
19 94
21 87
25 35
25 96
26 66
27 17
31 34
31 64
33 88
34 75
35 51
38 41
39 17
43 96
45 76
46 17
48 81
49 92
51 6
51 43
53 79
54 18
55 34
56 44
57 49
57 72
59 20
62 28
63 77
64 61
65 44
66 10
70 5
70 38
71 72
71 79
71 85
76 12
76 74
76 95
77 90
79 49
81 84
82 27
85 21
85 69
86 75
89 6
90 18
91 55
94 23
95 65
95 73
97 29
97 38
