127
0 47
1 72
5 4
5 22
10 57
15 32
35 8
38 69
41 49
43 20
50 92
53 37
53 65
57 17
70 79
80 6
4 76
10 4
12 96
18 91
64 26
81 81
82 6
19 43
20 73
24 87
25 52
28 8
31 23
41 97
43 2
44 73
45 25
60 46
62 97
66 0
70 27
74 56
78 21
80 67
83 53
83 86
88 24
89 66
94 36
95 17
96 73
0 54
7 79
58 19
70 33
84 92
86 0
1 12
1 28
1 35
72 1
1 83
3 49
51 17
37 12
71 9
5 40
6 15
83 17
6 85
7 63
10 48
11 0
84 14
12 43
12 71
12 83
15 5
15 64
16 14
16 22
19 30
23 45
26 97
27 15
27 37
32 37
32 85
38 26
39 63
41 33
43 6
45 58
46 0
46 28
47 20
47 44
47 94
51 54
51 89
53 40
54 60
55 23
56 8
62 47
62 59
64 15
67 64
68 39
68 44
68 96
70 71
74 28
75 61
76 82
76 92
81 37
82 44
84 57
84 69
88 5
88 31
88 81
89 26
89 74
92 0
93 83
94 96
95 30
96 10
96 23
