119
0 7
0 38
0 53
2 92
3 74
6 25
20 26
30 62
36 91
43 70
46 48
47 5
51 20
58 88
64 33
70 53
78 89
79 40
88 78
96 12
10 1
41 62
0 66
6 30
13 88
14 41
16 40
16 94
17 77
19 6
48 89
53 30
27 89
34 28
38 10
39 24
48 47
54 6
55 62
59 70
61 95
64 5
72 3
72 45
82 90
84 59
88 6
89 34
95 39
95 67
0 14
22 41
32 58
43 30
43 51
44 82
54 15
59 32
73 36
89 82
0 20
0 41
0 48
0 82
1 54
7 70
8 78
9 8
11 2
11 26
15 12
18 21
18 44
46 39
46 61
20 1
20 27
22 83
22 92
23 8
28 64
30 91
32 72
32 97
33 2
35 59
36 48
38 76
42 0
44 73
45 10
46 20
51 36
53 54
55 21
57 15
58 7
58 43
58 55
64 19
65 41
67 29
72 14
73 24
73 95
74 36
76 60
77 5
77 10
77 67
78 0
78 83
80 21
81 31
81 51
88 95
91 75
92 13
93 90
