127
0 56
4 14
4 70
0 86
5 0
6 33
29 1
39 34
39 81
43 49
62 58
63 84
64 14
76 2
85 91
86 47
90 74
1 55
9 67
10 87
42 24
66 55
71 20
83 5
6 13
14 36
16 48
16 92
48 24
19 85
22 46
25 7
29 91
31 49
31 64
33 31
33 97
41 84
42 68
44 4
68 94
69 43
71 74
72 33
72 48
77 71
80 53
81 31
85 17
87 48
89 68
94 60
95 34
1 45
71 84
1 61
23 37
78 36
88 37
3 62
4 38
8 69
9 0
10 43
11 94
13 13
13 75
14 4
15 57
15 64
20 78
22 57
24 24
25 16
25 73
26 29
29 79
33 42
33 67
34 37
35 85
36 1
36 9
36 74
37 61
41 38
43 30
45 82
48 6
48 42
48 48
48 61
50 56
52 12
53 19
55 65
55 91
57 4
62 72
63 57
64 15
64 34
64 82
67 10
67 23
69 5
72 63
74 18
74 86
76 77
77 43
78 10
80 83
84 0
84 20
85 8
88 56
89 29
90 94
92 47
92 69
93 88
95 39
97 0
97 49
97 56
97 79
