122
0 2
3 20
3 62
5 76
10 41
13 8
22 19
29 81
32 35
37 65
40 90
49 30
53 49
61 8
64 91
68 23
70 54
80 72
88 51
6 27
6 62
70 30
86 76
16 39
16 85
30 31
31 7
32 52
39 6
47 36
48 85
89 54
50 75
56 62
60 44
62 0
75 15
85 3
95 18
97 70
0 3
50 24
3 69
9 1
0 12
9 60
13 20
19 43
19 77
41 30
21 28
33 82
35 77
38 42
49 94
54 36
58 15
63 9
67 43
74 74
78 51
0 7
3 52
4 88
6 8
6 46
7 33
10 65
10 70
12 48
14 94
15 59
18 65
21 95
23 71
24 23
25 54
27 86
28 10
30 57
33 16
34 27
34 84
37 96
38 13
39 22
41 56
41 86
43 11
44 66
46 3
49 16
49 63
49 82
51 0
52 70
56 22
57 77
61 20
62 92
64 14
67 32
70 44
70 62
73 37
76 58
76 86
78 37
79 3
83 12
85 28
85 60
88 92
91 3
92 44
93 26
93 55
95 82
95 95
96 8
96 33
97 48
