106
0 1
0 16
0 42
3 77
10 62
22 40
24 60
24 76
25 94
38 41
38 86
44 60
48 96
57 81
79 96
1 49
2 16
26 31
48 58
88 92
7 68
20 61
31 81
42 93
64 75
2 18
4 90
30 39
44 51
66 86
80 87
5 53
11 32
12 26
16 18
17 46
19 84
27 59
28 97
38 78
52 95
54 71
58 58
59 99
77 81
88 99
0 3
5 78
0 33
4 67
21 69
82 92
6 8
8 44
9 12
9 74
17 55
18 31
29 86
30 71
37 60
43 85
50 55
1 28
10 17
18 41
24 50
2 19
2 57
5 22
5 83
6 37
10 94
12 56
13 88
15 67
15 94
19 20
21 34
21 64
21 86
23 40
24 25
25 77
30 74
30 89
38 43
38 52
38 62
39 70
41 96
45 61
46 85
48 69
48 78
50 97
53 66
55 86
62 64
65 78
66 72
71 96
72 79
72 87
80 96
89 97
