135
0 11
0 35
3 62
3 78
12 89
13 52
14 8
16 72
23 26
23 98
28 43
30 57
36 10
36 74
41 97
44 56
45 21
47 83
49 42
51 0
55 95
58 53
61 32
64 66
69 10
72 48
78 77
81 59
81 95
86 18
91 34
91 69
0 17
17 74
30 27
33 41
35 57
47 19
49 80
55 4
58 96
63 36
69 18
86 49
96 37
0 54
1 0
8 42
82 72
10 75
7 56
18 79
58 42
15 60
19 51
25 73
42 8
42 65
45 51
50 11
55 34
66 53
69 28
1 67
2 18
3 82
5 0
5 6
6 24
9 31
15 66
13 90
15 11
16 40
18 28
18 91
19 18
19 83
22 36
22 57
23 48
24 87
30 91
31 81
32 1
32 44
32 62
34 86
35 97
36 57
37 20
37 71
40 12
40 47
41 0
42 69
44 29
44 78
45 60
46 84
48 73
51 23
51 66
51 86
56 72
58 17
59 11
60 93
61 75
63 39
64 20
67 83
68 88
69 0
69 22
69 61
70 69
71 29
71 53
72 13
78 38
79 19
80 76
83 8
84 59
84 96
85 77
85 82
88 38
88 47
91 61
95 15
95 28
95 93
97 0
