130
0 0
2 18
5 77
11 47
12 61
15 91
16 4
19 74
24 16
27 44
30 2
31 58
32 29
35 89
41 40
45 22
45 59
46 79
47 2
54 46
59 18
60 63
60 82
68 49
73 97
75 62
75 77
85 29
87 93
88 70
91 42
99 28
0 4
0 91
4 18
34 66
36 5
43 43
58 45
64 79
56 36
64 21
80 56
10 71
16 50
20 48
21 84
25 67
30 37
36 56
39 91
41 28
47 88
49 18
50 59
61 68
68 64
74 85
79 76
85 62
1 11
2 55
2 64
25 73
30 49
36 28
48 55
51 31
6 12
7 75
8 6
9 19
10 25
13 41
56 54
13 59
16 23
16 78
17 67
21 34
22 8
22 95
24 78
25 53
25 61
28 3
29 76
30 70
32 31
33 40
36 19
38 4
40 50
42 45
44 29
44 34
45 68
49 95
51 12
51 36
52 0
54 81
59 95
60 0
60 88
61 35
66 35
66 83
67 23
68 11
69 29
71 4
74 9
76 19
79 38
84 17
84 47
85 71
87 28
87 35
89 8
90 90
91 97
92 14
93 81
95 29
95 36
96 45
96 50
97 18
