132
0 0
0 19
1 71
2 53
10 82
14 20
17 34
18 63
21 91
23 9
27 51
28 24
38 7
38 60
39 43
39 78
48 21
52 5
53 35
55 49
55 90
61 62
63 14
67 34
68 75
71 2
71 97
75 58
83 70
83 89
84 22
85 0
97 45
0 23
0 42
26 15
74 29
84 62
30 31
47 73
48 43
69 73
78 97
87 70
7 60
31 56
45 59
47 5
62 2
64 44
69 82
74 32
83 7
90 76
94 24
1 32
1 77
18 23
43 35
62 9
90 59
3 23
4 47
4 86
35 54
53 45
6 12
20 15
80 64
8 35
8 52
10 29
80 75
11 23
11 96
12 91
13 7
15 52
16 46
18 86
20 33
23 84
25 3
25 70
25 91
29 12
29 63
29 86
31 41
32 35
32 92
33 20
38 0
38 12
38 47
39 18
39 63
43 29
48 85
53 66
54 55
55 31
55 92
56 11
56 41
58 36
59 85
61 57
63 28
69 87
71 52
72 4
72 21
76 26
76 51
76 66
77 37
78 17
78 81
79 44
81 25
81 64
84 49
84 54
85 4
85 88
87 81
88 10
89 94
93 89
96 56
97 47
