137
0 6
0 27
0 47
1 74
9 58
10 94
11 15
17 31
19 83
21 47
22 6
35 25
35 67
39 96
42 80
45 36
49 16
49 65
51 49
62 72
64 29
64 93
65 43
70 3
78 30
80 93
83 77
86 42
87 16
96 5
0 30
21 16
22 31
56 45
68 80
0 50
19 56
86 30
89 88
91 13
6 69
8 42
0 54
12 87
54 30
56 14
71 14
1 29
20 88
23 11
24 36
53 38
65 87
73 30
79 32
91 95
92 32
1 48
2 62
2 81
3 2
3 55
5 48
5 52
7 79
9 51
10 1
10 72
10 88
13 16
13 21
13 38
16 5
18 93
19 18
19 64
22 85
24 0
24 22
24 39
24 75
26 5
26 29
26 54
27 90
29 18
30 35
33 51
33 59
33 74
34 83
36 14
36 89
38 48
39 68
41 8
43 15
43 84
45 74
49 89
50 44
50 68
52 78
54 54
55 95
56 19
57 44
59 32
61 67
65 45
67 4
67 24
67 32
68 67
68 97
70 84
71 62
72 0
74 97
75 34
75 42
79 17
79 53
80 27
80 85
82 69
82 95
84 36
88 49
91 4
91 40
91 69
92 64
95 17
96 7
97 30
97 75
