125
0 14
0 47
0 78
7 64
11 36
13 1
14 50
17 94
18 23
19 79
21 63
27 9
34 51
34 95
35 65
36 20
36 79
47 57
50 24
51 10
51 76
51 94
61 52
62 32
62 85
70 20
78 8
83 67
83 82
85 33
89 54
93 5
97 71
0 18
0 87
14 29
45 90
54 25
61 12
86 5
91 69
21 42
2 82
6 14
21 57
23 73
29 25
49 67
56 71
60 2
65 34
65 56
75 16
84 90
85 56
87 41
97 7
0 31
0 50
0 63
5 78
27 77
32 12
37 58
83 72
97 45
1 36
28 51
39 18
40 73
79 13
1 52
89 73
3 72
11 84
25 15
6 28
10 94
13 72
13 87
18 9
19 35
21 23
22 1
22 88
26 65
28 80
29 72
31 4
34 24
34 35
36 94
37 44
39 58
40 11
43 94
44 0
44 66
49 35
50 51
51 41
52 8
56 95
58 65
60 22
61 40
65 17
68 11
69 30
69 78
72 60
73 40
74 95
76 48
76 66
78 27
87 11
87 29
89 97
91 49
93 62
95 81
96 14
96 50
97 27
