121
0 0
0 97
1 14
1 81
5 51
16 42
27 69
49 44
71 37
9 93
31 48
32 55
52 39
53 58
58 55
59 92
66 92
67 32
76 51
82 14
83 2
92 43
11 11
13 34
15 84
21 85
30 93
34 12
35 35
35 71
43 24
43 71
69 79
71 21
75 97
47 78
54 14
54 84
55 59
56 98
58 19
68 12
70 69
74 64
75 35
89 93
90 69
96 81
97 3
97 97
0 7
0 27
37 50
57 65
61 33
75 7
1 4
1 96
2 0
46 50
67 85
2 4
2 85
4 4
6 66
7 97
8 16
10 78
11 0
12 6
12 56
13 91
15 32
17 0
19 9
19 73
20 64
22 88
23 51
25 5
26 70
31 15
31 25
31 80
32 74
32 97
34 55
39 33
40 51
41 88
43 4
43 62
46 72
47 26
49 95
50 0
51 52
53 29
61 10
62 17
64 63
67 0
69 51
70 43
70 74
76 13
76 45
76 56
77 76
80 21
81 45
81 52
82 26
83 89
85 14
85 32
86 0
90 6
92 87
93 27
95 16
