122
0 38
1 58
1 83
14 28
20 55
30 74
31 29
45 61
50 80
66 13
68 76
70 34
79 88
82 15
90 64
95 21
96 49
2 93
4 56
5 39
13 84
77 38
84 91
88 83
5 59
7 4
7 97
90 94
12 50
12 76
26 63
29 6
31 90
32 82
33 62
35 22
37 88
38 14
38 75
50 32
54 37
55 84
59 3
60 90
68 81
73 9
77 28
77 61
80 33
82 45
90 29
91 4
94 65
95 13
96 25
0 48
0 76
3 70
5 80
6 25
10 96
11 56
12 6
12 16
14 64
14 83
14 88
15 36
15 96
17 43
18 75
19 10
19 67
21 58
21 83
22 90
23 24
24 69
24 76
25 12
25 31
30 34
30 49
30 68
36 60
40 20
40 84
43 4
44 46
46 18
46 39
49 46
51 9
51 23
51 70
53 90
54 55
58 43
59 71
59 76
60 56
63 1
65 63
66 51
68 0
68 19
68 56
71 39
72 44
72 89
78 72
79 64
80 9
87 18
87 35
89 70
89 76
95 35
95 88
96 56
96 64
97 2
