103
0 1
0 18
0 87
2 57
5 39
6 74
8 99
12 26
15 85
16 55
19 40
22 68
29 86
31 32
31 54
36 69
43 92
45 49
48 77
50 63
58 93
62 71
70 85
83 91
0 3
88 94
11 96
19 46
31 69
38 88
48 54
65 86
3 53
14 80
24 90
60 63
4 26
18 28
54 77
59 95
79 85
88 97
0 5
3 94
8 60
22 42
40 73
21 25
21 98
68 75
0 25
28 63
66 93
6 18
10 45
36 76
48 89
68 78
3 88
11 70
20 75
29 61
54 68
91 92
1 12
3 55
3 97
12 31
47 64
6 62
9 84
12 16
14 38
17 91
38 62
40 79
47 73
57 79
6 90
8 19
8 47
9 56
41 69
9 87
15 47
16 96
20 33
25 33
26 40
26 95
27 64
27 81
29 89
32 42
33 50
33 97
42 68
48 91
53 82
70 96
73 89
74 77
94 97
