123
0 6
0 34
0 56
2 70
4 97
12 45
18 58
23 36
28 68
34 8
45 49
60 51
61 12
73 44
80 15
84 29
87 85
6 75
8 7
91 86
8 94
25 27
15 77
16 51
18 22
23 7
26 94
28 85
29 45
34 68
38 86
39 5
46 26
48 94
49 49
51 97
69 15
57 78
62 26
62 69
72 36
78 76
87 59
93 60
95 13
96 30
98 94
0 60
9 71
12 91
87 22
22 51
23 65
45 10
54 19
60 40
72 8
75 32
83 92
88 76
3 52
9 69
19 38
73 26
5 47
6 20
7 63
7 72
11 9
13 4
15 87
16 28
18 68
18 95
19 15
22 73
25 17
27 11
29 67
30 48
33 94
35 20
35 39
35 46
35 52
36 15
40 41
40 62
42 0
42 70
46 31
49 8
49 19
50 78
51 1
52 47
54 61
54 88
54 96
55 70
56 1
57 32
59 58
61 95
62 85
63 11
64 0
68 57
68 68
73 60
75 65
76 0
76 90
81 65
81 79
84 49
87 36
90 4
90 17
92 39
93 0
94 87
95 57
