130
0 26
0 51
2 95
3 10
10 36
10 61
21 97
22 10
31 79
34 50
46 21
53 84
89 76
94 92
13 20
15 35
35 57
44 27
19 1
25 45
27 16
32 88
38 66
39 42
47 81
53 8
57 47
58 39
59 30
61 61
62 19
62 86
64 4
65 76
69 4
71 89
72 51
73 70
77 66
78 1
79 15
80 52
82 36
84 82
88 30
91 68
95 61
96 45
0 56
1 41
0 70
0 84
9 14
28 2
40 14
47 73
66 44
92 82
3 83
68 32
4 34
4 93
5 65
18 24
48 35
54 74
74 6
6 77
52 26
6 88
7 23
8 42
9 0
11 29
12 9
12 85
14 40
15 58
16 47
16 63
18 16
22 74
23 60
23 90
24 38
26 53
27 28
29 3
30 20
30 44
31 69
37 22
38 48
39 34
39 93
40 0
41 64
45 96
49 62
49 89
51 54
54 82
55 5
56 63
60 9
65 20
66 97
68 11
70 39
72 94
73 56
75 37
76 89
78 67
79 53
81 24
82 11
83 71
84 60
84 90
86 54
86 80
87 46
89 3
91 52
92 73
94 68
96 91
97 24
97 36
