122
0 26
0 73
1 95
5 6
7 59
8 45
18 16
22 35
23 56
23 71
24 90
29 7
31 23
35 46
36 80
37 96
43 4
43 58
47 35
49 86
51 21
56 51
56 99
61 5
66 39
67 71
69 20
71 53
81 93
83 45
84 26
90 5
90 82
98 17
0 74
57 61
94 74
95 1
3 13
41 21
42 94
82 20
6 33
25 73
27 96
47 8
53 35
53 85
58 97
67 3
76 72
77 40
79 57
86 93
92 44
0 76
1 0
2 54
49 51
13 63
36 71
38 27
63 88
73 24
4 34
4 79
9 79
12 49
42 10
43 23
48 80
52 25
79 48
90 51
5 61
6 95
7 65
11 9
12 72
13 86
16 54
16 91
18 18
19 43
23 78
25 15
26 53
27 10
28 97
29 61
32 50
38 96
39 33
44 92
46 0
48 5
49 63
51 68
56 28
57 21
58 40
58 54
58 75
60 45
61 34
63 63
63 77
64 15
65 53
68 67
70 12
72 0
72 26
73 76
78 32
79 75
88 53
91 23
92 6
96 57
97 36
97 52
