127
0 9
0 32
8 63
9 82
11 43
26 84
42 73
45 96
48 15
50 48
78 57
83 42
85 15
94 33
10 94
14 30
21 67
52 75
53 43
94 49
19 31
22 45
24 59
33 14
35 86
45 55
47 9
50 0
50 89
56 29
60 15
60 93
63 62
64 29
65 14
66 70
70 75
76 37
77 22
78 95
79 64
92 88
94 4
96 91
0 20
0 53
15 84
23 35
43 43
65 54
77 45
81 69
84 23
2 36
2 86
3 48
49 83
9 73
24 28
84 54
4 33
4 41
8 0
9 16
9 63
12 21
12 36
14 90
15 0
15 12
15 51
17 75
18 6
18 23
20 86
23 29
25 52
27 61
31 25
33 94
36 82
37 17
37 25
41 30
41 75
42 16
45 43
48 66
48 93
49 22
50 16
50 33
55 52
55 95
57 8
58 0
58 21
61 35
61 77
61 88
63 21
64 93
66 88
67 10
68 44
70 16
71 25
72 0
75 4
75 86
76 10
80 43
80 97
83 1
83 28
84 37
85 42
87 78
89 94
93 42
93 56
95 35
95 74
96 9
96 63
97 0
97 14
