126
0 0
1 76
2 31
4 45
4 92
11 13
14 57
16 27
18 90
22 2
25 16
28 42
29 76
31 56
36 5
37 24
40 85
43 43
45 59
51 26
54 77
60 8
68 75
70 90
74 57
81 2
84 26
86 66
88 43
90 13
0 3
3 76
44 0
4 97
90 51
6 27
34 37
45 27
6 79
16 32
18 92
20 64
20 81
21 48
26 22
38 70
41 50
45 87
47 43
54 64
56 83
58 25
59 17
64 12
73 67
81 52
82 15
87 35
88 2
88 28
92 61
95 5
97 13
0 16
35 11
1 3
7 67
10 27
25 87
69 13
1 9
3 59
33 64
7 3
7 37
11 20
12 35
9 43
10 0
11 21
15 7
16 19
19 52
19 57
20 4
20 29
20 75
28 0
29 11
34 0
37 7
37 32
38 18
38 80
43 12
44 48
45 32
46 62
48 17
48 57
49 1
50 8
53 42
56 47
58 62
58 69
60 94
63 20
65 1
65 59
66 25
67 46
70 95
72 49
72 86
75 58
77 32
81 38
84 78
86 84
89 14
90 97
92 88
93 47
94 20
95 80
