127
0 13
0 29
0 68
0 83
2 43
15 83
17 43
30 22
35 38
46 92
49 34
54 72
64 37
80 96
85 0
85 74
89 14
94 46
3 95
4 0
59 80
69 42
10 39
10 60
11 67
15 9
19 91
22 79
23 52
25 37
30 51
31 90
34 26
37 53
44 50
49 94
50 9
50 36
56 60
60 51
72 22
75 9
75 69
76 89
77 43
81 82
83 39
85 56
87 33
92 20
97 44
0 77
1 13
5 93
55 35
94 30
6 22
7 90
42 41
7 34
8 16
11 54
45 36
11 73
13 92
14 27
18 21
18 82
19 70
20 34
26 69
26 77
27 96
28 13
28 64
33 96
34 17
34 73
36 42
38 63
39 1
40 13
40 18
40 73
42 7
46 52
47 68
48 12
48 75
48 84
50 58
51 22
52 93
53 49
53 86
57 8
57 28
58 44
58 97
60 0
62 8
64 72
65 79
66 20
66 67
68 7
69 95
71 79
74 95
75 37
78 15
78 32
78 70
81 88
85 6
87 56
87 67
88 49
92 38
92 71
93 0
94 54
95 49
96 6
96 13
96 87
97 24
