128
0 15
0 70
7 52
17 30
18 61
19 4
25 17
28 44
29 71
35 90
37 33
38 58
45 45
46 22
49 97
53 74
54 57
57 34
60 10
64 83
66 23
67 97
70 0
71 37
79 78
84 64
89 5
95 85
97 17
97 70
98 31
0 24
0 77
28 15
42 83
47 44
56 59
73 19
76 36
98 65
0 35
0 90
1 4
91 11
4 66
32 63
33 14
36 97
54 75
67 4
72 91
78 33
1 21
5 69
20 20
36 53
55 23
28 6
46 61
54 49
76 0
1 23
57 38
3 81
6 0
37 14
65 13
71 29
6 69
8 86
9 15
18 86
19 24
19 55
20 78
65 32
21 11
22 67
24 87
26 51
28 57
28 78
29 3
30 32
30 68
31 44
31 73
33 37
34 16
36 90
37 44
38 60
38 66
40 30
41 50
41 73
46 4
48 67
49 82
52 11
54 60
54 86
56 94
57 68
63 55
65 36
69 53
71 8
71 85
76 19
76 41
77 14
77 94
78 52
79 25
80 73
82 39
82 91
86 79
87 25
87 53
88 16
89 90
92 2
92 22
94 11
96 85
97 37
