120
0 0
0 27
0 68
2 93
3 42
10 15
18 72
27 44
41 40
42 24
44 68
46 91
48 3
60 58
64 77
72 95
73 64
80 19
93 37
2 59
8 39
8 83
14 32
15 17
15 65
17 3
49 61
69 88
21 61
23 46
24 21
25 76
25 95
29 81
32 93
39 0
40 44
56 4
56 31
56 74
64 0
70 46
70 64
72 33
81 27
82 47
89 75
90 93
95 26
95 35
97 77
0 6
0 43
17 39
27 52
30 66
36 63
36 79
43 60
59 84
72 80
74 87
75 68
0 49
1 21
2 27
36 87
57 62
82 34
5 71
77 78
7 44
47 68
7 49
7 63
9 44
9 56
9 78
15 51
19 84
22 32
25 10
27 2
32 32
32 39
35 26
36 51
38 16
49 40
49 79
50 24
51 0
51 90
55 65
56 15
57 41
58 91
61 54
61 60
61 65
62 23
62 42
63 83
64 12
64 29
67 6
74 96
75 40
83 59
83 74
84 19
85 4
87 80
88 39
88 50
89 20
92 5
93 94
95 39
96 49
