130
0 7
0 74
1 92
6 49
9 25
14 10
18 85
19 56
25 70
26 18
32 49
33 83
35 29
36 8
45 43
50 60
51 26
51 83
61 48
66 31
66 95
68 10
75 52
82 12
84 92
86 69
89 38
0 12
0 47
55 74
5 72
6 95
26 85
32 72
35 56
57 66
60 29
73 26
88 81
93 71
3 86
15 29
28 5
29 21
42 7
47 37
75 3
81 45
91 6
94 32
2 1
7 75
17 25
29 62
31 26
36 79
63 62
67 18
82 56
91 60
92 12
95 41
4 12
4 81
5 27
5 63
6 2
6 41
6 84
7 54
8 8
8 68
9 94
11 78
13 46
13 70
14 14
16 31
17 78
18 67
19 46
20 62
21 33
22 22
27 10
27 96
31 65
32 87
33 0
38 28
38 49
39 60
39 96
41 12
41 33
43 52
44 18
45 95
46 10
46 74
49 5
49 44
55 13
56 79
62 75
64 38
66 55
66 96
67 0
68 19
68 27
69 82
71 58
72 70
75 31
77 8
79 19
80 36
82 58
86 23
87 52
87 67
87 91
89 81
93 72
94 91
95 18
96 80
97 5
97 65
