110
0 0
0 17
0 97
2 33
3 56
8 85
12 8
13 46
22 57
30 2
31 19
44 6
45 83
70 17
84 13
1 19
9 79
91 13
12 9
14 96
16 37
13 6
9 37
9 95
14 12
15 20
49 13
93 13
3 92
11 34
11 74
14 53
20 89
21 19
22 24
23 0
25 3
26 33
31 12
31 90
33 28
33 33
39 3
40 20
41 65
43 46
45 93
71 24
75 13
90 19
0 2
12 88
1 14
0 64
82 17
1 3
15 15
4 2
9 20
10 26
14 3
1 5
9 17
1 9
1 45
1 73
13 17
3 6
4 62
7 3
9 64
9 89
10 83
14 42
16 77
20 2
20 44
21 63
21 74
25 9
30 52
31 5
31 35
31 45
31 96
35 12
37 73
40 10
43 72
47 39
47 52
50 17
50 44
53 6
53 76
55 12
61 10
61 90
64 2
64 82
71 3
71 93
75 32
76 37
79 24
82 0
87 3
89 24
91 45
93 2
