132
0 37
0 58
13 31
13 95
14 2
14 75
18 45
23 63
25 11
31 35
35 77
36 20
45 31
48 50
52 79
58 18
58 60
64 31
70 94
74 49
77 80
78 1
79 26
88 48
89 72
89 90
91 34
92 20
0 40
5 61
61 63
16 23
16 91
31 6
96 12
18 67
23 41
54 41
39 10
74 87
33 66
58 25
59 87
88 74
93 29
96 62
0 43
0 68
0 79
1 19
17 95
51 53
5 33
8 55
26 67
28 42
31 12
33 44
35 26
62 17
80 89
85 43
1 73
59 49
89 80
5 38
9 8
31 17
9 34
9 82
11 96
15 36
16 4
16 16
17 96
20 81
20 90
21 5
21 48
22 14
25 0
25 31
26 84
27 47
28 56
28 71
32 46
33 68
34 2
35 86
38 62
39 54
40 6
40 24
41 70
41 88
42 93
43 75
44 81
47 69
47 92
50 32
51 7
52 71
59 0
60 23
63 53
63 70
64 0
64 78
65 3
68 46
68 83
70 30
73 67
76 82
76 97
77 15
79 77
83 28
83 34
83 83
84 51
84 56
87 14
87 20
88 6
88 25
89 97
94 36
96 54
96 66
