131
0 0
1 54
2 73
4 37
12 83
13 64
14 2
16 45
18 29
26 57
26 79
29 8
29 93
32 24
38 37
39 63
42 84
43 15
52 32
55 62
59 76
62 4
65 97
66 34
66 49
71 15
78 87
79 69
80 35
84 4
87 57
93 70
94 96
0 14
22 43
29 73
36 2
40 40
44 86
64 81
77 17
91 1
92 48
0 23
23 29
72 36
15 8
31 54
84 74
0 30
45 67
49 86
56 34
62 9
76 3
93 62
0 61
0 81
35 93
21 2
46 55
75 34
2 57
2 86
21 8
22 49
23 36
32 77
41 26
71 39
48 75
62 27
4 64
5 9
6 40
6 95
30 48
69 21
11 34
14 63
14 71
17 78
18 85
19 31
19 63
22 13
25 43
25 84
28 18
28 31
33 16
34 8
35 87
38 0
38 56
40 96
43 6
44 1
45 39
45 60
46 13
46 94
49 79
51 19
51 92
54 55
55 63
58 41
58 49
59 0
59 71
61 87
64 61
66 0
67 81
68 3
73 9
74 20
75 55
78 37
81 91
82 10
83 0
83 39
83 47
83 79
84 65
84 96
90 11
96 76
97 29
