131
0 7
0 53
2 34
2 91
8 20
10 76
13 43
16 93
18 5
25 51
26 30
27 71
32 11
33 88
37 39
44 70
45 4
45 19
47 86
49 50
55 98
58 10
62 39
69 83
71 28
72 9
85 21
85 76
86 46
93 9
97 33
98 82
0 57
17 19
23 0
34 94
4 82
58 49
64 13
82 26
5 6
11 66
19 46
34 22
23 96
28 80
31 62
42 8
52 82
53 54
58 81
71 38
72 82
94 47
96 21
0 59
1 11
80 16
22 40
36 82
47 2
51 40
55 14
6 3
8 3
36 89
55 19
7 12
7 26
7 35
9 21
11 80
12 30
12 52
14 40
14 65
15 57
17 28
21 16
21 22
22 11
24 54
26 60
27 29
28 42
30 2
32 67
39 29
39 43
39 64
41 95
43 59
45 71
48 8
50 13
50 45
50 63
52 2
54 90
57 37
59 24
60 66
61 15
64 24
67 84
68 45
68 71
69 13
69 92
74 76
74 93
75 30
76 6
76 43
78 70
81 8
82 86
83 39
83 70
84 0
85 57
87 30
88 64
89 16
89 21
91 69
91 82
93 87
93 94
96 64
97 76
