131
0 0
0 16
2 85
3 56
6 41
9 72
13 9
14 26
32 39
35 2
40 51
51 73
52 21
62 32
72 19
72 42
82 65
89 78
8 91
12 40
90 60
26 26
48 53
52 67
4 14
60 67
3 78
7 49
17 91
18 10
25 92
29 46
29 55
35 91
48 16
49 36
51 93
52 8
61 46
62 79
65 5
66 69
70 26
74 97
76 17
79 55
80 3
80 95
86 11
88 91
94 32
96 48
96 69
0 26
0 31
0 68
6 8
10 35
12 42
40 40
59 9
2 22
2 92
6 0
8 29
8 78
9 21
9 88
13 67
13 82
14 14
14 59
17 22
17 93
18 47
19 53
20 3
21 10
23 17
23 58
24 28
25 33
26 3
28 85
29 79
30 19
31 13
32 27
33 64
36 20
37 69
39 0
40 83
42 22
42 27
43 77
44 97
46 61
47 0
51 81
52 28
52 60
53 4
53 68
53 95
57 30
60 22
60 85
64 40
64 51
64 92
65 21
66 15
69 31
69 92
73 66
77 76
78 12
79 43
83 68
85 93
87 20
87 49
90 36
90 77
91 60
95 78
96 1
97 24
97 38
97 62
