127
0 0
2 14
2 61
2 82
17 55
23 33
35 79
39 42
49 24
53 0
53 83
56 54
68 78
74 27
77 51
88 82
5 66
10 34
79 23
10 86
44 46
53 32
18 81
23 40
24 22
31 4
33 90
35 23
39 95
40 7
42 73
47 68
49 97
59 46
62 97
64 14
67 41
67 61
62 82
71 93
78 52
81 37
86 62
88 9
95 0
95 93
96 74
0 8
29 46
0 20
0 97
76 78
41 36
69 22
75 37
87 54
2 5
4 24
5 48
5 69
13 27
29 26
37 32
37 51
44 76
6 61
10 77
11 6
11 16
11 85
12 0
12 57
18 16
18 63
19 11
20 5
20 57
20 69
20 90
21 51
21 77
23 64
24 26
25 91
26 18
26 34
28 78
30 10
30 96
33 34
34 17
34 39
38 62
41 24
45 49
46 17
47 5
48 59
49 40
51 76
52 25
52 47
53 11
53 35
55 69
57 51
60 24
61 18
61 33
62 83
64 0
64 50
67 64
73 45
73 96
74 64
77 3
78 59
79 45
80 96
81 89
84 44
86 86
86 95
89 45
92 38
95 47
