139
0 0
2 20
6 83
8 58
19 89
21 33
26 64
30 1
30 44
39 57
40 75
41 91
44 0
45 42
51 13
57 84
61 35
62 2
62 54
67 18
68 67
75 34
76 3
82 47
85 17
92 95
93 33
94 80
96 8
0 4
0 27
13 58
20 77
45 44
45 70
57 95
73 63
95 27
97 72
0 37
26 91
12 19
39 5
59 16
64 0
71 48
96 89
0 51
1 8
7 87
17 50
25 83
34 62
44 87
48 71
6 2
75 40
81 26
96 19
0 60
0 97
2 31
63 27
70 55
72 7
3 63
3 74
4 40
9 26
51 4
58 10
84 24
9 46
10 38
12 9
12 90
14 68
14 78
17 57
20 45
20 92
21 67
26 9
26 30
28 89
29 23
29 53
29 83
30 97
31 1
34 23
34 48
37 10
37 38
37 43
37 92
38 65
40 77
45 88
46 36
49 65
52 24
52 51
54 77
55 0
58 62
59 8
59 77
60 88
61 71
63 82
65 32
67 89
68 59
70 31
70 82
71 65
73 57
74 71
77 0
77 81
78 56
80 35
82 83
83 0
83 10
83 52
83 77
84 64
84 88
86 28
86 58
89 67
90 10
90 41
91 20
96 29
96 55
96 94
