137
0 14
0 53
3 70
6 38
6 92
10 0
12 25
14 50
20 82
20 97
25 41
26 62
28 22
33 76
34 8
39 91
40 63
47 33
48 7
53 86
63 68
64 31
65 45
66 92
67 0
76 17
79 44
79 60
82 30
90 18
93 95
95 81
97 54
0 55
0 75
14 11
22 88
28 64
34 25
76 90
83 8
3 6
11 62
14 15
19 41
29 16
29 40
34 80
37 77
47 41
50 7
58 28
60 82
65 75
68 47
69 97
84 58
92 24
0 83
70 67
71 9
0 89
1 97
2 23
69 37
5 44
12 58
36 72
6 79
34 13
5 46
5 81
7 17
7 46
9 28
9 33
11 3
12 39
12 44
12 66
13 85
15 31
17 12
17 92
18 62
18 73
22 49
25 78
25 93
27 44
28 28
28 55
29 49
34 67
34 96
35 7
35 59
36 32
36 46
37 21
40 80
40 86
42 73
43 51
44 96
45 91
46 10
46 66
47 19
47 46
49 80
50 71
54 1
54 52
61 50
61 89
67 79
69 26
71 38
74 95
75 72
76 34
77 22
78 12
79 52
82 66
82 71
83 15
87 74
87 89
88 0
88 96
90 7
90 48
93 27
96 11
97 58
