135
0 6
3 26
4 59
4 89
15 34
15 49
20 9
22 62
24 23
25 76
28 42
36 14
36 57
39 77
45 36
49 0
49 21
50 97
52 49
64 22
68 63
70 48
72 78
75 92
76 8
81 57
82 21
84 39
85 72
88 86
95 62
97 12
98 41
1 5
10 84
41 62
22 6
35 42
48 78
22 70
31 19
57 50
41 8
57 4
75 76
78 95
88 16
90 45
94 66
1 6
24 3
25 46
26 80
37 22
42 64
49 43
50 15
62 49
69 20
79 62
90 26
93 55
1 18
2 42
3 48
4 61
27 9
7 7
40 52
8 9
8 78
9 68
13 77
15 94
21 53
27 12
27 21
29 4
29 11
31 91
32 64
32 85
34 8
37 0
37 41
38 71
38 85
39 97
43 23
45 10
46 86
48 59
49 31
51 5
51 85
51 96
53 59
54 68
56 23
57 9
57 75
59 31
59 40
60 65
62 76
63 86
64 71
66 56
69 32
69 63
69 68
71 1
71 26
73 56
75 45
75 77
76 9
76 28
77 39
78 50
79 64
81 93
82 87
84 64
86 53
88 47
89 14
90 7
90 27
92 76
92 86
95 23
95 46
97 0
97 75
