127
0 0
0 89
3 33
3 51
8 12
16 43
22 7
29 55
49 35
50 88
63 38
70 17
83 91
85 13
4 94
8 70
13 80
31 61
63 91
67 45
86 85
14 96
19 37
24 69
29 36
32 84
34 13
36 28
41 64
44 54
50 80
53 65
54 21
61 6
65 64
67 73
73 28
78 31
83 50
84 18
86 70
94 50
94 68
97 96
99 64
0 3
11 30
13 50
17 8
30 50
42 35
53 72
71 10
73 91
78 75
87 92
0 5
0 62
20 61
90 84
3 5
3 24
5 17
5 57
5 82
38 58
76 15
6 43
80 21
7 1
12 88
13 70
15 25
19 13
20 48
23 0
25 24
25 80
26 72
28 0
32 21
32 40
32 56
32 89
33 61
37 70
38 29
39 0
39 13
40 6
42 24
44 43
44 97
47 13
49 0
51 54
54 36
55 20
55 31
55 72
55 90
58 66
66 30
67 48
70 55
71 43
72 97
73 31
73 50
74 69
79 42
80 66
86 13
86 54
86 61
86 77
87 8
87 20
87 97
89 0
91 38
93 87
94 12
95 43
95 53
97 7
97 21
