124
0 7
0 75
1 53
4 27
14 12
14 59
16 35
22 72
25 46
28 20
30 87
33 34
39 47
45 80
54 28
56 92
60 12
60 54
64 69
68 39
69 84
74 53
79 94
82 66
83 0
87 14
93 90
96 67
97 3
99 22
0 13
0 44
40 48
0 76
0 97
17 52
25 69
29 29
36 84
59 84
4 74
70 47
6 20
32 49
7 3
15 29
16 21
24 55
28 37
28 76
41 89
43 44
47 91
50 81
62 1
62 19
63 8
65 25
68 16
69 72
70 9
74 85
75 49
75 66
76 40
81 48
86 67
94 12
97 60
2 14
4 44
4 61
6 11
8 23
12 93
17 59
17 66
21 31
21 97
22 5
23 56
23 63
29 1
33 12
33 42
35 2
35 60
38 92
40 35
42 28
42 52
44 59
44 97
47 34
49 43
54 59
54 72
55 42
55 49
59 30
61 49
62 80
63 91
66 33
69 54
70 1
73 72
74 20
74 56
75 4
77 28
78 11
79 58
84 82
86 90
88 21
88 31
89 38
89 82
91 70
94 89
96 27
96 81
97 48
