128
0 2
0 26
2 78
4 60
22 12
24 36
30 82
30 97
32 24
34 62
37 48
42 74
43 35
44 5
50 19
52 96
53 51
57 34
58 0
60 83
63 61
69 19
69 48
71 92
72 33
76 67
82 12
85 26
86 40
86 57
89 77
95 5
98 19
99 87
0 4
3 90
62 3
5 53
94 58
9 77
25 15
43 61
64 34
34 26
42 81
55 49
57 89
75 82
79 13
86 30
88 2
1 3
28 4
30 40
49 2
49 29
66 3
80 70
2 0
37 18
37 68
45 50
63 30
64 53
78 33
80 15
2 4
5 46
36 11
40 29
65 25
68 72
6 0
7 80
7 85
8 40
9 91
11 25
11 68
12 18
44 58
45 30
13 12
13 53
50 39
15 3
16 60
18 88
22 74
28 0
31 4
31 34
32 28
32 84
34 78
35 94
40 91
41 36
45 9
46 41
46 91
47 75
50 5
51 12
53 77
57 65
61 44
61 73
62 91
65 9
65 59
65 84
66 35
75 46
76 58
79 24
79 79
82 71
83 9
84 61
87 37
88 42
88 84
90 26
93 75
94 80
95 53
97 5
