124
0 23
2 64
2 87
6 50
10 6
14 24
15 97
21 66
26 32
28 11
29 94
34 56
36 70
38 1
43 18
47 43
53 8
53 30
55 58
55 92
62 45
62 72
67 9
71 83
74 62
78 0
78 96
85 22
95 35
95 57
95 74
97 4
0 36
21 77
35 93
41 69
40 47
71 46
4 59
76 92
94 26
1 13
8 44
50 18
60 52
8 71
18 18
19 7
24 27
24 61
24 95
27 75
35 36
36 62
41 5
51 32
57 17
59 5
64 72
68 58
75 13
81 3
96 55
0 47
0 73
0 97
3 4
3 15
48 65
4 23
49 12
6 35
8 92
10 46
14 30
16 67
16 97
17 44
24 16
26 67
27 45
27 85
35 11
35 75
37 33
37 50
38 59
43 71
43 89
44 6
44 95
48 51
49 71
51 23
53 42
54 72
57 95
59 8
59 30
65 38
65 86
68 71
69 95
72 39
73 31
74 75
74 80
77 58
78 46
81 95
83 39
83 88
84 1
85 14
85 24
85 49
92 97
93 87
95 9
96 25
96 35
96 42
97 61
97 96
