124
0 0
0 20
0 61
5 84
13 49
18 90
32 60
33 89
35 26
42 42
47 16
50 70
52 55
86 11
93 35
95 49
0 34
7 0
14 37
7 16
10 76
10 98
16 56
25 97
14 4
17 19
19 35
21 72
33 7
34 75
40 36
50 46
51 97
53 17
55 29
55 91
60 95
63 52
64 69
66 46
70 26
71 8
72 67
72 92
76 23
76 34
77 66
87 69
87 77
90 95
91 54
96 80
0 53
0 64
0 94
21 55
48 32
59 15
92 70
1 88
6 18
16 85
45 39
66 62
81 58
97 61
11 12
14 48
16 7
18 78
21 9
22 22
51 37
24 45
25 77
26 34
28 91
29 24
31 42
32 79
33 94
34 31
34 59
35 0
35 64
37 47
38 14
40 73
42 1
42 68
43 56
44 79
44 87
49 24
51 65
55 7
55 44
57 77
60 7
60 29
63 19
67 2
67 50
70 60
70 82
71 73
71 96
72 53
74 1
76 75
77 70
79 95
81 13
84 47
85 78
87 12
88 31
89 0
92 24
94 70
95 52
96 38
97 0
97 65
