131
0 0
2 88
7 60
8 75
10 45
12 98
13 22
19 3
21 67
32 79
37 43
40 5
41 93
44 70
49 26
51 40
57 53
58 14
58 80
59 96
65 37
69 65
71 20
74 92
79 4
86 58
87 98
89 17
89 35
93 77
98 6
0 6
23 3
83 2
90 49
6 82
22 77
42 49
48 87
40 14
61 18
61 62
64 46
77 97
92 32
93 82
0 12
54 31
79 16
12 89
37 85
39 33
64 5
74 30
76 57
92 54
0 17
0 42
0 62
94 46
0 77
44 41
51 88
65 15
76 63
0 93
1 53
4 48
5 6
54 46
85 4
5 65
6 32
7 20
46 50
69 8
10 13
11 5
13 66
13 80
14 27
14 46
15 54
15 86
16 34
18 17
20 68
21 47
24 30
24 88
25 83
26 0
27 5
27 50
29 61
30 35
31 0
32 10
39 79
40 35
41 7
43 2
45 78
45 91
48 4
49 96
50 13
55 56
56 70
57 20
57 84
58 8
59 25
59 44
63 38
64 75
64 83
65 56
68 51
70 81
75 86
79 41
82 89
84 73
85 39
90 8
91 0
91 97
94 70
95 8
97 65
