126
0 14
0 64
2 78
6 27
11 3
12 44
12 88
26 26
31 63
40 97
46 62
49 16
54 40
55 74
58 90
63 2
81 87
88 16
12 93
52 8
55 56
60 22
91 81
3 67
6 22
13 20
18 51
20 66
22 9
22 28
24 56
26 77
29 15
36 16
37 86
40 24
41 80
43 71
53 48
61 72
63 8
68 35
68 65
68 80
69 23
71 95
75 16
75 43
76 64
79 96
84 73
86 65
86 95
88 21
90 45
95 35
96 76
0 86
5 6
45 89
97 23
5 82
6 28
15 33
54 8
76 24
91 85
9 32
9 66
10 96
11 52
11 77
13 13
14 71
17 38
21 0
24 33
25 18
26 88
28 96
32 50
32 91
34 28
35 63
35 75
36 40
39 90
40 57
42 8
44 29
45 51
45 67
49 0
50 14
51 21
52 83
55 15
55 33
57 44
59 28
61 10
61 82
62 16
62 23
62 36
65 44
65 54
66 84
67 49
68 7
70 54
75 87
76 37
77 46
80 0
81 37
82 42
85 8
85 81
86 3
88 52
91 14
91 66
92 92
96 41
97 14
