124
0 6
0 22
0 49
6 35
9 60
13 16
26 53
40 47
42 23
45 95
46 77
62 40
63 20
72 87
79 22
80 66
81 6
9 38
11 80
11 87
36 61
50 51
81 55
84 24
11 95
14 17
20 29
22 54
25 70
26 97
28 79
33 17
37 5
38 31
47 15
49 96
55 29
58 88
59 72
79 0
91 37
94 13
94 60
96 42
1 57
4 29
12 68
72 27
83 58
21 13
24 45
32 92
36 56
36 80
40 70
53 39
54 45
67 67
2 12
2 38
2 82
18 60
45 56
59 44
64 30
3 22
3 45
3 54
6 22
7 26
8 40
10 46
11 54
12 91
13 96
15 47
17 22
18 0
18 97
21 14
24 63
26 57
27 6
30 0
30 44
30 71
31 49
32 66
33 39
36 10
37 53
38 48
39 58
41 12
42 89
45 17
45 60
47 26
47 31
47 36
50 72
50 89
57 78
58 8
60 52
61 60
61 96
63 21
64 80
66 50
69 0
71 96
78 39
78 90
80 13
80 81
81 66
85 0
86 87
89 45
90 94
94 22
95 0
97 68
