130
0 1
2 25
2 66
11 12
18 80
23 3
29 89
39 50
39 65
58 89
66 71
70 36
84 54
4 29
6 57
39 84
72 77
75 29
12 55
14 14
20 31
20 47
22 96
24 73
26 56
29 25
34 39
35 22
46 7
47 26
47 80
49 35
50 56
50 75
54 9
67 91
79 64
81 88
83 3
85 42
85 68
92 17
94 83
0 5
6 77
1 2
11 63
29 83
7 5
7 15
17 5
64 85
73 61
76 82
81 73
4 64
6 85
7 49
7 69
8 23
11 0
12 17
16 62
18 35
19 87
20 82
23 75
24 3
24 64
25 27
25 40
25 96
26 70
29 7
30 54
30 82
33 12
33 44
33 67
35 76
35 96
37 39
38 5
38 33
42 74
43 37
43 58
44 43
44 49
44 94
47 18
49 57
50 41
50 88
51 81
52 95
54 59
55 1
55 71
56 17
57 34
57 94
58 45
59 26
60 73
62 3
67 56
68 70
68 96
70 87
73 43
73 68
74 7
77 21
78 56
79 35
80 28
82 76
82 95
84 57
84 90
86 82
88 47
88 52
89 34
89 73
91 90
93 42
95 76
97 86
