134
0 29
0 47
0 63
5 82
8 97
9 5
13 56
19 86
26 24
28 4
30 76
33 37
40 22
40 60
41 89
44 7
44 46
46 73
53 28
53 97
56 83
60 3
63 48
66 21
66 66
71 97
76 55
80 16
80 86
94 13
97 44
97 70
97 85
0 68
7 33
12 80
54 42
4 67
8 28
20 46
23 57
30 13
31 19
31 71
34 87
38 65
41 35
43 27
45 68
47 41
53 73
54 16
62 80
63 59
63 86
65 1
68 41
69 6
71 12
71 66
75 86
77 45
80 60
90 87
0 80
0 97
1 5
1 35
54 51
1 72
3 49
7 14
7 65
10 93
13 0
13 46
41 79
66 54
13 66
14 10
20 83
21 10
21 40
25 63
27 30
31 41
32 94
33 0
33 58
33 75
34 19
34 29
36 5
38 94
40 14
40 49
45 45
46 52
46 78
46 97
47 8
49 92
51 56
54 30
55 85
59 16
62 94
64 33
66 22
68 77
72 57
73 34
75 2
79 35
79 63
81 3
81 50
82 40
82 79
83 58
84 10
87 77
88 48
88 56
88 62
89 21
89 42
92 0
94 91
95 31
96 19
97 38
97 71
97 97
