118
0 0
0 33
1 47
8 16
10 83
15 1
19 25
70 13
16 90
21 56
34 17
35 0
39 42
49 16
56 97
68 89
85 28
22 37
75 79
76 16
29 67
36 65
23 1
3 9
44 15
4 27
17 17
32 41
38 35
43 30
45 47
49 96
30 55
51 85
53 77
55 16
61 5
68 74
70 53
75 54
76 61
78 88
79 13
81 67
84 10
84 81
87 44
88 72
90 13
92 51
93 2
94 65
95 79
97 16
1 1
3 43
7 26
17 10
24 26
25 8
60 87
62 96
63 16
77 59
5 3
5 37
26 17
6 6
7 91
12 27
9 5
10 47
11 11
14 71
18 84
23 72
24 97
25 83
27 27
27 46
29 8
32 54
33 94
37 77
38 5
39 23
40 59
41 66
43 6
46 27
46 97
47 54
48 4
50 36
51 11
52 53
54 22
55 29
56 45
57 51
58 15
59 73
60 37
61 43
62 31
64 65
65 91
69 46
71 18
80 1
80 35
81 54
86 1
87 57
90 19
91 37
92 5
97 66
