95
19 30
20 8
20 54
23 70
30 83
32 0
33 60
38 13
40 28
40 73
44 87
47 56
50 38
53 15
54 72
58 86
59 2
61 55
68 42
68 69
69 12
69 27
80 60
81 35
20 11
20 27
37 58
39 20
65 63
69 3
44 34
45 73
50 87
53 21
77 39
20 35
52 56
21 45
25 5
32 65
72 64
37 85
53 33
59 70
64 0
71 36
82 40
20 19
21 60
25 75
35 2
50 74
56 55
36 8
41 56
54 27
55 9
63 82
67 79
68 49
69 18
69 33
73 67
76 61
78 69
82 45
82 52
85 58
20 21
20 39
21 49
31 71
39 78
22 63
42 71
62 57
82 64
27 78
36 70
62 66
68 55
32 73
39 22
39 83
40 29
41 76
45 34
46 75
52 83
55 73
56 3
67 73
68 57
69 7
69 21
