127
0 36
0 80
2 53
5 96
20 92
29 68
33 10
33 37
42 26
48 52
52 73
66 88
72 74
73 9
79 32
82 96
83 65
93 26
96 59
2 31
8 68
48 17
12 20
86 75
13 40
13 64
14 78
18 15
22 90
23 0
28 47
40 58
48 36
52 90
52 97
53 6
55 70
56 40
62 34
68 3
68 48
80 89
85 38
87 10
0 89
1 16
77 91
19 77
21 58
66 63
80 44
80 64
90 17
91 89
94 46
3 49
37 47
40 10
55 82
81 28
87 70
4 29
8 77
69 83
91 38
6 38
69 92
8 34
9 72
10 29
10 87
11 44
14 54
15 3
16 18
20 81
21 7
21 63
22 33
23 72
25 28
25 42
26 52
27 85
29 95
32 64
35 27
35 37
36 0
39 65
39 71
41 36
42 0
42 43
43 25
44 11
44 62
46 54
46 67
49 39
51 29
52 16
53 23
54 46
56 65
63 53
64 23
65 68
68 15
70 0
70 32
72 26
72 54
76 11
80 71
83 96
85 52
85 79
86 0
86 62
90 75
91 53
92 15
92 87
96 5
96 24
96 30
