131
0 11
0 36
11 89
12 68
13 50
14 7
14 24
27 49
28 22
31 95
39 10
39 41
41 74
42 26
47 87
48 58
55 37
62 92
64 10
71 23
71 81
76 60
76 95
79 35
81 4
88 50
89 20
91 88
92 72
95 1
0 14
15 91
92 57
3 43
14 12
39 47
61 30
22 24
33 91
40 3
52 53
66 12
74 84
83 15
84 95
88 40
0 21
0 63
46 35
20 11
20 94
31 20
32 59
46 6
53 62
72 15
93 28
94 44
1 7
49 27
1 20
2 30
4 40
4 48
4 82
12 13
9 77
10 54
47 48
11 28
16 74
19 63
23 0
23 13
24 81
27 8
27 29
27 52
30 76
31 1
32 64
35 84
38 57
40 18
40 78
40 90
41 65
42 12
43 38
43 73
45 0
45 95
48 70
49 80
50 7
50 88
52 2
54 14
54 28
55 41
55 67
55 96
56 7
59 0
61 36
61 68
62 58
67 37
70 91
71 27
72 0
74 10
74 66
76 49
76 87
77 94
78 61
80 22
80 69
82 28
82 51
85 11
89 31
90 76
92 8
94 49
95 56
95 83
96 71
96 78
97 17
