205
0 0
0 6
0 14
0 22
0 30
0 38
0 46
0 54
0 62
0 70
0 78
0 86
0 94
4 2
4 10
4 18
4 26
4 34
4 42
4 50
4 58
4 66
4 74
4 82
4 90
11 2
11 10
11 18
11 26
11 34
11 42
11 50
11 58
11 66
11 74
11 82
11 90
16 0
16 6
16 14
16 22
16 30
16 38
16 46
16 54
16 62
16 70
16 78
16 86
16 94
23 0
23 6
23 14
23 22
23 30
23 38
23 46
23 54
23 62
23 70
23 78
23 86
23 94
28 2
28 10
28 18
28 26
28 34
28 42
28 50
28 58
28 66
28 74
28 82
28 90
35 2
35 10
35 18
35 26
35 34
35 42
35 50
35 58
35 66
35 74
35 82
35 90
40 0
40 6
40 14
40 22
40 30
40 38
40 46
40 54
40 62
40 70
40 78
40 86
40 94
47 0
47 6
47 14
47 22
47 30
47 38
47 46
47 54
47 62
47 70
47 78
47 86
47 94
52 2
52 10
52 18
52 26
52 34
52 42
52 50
52 58
52 66
52 74
52 82
52 90
59 2
59 10
59 18
59 26
59 34
59 42
59 50
59 58
59 66
59 74
59 82
59 90
64 0
64 6
64 14
64 22
64 30
64 38
64 46
64 54
64 62
64 70
64 78
64 86
64 94
71 0
71 6
71 14
71 22
71 30
71 38
71 46
71 54
71 62
71 70
71 78
71 86
71 94
76 2
76 10
76 18
76 26
76 34
76 42
76 50
76 58
76 66
76 74
76 82
76 90
83 2
83 10
83 18
83 26
83 34
83 42
83 50
83 58
83 66
83 74
83 82
83 90
88 0
88 6
88 14
88 22
88 30
88 38
88 46
88 54
88 62
88 70
88 78
88 86
88 94
95 0
95 6
95 14
95 22
95 30
