120
0 2
1 20
1 41
3 69
10 52
20 67
23 30
25 10
30 54
36 68
44 27
47 90
68 9
78 38
85 8
88 52
95 39
95 83
4 65
17 86
40 1
40 41
50 71
62 34
62 95
64 73
78 90
96 19
5 6
10 20
12 52
29 4
49 25
20 74
86 34
31 49
33 80
38 89
39 65
48 0
50 45
54 75
57 5
69 26
70 70
71 11
72 96
75 43
79 77
82 14
84 60
6 6
13 42
14 4
21 16
37 20
43 84
45 61
70 33
85 88
88 9
92 59
96 35
6 59
26 85
35 52
50 81
52 37
78 48
6 64
7 33
8 43
9 6
9 79
10 69
11 94
12 58
16 24
16 33
17 46
20 40
21 4
22 47
26 25
28 14
30 95
33 12
35 75
39 4
39 48
39 67
41 10
43 94
50 15
53 24
53 29
55 52
55 62
57 35
58 42
58 83
62 6
63 39
65 88
66 45
72 19
73 65
74 0
80 23
81 39
83 94
87 0
88 25
88 31
91 10
92 46
93 51
93 62
95 27
96 4
