132
0 3
0 48
3 64
4 20
4 94
13 31
16 70
17 10
19 44
25 23
26 84
30 55
31 6
33 41
37 68
39 90
49 39
53 71
54 85
55 11
62 31
62 60
68 2
72 76
80 42
82 26
83 89
91 14
93 78
94 57
0 5
0 22
34 9
0 41
77 67
4 67
43 75
43 91
97 66
10 51
6 23
10 84
16 79
22 50
48 64
12 14
27 89
28 31
32 28
41 1
55 44
57 20
57 76
61 91
69 5
71 26
84 81
91 22
97 16
0 50
1 86
7 27
27 46
34 89
39 83
64 68
2 10
2 43
3 2
11 24
4 53
4 68
6 11
6 58
9 72
13 13
13 33
14 49
15 39
15 88
16 59
18 93
19 33
19 69
22 14
22 63
28 0
30 61
31 51
32 43
37 11
37 28
38 17
40 38
41 47
42 33
44 53
45 6
45 84
48 47
52 54
52 93
53 62
58 0
58 11
58 52
59 35
60 96
62 42
64 58
64 79
65 17
66 34
67 70
68 47
72 61
74 53
74 73
75 0
75 91
76 97
82 50
83 36
83 59
85 20
86 66
90 39
90 91
91 29
92 47
96 37
96 80
