136
0 15
0 54
3 86
6 67
13 96
14 52
16 3
21 34
25 88
28 67
36 28
36 54
41 90
45 11
52 37
56 65
60 12
62 83
69 96
72 46
74 4
75 21
79 66
82 89
90 27
90 42
96 63
97 2
0 25
0 42
57 46
12 70
17 1
23 40
26 81
42 61
50 0
65 69
80 0
96 73
1 39
2 10
48 15
68 79
2 56
8 87
17 98
18 6
30 39
31 59
75 9
31 85
44 35
62 41
71 94
81 22
84 46
84 68
91 32
3 17
8 52
22 97
85 57
3 18
55 33
5 20
7 8
11 23
11 54
13 30
13 45
14 73
16 87
18 79
20 58
20 67
21 52
22 89
23 0
24 47
24 73
25 27
26 10
26 18
27 92
31 35
32 4
32 63
33 17
34 57
37 29
38 6
39 22
40 83
41 91
42 29
42 53
43 75
44 4
44 43
48 25
48 51
49 10
49 59
50 97
56 72
56 85
57 5
58 15
59 94
61 58
63 70
63 86
64 30
66 55
67 1
69 28
70 50
71 13
73 33
74 28
74 82
75 77
76 12
76 69
82 7
82 81
83 88
86 76
89 85
90 37
90 51
91 24
92 46
93 96
97 49
