132
0 4
0 29
2 43
0 59
0 89
4 74
8 16
14 55
15 92
17 5
25 24
25 70
27 47
29 84
33 12
38 32
42 48
42 77
47 8
49 23
52 87
60 14
61 68
62 97
63 28
66 53
76 34
78 18
79 2
81 48
81 96
84 70
91 27
94 57
98 71
1 95
2 1
59 83
3 43
62 7
9 21
47 82
13 16
22 0
4 85
5 41
5 51
8 86
24 85
28 23
29 61
31 52
37 2
40 11
40 85
49 48
52 10
54 21
60 22
68 28
69 95
74 95
79 11
81 60
85 23
95 44
2 31
2 53
4 95
5 6
5 72
8 60
8 78
10 3
11 9
15 14
15 68
16 75
17 8
17 45
22 4
22 33
24 78
25 10
26 67
27 15
29 41
29 78
29 95
31 86
32 73
40 20
40 55
43 73
44 29
45 49
47 18
48 38
50 65
52 59
52 71
52 78
53 85
54 39
56 9
56 44
58 15
60 75
61 55
66 60
67 36
69 0
70 25
72 73
72 80
73 54
78 33
78 87
79 81
81 10
83 0
83 4
85 54
86 45
87 86
88 38
90 33
91 79
93 21
94 5
96 0
96 97
