88
4 74
8 34
10 87
13 18
14 54
21 78
23 35
34 26
35 72
40 7
43 40
47 84
49 24
57 12
62 30
71 13
74 84
77 40
84 70
87 50
89 84
17 18
18 54
75 14
79 35
24 81
27 39
32 24
42 5
51 84
90 70
64 27
91 50
4 83
78 86
12 34
46 26
17 20
18 56
43 2
51 86
54 14
83 33
92 82
6 72
33 79
12 36
36 27
47 2
59 14
37 79
60 28
81 40
83 84
6 74
30 27
13 85
26 78
29 35
40 81
47 4
81 42
85 35
88 72
6 76
41 27
6 81
10 72
36 29
10 74
10 76
12 74
14 34
19 18
20 54
29 70
33 81
34 5
37 38
37 70
45 38
47 26
49 2
53 84
77 12
83 40
85 79
93 48
