127
0 1
0 86
2 29
3 66
6 43
13 79
13 94
14 2
14 20
17 54
20 40
28 24
31 78
31 94
32 9
35 41
35 57
43 70
46 6
49 83
53 19
54 50
57 66
57 95
66 2
69 26
70 80
73 40
80 17
80 63
84 31
88 2
93 57
0 3
17 65
37 35
40 94
52 1
57 71
60 92
66 8
73 85
80 70
82 47
87 32
0 91
11 24
35 64
39 27
71 25
1 36
2 72
91 33
6 94
50 75
7 38
9 75
18 19
25 56
33 68
35 77
41 84
49 14
54 10
56 86
62 54
66 97
67 59
70 9
80 39
84 20
2 75
3 14
5 51
52 71
56 1
6 77
7 56
10 30
15 24
15 37
15 81
16 1
19 44
20 61
22 78
24 47
26 57
27 70
28 0
30 12
33 97
34 50
38 59
40 13
40 28
41 0
44 42
45 48
46 23
48 28
49 84
50 63
54 24
55 12
62 89
63 10
65 35
66 45
66 70
72 97
73 47
74 60
75 18
75 84
81 75
82 0
83 97
88 85
89 67
89 78
93 8
93 48
95 55
96 15
97 20
97 93
