136
0 36
0 51
3 5
5 73
14 35
17 7
18 49
24 62
27 29
31 83
33 42
38 5
39 95
40 63
47 16
48 47
49 82
53 3
56 97
57 27
60 73
69 90
71 12
71 63
74 38
77 78
80 52
85 90
86 11
88 69
90 40
0 55
0 86
1 26
33 46
34 27
51 42
9 66
71 95
75 2
75 29
87 18
89 86
95 48
0 93
6 8
15 42
40 10
42 70
42 92
48 28
61 4
74 71
1 51
6 80
52 50
60 37
85 47
83 87
2 30
6 42
10 81
11 6
37 53
46 86
49 68
59 51
77 15
83 70
4 57
38 47
48 93
52 37
5 50
7 91
9 33
12 43
14 0
14 73
15 23
17 81
18 38
18 91
21 75
22 12
22 25
23 95
24 0
24 33
25 7
25 80
29 18
29 88
32 0
32 12
32 37
34 20
34 58
34 76
35 26
38 15
40 83
41 35
41 54
43 67
44 8
46 54
52 11
52 83
56 59
62 0
62 87
64 95
66 50
69 44
69 72
74 41
76 62
77 32
78 8
79 79
79 97
81 38
83 0
84 57
84 76
85 49
86 96
88 91
90 53
94 66
94 75
94 84
95 21
95 89
95 94
