125
0 0
3 23
6 52
19 30
22 5
22 85
35 51
36 83
44 14
50 64
62 56
70 81
75 34
87 3
90 77
90 96
91 40
13 62
50 15
14 71
24 34
24 91
26 3
28 57
33 31
37 78
49 28
57 96
61 81
66 7
70 28
74 74
77 18
87 68
90 0
90 55
94 24
95 96
0 10
0 31
84 34
10 0
35 21
35 93
40 65
47 51
98 29
0 36
0 75
1 92
92 87
22 66
24 84
25 41
29 15
45 71
49 7
55 23
62 90
80 38
93 73
2 9
2 68
3 75
34 37
6 59
7 1
7 34
74 27
10 29
11 78
13 42
14 89
15 54
15 95
16 22
18 0
20 59
20 72
26 87
30 60
30 68
32 7
36 66
37 52
38 24
40 35
41 6
42 78
43 57
44 92
48 53
48 83
52 59
55 13
55 26
55 43
55 50
57 1
57 37
61 21
63 52
64 75
67 39
67 69
67 90
71 7
71 14
75 0
77 60
77 93
79 55
81 28
81 44
84 19
84 36
85 86
89 19
92 6
94 51
95 0
95 16
95 31
96 91
97 7
