126
0 12
0 29
1 73
2 54
15 28
16 47
18 64
20 93
22 4
31 57
31 72
33 99
34 12
37 85
41 47
44 24
44 66
48 94
50 79
52 36
58 6
58 49
63 63
66 96
70 34
76 15
78 46
80 93
84 31
91 70
94 94
95 8
95 51
0 30
3 76
4 3
19 23
21 47
80 51
81 10
21 97
25 0
31 75
37 51
49 70
53 31
62 17
64 47
73 65
82 83
83 24
83 97
95 64
0 31
1 6
8 82
22 31
91 42
13 14
16 55
24 91
31 6
42 48
64 8
65 52
1 31
11 76
20 40
27 61
38 81
44 62
3 39
4 59
7 11
26 47
7 27
7 37
10 20
10 94
12 61
16 7
21 48
26 86
29 40
33 25
34 75
37 19
38 0
39 70
39 91
43 78
44 55
46 0
46 83
49 71
53 42
53 65
58 79
61 87
64 58
66 74
68 12
69 95
70 56
72 0
72 25
72 37
72 81
74 90
77 84
78 3
78 15
79 63
84 9
84 16
84 91
85 40
86 4
89 88
90 14
90 83
94 66
95 23
95 30
96 85
97 44
