114
0 0
2 14
2 19
2 29
2 34
2 44
2 49
2 59
2 64
2 74
2 79
2 89
2 94
10 1
6 97
10 16
10 31
10 46
10 61
10 76
14 97
18 1
18 13
18 19
18 28
18 34
18 43
18 49
18 58
18 64
18 73
18 79
18 88
22 94
26 1
26 16
26 31
26 46
26 61
26 76
30 91
30 97
34 1
34 13
34 19
34 28
34 34
34 43
34 49
34 58
34 64
34 73
38 79
38 94
42 1
42 16
42 31
42 46
42 61
0 4
6 4
10 91
26 7
30 79
38 67
38 85
42 7
42 22
42 37
42 52
42 70
42 88
0 22
0 52
0 82
2 7
2 37
2 67
10 10
10 25
10 37
10 52
10 67
10 82
14 23
14 55
14 85
18 7
22 37
22 67
26 22
26 40
26 52
26 70
26 85
30 25
30 55
34 7
38 40
6 40
6 70
18 97
22 10
22 88
30 82
34 97
38 10
42 25
42 55
42 73
42 79
42 91
42 97
46 0
