131
0 29
0 54
4 9
7 85
11 63
14 25
21 51
22 85
23 71
28 2
32 23
32 97
35 47
42 66
46 11
48 53
52 97
54 74
59 3
60 43
66 60
69 13
70 97
71 29
77 84
82 61
83 12
88 74
89 32
95 89
0 32
12 3
57 75
75 27
49 46
0 59
25 56
74 7
4 43
33 17
0 85
5 57
18 63
33 52
34 35
49 14
51 54
52 43
55 96
59 56
59 66
60 91
61 31
70 2
72 12
72 59
72 86
73 50
78 29
79 26
79 90
92 9
1 49
2 0
3 34
3 79
78 10
4 51
5 16
85 17
5 39
6 26
6 57
6 97
11 83
11 96
12 56
12 91
13 18
13 32
14 50
14 66
16 6
16 26
16 85
17 96
18 33
21 15
22 60
23 73
24 82
28 59
29 30
29 80
32 4
37 9
37 14
41 71
42 23
43 35
45 48
46 59
46 86
51 87
53 26
58 5
58 72
61 10
61 82
66 24
68 39
72 72
75 41
75 59
78 69
81 44
82 82
83 69
84 53
85 0
85 87
86 40
86 47
89 18
91 47
91 60
91 70
93 81
94 7
97 20
97 64
