126
0 0
0 74
0 96
2 14
3 34
3 50
9 85
17 31
17 73
18 45
24 86
26 17
27 57
33 37
36 78
40 51
41 19
42 4
46 64
47 32
50 88
55 16
59 1
61 73
62 34
64 50
70 20
72 91
77 75
78 0
78 51
80 35
90 59
93 41
97 26
97 72
0 18
11 58
43 47
23 71
48 63
52 86
93 56
0 79
26 23
44 25
47 3
67 41
73 85
2 0
58 89
8 14
87 31
10 52
12 87
39 68
40 40
85 49
18 19
22 42
24 77
34 54
41 74
60 87
62 10
62 21
85 76
96 65
3 9
3 36
4 58
4 66
23 32
25 68
5 47
34 29
6 26
7 42
15 47
15 59
19 2
19 81
22 8
23 91
24 1
29 19
29 32
30 60
33 92
36 21
36 87
40 28
41 81
41 92
43 10
48 78
56 33
58 41
58 67
59 55
60 92
61 61
61 77
65 50
66 4
68 10
69 33
70 58
73 16
73 78
74 40
75 35
76 26
77 93
81 33
82 81
82 87
83 12
83 67
86 76
90 28
90 67
92 43
94 38
97 51
97 74
