132
0 3
0 21
0 36
0 85
3 50
8 97
14 30
42 86
8 17
35 22
40 20
44 72
63 4
70 15
78 27
88 16
93 58
8 48
0 96
6 36
3 86
14 60
15 11
15 50
17 74
22 4
22 76
23 92
24 35
26 47
26 87
29 54
33 33
38 41
39 48
40 66
42 15
47 49
51 27
52 33
55 87
56 75
59 90
60 42
62 20
62 70
69 22
78 94
80 6
82 29
84 63
85 54
86 85
88 3
88 80
94 3
97 48
0 45
0 61
0 87
1 17
3 6
4 40
8 86
9 3
10 23
11 77
12 64
18 0
19 46
20 41
23 59
24 15
26 4
27 24
27 30
27 89
29 75
30 0
33 97
35 55
36 68
38 27
40 54
43 86
47 0
47 68
47 97
51 3
51 47
52 68
53 95
54 18
54 61
55 34
56 52
59 8
59 74
60 24
60 63
61 35
63 45
64 83
65 0
66 33
66 78
69 48
71 16
71 96
72 64
74 31
74 85
75 73
77 67
78 44
79 10
79 15
79 54
79 79
81 74
82 39
85 31
87 87
88 39
90 30
91 62
91 82
91 95
93 67
95 27
95 76
96 96
