129
0 0
1 20
14 81
24 18
25 44
29 86
34 30
36 59
47 37
53 11
73 88
77 6
84 76
3 22
37 65
86 63
3 29
5 90
6 14
6 71
8 46
8 55
19 4
20 13
22 80
26 2
27 17
33 36
34 24
34 71
34 83
37 38
41 12
44 59
47 72
50 22
54 28
58 4
58 64
59 85
65 65
69 25
71 61
74 81
76 59
78 34
82 4
83 42
84 87
87 28
90 96
91 41
93 44
96 15
0 9
0 58
1 41
1 65
5 0
5 27
5 83
9 20
31 8
7 10
7 93
9 69
11 3
11 49
11 74
12 10
14 37
14 97
16 32
16 75
18 22
18 27
18 56
19 94
22 8
22 37
25 65
26 74
27 19
29 91
31 44
38 0
40 13
40 72
41 31
43 89
44 2
45 40
45 48
45 82
46 10
46 77
48 16
50 97
51 45
54 12
54 18
56 71
59 36
60 11
62 6
62 50
63 84
65 31
68 69
68 92
69 6
70 32
71 0
74 60
75 9
76 72
77 25
77 82
80 94
81 49
81 57
83 17
83 30
86 81
89 8
93 65
94 78
95 0
95 58
