124
0 10
0 73
1 25
10 85
21 14
32 39
35 77
60 38
70 54
75 91
76 73
90 23
1 36
2 64
7 12
41 72
26 19
37 34
81 64
81 90
5 67
9 50
14 70
16 24
22 50
22 60
23 45
31 59
33 13
33 90
39 77
40 29
42 15
44 88
45 21
46 48
51 94
55 53
57 44
58 30
59 61
62 10
63 65
66 93
68 8
74 26
80 30
80 95
84 2
84 45
84 67
86 11
89 77
95 46
0 18
0 82
63 37
71 96
74 57
85 28
88 56
1 14
1 38
15 13
32 68
1 74
10 5
36 82
10 56
13 0
13 44
15 71
15 85
18 29
18 93
19 34
19 66
20 74
22 12
23 84
24 30
25 3
25 48
27 67
28 92
29 28
30 16
35 0
35 45
37 83
38 89
40 66
41 59
42 39
43 0
43 78
44 73
48 18
48 34
48 41
54 6
54 19
54 80
58 88
59 78
64 1
65 25
70 62
72 84
76 2
77 67
84 19
84 70
85 48
86 82
89 3
89 68
89 87
92 60
93 24
94 81
94 97
96 3
97 65
