142
0 0
1 27
2 77
8 91
11 17
11 37
18 60
21 27
28 7
28 50
28 71
28 87
38 27
38 61
42 8
42 47
48 89
51 19
52 37
58 67
59 7
62 97
68 27
68 57
72 87
78 2
80 67
81 17
81 47
81 98
90 77
97 1
97 31
97 57
97 90
0 1
8 67
11 47
18 7
28 37
28 97
31 0
38 77
48 61
68 1
68 41
72 68
78 27
78 87
88 37
0 7
12 77
31 17
51 77
58 27
72 47
82 7
91 20
0 17
0 37
0 47
0 57
38 38
88 57
0 67
0 87
0 97
1 52
21 47
8 0
78 77
8 7
8 27
8 57
8 97
13 15
15 82
17 29
18 0
18 17
18 37
18 67
18 77
18 87
18 97
28 27
28 57
28 77
32 42
33 91
38 0
38 17
38 67
38 87
38 97
43 34
43 73
46 17
48 0
48 7
48 27
48 47
48 67
48 97
53 45
55 82
58 0
58 17
58 37
58 47
58 57
58 77
58 87
61 72
62 10
66 82
68 7
68 17
68 77
68 97
71 12
76 51
78 37
78 57
83 83
87 97
88 0
88 7
88 27
88 47
88 67
88 87
91 42
94 12
96 60
97 7
97 17
97 37
97 47
97 67
97 77
97 97
