126
0 14
0 41
0 80
1 61
14 51
16 21
16 75
17 90
18 35
22 8
25 60
30 25
30 84
31 41
37 4
38 96
44 19
44 51
50 70
51 32
56 9
56 96
59 81
62 41
62 61
67 0
70 90
73 13
78 41
78 60
81 25
84 91
91 77
92 11
93 48
95 26
95 62
98 93
0 16
0 34
1 78
21 51
24 22
30 9
55 42
59 96
19 65
33 85
36 36
46 46
54 65
65 35
65 78
74 1
77 18
81 57
82 42
91 80
91 96
96 42
1 52
2 27
22 38
28 2
68 51
94 70
4 60
5 2
35 18
37 44
57 84
5 17
20 56
59 39
7 44
64 88
21 45
7 53
7 68
8 46
14 43
14 80
22 31
24 80
25 5
26 54
27 30
27 88
28 59
32 70
33 56
34 63
39 25
40 61
41 32
41 80
41 95
42 55
43 12
43 20
43 75
48 41
49 53
55 12
57 28
58 55
58 67
58 72
63 66
64 19
71 38
72 95
75 5
77 89
78 28
79 48
80 94
81 75
84 2
84 28
84 34
86 52
89 89
96 55
97 4
97 79
