100
0 2
0 58
2 38
4 17
14 29
15 44
31 24
40 78
42 6
58 44
87 6
9 13
20 4
65 43
25 44
19 23
29 40
34 96
36 11
37 28
43 36
73 26
79 80
88 70
97 28
97 97
2 43
16 50
18 74
21 86
30 46
30 73
31 54
34 58
40 13
44 52
48 3
49 58
53 84
57 74
67 76
69 50
82 53
85 26
86 14
88 41
91 2
10 12
4 28
20 22
40 28
91 8
0 4
22 26
2 7
18 18
19 40
33 41
4 5
7 28
6 7
15 14
16 35
29 26
47 11
0 18
8 0
9 42
14 21
12 22
15 90
23 28
27 12
31 42
32 28
34 64
34 90
35 12
37 0
37 38
39 46
43 70
47 24
47 36
49 16
51 48
59 10
59 49
59 54
65 3
70 16
70 58
70 67
72 21
84 79
87 58
89 64
94 70
96 17
97 1
