128
0 51
4 96
7 10
8 81
18 24
18 56
22 86
24 3
24 42
28 66
31 97
32 21
34 52
40 5
45 98
47 65
49 43
53 26
53 86
57 5
57 55
62 69
70 17
70 36
71 53
74 86
79 6
79 67
90 15
91 49
93 29
94 87
0 52
31 5
98 27
8 15
27 65
36 54
46 91
50 57
53 34
66 75
60 88
64 53
76 7
76 44
79 81
85 56
97 95
0 61
29 70
52 69
54 37
82 86
84 70
91 59
97 34
3 58
66 67
5 47
25 49
42 51
70 70
32 55
60 43
78 51
83 91
6 51
6 93
7 0
7 37
34 65
59 57
71 79
9 56
11 74
15 40
17 13
19 21
21 91
23 9
23 83
27 29
28 81
33 9
64 61
33 55
37 25
37 70
38 60
41 3
41 20
42 44
42 53
42 79
48 5
49 49
51 88
52 56
54 78
55 13
56 66
56 96
59 19
60 34
63 8
63 14
64 96
66 47
67 25
71 20
72 15
74 28
76 54
77 39
79 46
82 13
82 21
83 36
85 3
87 21
87 71
89 36
90 96
92 77
96 4
96 85
97 69
