133
0 26
0 74
1 57
7 43
12 66
13 20
13 85
15 3
18 34
21 55
23 97
28 9
29 84
32 33
40 19
43 87
44 71
47 0
47 43
54 25
56 79
57 53
64 39
66 8
67 96
72 65
73 21
78 46
80 0
81 92
85 59
87 18
88 33
88 73
97 94
0 28
32 6
97 69
6 79
14 34
26 53
30 96
45 12
51 62
57 33
80 39
91 94
67 22
83 14
94 31
96 58
0 29
21 89
26 29
33 13
35 77
55 67
64 44
87 39
91 81
96 80
0 31
0 75
0 82
0 93
26 40
36 14
39 82
63 26
97 73
1 33
1 45
2 11
7 46
7 79
11 61
13 47
15 28
17 3
17 9
17 19
20 81
23 46
24 14
33 19
33 41
33 56
33 93
36 62
36 87
39 1
39 92
44 20
47 72
48 6
49 33
53 7
56 0
56 54
58 96
60 6
60 90
61 82
64 31
64 55
65 89
66 15
67 78
67 97
69 54
69 83
70 8
72 42
73 75
74 23
75 82
76 7
76 55
78 66
79 61
81 38
82 18
82 46
84 4
84 95
86 24
87 48
90 2
91 22
91 39
92 63
96 1
96 47
