126
0 0
0 16
5 61
5 78
10 26
14 11
17 40
17 69
32 97
35 22
48 2
59 83
64 14
75 54
77 32
88 11
94 76
95 95
97 26
18 10
19 92
85 39
97 75
20 24
21 50
26 52
29 35
34 4
35 95
36 38
43 10
43 34
46 95
49 53
50 29
55 26
55 49
61 8
62 45
64 38
65 0
72 59
76 6
0 21
0 97
3 2
23 19
25 6
38 94
48 5
57 57
64 28
69 52
71 29
80 4
83 22
95 84
97 65
97 80
3 14
4 41
5 21
5 52
6 5
7 30
8 62
9 14
10 52
11 23
12 81
14 72
17 17
17 79
18 37
19 0
27 1
30 71
33 52
33 65
35 96
36 21
37 0
37 46
38 77
41 56
42 12
42 36
42 65
43 73
43 80
43 89
46 48
51 34
52 81
53 18
54 1
55 88
58 49
59 75
61 88
62 61
64 76
68 14
69 8
69 66
75 47
75 70
76 34
77 56
78 28
79 93
80 46
82 55
82 61
85 21
87 45
87 62
89 95
91 21
93 34
94 3
94 12
96 86
97 0
97 55
97 97
