136
0 6
0 50
0 68
0 85
3 20
13 41
16 60
18 74
26 27
30 82
35 6
37 36
41 64
44 81
46 15
52 49
57 34
62 8
62 60
66 46
71 86
74 68
76 11
76 32
78 54
86 86
87 1
88 64
96 96
99 79
0 92
1 30
22 52
28 21
42 63
91 5
49 3
49 81
53 49
78 38
81 17
2 47
85 58
87 79
7 17
9 79
55 16
6 95
80 2
11 22
33 21
34 71
44 37
68 10
75 46
76 22
88 52
90 81
90 93
4 73
36 12
63 55
76 61
5 27
5 65
5 88
46 8
46 37
79 8
96 82
7 83
7 88
8 0
9 5
10 49
11 65
12 86
13 13
15 32
16 7
16 68
18 56
23 34
24 50
24 96
25 14
25 63
28 33
29 56
30 23
30 42
34 31
36 24
36 82
36 90
40 95
42 25
42 73
43 68
43 89
44 52
45 83
47 27
47 42
49 22
49 64
49 90
51 59
52 77
53 54
54 95
59 44
60 85
60 94
61 0
62 19
63 12
64 26
66 49
68 58
70 6
70 70
71 24
75 76
76 56
77 64
81 1
83 21
83 63
85 16
89 61
90 16
92 24
92 70
96 48
96 55
