121
0 7
0 33
1 67
2 96
4 53
7 20
14 80
16 64
17 34
25 89
27 21
34 35
38 51
50 72
55 54
59 33
67 76
71 4
75 33
83 83
85 23
2 4
7 51
17 81
63 34
66 49
89 71
2 77
26 50
28 76
32 7
32 59
41 16
45 5
48 30
57 83
60 96
66 64
71 78
73 13
77 51
79 35
82 46
84 60
88 85
95 23
97 67
98 81
0 10
2 42
3 95
29 81
17 54
84 32
5 9
12 84
90 77
6 58
6 73
9 1
9 12
9 19
10 28
16 2
17 7
20 21
21 96
22 61
23 37
24 14
28 40
30 46
30 89
31 71
32 20
35 54
35 92
36 35
36 44
37 7
38 72
39 26
41 47
43 53
44 75
45 42
46 19
46 96
48 14
50 38
53 68
54 43
54 57
58 22
58 73
62 89
63 1
63 20
65 27
65 34
65 52
68 19
68 88
70 61
71 67
73 0
74 22
77 88
78 0
79 17
82 34
83 74
84 16
88 34
89 97
90 43
91 92
96 6
96 40
97 23
97 88
