128
0 0
0 94
1 34
3 63
9 50
10 76
12 8
39 95
57 66
65 33
74 83
77 11
88 38
89 90
92 70
9 32
12 74
16 36
17 97
20 89
22 5
10 51
24 42
25 80
28 5
30 31
33 97
38 45
39 3
40 23
41 17
41 85
47 30
49 4
49 85
50 50
55 19
55 97
61 59
63 74
64 52
64 94
69 29
69 98
75 49
78 97
80 55
87 9
80 32
92 5
92 93
93 26
0 8
4 82
6 46
25 96
62 22
81 84
12 65
93 14
0 9
1 89
2 19
11 60
36 82
47 10
82 27
5 0
41 90
5 7
6 39
7 21
9 16
9 33
10 55
11 80
12 90
13 4
14 22
15 12
15 38
16 27
17 76
18 64
19 95
21 31
24 20
26 41
26 53
30 86
31 20
38 62
43 33
43 56
46 75
47 15
49 91
51 77
52 69
53 21
54 50
56 26
58 62
65 20
68 1
71 72
72 7
72 39
73 34
73 88
75 80
76 14
76 21
79 0
81 62
81 69
83 45
83 51
84 19
85 1
88 61
89 32
94 65
94 85
95 9
96 19
96 44
97 59
