131
0 37
1 79
7 60
16 19
17 72
17 96
18 48
23 5
28 36
28 87
36 62
39 11
39 26
47 38
49 89
50 57
53 24
54 10
54 72
61 97
63 49
67 63
67 78
75 23
76 97
80 37
83 83
84 4
85 52
93 93
0 42
4 87
78 18
86 2
14 51
52 32
17 28
22 90
26 68
33 4
63 86
40 53
57 14
69 42
71 70
87 73
90 41
0 43
0 67
0 94
42 67
72 92
15 54
25 39
31 81
42 33
55 7
57 62
60 28
3 77
4 23
44 17
55 44
57 70
58 84
75 75
8 39
8 82
10 8
44 57
12 34
13 64
14 13
15 7
47 31
15 40
17 80
18 29
18 55
18 96
20 43
23 17
24 6
27 0
28 51
28 59
29 16
30 24
34 45
37 92
40 21
40 76
41 85
44 71
47 20
50 48
51 27
55 78
57 5
58 33
62 6
64 65
66 11
67 0
67 81
68 52
68 95
71 15
73 49
74 64
75 8
76 32
76 40
78 19
79 60
81 91
82 9
82 44
85 59
85 74
86 20
87 1
88 26
88 46
92 66
93 12
95 0
95 74
96 86
97 45
97 56
