133
0 6
0 67
4 29
9 44
16 91
18 32
21 74
28 20
30 95
33 66
34 7
37 52
38 31
47 65
49 4
49 40
57 52
57 82
63 0
63 29
70 13
71 67
75 47
76 81
88 53
90 9
90 84
0 10
0 78
10 65
4 34
50 45
68 38
84 44
6 0
3 69
16 50
34 17
35 5
52 32
40 20
48 72
54 11
56 61
57 5
57 92
61 79
67 52
72 8
80 80
80 88
92 72
94 1
94 43
0 19
0 45
0 52
1 14
6 32
39 43
50 58
62 70
64 84
77 48
82 73
1 58
7 12
46 14
1 70
47 50
2 40
5 84
5 89
9 38
9 52
12 85
16 38
17 87
19 15
22 31
24 0
24 74
24 86
25 22
28 5
28 46
31 57
36 8
36 86
37 25
37 55
37 62
37 80
39 30
41 0
41 38
42 58
43 19
47 53
48 97
50 22
51 48
55 18
59 35
60 7
61 41
61 92
62 49
65 28
66 43
66 59
67 23
67 72
73 28
75 0
75 74
76 56
79 24
82 30
82 50
82 66
84 4
84 45
86 97
87 64
88 0
90 31
90 92
92 51
92 77
93 8
96 32
97 55
