132
0 37
0 56
10 1
13 43
13 96
14 57
16 72
18 13
19 27
27 39
27 92
30 66
32 11
37 51
40 32
41 91
44 1
44 68
53 25
57 81
63 45
66 70
70 21
70 87
72 2
77 46
85 58
89 24
91 71
0 61
74 25
58 31
84 2
11 5
32 97
37 69
67 42
25 8
25 34
38 55
43 23
49 82
54 13
58 69
64 56
72 90
75 69
81 41
90 20
0 63
71 8
81 79
90 35
95 19
1 45
11 9
15 36
26 7
30 13
35 8
38 61
47 32
50 74
57 18
69 48
72 42
1 50
2 10
3 42
4 80
6 66
8 53
12 85
13 80
14 4
14 64
16 29
16 74
18 81
19 20
20 46
21 91
23 97
24 51
24 73
25 22
26 67
28 46
29 89
30 72
32 82
34 89
40 84
41 97
44 8
45 16
47 0
47 91
49 36
50 43
51 62
55 37
57 48
57 87
58 60
61 94
63 0
63 36
63 80
67 28
67 59
70 36
70 53
71 95
72 27
75 58
77 10
81 45
84 91
87 9
87 49
89 61
92 0
92 12
92 71
94 55
95 24
95 42
96 47
97 37
97 74
97 92
