134
0 20
0 92
6 45
7 68
11 30
15 84
18 1
18 58
24 14
29 85
31 51
33 27
33 68
41 39
43 17
45 60
45 87
52 30
57 44
58 75
59 58
60 2
66 26
68 91
71 11
72 52
73 67
74 38
80 80
85 58
90 8
92 28
94 94
95 75
0 93
5 17
17 63
89 56
15 39
55 37
56 55
5 79
25 49
31 5
32 19
33 35
36 94
41 74
47 66
48 14
56 90
61 69
69 83
71 4
76 63
78 37
94 33
1 29
2 62
42 48
50 28
4 55
78 71
4 85
5 4
45 67
55 28
61 50
6 22
23 61
52 80
7 60
10 8
12 95
46 52
65 66
13 13
70 54
14 70
19 25
19 75
19 92
21 16
22 70
25 26
26 88
26 96
29 56
36 12
38 84
45 0
45 20
46 41
46 96
48 69
51 91
52 96
53 2
53 59
56 14
56 45
56 81
61 34
63 2
63 45
64 8
66 18
68 40
72 5
72 78
73 48
73 88
75 17
78 89
79 1
79 26
79 49
80 95
81 13
83 59
84 27
86 17
87 66
88 22
88 40
91 85
92 55
95 12
95 35
96 6
96 17
96 28
96 60
96 95
