123
0 0
0 33
0 50
2 14
14 32
30 83
36 31
67 75
70 3
70 41
72 27
73 95
76 63
85 19
90 77
94 53
2 19
3 51
5 71
72 80
83 27
10 35
11 66
12 9
84 65
7 52
12 76
13 92
18 85
20 4
20 67
23 20
28 92
30 6
30 65
31 28
32 89
34 4
36 3
38 95
40 67
43 34
43 80
47 88
51 19
55 8
56 71
60 53
65 0
66 26
68 14
70 74
75 48
78 91
86 7
89 93
90 54
0 5
91 88
0 24
1 88
9 50
76 82
80 32
81 58
3 59
8 14
8 58
9 42
10 48
13 21
15 38
16 50
18 13
18 72
20 37
22 88
23 24
24 4
25 60
29 96
34 64
34 82
38 21
39 4
41 10
41 49
47 94
48 3
48 32
49 38
49 88
54 77
56 43
57 5
57 60
58 65
59 37
59 75
61 51
62 20
64 90
65 61
72 87
74 11
74 16
75 97
76 0
77 74
79 84
81 67
81 96
84 40
85 26
89 41
90 23
92 93
94 18
94 30
96 6
96 68
97 43
97 93
