99
0 0
4 19
4 37
5 55
19 2
19 37
20 20
20 55
31 76
31 93
34 2
34 37
35 20
35 55
46 76
46 93
49 2
49 37
50 20
50 55
61 76
61 93
64 2
64 37
65 20
65 55
76 76
76 93
79 2
79 37
80 20
80 55
91 76
91 93
4 2
4 42
19 7
19 42
34 7
34 42
49 7
49 42
64 7
64 42
79 7
79 42
4 4
6 21
7 60
22 25
22 60
35 97
37 25
37 60
50 97
52 25
52 60
65 97
67 25
67 60
80 97
82 25
82 60
95 97
0 7
0 19
0 54
7 25
13 19
13 54
16 94
28 19
28 54
28 70
32 77
35 88
37 76
43 19
43 54
43 70
47 77
50 88
52 76
58 19
58 54
58 70
62 77
65 88
67 76
73 19
73 54
73 70
77 77
80 88
82 76
88 70
92 77
95 88
97 76
