129
0 26
0 50
0 83
5 64
23 89
34 45
34 60
51 79
56 60
69 83
80 1
83 16
87 90
89 66
94 25
3 26
5 96
8 71
12 37
13 5
62 60
14 78
23 40
56 86
18 84
25 30
31 91
35 72
37 44
46 22
47 11
47 97
48 61
56 32
62 24
64 38
67 19
70 0
70 87
71 60
76 18
76 64
83 79
87 1
90 94
96 73
97 7
0 53
37 59
55 74
87 59
0 55
0 93
25 46
76 84
25 85
47 51
61 67
89 8
90 82
1 74
2 15
3 33
5 54
7 14
9 9
64 55
10 64
12 49
12 72
12 83
12 97
15 62
16 23
17 44
17 70
19 53
20 0
22 5
24 59
26 51
28 27
30 18
31 78
32 11
33 29
35 35
35 66
39 93
40 67
43 82
48 64
48 85
51 2
52 12
52 38
53 64
55 97
56 52
57 19
57 77
59 0
62 3
63 82
64 76
65 56
65 64
67 33
70 46
71 6
73 73
74 88
77 9
77 40
78 81
79 55
81 22
81 90
83 6
84 37
87 30
88 17
92 49
92 96
94 44
95 57
96 35
97 20
97 79
