131
0 0
4 14
6 28
6 43
6 58
7 72
27 0
27 15
27 30
27 47
27 62
27 77
48 0
48 15
48 30
48 47
48 62
5 0
28 33
48 68
49 33
4 19
6 47
27 5
27 54
48 5
49 44
4 61
27 69
5 33
7 0
28 19
48 19
48 58
7 14
28 40
7 19
7 33
7 61
0 5
6 5
0 12
0 19
0 26
0 33
0 40
0 47
0 54
0 61
0 68
7 5
7 26
7 40
7 47
7 54
12 0
12 5
12 12
12 19
12 26
12 33
12 40
12 47
12 54
12 61
12 68
19 0
19 5
19 12
19 19
19 26
19 33
19 40
19 47
19 54
19 61
19 68
19 75
28 0
28 5
28 12
28 26
28 47
28 54
28 61
28 68
28 75
33 0
33 5
33 12
33 19
33 26
33 33
33 40
33 47
33 54
33 61
33 68
33 75
40 0
40 5
40 12
40 19
40 26
40 33
40 40
40 47
40 54
40 61
40 68
49 0
49 5
49 12
49 19
49 26
49 47
49 54
49 61
49 68
54 0
54 5
54 12
54 19
54 26
54 33
54 40
54 47
54 54
54 61
54 68
67 67
