133
0 5
0 42
0 92
6 63
8 17
10 80
21 7
25 25
29 69
40 90
54 85
56 18
70 30
72 76
80 3
84 31
7 60
14 44
28 58
57 76
38 32
45 67
46 11
48 50
53 54
72 82
82 7
54 92
55 36
61 41
63 17
71 54
77 25
11 0
86 93
88 60
92 44
93 9
93 25
95 81
0 16
0 32
54 68
0 46
10 61
32 57
44 79
62 94
64 35
69 6
73 77
78 11
80 78
96 18
0 51
68 23
82 19
0 60
0 78
0 85
4 8
85 7
5 47
5 52
6 68
6 86
8 35
11 85
12 56
14 91
15 20
16 0
16 65
17 39
18 60
19 95
22 87
25 46
25 71
28 63
28 80
29 85
31 26
31 44
31 92
32 0
33 36
36 57
37 15
38 76
39 42
41 26
42 93
43 0
44 37
45 88
48 2
48 56
49 43
50 13
52 63
57 16
58 66
58 77
59 6
59 71
62 0
62 61
66 88
68 16
68 61
69 10
70 38
71 29
74 69
76 50
76 93
77 84
78 34
81 39
82 75
83 1
83 46
83 86
85 64
88 51
89 35
90 0
90 87
91 97
93 29
94 11
96 67
