139
0 0
2 20
4 92
8 39
12 10
21 21
22 61
23 35
26 5
35 19
39 39
44 2
45 66
50 29
54 12
54 77
56 42
63 1
68 79
70 16
70 54
73 38
79 5
82 69
83 83
84 55
88 39
92 11
0 2
0 47
8 89
39 16
40 41
84 91
91 69
97 48
0 59
0 66
23 9
47 11
61 8
75 10
6 13
9 46
15 91
28 29
29 43
58 85
59 69
82 8
91 51
91 88
0 79
14 1
55 21
88 4
92 79
2 36
59 3
64 76
3 26
6 69
28 19
32 33
76 17
7 0
69 0
7 6
10 63
10 97
11 27
11 56
12 16
13 81
14 75
16 10
16 41
17 48
18 0
18 27
20 74
22 79
24 91
26 45
27 66
28 0
30 7
30 72
32 87
33 21
33 42
35 7
35 66
36 2
36 27
36 80
37 53
39 94
41 85
42 20
43 47
43 58
45 4
46 42
46 78
48 0
48 10
50 89
52 47
54 97
56 11
58 32
61 54
61 64
62 11
62 23
63 88
64 29
66 6
69 65
71 76
74 32
74 39
74 87
77 52
77 59
79 22
80 29
83 10
83 41
84 69
86 15
87 63
90 31
93 71
94 17
95 62
96 96
97 2
