129
0 4
3 67
3 82
6 45
7 20
8 96
14 5
15 56
20 74
21 22
30 0
31 35
31 61
33 80
39 11
42 46
43 92
45 28
49 72
55 59
56 86
60 26
63 4
71 43
73 14
73 66
74 86
81 29
81 53
82 98
87 3
89 17
95 46
0 6
10 19
10 40
57 62
75 42
79 80
15 68
23 0
27 53
32 18
33 37
34 75
40 59
43 0
63 16
44 86
48 40
63 25
74 7
75 94
86 25
97 23
0 9
14 15
18 56
27 73
33 8
37 29
42 66
44 54
65 66
71 48
72 32
78 89
0 11
0 33
0 58
0 86
3 31
4 64
76 23
4 73
8 50
9 81
21 66
11 28
12 23
13 48
15 0
16 16
18 6
21 40
24 21
24 31
24 96
27 10
27 80
28 62
32 2
34 13
34 83
35 23
35 55
35 89
37 47
38 95
42 8
43 14
44 20
45 95
48 88
52 72
53 3
58 46
59 94
60 84
63 7
63 35
66 77
67 56
68 95
71 78
74 0
75 6
75 14
82 89
83 17
83 97
86 9
88 44
89 65
91 18
92 83
93 89
95 77
96 35
