132
0 63
0 78
1 28
5 93
7 8
14 60
20 27
21 5
22 72
27 50
27 93
34 28
34 64
39 7
41 81
47 54
51 25
56 8
58 38
59 71
60 87
66 55
67 18
72 96
77 66
81 33
83 13
83 85
86 48
91 1
92 24
96 38
96 65
97 87
1 29
88 50
27 70
10 3
13 21
28 44
32 92
41 74
57 28
64 60
65 93
67 7
75 19
79 71
86 28
89 84
93 23
96 8
99 74
3 66
4 85
12 5
74 53
8 22
6 37
13 10
26 62
31 76
46 64
57 33
62 31
86 72
92 32
96 45
96 51
8 26
11 33
11 89
14 73
16 4
16 18
16 79
17 62
17 96
20 29
20 55
21 77
21 91
25 83
27 17
27 23
28 12
28 33
29 0
30 65
30 70
33 19
35 24
36 63
37 88
39 40
39 56
40 97
42 67
44 43
44 83
45 11
46 0
47 69
51 90
55 97
60 41
62 46
65 0
65 63
66 23
66 88
67 31
70 18
71 10
71 44
72 29
74 79
76 39
78 62
79 4
81 42
81 56
83 18
86 52
86 57
87 11
87 63
87 87
88 3
96 94
97 0
97 10
