134
0 8
1 22
0 37
1 52
14 73
15 10
22 85
25 38
25 61
31 22
35 78
38 44
39 6
40 92
44 57
45 30
49 77
55 90
58 3
58 61
60 17
61 33
64 78
73 65
74 13
76 46
80 94
87 61
94 81
96 20
0 57
2 36
26 63
43 14
58 91
61 48
70 79
71 27
79 7
83 90
87 66
97 14
97 87
0 71
0 78
0 88
61 67
66 42
3 59
5 6
8 55
20 74
22 16
31 42
48 86
38 65
38 84
40 24
66 61
48 97
51 29
51 54
61 26
77 65
96 65
1 44
2 42
54 80
62 56
67 70
5 45
6 0
9 17
14 94
15 11
15 85
16 59
17 52
19 46
19 79
23 23
23 88
24 33
24 83
26 94
27 0
27 74
28 61
33 9
33 20
33 72
34 31
35 58
40 3
40 75
41 48
42 25
43 0
43 43
44 62
45 16
46 67
46 79
48 44
48 87
53 19
53 95
54 83
55 11
57 39
58 6
59 87
62 19
63 96
66 80
68 13
70 52
73 71
74 57
77 21
80 37
80 76
81 53
82 83
83 17
87 39
87 90
89 61
89 71
92 33
95 23
97 17
97 37
97 47
