91
0 0
3 14
7 34
31 39
49 83
55 64
62 77
65 94
70 64
77 82
79 53
79 96
86 70
93 54
93 91
14 0
15 24
59 58
63 84
86 97
87 50
99 58
73 66
17 31
35 13
35 45
39 34
96 69
42 24
97 92
45 30
50 76
51 56
51 94
54 49
59 98
72 51
84 77
96 85
3 23
68 87
74 59
95 62
50 85
70 80
57 71
63 49
74 96
94 53
94 83
5 25
9 44
14 45
19 42
20 18
78 68
88 91
83 53
52 78
72 95
20 35
23 8
43 15
53 85
65 58
66 73
87 80
51 86
58 73
57 87
61 89
68 54
70 89
76 61
76 89
87 58
89 65
57 75
61 65
64 76
65 96
67 68
74 71
80 64
83 89
87 73
88 48
89 92
90 97
94 73
96 60
