130
0 0
1 29
1 74
6 46
8 12
29 5
39 21
41 90
54 72
60 97
69 7
72 89
4 32
8 69
9 83
11 60
14 15
19 24
20 50
21 1
22 33
29 47
33 42
33 95
34 67
35 25
35 75
43 37
44 51
49 76
57 59
58 87
59 37
62 1
63 46
67 27
71 45
71 65
75 7
77 78
78 29
78 58
82 95
84 71
87 88
90 35
90 66
92 57
95 13
96 53
96 92
0 12
0 44
33 16
34 52
35 90
40 74
62 64
64 10
0 79
1 3
8 42
8 24
38 85
43 26
70 18
82 61
1 39
1 55
2 33
4 2
6 30
7 49
7 88
10 7
11 21
16 80
17 11
18 4
18 45
19 55
20 96
25 70
28 19
28 77
29 34
36 37
36 52
37 7
41 65
43 9
47 61
48 0
49 16
50 9
50 56
50 66
52 36
54 27
55 20
56 13
57 76
60 87
63 31
65 41
65 88
66 48
68 54
68 79
69 93
74 17
74 93
75 63
75 69
78 82
81 26
82 38
84 11
84 48
84 78
87 18
88 42
90 73
91 58
92 80
92 97
96 22
96 60
97 0
97 91
