124
0 0
7 13
17 70
50 76
53 91
57 40
59 5
64 66
68 88
78 6
78 65
84 28
85 52
90 80
91 12
13 14
64 7
73 88
85 33
93 3
21 14
27 13
51 13
52 85
55 48
56 31
62 22
68 63
69 21
70 47
84 79
88 55
96 17
96 61
0 6
54 77
69 68
83 73
95 7
55 91
67 17
70 53
88 26
89 40
95 53
0 18
0 26
60 90
70 77
63 29
82 57
83 11
90 31
1 12
4 0
4 25
7 68
57 69
73 23
84 63
86 0
92 22
10 5
69 58
10 19
10 61
10 75
11 0
11 25
11 55
11 81
15 4
15 20
15 60
15 76
19 0
19 25
19 55
19 81
20 5
20 19
20 61
20 75
23 68
24 41
26 0
26 25
32 0
32 6
32 18
32 26
33 38
34 44
48 58
52 22
53 8
53 84
56 34
56 94
58 55
61 75
61 84
61 96
63 91
64 43
65 12
67 81
70 72
72 38
72 95
77 92
78 24
79 40
79 49
82 85
84 19
86 71
86 94
91 70
92 43
92 84
93 26
93 75
97 82
