124
0 5
0 43
10 31
11 87
14 4
21 52
21 70
24 38
26 88
27 14
34 63
37 79
41 45
41 93
44 4
44 19
48 61
51 80
54 29
55 46
60 91
62 59
65 20
68 72
73 34
74 49
77 92
82 69
84 4
87 30
90 81
92 59
97 43
0 51
30 55
10 37
35 36
57 60
75 73
90 66
90 92
3 51
15 0
15 78
53 16
21 88
22 53
24 76
32 50
29 82
43 66
43 76
44 31
46 54
50 84
51 92
73 78
74 58
75 15
76 44
76 49
80 87
81 44
92 6
94 75
1 39
32 88
33 43
3 38
4 22
8 54
11 64
17 33
19 13
21 2
26 59
22 96
27 20
30 74
27 40
27 66
28 0
30 77
33 21
33 49
33 92
35 4
35 61
38 76
39 0
40 86
41 26
45 15
52 48
52 62
54 31
54 72
54 86
56 80
58 40
59 33
59 54
62 68
63 23
63 38
63 94
66 14
75 22
75 65
76 0
76 10
78 73
79 92
82 31
87 13
88 68
91 34
93 49
95 70
95 86
95 96
96 27
96 34
97 54
