116
47 75
55 10
84 5
0 16
5 79
13 22
26 70
34 41
53 52
63 90
67 44
88 57
88 83
75 0
31 65
40 36
60 5
64 97
92 44
6 21
2 48
4 64
11 93
18 48
26 6
41 18
41 89
55 25
69 65
70 30
80 97
88 19
99 48
13 62
18 32
23 52
47 94
48 38
66 81
72 58
93 19
7 86
18 72
21 27
32 76
37 26
37 47
46 9
78 27
80 56
96 35
12 14
16 87
62 33
68 84
84 49
36 69
75 61
12 53
54 85
69 94
99 3
98 99
0 34
3 2
99 82
31 0
1 99
25 89
47 58
53 71
72 13
90 66
99 29
82 0
0 41
23 12
30 90
36 19
57 24
59 66
77 72
78 42
99 19
14 33
16 97
30 56
44 52
54 38
79 34
89 1
91 75
93 89
6 71
20 66
27 21
31 38
34 85
49 12
52 66
55 91
64 37
66 19
76 7
76 81
84 27
29 55
38 78
19 81
22 37
32 10
38 61
47 31
81 70
18 57
24 74
