116
4 88
31 8
36 39
7 97
12 84
17 97
19 4
35 51
35 77
37 97
43 31
60 5
60 63
76 9
82 25
84 90
2 18
2 37
4 78
6 4
7 33
13 23
16 60
17 76
19 51
20 28
21 36
22 62
25 5
25 91
26 20
26 38
32 4
32 41
33 81
35 56
38 78
40 70
45 9
46 85
49 2
49 28
52 42
53 8
53 67
53 86
54 0
57 25
61 89
67 22
69 42
69 63
70 58
71 29
72 23
72 95
78 33
80 46
81 66
86 58
87 9
92 54
96 41
97 73
0 47
0 53
2 60
3 10
4 53
9 42
9 49
9 74
10 0
11 10
12 28
15 15
19 67
22 0
24 73
30 33
30 68
30 89
33 14
39 43
39 97
42 62
44 95
46 13
48 90
52 36
52 53
56 26
57 40
58 9
58 51
59 16
60 68
61 93
62 44
66 2
66 75
70 47
76 35
78 0
78 15
84 24
84 37
84 69
86 19
88 0
92 3
92 64
93 85
94 20
94 45
95 54
