196
99 99
99 84
99 69
99 54
99 37
99 22
99 7
84 99
69 99
54 99
37 99
22 99
7 99
4 7
4 28
4 49
4 70
5 84
14 17
14 38
14 59
18 77
21 4
24 28
24 49
27 65
29 86
30 15
35 37
37 55
40 5
40 71
42 23
43 85
48 43
50 61
53 14
54 75
55 29
61 49
63 4
63 86
64 63
67 21
68 35
72 75
75 48
77 5
78 62
81 28
82 85
14 18
14 39
51 97
77 11
79 44
81 63
84 24
86 77
91 4
91 52
92 37
99 93
99 65
99 16
79 99
16 99
4 91
5 54
14 80
17 63
25 7
25 49
26 26
26 89
30 69
35 39
39 56
41 26
46 7
48 83
49 38
58 49
63 35
63 88
65 19
68 72
91 53
98 39
44 99
5 12
5 33
14 81
32 70
33 84
47 58
50 15
64 57
67 91
68 5
78 30
78 82
82 6
84 67
93 20
93 97
96 79
5 63
18 42
21 94
27 23
35 5
40 40
46 77
49 29
54 6
61 71
82 47
96 51
5 21
6 77
19 35
19 56
24 70
30 98
36 19
42 60
49 91
54 33
65 42
65 96
68 16
72 58
74 77
77 32
82 91
92 79
94 14
97 30
5 42
11 7
19 20
19 85
28 32
28 53
44 75
51 47
56 63
83 33
93 71
19 64
33 12
33 89
50 21
57 68
63 27
67 42
70 60
79 91
82 12
84 59
93 82
19 13
29 75
32 49
40 37
44 93
57 83
61 12
82 40
93 93
11 91
42 52
47 68
54 43
56 57
58 89
69 26
71 82
75 54
88 63
92 29
11 28
11 49
11 70
33 63
40 12
75 19
75 72
89 43
25 42
32 28
35 77
55 22
61 77
67 49
