122
9 36
11 12
82 31
2 20
2 81
4 31
8 2
13 55
15 65
20 56
22 8
34 43
41 81
76 45
85 40
88 65
90 95
92 30
1 58
1 90
3 50
3 74
5 66
9 78
13 0
22 17
23 26
28 94
32 35
35 97
37 55
45 63
46 12
47 35
47 89
49 0
52 38
53 92
55 44
56 64
60 24
63 52
65 84
66 75
72 8
73 60
74 29
74 88
80 74
80 82
81 97
82 13
90 47
91 82
92 58
0 1
0 23
4 41
5 53
5 84
7 89
9 58
13 87
13 96
14 79
17 34
20 0
20 42
21 62
21 85
25 55
26 18
26 74
27 3
27 85
30 9
31 27
35 61
36 0
37 19
40 85
41 64
44 78
46 64
47 58
49 24
51 6
51 82
52 29
55 21
56 73
57 1
57 34
58 8
58 14
61 28
61 42
62 97
66 55
68 37
68 42
68 49
71 94
73 75
74 15
74 39
75 49
76 0
77 61
79 67
80 24
80 56
81 32
81 86
84 69
86 14
87 0
88 19
89 86
90 63
97 71
97 77
