106
34 79
0 66
9 45
26 35
44 93
52 47
41 79
2 84
10 27
19 68
39 61
47 18
55 5
63 89
89 3
96 56
21 61
24 26
31 41
69 91
48 87
31 31
2 4
16 6
16 82
58 27
62 58
68 43
69 4
69 76
76 55
78 29
82 69
84 42
87 18
96 78
97 92
5 69
8 51
29 88
45 40
61 19
76 95
91 35
21 53
39 21
44 54
48 38
49 9
61 78
68 59
84 82
87 64
12 32
29 65
44 71
51 89
54 53
58 20
17 32
28 23
53 38
88 72
21 43
84 99
41 0
31 99
1 88
16 13
72 28
75 9
99 63
64 0
27 99
18 5
32 12
55 73
80 51
89 7
76 99
49 0
0 74
29 49
30 79
43 63
63 73
71 13
80 85
85 68
94 86
13 27
14 64
24 18
33 83
44 35
66 62
72 37
6 79
47 24
58 48
57 13
57 28
63 48
72 69
72 52
72 74
