196
99 99
99 84
99 69
99 54
99 37
99 22
99 7
85 98
71 99
57 98
43 99
29 98
15 99
4 7
4 28
4 49
4 70
5 84
14 17
14 38
14 59
18 77
21 4
24 28
24 49
27 65
30 15
31 84
35 37
37 55
40 5
40 71
42 23
46 84
48 43
50 61
53 14
55 29
56 74
61 49
63 4
65 63
65 85
67 21
68 35
75 48
75 75
77 5
81 28
82 61
98 52
10 98
14 18
14 39
67 63
77 11
79 44
79 82
84 24
84 59
91 4
91 72
92 37
93 86
99 16
80 98
64 99
50 98
36 99
5 54
5 89
15 79
17 63
25 7
25 49
26 26
26 89
30 69
35 39
39 56
41 26
41 85
46 7
49 38
54 72
58 49
63 35
65 19
99 93
98 40
5 12
5 33
32 70
47 58
50 15
60 77
68 5
72 85
73 49
78 30
82 6
83 75
93 20
99 78
99 63
22 98
5 63
11 84
18 42
27 23
33 84
35 5
40 40
49 29
54 6
57 93
69 68
82 44
84 93
99 26
5 21
19 35
19 56
19 82
36 19
42 60
42 80
54 33
68 16
84 67
88 42
93 56
94 98
4 77
5 42
11 7
19 20
19 62
21 94
28 32
49 67
49 93
51 47
58 82
61 57
63 30
77 32
77 53
77 93
82 12
93 78
28 53
33 12
35 66
50 21
54 43
63 91
64 16
72 77
92 12
12 69
12 93
19 13
26 79
32 49
40 37
43 92
51 75
63 39
68 54
77 73
79 21
82 47
86 84
88 63
92 27
42 52
67 91
91 92
93 47
11 28
11 49
20 72
33 78
33 93
40 12
53 63
66 70
69 30
79 64
82 37
25 42
32 28
54 19
56 53
68 44
