126
93 94
26 61
27 94
44 26
53 6
15 51
16 95
30 13
31 53
35 45
36 18
48 50
50 90
87 11
0 42
0 81
2 63
12 19
17 46
21 74
22 9
23 14
25 24
25 52
26 86
30 75
31 66
32 60
38 81
43 17
44 56
47 24
47 69
52 20
52 96
56 86
58 1
58 80
58 91
62 30
70 22
70 42
70 57
73 92
75 74
76 43
78 91
79 14
87 57
91 69
94 59
95 64
96 36
97 13
0 7
0 50
0 88
1 94
4 10
4 22
4 46
7 78
8 86
9 57
9 95
10 0
12 71
13 82
15 87
16 61
18 30
20 0
21 40
21 78
23 19
23 32
25 70
26 96
30 0
31 4
31 21
32 90
36 0
36 10
38 37
38 96
39 90
40 45
40 85
44 36
45 6
46 0
46 13
48 28
50 70
51 0
56 23
59 74
60 36
61 43
61 92
63 51
64 30
65 87
66 79
66 93
67 4
69 0
73 4
75 57
76 23
79 83
81 4
81 17
84 44
84 75
85 89
86 27
87 96
89 47
93 2
93 29
95 8
95 21
95 78
96 40
