119
47 17
47 74
79 56
3 57
7 40
14 74
17 57
18 45
23 73
25 67
33 95
46 93
48 64
60 37
62 2
69 13
74 28
74 48
87 39
96 56
0 49
1 44
3 12
6 29
7 86
8 80
9 66
10 4
12 39
18 83
22 93
24 18
29 39
31 12
35 66
35 75
35 84
37 22
39 87
40 97
42 5
42 23
42 39
43 81
47 40
49 34
51 57
58 83
61 27
64 63
66 74
68 27
68 83
69 39
70 2
77 67
81 9
81 29
84 69
84 95
86 55
89 30
96 84
0 0
2 76
3 89
6 10
9 24
10 60
11 12
14 19
15 37
19 9
19 32
24 96
25 44
25 53
26 91
28 62
33 5
34 56
35 39
36 51
40 13
41 71
42 55
47 48
48 12
53 43
58 6
59 53
63 84
63 96
65 0
65 7
65 48
67 16
69 66
74 19
76 32
77 0
78 41
79 14
79 73
81 79
82 47
83 3
84 42
84 61
86 73
87 19
87 83
87 95
88 54
89 11
90 63
95 12
97 22
97 70
