118
57 8
66 69
72 75
5 6
21 31
26 42
33 59
41 40
44 81
46 62
56 22
58 91
64 8
77 45
81 65
95 96
96 27
7 2
8 50
9 13
12 70
14 88
16 8
17 97
24 0
24 74
24 83
26 6
29 96
31 26
32 86
33 40
35 16
37 78
40 73
49 90
50 28
51 0
52 96
54 80
56 42
61 69
62 78
63 16
63 23
63 57
64 37
68 10
71 50
72 19
75 40
75 75
79 27
86 18
89 30
96 34
0 74
1 33
1 49
3 93
4 72
6 83
8 25
9 38
9 54
10 30
17 69
22 24
25 87
26 0
26 68
27 43
29 75
31 2
33 90
38 57
40 43
45 24
45 74
48 47
49 53
49 81
50 72
54 13
56 85
56 96
60 47
66 20
66 55
67 44
68 86
69 0
69 30
69 80
71 61
74 0
75 49
75 77
76 62
77 14
78 68
79 94
80 35
81 89
82 59
82 81
85 51
86 74
87 35
89 11
89 46
90 41
91 56
92 63
94 85
96 6
97 39
97 79
