116
26 69
49 70
33 87
50 41
46 62
46 1
9 71
10 56
52 15
59 80
64 66
70 50
78 29
90 57
16 46
25 60
82 38
99 43
80 99
14 1
2 94
12 23
16 93
23 32
31 47
36 13
60 2
64 35
73 10
83 84
87 13
92 71
94 93
30 99
1 57
4 74
26 25
28 83
54 89
58 53
74 25
89 4
40 1
9 94
19 39
29 68
31 30
36 81
55 27
62 91
65 72
87 40
15 76
41 76
55 33
63 16
33 25
47 8
51 61
31 77
99 26
1 38
0 5
1 32
6 18
17 8
33 44
74 6
79 77
93 26
99 67
99 51
24 99
27 7
37 51
40 27
48 42
74 46
76 92
93 11
1 81
1 52
5 4
12 90
15 60
42 56
79 23
79 52
84 69
96 43
2 66
10 15
15 29
20 46
30 66
42 86
45 70
47 23
54 56
56 11
64 83
70 9
82 91
6 48
18 84
41 37
62 25
73 36
84 7
11 8
24 43
38 20
75 31
89 28
23 74
30 58
