126
49 70
27 69
47 62
9 72
16 46
24 64
30 86
45 0
49 43
51 37
53 14
59 81
64 66
70 50
79 27
90 57
1 55
2 94
7 56
10 0
12 27
12 92
17 93
19 40
21 71
23 32
26 97
27 26
27 45
29 78
31 31
31 65
33 84
36 0
37 11
41 76
47 7
51 61
56 56
58 2
63 89
65 33
66 71
74 9
74 29
77 97
82 37
83 84
88 13
90 2
91 41
91 92
92 68
97 39
0 1
0 47
1 28
2 36
2 62
2 69
2 79
3 16
3 74
5 4
5 93
6 11
7 46
11 8
11 54
11 75
13 21
14 59
16 74
18 6
19 82
20 45
25 57
27 5
28 94
29 23
30 47
30 55
31 87
32 40
32 75
34 23
37 51
37 79
39 18
40 24
40 37
42 54
42 82
43 67
47 13
47 20
50 87
51 25
55 87
56 25
56 31
58 50
59 16
62 23
64 14
65 7
65 81
72 41
73 21
73 35
74 90
75 4
79 20
79 48
79 74
80 39
81 7
82 87
84 26
85 35
85 67
90 24
93 11
96 63
97 21
97 46
