118
83 0
25 3
27 95
3 69
22 61
24 77
27 44
30 19
42 37
42 66
47 13
59 84
62 40
65 18
77 26
83 63
92 22
46 58
72 35
99 78
8 99
2 28
2 85
8 4
46 95
65 54
66 68
71 93
77 80
78 48
93 47
8 56
17 19
17 45
17 79
24 58
34 87
42 2
42 74
50 19
51 49
56 35
60 7
84 85
95 55
16 95
22 33
31 50
50 78
70 20
74 74
84 17
6 74
75 65
89 79
8 61
68 40
76 10
16 53
85 71
94 99
95 8
99 38
88 99
0 7
12 18
24 6
36 32
59 67
97 24
32 99
0 95
9 39
28 1
36 17
44 44
53 28
56 81
79 31
84 46
97 39
0 61
5 23
16 86
23 62
31 80
40 9
41 91
52 1
55 53
69 88
70 54
85 94
89 61
92 25
99 51
9 18
30 29
34 78
56 65
59 21
96 69
6 91
16 5
16 31
23 44
37 25
62 12
78 24
80 65
81 79
22 91
26 47
28 68
45 81
61 32
61 59
79 56
