104
3 3
16 28
62 33
12 90
20 55
33 23
41 72
63 71
16 18
27 34
34 96
36 17
41 36
47 85
49 88
50 19
51 61
61 80
69 10
71 39
73 88
74 81
76 73
80 50
95 49
8 56
12 35
17 84
19 33
26 94
29 47
30 81
31 37
33 42
35 58
38 86
41 92
44 48
47 43
49 93
52 97
59 12
59 25
61 63
64 85
66 31
76 43
76 65
79 72
79 86
81 31
83 45
83 57
85 97
87 50
88 62
94 93
0 0
5 68
5 84
6 48
9 41
13 59
14 46
17 23
17 90
19 73
20 46
29 51
30 7
32 26
32 67
35 48
39 13
42 8
42 54
43 30
46 23
51 68
54 22
56 15
56 81
58 34
60 40
61 95
65 44
66 50
69 25
73 16
75 58
76 96
78 9
81 62
84 10
84 18
84 27
86 72
89 44
94 32
94 50
94 57
94 81
96 24
96 66
