121
19 53
63 20
84 74
4 57
7 51
12 70
17 28
29 76
35 67
38 32
41 11
41 94
45 54
50 22
51 37
82 7
86 88
95 60
3 30
5 90
6 8
7 75
11 53
11 87
13 65
15 76
15 94
16 33
18 18
22 40
22 81
23 48
27 25
28 97
45 92
49 45
49 77
60 67
61 0
61 26
62 43
64 96
66 71
69 0
70 15
72 77
77 0
78 23
83 39
84 54
84 62
86 3
91 12
91 47
92 3
95 25
95 33
0 1
0 49
0 62
0 75
5 92
9 32
10 23
11 10
11 40
12 57
13 80
14 48
16 92
18 97
20 5
20 21
21 72
22 0
22 13
22 89
26 5
26 30
27 57
27 63
30 10
35 2
37 14
39 19
39 63
41 72
41 80
44 7
47 60
47 93
48 26
50 88
51 11
53 58
54 16
55 94
59 10
59 54
60 89
61 4
63 83
64 55
64 76
65 9
69 57
69 94
72 9
72 28
74 63
74 93
78 32
80 15
80 77
88 61
90 81
91 93
93 43
93 64
97 3
97 57
