110
1 71
29 89
0 94
43 9
61 77
97 2
5 22
15 94
16 60
22 8
22 45
52 37
57 96
60 51
78 26
79 93
84 12
85 65
92 47
93 29
94 22
32 8
3 0
28 23
34 36
36 50
46 23
46 87
57 3
64 19
78 49
91 84
86 99
0 66
20 40
27 84
49 73
62 3
62 63
79 34
93 68
96 88
5 99
11 5
12 52
29 97
31 30
49 52
51 88
55 17
58 41
65 89
71 68
83 58
90 15
35 22
55 72
81 89
39 83
52 24
0 42
16 75
99 72
0 27
12 19
31 57
48 59
99 99
99 40
66 99
48 0
15 99
7 0
0 99
4 36
12 74
31 75
61 35
68 63
69 12
99 81
99 28
99 12
6 14
14 46
15 66
28 52
36 11
48 41
69 21
70 50
72 86
85 5
90 61
17 61
25 89
41 58
52 3
55 90
79 25
23 42
27 16
32 92
53 67
66 73
77 63
41 19
54 27
58 11
44 15
