115
11 9
16 82
69 29
79 50
2 71
21 26
35 64
53 54
61 79
65 1
68 64
85 76
86 91
94 12
2 10
42 72
56 31
75 20
95 92
99 70
28 99
0 46
18 67
29 38
43 4
43 40
46 19
85 30
94 49
4 57
9 43
16 5
29 58
30 78
32 93
53 62
57 45
66 81
71 6
76 64
91 63
10 22
16 74
18 92
35 44
61 23
62 51
75 12
78 40
80 82
11 50
64 75
70 27
88 39
7 69
43 55
67 42
87 85
74 99
49 99
3 99
32 17
48 85
99 77
99 48
99 8
83 0
40 0
25 0
57 7
58 95
99 96
0 18
2 39
4 83
12 28
16 46
21 60
24 17
39 89
69 95
89 13
90 59
92 33
0 56
12 88
26 24
35 59
36 9
49 15
52 39
89 18
95 63
99 85
1 20
19 53
21 39
25 74
38 80
50 3
54 66
62 89
63 9
77 95
85 53
92 15
99 55
13 11
43 47
57 53
79 26
82 5
14 60
63 37
65 19
