105
46 77
52 31
78 46
93 92
95 78
61 30
99 16
4 85
5 45
21 42
25 10
31 76
48 53
49 10
66 12
70 70
74 95
80 11
92 3
13 86
22 53
84 75
94 24
97 1
43 66
66 24
89 17
95 10
60 99
0 67
11 4
29 27
79 30
99 98
66 0
17 99
22 57
25 2
27 89
32 23
39 9
48 83
58 64
62 81
70 53
85 45
94 33
2 57
33 66
49 42
73 63
85 54
88 71
96 84
5 76
28 18
59 70
75 36
87 98
79 67
80 54
2 99
3 19
0 37
14 65
16 27
31 41
41 91
62 48
45 0
4 13
6 51
16 71
27 80
36 48
38 28
49 19
76 83
91 38
6 90
22 13
22 52
37 42
41 86
53 45
54 16
68 14
98 30
8 59
19 35
20 87
27 59
44 34
48 62
62 65
64 34
86 10
93 85
33 8
55 4
85 24
19 80
36 56
50 69
55 35
