106
49 94
10 94
15 79
53 25
25 99
2 65
34 88
39 58
47 1
55 43
58 11
61 80
65 57
78 42
89 25
95 4
16 69
36 79
40 45
44 24
51 60
46 90
60 48
27 85
69 99
27 0
4 0
0 28
14 40
20 54
26 15
73 21
78 7
80 61
81 80
94 72
98 36
64 0
0 18
1 90
3 52
25 36
38 23
39 38
41 72
59 27
85 88
95 21
1 8
23 63
31 7
60 87
65 14
87 42
9 12
16 93
68 37
82 72
30 78
48 44
49 22
85 33
57 18
93 55
84 99
81 0
0 79
0 36
23 22
15 9
16 40
24 52
25 29
37 65
39 8
56 80
67 93
70 37
79 6
84 57
58 0
6 92
8 22
33 41
72 79
94 59
4 45
16 78
24 91
32 64
38 22
40 39
41 88
67 22
7 36
9 50
14 17
35 55
41 17
51 7
56 39
72 6
82 66
28 15
58 9
41 28
