111
17 32
38 76
42 53
60 27
89 64
51 55
38 0
2 28
14 71
21 53
39 90
46 33
73 6
80 96
88 37
95 13
24 36
31 78
50 67
69 32
96 32
12 22
0 14
10 97
14 6
35 14
53 91
56 12
65 53
65 82
85 78
94 98
1 76
13 56
24 86
31 43
34 97
36 28
67 89
70 17
92 80
95 55
6 39
30 66
45 77
73 75
81 90
93 20
95 40
6 65
9 14
16 48
27 96
31 58
59 20
59 59
59 91
36 64
89 0
1 0
81 52
99 99
60 0
5 99
25 15
40 14
45 39
74 35
99 65
99 7
54 0
0 95
8 80
21 88
49 40
59 74
73 53
76 21
83 63
99 28
5 55
21 22
28 3
35 49
37 28
39 94
51 26
78 38
83 7
84 92
85 67
94 46
4 85
22 78
34 4
45 61
47 41
52 77
56 52
67 7
89 27
91 99
20 57
24 73
27 21
38 81
75 63
32 34
63 18
37 63
66 24
