124
37 18
62 83
5 59
24 29
28 50
30 10
33 90
37 28
57 20
63 44
71 40
71 64
80 42
82 92
90 83
95 39
96 12
0 29
3 22
4 65
5 77
6 90
7 15
8 25
12 91
14 72
15 5
18 20
21 39
21 47
25 5
29 96
31 1
31 43
33 62
38 67
38 81
39 57
52 44
54 3
56 71
59 96
61 77
64 24
64 62
65 33
66 75
70 24
73 85
82 15
83 26
83 64
85 54
88 59
92 96
93 48
95 30
0 5
0 83
0 92
1 0
4 34
8 97
11 47
11 54
13 30
15 60
17 55
17 79
19 28
23 37
23 70
25 12
25 61
26 56
26 84
28 71
33 38
35 49
38 0
38 7
39 33
40 76
42 45
44 61
45 17
46 83
47 39
50 30
51 11
56 32
59 3
59 55
65 63
66 11
68 5
69 0
69 57
69 71
72 19
74 1
75 33
75 54
76 12
81 45
83 10
86 33
87 64
88 21
89 12
89 38
90 71
90 90
92 51
93 80
94 5
94 13
94 58
95 95
96 66
97 0
97 18
97 75
97 87
