111
26 51
84 42
98 38
96 98
78 98
3 47
4 29
18 37
20 10
23 82
24 66
33 19
37 95
38 43
49 22
52 46
52 71
65 65
71 14
75 77
5 54
29 69
58 83
69 94
82 82
27 93
32 41
85 91
39 57
58 6
66 42
86 11
87 61
95 73
4 18
10 62
11 89
42 77
71 36
71 63
18 46
23 28
46 37
51 52
54 15
59 91
24 21
31 79
53 61
62 11
66 90
36 50
61 69
13 54
77 91
2 1
33 4
82 25
52 1
9 98
1 84
4 33
9 72
15 7
51 96
68 28
74 54
89 56
98 91
69 0
29 1
1 13
35 18
49 17
51 31
78 11
80 41
89 75
93 59
55 98
1 93
1 66
8 32
13 76
36 74
36 90
59 48
73 99
9 25
22 54
32 44
35 11
42 59
48 4
59 76
60 31
67 47
68 16
78 58
21 12
52 44
72 21
77 81
80 67
6 40
17 60
23 40
36 65
23 44
59 55
42 51
