110
5 2
11 54
25 42
50 51
57 92
96 40
55 47
98 84
98 64
31 68
55 24
58 66
72 6
76 81
41 49
60 83
91 78
48 37
94 71
29 98
1 81
11 29
15 78
17 10
29 20
33 4
41 90
68 31
72 61
80 40
82 19
89 6
2 53
17 56
19 81
34 53
35 74
56 16
78 64
93 28
79 1
13 22
39 14
47 27
62 41
63 74
71 91
89 87
7 81
9 63
22 89
25 12
37 87
55 59
78 27
87 59
22 51
64 68
84 29
99 50
99 2
93 98
79 99
26 28
52 7
76 43
50 98
21 99
19 1
1 88
2 24
3 45
19 42
25 68
33 30
40 66
61 18
62 3
64 35
75 85
86 14
95 25
99 90
36 99
13 14
16 28
33 37
41 7
60 88
77 75
89 54
99 75
9 43
25 84
40 22
46 43
70 20
78 70
82 37
95 12
4 15
25 59
42 59
60 38
75 15
28 45
31 21
62 80
63 24
75 34
