123
63 22
7 30
20 79
24 65
91 9
3 45
30 66
30 75
45 34
46 48
46 54
56 67
62 68
67 62
92 44
0 92
1 87
6 49
13 15
14 83
18 45
19 57
20 72
21 4
22 29
24 38
25 45
25 60
30 29
31 48
33 39
34 3
34 96
37 81
38 12
46 61
52 44
54 6
55 28
57 77
61 24
65 41
67 21
67 79
68 6
72 17
78 42
80 52
83 6
83 23
85 11
87 95
88 65
90 70
91 1
97 13
0 66
3 6
4 75
5 0
8 41
8 85
9 61
10 22
10 55
10 69
13 31
13 50
13 92
14 86
15 10
23 90
24 29
25 6
28 89
30 11
31 60
32 20
34 31
37 51
37 87
38 24
42 2
43 67
44 74
47 2
47 52
49 13
49 70
50 87
53 34
53 97
59 49
61 3
62 85
66 11
67 53
67 83
67 94
68 68
69 88
70 26
70 45
73 34
73 69
74 10
74 53
74 80
75 19
78 0
79 34
79 83
84 26
84 50
86 42
88 18
91 36
93 61
93 75
94 0
94 82
96 49
97 91
