116
67 10
51 20
59 75
62 48
6 84
9 74
23 60
25 76
34 70
41 87
50 73
56 67
61 78
68 24
73 37
76 10
80 17
83 40
86 28
87 90
92 11
95 21
96 57
96 82
0 17
3 58
5 43
7 9
7 78
8 39
8 95
10 22
14 29
15 94
16 63
20 38
27 22
28 66
33 80
34 91
37 7
38 23
39 47
54 89
64 73
66 66
71 53
72 94
75 68
81 45
81 58
81 90
84 13
86 59
91 89
92 71
94 51
0 29
1 46
3 16
4 53
9 23
12 73
14 22
15 81
18 30
22 16
23 10
23 27
24 91
26 49
27 59
28 27
30 96
31 38
32 54
36 78
37 28
39 12
40 35
40 93
42 18
43 78
44 50
45 88
47 36
47 41
49 50
50 23
52 28
53 38
56 54
58 9
58 30
59 24
59 43
62 38
62 94
63 31
64 81
65 46
69 72
70 14
71 24
72 46
72 80
77 28
78 82
78 95
80 72
83 42
83 48
92 26
94 33
94 63
94 88
