115
21 14
49 32
58 92
85 4
0 47
3 91
7 30
25 95
33 67
52 10
64 74
68 17
78 83
82 59
89 95
12 10
13 37
50 92
67 94
51 81
56 17
8 73
21 51
29 27
37 47
63 33
65 3
75 46
88 40
92 75
94 27
3 53
6 5
11 87
27 77
31 94
32 13
40 62
46 27
59 65
72 22
88 2
88 56
11 27
14 1
24 33
39 89
44 68
66 80
73 96
92 84
94 2
96 63
0 39
15 18
71 75
82 48
43 20
56 83
51 50
99 49
48 0
0 76
16 59
30 2
53 52
64 36
87 19
95 98
99 79
99 44
80 0
45 99
28 99
11 99
0 24
1 67
28 49
30 63
31 77
44 34
61 60
63 99
0 89
5 53
29 17
45 48
46 75
52 14
58 36
76 44
79 7
84 87
88 61
14 34
14 51
16 4
21 64
22 96
40 90
54 88
55 58
60 31
23 19
25 90
54 7
65 78
76 90
96 53
8 12
44 39
6 44
53 22
55 68
60 85
