113
11 79
32 84
74 54
85 64
14 12
17 91
23 38
27 10
32 47
32 69
46 16
50 82
56 49
59 4
64 83
78 33
81 10
94 30
94 59
95 42
0 47
1 30
4 41
9 25
9 88
15 36
15 65
19 2
19 88
21 62
22 96
31 33
37 60
38 4
38 24
38 96
39 54
41 75
45 22
46 95
50 5
50 27
57 66
62 54
66 15
67 6
69 35
74 85
75 46
78 54
80 89
81 37
82 16
83 5
88 13
95 28
95 34
97 84
0 21
1 32
2 69
4 19
6 95
8 9
8 49
8 80
10 2
15 71
16 11
17 34
19 52
21 14
21 68
22 78
25 21
27 46
29 51
29 57
31 17
34 33
36 40
39 64
40 93
42 79
44 60
48 45
48 65
49 35
51 22
53 55
57 37
57 79
60 86
61 14
65 74
67 23
67 48
67 67
70 41
70 74
71 56
75 61
76 39
83 77
84 0
84 67
85 20
87 56
87 89
89 76
92 5
94 0
95 47
