121
17 16
50 20
55 4
75 25
6 5
25 35
33 91
52 13
61 28
68 41
69 6
79 40
84 37
96 83
0 6
2 83
3 38
4 45
10 8
11 67
12 40
18 67
20 88
23 71
27 81
31 62
35 14
35 95
38 24
39 73
40 13
42 35
45 84
51 63
56 38
56 50
56 59
57 89
61 65
65 11
72 55
75 72
76 2
77 63
77 91
79 52
80 45
83 19
83 83
86 54
89 11
89 79
91 51
92 68
93 6
94 58
95 21
96 96
0 48
0 97
1 27
2 56
3 92
4 36
4 86
6 18
6 50
7 28
10 94
12 3
12 20
13 74
16 0
17 10
17 20
17 93
18 58
20 38
21 82
22 23
23 3
25 74
26 50
26 97
27 16
28 21
30 32
31 71
34 42
37 82
39 62
43 31
43 51
46 88
47 4
47 25
47 36
48 0
52 17
52 82
53 96
54 22
57 6
61 17
65 50
67 0
67 16
67 24
68 32
69 68
70 96
75 14
79 72
83 67
84 85
89 25
91 42
92 78
94 29
95 9
97 0
