99
16 69
5 23
52 58
5 12
15 16
18 56
27 28
33 94
34 77
57 66
89 91
0 33
10 65
11 55
12 96
16 46
25 50
25 96
26 65
27 89
31 82
33 53
33 61
38 47
52 75
56 90
61 95
66 89
76 95
0 45
0 80
3 34
3 93
5 48
9 17
9 75
10 34
13 70
15 59
16 89
17 23
18 28
20 38
21 68
22 77
24 39
30 70
33 40
34 65
36 71
37 96
41 80
43 56
45 63
45 95
57 84
62 72
63 79
69 74
71 87
79 89
0 15
1 61
1 74
3 24
3 40
3 80
4 86
5 66
8 56
8 81
9 20
10 90
11 35
12 28
12 49
14 97
15 76
21 87
22 33
25 55
26 93
28 32
35 55
36 37
37 85
43 88
45 77
49 51
49 84
51 67
53 60
54 74
63 64
65 95
70 92
80 85
81 96
89 96
