120
13 22
38 4
66 50
7 54
7 75
15 73
17 47
21 28
28 95
31 82
34 59
42 95
49 88
51 95
53 56
54 83
59 84
71 96
83 61
83 87
88 53
95 54
7 13
8 85
12 43
16 65
19 8
22 71
27 13
35 40
35 91
40 87
42 57
48 12
53 3
55 71
58 90
59 7
63 67
66 26
70 15
70 77
77 38
78 84
81 0
83 23
84 69
87 1
87 95
88 57
90 13
91 70
93 21
93 34
94 81
0 14
0 23
0 41
0 79
2 57
8 27
8 50
9 77
10 56
10 94
12 17
14 26
20 75
22 7
23 65
24 27
25 50
25 86
29 94
30 16
30 30
32 1
33 71
37 43
38 62
40 25
40 88
44 34
44 72
49 50
52 15
52 30
52 43
53 25
56 36
58 71
58 97
60 9
61 19
61 57
65 9
65 79
67 67
69 33
70 56
71 43
72 62
72 77
74 26
75 17
76 91
77 56
80 46
83 14
86 75
86 81
87 97
89 63
90 3
90 40
92 95
96 0
96 59
96 71
97 42
