97
4 3
11 7
25 25
36 38
64 69
83 88
13 16
19 7
6 93
8 40
11 70
15 53
20 96
29 84
42 9
46 48
50 23
51 62
67 1
14 78
23 40
35 87
73 92
78 3
4 18
12 49
17 24
53 65
25 20
14 4
99 99
26 64
55 37
66 48
73 17
88 69
90 45
28 6
57 8
68 69
87 87
11 99
10 63
12 84
28 46
31 22
35 95
42 31
72 78
31 43
55 42
58 56
93 92
17 32
26 95
37 15
81 77
61 57
18 16
28 34
99 32
42 74
49 91
86 23
99 54
25 67
36 58
58 22
63 92
75 56
99 38
4 99
0 84
3 30
47 5
63 7
76 13
81 50
95 78
99 93
0 10
36 81
22 0
9 60
21 72
41 40
42 90
45 23
67 68
17 47
17 92
24 60
73 86
11 19
22 78
31 28
48 12
