110
15 31
65 23
44 36
47 81
68 5
2 57
13 46
16 17
23 68
25 54
43 10
46 59
58 37
68 49
72 81
95 31
3 25
30 36
49 54
75 37
3 32
12 64
34 52
35 30
99 58
52 99
5 94
9 78
31 85
74 62
75 96
80 15
87 81
94 10
23 6
35 70
49 73
50 5
56 92
71 77
82 58
89 33
5 72
19 33
31 8
52 29
66 18
82 3
82 91
95 70
35 47
70 25
74 52
83 38
7 39
12 70
60 83
13 25
22 46
0 7
31 99
19 0
0 91
20 87
32 22
56 69
89 95
98 44
0 40
7 11
26 71
34 88
51 6
51 21
59 44
69 4
86 18
83 99
38 0
0 80
16 50
36 93
44 41
59 51
82 50
83 66
90 85
4 62
5 87
21 18
38 23
38 61
48 73
58 5
72 19
73 92
84 9
84 48
19 73
34 37
48 38
52 77
89 53
6 22
22 63
57 14
69 44
78 29
26 31
38 80
