104
90 1
70 1
50 1
30 1
10 1
1 94
1 78
1 62
1 46
1 30
1 14
28 18
28 34
28 50
28 66
28 82
38 94
40 26
40 42
40 58
40 74
50 85
52 18
52 34
52 50
52 66
60 95
68 18
68 34
68 50
68 66
68 82
88 18
88 34
88 50
88 66
88 82
8 30
8 46
8 62
8 78
8 94
88 90
60 1
40 1
1 6
9 18
28 10
28 90
50 11
58 34
58 50
58 66
68 90
70 11
70 26
70 42
70 58
70 74
88 10
88 26
88 42
88 58
88 74
28 26
28 42
28 58
28 74
42 86
1 86
1 70
1 54
1 38
1 22
9 10
40 18
40 34
40 50
40 66
48 78
48 94
52 26
60 86
8 38
8 54
8 70
8 86
52 42
52 58
58 18
38 10
60 11
60 78
58 26
58 42
58 58
92 98
72 98
32 98
3 0
11 24
42 80
57 72
47 72
