109
39 43
87 9
3 90
38 96
63 16
68 85
73 26
94 52
67 99
3 6
5 22
8 50
13 36
13 66
27 65
54 62
65 71
85 63
86 82
92 38
10 90
41 33
68 34
12 12
57 80
59 59
74 0
22 47
22 82
26 13
39 74
43 7
74 47
82 96
99 31
5 74
18 28
28 83
47 15
52 36
59 23
71 68
86 25
91 84
8 45
12 96
20 32
23 55
42 68
63 37
70 8
30 79
56 73
82 37
11 82
63 60
75 32
29 72
99 72
99 93
99 69
86 99
42 99
0 60
36 3
38 53
53 87
91 11
12 0
0 33
0 8
24 27
24 47
28 95
34 37
38 21
54 45
82 77
91 48
83 0
3 28
9 60
18 14
30 5
45 90
52 19
66 53
12 71
23 61
24 92
39 67
48 34
57 73
74 92
81 48
88 68
89 29
4 14
14 76
21 23
31 34
60 32
68 60
84 92
10 51
28 61
12 87
14 44
9 26
