121
7 54
10 13
21 13
10 90
15 72
21 4
48 62
51 76
56 72
57 79
69 66
70 83
72 7
73 86
75 63
75 79
78 38
95 48
96 93
0 73
0 78
2 27
4 97
8 58
9 6
15 44
16 54
16 60
17 34
18 86
24 44
24 79
32 80
34 35
35 69
35 91
36 21
38 45
41 5
43 70
50 27
50 32
59 57
64 96
72 70
74 93
75 20
80 36
81 76
86 90
87 21
87 63
91 4
91 43
94 55
94 82
97 61
0 3
0 18
0 53
3 84
5 32
5 41
7 73
8 16
9 68
11 37
11 79
13 93
15 0
15 88
16 72
19 48
23 89
24 65
26 0
26 21
30 39
30 44
30 71
31 58
34 26
41 19
42 0
42 83
45 5
45 11
47 42
50 56
50 94
51 4
51 64
53 83
54 45
59 46
60 24
60 29
63 77
64 7
65 54
65 68
66 14
69 9
69 48
74 0
74 49
75 33
77 57
78 68
78 83
79 91
82 26
86 10
89 71
90 19
92 33
94 14
95 0
97 22
97 32
97 80
