113
62 52
7 34
16 56
30 59
31 26
52 26
34 19
0 97
21 92
24 43
36 72
51 3
51 91
67 2
84 57
4 52
37 53
60 89
68 54
70 7
22 61
99 26
88 99
83 0
10 82
18 14
48 62
51 76
66 22
76 82
77 43
84 27
86 71
93 84
4 25
14 77
29 74
33 8
40 96
52 39
58 72
78 14
90 49
7 44
8 96
13 63
27 37
37 25
62 58
90 78
94 30
21 75
43 66
69 16
30 51
53 81
20 51
99 65
99 0
0 8
99 45
53 0
32 0
26 99
0 81
0 57
18 6
60 38
77 96
99 80
0 24
3 67
13 30
20 17
22 91
36 93
38 47
46 2
54 19
54 95
68 37
70 64
82 41
1 38
40 15
40 88
44 33
44 52
67 78
76 57
79 89
81 75
18 23
50 66
53 8
63 30
73 2
87 34
1 30
7 89
12 39
18 70
30 30
59 79
66 44
77 66
16 84
36 64
60 14
75 46
81 81
10 35
44 55
