112
22 71
1 34
3 64
4 50
17 11
23 94
38 72
40 25
45 88
60 88
61 35
71 67
79 52
84 89
2 28
21 2
61 45
69 81
85 42
11 28
21 83
53 80
73 78
68 0
35 0
0 95
19 43
33 38
45 10
46 56
70 14
76 28
84 13
86 69
98 77
49 99
26 99
2 89
17 61
23 16
55 72
90 63
10 4
12 78
29 14
30 29
30 70
40 5
60 23
62 6
72 58
78 2
83 21
15 22
33 95
54 94
83 77
31 20
75 67
99 37
99 12
47 39
3 0
18 45
34 54
45 25
47 40
75 95
90 26
98 86
89 0
56 0
19 99
2 10
44 11
49 63
57 50
70 33
79 91
87 40
61 99
3 36
8 60
17 3
24 66
27 34
27 85
42 78
54 64
58 16
71 47
75 32
87 47
97 76
13 42
36 46
61 68
64 83
69 6
89 18
92 43
16 17
31 5
48 11
74 24
76 7
78 81
19 28
68 92
77 61
85 33
20 25
