110
28 18
37 60
39 43
4 13
15 80
23 33
47 22
58 19
51 98
1 81
3 43
34 94
56 35
62 65
66 87
90 45
91 62
94 85
6 17
15 28
72 75
27 43
41 17
87 1
19 1
9 96
28 73
49 5
53 49
69 29
90 30
18 6
19 94
21 55
34 75
41 39
65 95
73 39
83 74
84 88
91 11
96 80
1 11
7 29
29 25
33 6
37 84
82 54
90 94
8 39
12 90
38 94
47 46
54 10
58 89
61 26
78 29
13 14
21 84
26 34
73 0
1 61
75 14
99 28
1 99
1 78
14 71
45 65
48 79
63 59
67 44
77 57
94 62
58 0
24 99
3 1
1 46
0 27
19 49
56 74
69 10
75 76
84 25
88 39
99 90
9 61
30 66
31 20
47 30
53 93
73 90
75 56
19 11
23 40
35 87
41 8
46 49
60 14
61 41
65 73
75 23
0 22
11 31
33 43
47 57
88 89
24 25
43 93
63 79
23 88
