126
41 13
51 45
84 3
2 12
14 10
18 54
19 27
27 21
27 85
39 51
46 2
57 61
68 65
86 72
2 52
9 2
9 64
10 44
12 16
16 97
18 40
23 43
24 1
28 96
31 8
32 41
32 51
32 61
35 81
37 27
37 63
42 36
45 52
45 60
46 70
50 54
51 74
55 43
56 35
59 80
59 94
60 42
64 32
69 47
71 73
73 25
73 56
78 95
79 58
84 33
87 26
91 54
92 35
93 67
94 81
97 22
0 65
1 14
3 46
3 75
3 97
4 22
6 31
9 73
10 68
11 25
12 61
14 89
17 63
17 80
22 90
23 25
24 55
24 73
26 36
26 66
28 26
29 52
31 17
32 86
34 91
35 0
36 37
38 16
38 70
39 5
39 62
39 90
46 41
47 20
48 92
49 32
50 79
52 48
54 0
56 54
58 30
60 72
60 96
62 5
63 0
63 79
65 73
67 15
69 35
69 97
70 74
71 6
71 41
72 87
73 46
76 39
78 51
79 76
80 18
80 23
80 44
81 8
83 50
84 64
87 8
88 28
94 0
95 74
96 3
97 53
