109
10 0
26 28
89 67
96 11
90 79
4 77
10 90
22 14
23 52
33 3
36 38
38 55
50 36
56 54
59 23
84 24
13 73
68 13
46 60
51 57
99 95
33 99
4 30
6 14
36 71
39 22
46 90
53 76
67 43
67 73
73 97
96 32
9 52
11 34
16 68
44 13
53 91
61 2
66 29
71 65
75 86
78 37
82 15
89 84
91 4
14 48
21 61
29 11
33 88
49 76
53 17
65 51
96 71
30 58
75 17
80 79
89 32
93 90
13 78
35 66
41 94
42 48
51 68
59 34
77 29
22 65
77 0
80 51
58 0
18 0
0 54
60 91
87 48
99 40
99 3
33 0
0 31
19 86
25 36
65 66
87 53
99 93
14 26
20 10
24 94
41 20
44 39
60 16
72 1
75 61
89 62
90 18
26 79
49 82
60 46
74 14
90 69
91 26
99 85
10 64
32 49
44 24
54 62
83 42
46 16
51 30
57 70
76 7
44 72
