201
3 14
4 63
61 5
90 93
99 82
99 67
99 52
99 37
99 22
99 4
85 0
77 99
62 99
47 99
47 0
30 0
23 99
15 0
8 99
0 87
0 49
0 34
10 77
13 24
13 42
19 56
22 13
22 85
23 70
26 30
27 44
33 57
35 19
35 78
39 36
44 66
46 49
48 84
49 14
51 28
57 58
57 73
60 42
63 19
67 84
70 32
70 64
73 49
77 18
79 75
83 38
84 58
93 99
80 0
10 0
0 67
0 31
14 38
32 98
81 16
81 77
84 31
93 69
96 18
99 86
99 56
99 33
70 0
55 0
40 0
2 99
0 18
1 4
4 84
5 49
14 73
17 16
20 89
28 71
33 14
34 93
36 33
39 52
40 80
48 92
49 18
51 44
54 77
59 56
62 89
63 13
63 36
77 45
99 71
94 0
11 58
18 42
23 27
41 32
42 69
61 75
63 60
65 27
75 69
76 83
81 52
84 95
91 16
97 42
24 0
0 94
0 79
4 28
15 93
25 51
26 65
29 14
36 83
42 46
43 15
47 64
55 37
56 96
72 14
77 35
85 72
89 54
92 19
93 84
0 59
0 44
7 18
14 76
16 7
37 29
56 42
57 14
66 58
68 95
79 30
90 5
91 38
4 35
5 58
5 93
19 37
20 51
21 22
25 93
30 79
33 5
34 50
47 70
55 28
61 72
70 6
83 86
84 68
91 39
6 72
19 65
47 6
53 86
64 51
69 35
71 78
76 6
78 54
6 44
14 84
18 7
24 37
30 56
42 20
44 60
55 7
56 21
71 20
92 50
20 79
25 21
28 6
33 72
37 43
48 33
48 54
68 43
68 70
81 9
91 74
93 26
13 52
26 85
49 80
54 49
74 63
12 28
12 67
42 8
82 44
55 63
