129
66 16
93 72
23 3
25 25
25 75
26 62
27 9
28 20
37 62
43 90
48 11
52 38
70 4
85 19
92 94
5 56
7 42
9 18
9 88
13 54
14 89
15 67
17 13
19 93
28 24
28 73
38 22
39 3
44 66
44 96
47 21
49 48
54 17
54 79
55 51
59 97
61 54
62 63
64 20
68 45
70 76
70 96
75 74
77 4
77 59
83 61
85 10
85 90
89 80
92 38
94 20
95 81
0 7
0 50
0 64
0 84
0 95
1 18
1 36
1 90
2 23
3 71
4 96
6 60
9 0
9 32
10 77
13 42
17 79
18 16
18 31
18 65
19 54
20 84
22 37
26 2
26 42
27 29
27 88
30 11
31 77
32 67
34 52
35 12
37 42
38 24
39 82
43 2
43 16
48 71
51 29
52 43
53 63
54 21
55 73
55 86
55 92
57 30
60 0
61 6
63 27
65 50
65 67
65 77
65 91
66 84
68 13
68 20
68 34
72 85
75 78
76 49
78 16
78 95
81 28
84 47
84 72
85 23
87 0
87 28
90 7
94 62
95 24
95 97
96 7
96 15
96 83
97 0
97 33
