116
82 51
38 85
76 85
98 93
52 0
1 37
2 9
17 80
26 32
40 36
81 19
41 7
61 7
82 79
91 81
99 56
96 1
23 1
18 98
4 99
3 23
3 81
8 64
17 16
19 46
28 57
35 21
41 63
49 20
52 81
54 34
63 23
63 54
68 68
89 66
95 17
97 37
77 98
2 43
21 74
34 91
45 58
55 87
6 38
11 11
21 53
35 48
35 96
48 14
66 60
87 13
91 90
12 20
30 8
75 66
88 21
20 20
34 60
48 94
51 9
81 0
68 39
82 34
2 67
3 84
50 48
62 91
85 48
99 64
99 47
99 23
85 99
50 99
38 1
14 1
0 23
4 95
24 79
44 72
53 42
58 68
66 14
99 90
10 58
24 60
29 74
34 15
35 29
49 28
60 37
60 83
72 69
79 26
89 4
92 61
4 9
12 33
22 88
41 42
73 64
83 31
85 76
94 87
9 49
26 15
51 14
51 58
56 77
88 50
1 18
27 52
41 28
53 20
56 92
64 75
82 58
