113
11 78
23 67
31 31
55 67
58 21
84 16
87 71
93 28
2 67
5 35
11 12
38 91
64 78
73 29
75 2
88 47
29 64
42 35
68 89
88 32
92 12
65 24
78 80
5 53
30 2
37 17
52 45
66 56
84 93
95 84
0 11
2 26
16 28
25 93
55 94
56 36
69 42
90 3
93 54
1 45
4 75
5 2
30 23
35 67
56 78
68 70
73 12
78 46
91 95
96 77
60 52
76 69
77 86
64 35
61 0
7 99
19 52
33 47
99 63
99 15
58 99
23 0
8 92
17 81
18 14
38 49
39 91
40 12
45 77
50 2
99 48
0 59
0 21
15 37
38 53
51 59
59 7
78 30
84 66
65 99
36 99
14 12
16 95
22 38
26 68
32 16
32 85
52 50
70 62
79 50
89 5
3 43
6 71
30 50
57 31
59 71
63 14
6 28
20 12
33 25
62 49
66 7
78 36
80 21
9 26
30 61
31 40
56 67
88 19
70 18
5 18
56 44
59 63
