121
20 47
56 55
58 76
72 6
89 37
9 5
16 77
24 10
26 52
42 42
55 29
55 90
61 86
73 42
81 20
93 34
96 11
97 22
2 64
2 70
3 51
6 19
13 35
22 78
23 42
28 19
36 75
39 4
40 83
42 21
44 12
44 48
45 34
47 60
49 76
53 59
54 22
55 41
57 49
59 96
60 36
62 18
64 62
66 64
67 72
69 55
70 45
71 24
72 0
74 71
75 21
76 50
78 2
87 23
93 44
97 87
1 90
2 0
6 81
7 29
7 92
8 73
10 51
12 97
15 51
15 56
17 11
17 92
19 82
22 36
24 57
26 70
28 2
28 39
28 92
29 8
31 49
31 55
34 18
35 62
37 10
39 74
42 66
46 3
46 81
48 54
51 34
52 95
54 66
54 79
56 20
59 1
59 8
59 55
59 73
60 39
64 20
64 90
65 32
66 8
69 63
71 78
74 91
75 56
75 61
78 97
80 73
81 39
82 7
82 44
82 86
83 59
83 93
84 31
86 67
89 3
90 49
95 96
96 28
96 52
97 62
