116
24 38
38 54
30 47
52 99
31 0
3 82
17 5
27 92
28 22
56 7
59 59
63 33
73 57
94 31
33 27
38 7
60 95
61 69
64 6
99 93
0 9
1 34
5 68
17 80
44 39
67 82
74 96
76 20
76 39
82 80
87 54
90 12
73 0
51 0
20 99
6 56
8 25
14 40
21 19
21 54
41 15
41 56
42 90
52 27
54 49
88 72
93 46
9 10
55 71
60 11
66 97
68 51
81 16
84 89
23 8
52 55
26 30
37 39
67 8
94 82
42 45
2 96
25 68
0 50
28 67
36 81
62 37
79 34
98 17
99 43
81 99
0 91
4 74
9 39
34 95
41 82
42 65
48 20
56 85
68 23
69 72
78 61
85 8
86 49
43 0
23 0
10 67
11 18
11 81
58 40
83 68
6 49
9 32
15 90
22 47
37 13
37 60
60 85
66 28
83 40
85 65
23 33
26 84
50 45
66 58
69 91
13 71
27 6
27 54
59 80
69 65
71 9
28 34
33 11
35 53
78 48
