122
75 35
89 44
2 23
8 44
9 23
17 64
22 30
28 14
55 29
67 86
79 96
87 78
96 38
0 33
0 50
0 82
1 39
7 81
12 40
12 49
15 69
16 55
18 84
19 13
19 45
25 70
31 88
38 26
40 81
42 4
42 32
45 55
48 20
49 77
50 83
51 64
60 17
60 51
60 59
66 46
68 19
68 24
69 61
69 70
71 81
72 42
72 50
76 11
79 76
80 86
81 11
81 69
82 29
83 97
85 65
86 17
86 40
87 89
89 54
92 23
94 89
95 45
97 73
0 11
0 24
0 59
0 92
3 5
4 35
6 62
7 30
8 3
8 24
9 57
15 15
20 60
21 0
21 21
23 45
23 77
23 91
24 37
26 65
28 52
29 23
30 34
31 11
33 44
36 93
39 48
40 11
42 61
43 22
46 40
47 32
47 89
48 9
51 4
53 16
53 22
53 75
54 0
54 10
55 85
56 36
56 42
61 21
61 72
64 38
64 80
65 95
70 32
70 91
71 3
72 82
74 14
75 27
78 38
80 50
92 11
93 22
93 28
