118
2 14
25 19
68 47
99 93
10 33
15 76
18 50
27 84
34 46
55 32
60 11
60 66
73 79
74 62
78 14
79 31
97 75
30 28
30 88
78 83
63 55
11 99
0 90
3 46
22 5
25 63
36 72
38 2
48 80
57 94
70 1
90 6
99 66
3 71
5 10
5 28
36 51
59 71
61 88
62 25
71 43
80 65
91 35
5 76
11 47
22 90
30 4
35 37
53 57
67 92
76 20
84 6
87 80
32 15
50 71
61 45
78 42
89 13
2 37
23 42
63 81
27 47
53 64
99 23
43 99
46 14
88 52
99 43
99 2
72 99
56 0
16 0
0 62
16 19
44 84
49 34
86 95
99 59
52 99
36 99
7 99
2 85
28 68
91 20
99 8
0 23
6 7
11 53
12 70
23 27
24 90
52 27
54 43
59 6
68 26
75 46
78 79
84 62
68 99
6 92
30 77
31 23
64 9
84 88
5 43
37 94
40 76
54 38
69 33
7 18
16 85
51 90
61 51
64 82
82 74
20 82
65 33
68 53
