127
77 40
0 31
1 5
2 37
8 66
13 13
17 61
29 52
31 6
40 71
43 14
47 47
52 21
65 88
76 89
79 79
81 28
1 19
5 11
7 69
8 54
10 22
19 65
21 42
23 47
26 76
26 92
27 25
31 37
37 97
40 1
44 23
44 84
45 40
47 93
50 1
50 70
57 72
58 3
60 31
61 38
66 28
66 41
70 33
77 50
77 68
80 85
81 60
82 44
85 11
86 92
89 47
92 15
92 87
95 53
0 49
0 94
1 58
3 74
3 80
4 19
5 33
5 97
7 91
9 86
10 59
11 45
15 29
18 18
20 30
21 2
22 96
26 53
28 30
29 0
29 20
29 43
29 58
31 48
31 97
32 63
33 68
35 21
35 85
36 15
36 55
37 10
38 47
38 79
46 17
51 7
51 57
52 38
53 25
53 45
53 87
54 51
55 92
56 59
57 8
58 75
60 50
60 90
61 61
63 15
64 79
66 95
68 49
68 56
70 14
72 36
73 5
76 23
78 18
78 91
82 1
83 73
87 63
88 0
88 52
89 21
90 36
92 10
94 42
96 94
97 18
97 28
