110
67 20
15 23
28 55
46 39
50 94
52 64
87 40
94 23
5 53
16 67
20 87
32 78
55 6
55 50
61 75
77 60
91 74
98 15
18 30
39 78
40 44
54 25
65 44
6 59
42 91
95 1
85 99
1 92
26 12
75 8
75 74
99 74
20 99
1 23
3 43
21 53
27 31
34 92
42 58
73 43
85 22
88 43
5 19
7 96
22 84
46 79
54 33
56 68
67 16
85 86
89 52
38 99
17 50
32 39
63 65
70 50
79 36
92 83
15 87
48 67
24 93
11 1
0 78
40 14
67 88
99 30
98 54
94 98
13 72
26 10
68 94
1 37
1 14
28 59
33 27
42 7
48 20
68 24
75 57
80 9
92 68
94 5
99 84
99 40
12 32
17 6
28 75
33 45
36 59
54 93
57 10
78 67
14 81
29 24
33 8
42 74
47 29
50 55
55 41
68 35
82 32
11 13
51 11
63 19
84 61
12 95
84 76
16 20
36 50
61 26
