99
79 90
80 97
82 76
28 42
70 88
78 46
81 35
82 42
87 29
88 75
91 82
93 8
14 9
16 19
16 25
24 15
26 7
50 22
51 6
52 42
53 19
58 43
69 34
70 45
73 96
76 16
76 64
78 2
80 11
81 55
85 22
0 2
15 35
15 43
16 48
49 27
51 12
51 34
60 25
66 69
67 15
71 79
73 69
73 86
75 53
78 60
80 69
84 14
88 48
90 91
91 59
93 54
94 83
97 6
0 6
1 14
3 26
8 32
9 3
16 10
18 4
20 42
25 22
33 10
38 31
43 35
46 17
48 0
53 48
54 36
55 1
56 28
58 47
59 38
62 52
65 61
66 6
68 21
68 27
68 52
70 58
73 25
78 26
79 21
79 84
81 60
83 6
83 70
84 33
85 0
85 80
87 97
88 3
89 29
93 67
94 42
95 78
96 11
96 28
