106
97 1
2 3
86 90
89 50
9 10
14 76
33 38
56 29
94 78
6 2
7 64
13 53
15 43
17 17
21 51
24 34
28 63
38 1
42 96
45 25
48 5
54 43
62 0
67 37
79 6
82 58
1 97
2 10
4 20
4 53
18 91
23 83
26 44
26 75
31 18
31 33
32 7
36 13
41 38
45 8
52 77
58 58
61 88
64 51
69 57
69 90
70 20
70 28
71 66
75 47
75 52
76 28
90 54
93 32
0 52
13 54
15 77
18 93
20 62
23 54
25 21
28 88
34 37
34 56
35 76
35 97
37 18
37 87
39 65
40 54
41 30
43 73
46 38
46 66
47 55
49 95
50 21
50 28
53 50
54 90
55 8
56 1
57 44
58 22
59 95
60 79
61 63
65 7
67 41
71 0
73 14
73 19
74 70
76 36
77 87
77 95
79 15
80 78
81 38
82 51
84 17
85 25
85 32
89 9
91 21
92 87
