119
42 88
50 37
8 96
12 75
14 32
23 22
33 14
35 67
40 25
48 20
48 52
51 66
52 91
53 81
61 43
66 30
67 44
67 91
96 71
0 19
0 26
0 59
9 38
9 80
17 63
18 34
18 42
23 24
23 50
27 40
29 19
29 88
30 7
32 31
32 40
40 54
41 44
41 49
44 13
52 45
54 74
58 93
59 57
59 75
60 7
65 81
66 13
69 34
71 42
71 49
75 87
76 33
77 71
79 63
81 3
84 10
88 65
89 74
94 6
0 29
0 47
0 95
5 16
6 25
6 56
8 32
8 51
8 62
10 12
11 91
12 2
12 56
13 42
15 82
24 76
26 45
28 91
31 21
34 0
36 17
36 59
36 73
40 67
42 16
42 33
44 72
46 88
47 53
48 14
52 95
53 86
56 34
59 84
62 97
66 70
67 4
67 65
69 58
75 44
77 18
78 13
80 33
80 72
81 62
83 78
84 41
85 16
86 32
86 57
87 46
88 84
89 76
92 14
93 87
94 49
94 82
95 27
96 95
97 19
