123
7 17
1 65
6 22
14 94
15 4
28 58
28 87
30 13
39 35
44 37
54 41
58 35
62 50
67 59
69 8
70 80
74 83
77 96
83 78
85 70
87 40
2 33
5 39
6 47
9 76
12 51
12 83
13 33
14 23
15 9
19 84
20 71
24 47
27 71
29 79
31 72
32 48
34 87
35 12
39 51
42 9
42 76
44 47
56 57
62 10
65 32
67 0
69 64
71 49
82 86
87 95
89 65
93 26
93 58
95 73
0 8
1 3
1 69
8 62
12 69
13 86
15 13
15 54
16 29
16 39
17 60
18 95
19 49
20 87
22 65
24 21
24 29
28 2
28 59
29 32
32 91
36 20
36 25
37 62
37 86
38 40
39 3
40 91
42 20
42 61
43 55
45 4
45 14
45 95
47 71
50 7
50 17
50 86
53 44
54 70
55 64
57 26
57 80
58 91
60 61
64 93
66 73
69 0
69 12
70 18
70 25
70 34
75 46
75 62
76 8
76 41
78 24
79 34
84 26
84 87
85 49
88 1
89 41
90 92
91 86
92 30
93 4
96 66
