126
52 85
67 17
19 94
21 76
35 70
40 13
40 77
52 35
57 33
62 48
74 39
79 2
2 21
4 37
7 5
8 59
10 93
11 40
14 50
15 9
21 58
21 66
22 34
23 42
26 4
27 69
29 86
29 91
31 29
33 25
36 5
36 64
41 42
42 51
46 9
47 30
47 59
50 5
50 76
54 53
55 95
56 3
58 8
60 87
64 49
64 63
71 52
71 61
75 42
77 85
78 90
80 70
81 78
85 56
89 13
89 51
89 64
91 82
93 75
95 45
0 9
0 60
0 92
2 73
4 85
4 94
7 79
10 19
10 62
10 97
12 86
15 48
18 4
18 16
18 85
23 28
25 49
25 60
29 36
29 96
30 9
32 47
34 87
35 10
39 24
39 95
41 83
45 68
45 78
45 90
46 95
47 43
50 27
52 19
53 69
54 14
55 62
61 22
62 11
63 73
65 28
66 0
66 4
66 67
69 10
72 63
72 97
73 15
79 45
81 83
82 71
84 27
84 94
89 40
89 53
90 85
91 7
95 28
95 36
95 80
95 85
96 50
96 60
96 66
97 6
97 55
