96
25 14
16 25
6 13
4 57
16 78
75 18
1 2
21 83
29 4
28 19
14 99
24 63
50 89
53 5
67 91
95 31
1 21
11 53
74 25
12 26
17 68
12 89
20 9
11 20
99 59
99 9
48 65
54 23
58 76
59 51
65 37
67 64
80 58
83 72
88 46
96 0
54 99
0 69
15 1
18 50
26 97
65 14
69 87
81 32
86 82
90 20
99 42
30 74
59 27
60 44
62 68
84 55
88 76
7 73
56 12
59 97
75 84
85 9
91 60
72 65
80 23
9 63
21 71
20 17
1 90
26 49
69 3
74 45
97 73
99 57
99 37
25 32
26 90
50 83
80 4
70 99
5 99
0 84
0 28
29 88
73 50
84 40
93 23
94 6
94 81
9 95
62 6
65 82
73 94
24 12
66 35
85 54
13 59
14 96
80 17
19 92
