115
0 5
43 40
99 5
3 80
12 32
15 47
17 67
25 24
30 50
33 86
49 83
51 62
56 24
66 79
77 58
83 14
91 63
7 11
26 18
50 76
85 4
26 75
41 89
64 66
86 57
99 50
5 96
27 3
55 10
55 97
59 47
71 32
72 92
81 81
85 38
96 79
99 39
19 81
35 34
37 53
54 31
60 9
79 95
86 18
19 39
20 17
34 13
43 60
50 45
68 17
72 55
73 77
96 64
42 32
63 87
19 8
36 81
78 87
79 63
18 27
33 40
71 83
99 24
26 99
0 53
93 93
99 9
68 0
11 99
0 45
3 19
3 59
71 39
85 33
7 0
3 26
3 87
12 68
26 56
31 70
46 13
51 59
99 12
77 99
3 0
9 82
49 4
49 27
60 46
60 96
71 30
80 8
82 41
11 14
45 68
57 79
58 60
60 14
85 44
86 95
24 6
26 33
34 49
39 25
57 38
65 52
85 48
67 38
85 85
88 38
9 22
27 26
36 43
54 69
46 41
