114
2 85
7 40
44 3
67 85
90 56
22 73
37 38
51 45
64 58
66 4
74 20
84 91
90 29
96 78
10 84
51 10
96 25
96 60
39 47
99 9
49 99
7 99
0 60
0 27
1 8
24 27
30 60
36 74
46 61
50 83
52 24
76 43
77 74
85 10
96 42
12 70
18 89
49 68
55 38
63 65
67 30
69 92
81 76
99 72
0 95
2 17
22 60
24 83
26 43
54 91
59 44
69 58
82 48
43 31
43 51
82 64
46 41
29 9
99 91
87 0
27 99
5 0
2 45
14 53
18 22
22 41
30 1
37 21
69 4
99 18
64 99
52 0
1 63
4 24
21 97
34 84
70 35
75 20
83 5
84 31
85 87
97 56
56 99
7 76
9 39
27 57
30 23
35 70
43 7
52 67
53 85
66 9
70 95
97 10
14 93
41 55
60 58
73 34
76 58
84 43
86 28
90 60
8 31
15 64
25 76
29 46
43 70
44 91
65 49
77 67
89 24
92 38
29 65
82 52
