86
92 11
92 25
92 31
92 40
92 78
92 90
73 51
92 15
92 45
92 55
92 62
92 67
92 83
92 95
96 25
96 78
3 2
14 51
37 29
90 7
90 50
96 11
96 31
96 40
96 89
5 61
8 10
12 73
14 20
17 93
18 15
21 61
36 73
39 15
40 51
43 82
46 5
49 10
50 61
59 58
65 31
75 2
75 12
75 81
77 18
79 38
79 93
81 57
81 73
84 26
94 3
96 15
96 45
96 55
96 62
96 83
3 4
3 81
3 87
4 31
4 39
14 55
19 26
19 34
25 38
25 44
29 0
32 42
32 47
32 90
32 97
33 31
45 33
45 38
49 18
49 26
57 52
59 0
62 58
89 18
89 33
89 68
89 73
94 50
94 67
94 93
