122
29 27
36 50
51 31
65 55
93 72
10 27
17 20
19 61
26 78
36 8
36 76
39 14
42 38
49 23
49 82
53 41
70 85
75 68
89 94
2 36
4 50
7 79
8 14
12 62
12 91
13 49
14 24
16 66
18 50
23 34
25 43
29 48
32 67
34 43
37 4
44 17
50 94
51 5
61 14
64 95
67 61
69 45
69 77
73 40
79 22
80 94
82 29
85 54
88 17
88 43
89 59
96 33
97 24
0 15
0 84
4 41
4 71
6 53
9 79
9 96
12 9
15 35
16 72
16 84
19 2
19 90
21 25
21 80
22 10
26 0
26 41
27 61
28 5
28 11
30 35
37 60
38 55
39 20
39 80
40 31
42 40
43 62
46 88
49 52
49 73
51 64
52 11
52 21
53 0
53 3
53 83
58 79
59 72
59 86
60 0
63 49
65 17
69 3
72 71
73 18
74 58
75 33
76 7
76 41
78 86
80 76
82 34
83 10
83 96
85 67
85 84
87 23
88 89
89 0
89 6
90 12
91 82
92 75
93 57
95 50
96 96
97 1
