124
51 53
4 63
27 52
34 43
88 97
0 92
17 34
28 24
29 13
29 95
44 40
45 91
49 0
53 15
57 23
65 76
77 82
90 31
1 46
4 65
6 3
9 46
11 36
14 70
15 5
16 24
19 59
20 90
26 81
31 68
34 77
43 27
44 82
45 32
52 83
56 93
61 32
61 45
61 67
73 69
74 25
79 71
80 22
87 12
89 45
92 58
93 78
94 36
95 6
96 22
97 44
97 90
0 13
0 29
0 50
0 55
0 96
4 91
5 11
5 47
6 64
7 27
8 57
10 39
11 76
11 97
20 45
20 64
20 91
21 9
22 73
23 30
26 1
26 56
27 90
31 15
31 60
32 29
32 80
33 2
35 9
37 29
42 13
43 1
47 54
49 20
49 26
49 47
51 37
53 0
55 62
55 86
57 79
58 36
59 0
59 14
60 87
61 60
62 42
63 81
63 92
65 49
65 55
70 36
70 53
71 0
71 28
71 83
72 7
73 44
73 92
76 39
76 87
77 57
82 49
82 79
83 57
88 14
88 69
91 97
95 54
95 68
96 59
97 30
