87
95 35
94 2
27 18
37 26
95 28
26 94
28 3
66 26
56 93
28 9
27 59
55 73
93 73
84 37
96 45
36 2
55 0
9 53
85 0
26 83
50 26
84 71
92 54
56 27
83 26
97 22
0 76
11 87
16 36
40 84
71 83
73 13
25 36
25 51
25 73
50 94
83 57
4 82
57 37
64 84
82 16
93 7
14 85
15 60
47 85
93 67
61 28
84 47
88 99
0 37
0 9
43 51
72 97
60 0
30 99
0 61
2 27
44 58
61 70
71 58
92 93
58 99
3 94
10 39
15 71
16 4
16 24
28 44
29 65
41 17
48 40
62 14
73 36
99 38
10 95
27 79
40 89
15 50
21 97
79 7
92 14
35 83
54 85
65 94
93 25
17 41
25 89
