117
31 61
38 6
65 26
39 71
0 42
6 1
19 36
38 88
40 34
50 62
61 10
76 46
88 4
21 41
27 54
44 10
44 42
55 73
73 24
34 77
59 64
0 90
5 69
11 18
11 53
68 97
70 81
82 95
84 76
86 35
92 22
95 54
4 84
21 67
26 91
41 51
42 20
53 43
56 25
66 57
91 36
91 68
92 93
5 41
8 87
24 31
70 87
80 21
85 51
94 74
10 63
16 50
38 81
45 27
81 36
20 52
30 68
90 25
48 99
20 3
97 0
0 9
1 28
12 17
19 96
53 84
66 11
73 60
81 7
99 69
99 47
47 0
30 0
15 81
32 21
46 56
55 79
69 75
71 39
77 63
97 15
0 52
0 37
34 47
45 94
47 4
50 23
61 93
81 12
92 82
10 27
15 93
23 76
35 66
36 13
43 36
52 58
66 28
70 53
75 77
7 8
14 36
30 52
70 21
79 51
88 8
8 49
17 60
41 79
47 28
59 86
63 67
84 45
89 19
36 55
58 19
25 61
