113
12 36
57 25
82 64
2 9
2 67
6 24
10 52
31 91
41 57
46 64
50 35
51 97
53 88
56 96
59 66
68 80
76 53
76 69
78 28
91 76
92 34
0 29
1 49
8 72
9 42
9 64
12 26
15 35
16 52
20 37
21 63
22 30
25 96
28 16
28 50
30 30
34 12
36 4
42 78
44 0
49 43
49 65
52 30
54 44
55 50
60 53
65 14
65 51
75 36
78 86
88 18
88 45
88 86
90 25
92 10
93 83
96 45
96 51
96 89
0 93
1 16
4 34
4 76
8 90
11 11
11 95
13 76
15 70
18 8
19 54
23 11
27 70
28 82
29 57
33 80
34 28
35 85
37 22
40 44
40 51
40 68
42 8
43 22
43 35
46 48
50 9
56 80
57 88
58 23
58 58
59 12
60 33
62 95
63 83
67 3
69 87
70 11
71 20
71 60
72 45
72 95
76 17
76 55
77 10
80 4
80 79
81 87
83 67
84 96
85 73
91 37
92 92
96 32
