114
87 5
2 83
93 28
94 12
11 49
26 65
28 14
30 93
36 77
42 55
44 16
53 73
54 29
57 10
63 83
71 26
94 71
95 42
19 45
69 4
80 22
36 7
76 10
82 29
75 99
60 99
0 39
2 11
15 92
18 4
30 29
45 93
56 50
68 68
76 47
85 83
97 56
4 20
4 73
26 58
55 36
60 54
71 84
80 54
68 99
6 89
12 55
33 71
42 82
57 69
60 4
63 40
84 62
97 50
40 66
91 36
59 59
78 91
79 73
83 15
49 80
99 87
18 77
39 40
43 0
32 99
12 0
0 40
8 24
42 20
34 0
9 99
0 88
4 58
11 72
13 20
24 37
35 47
44 60
58 14
68 42
92 89
97 16
78 0
53 0
18 70
20 86
28 20
38 30
43 44
58 19
59 92
80 45
6 40
25 46
31 85
42 12
56 54
62 73
65 38
69 60
90 8
27 66
40 49
56 22
68 78
72 13
0 49
35 15
59 25
84 51
89 22
26 73
49 14
