120
7 71
13 90
34 41
47 91
93 89
0 49
41 59
41 95
44 36
46 61
51 35
51 85
61 64
67 47
67 75
68 33
70 56
71 23
72 91
86 20
89 51
0 22
3 64
3 85
8 53
13 44
14 32
14 96
17 56
18 90
20 3
22 77
26 8
26 81
27 64
28 33
29 40
30 15
32 77
34 5
34 83
36 36
46 50
52 93
55 84
56 55
56 76
57 97
61 16
74 24
78 44
78 83
80 56
83 41
83 69
83 84
86 57
89 27
0 3
0 91
1 11
1 29
1 76
2 97
7 1
7 19
8 67
9 12
9 75
11 80
13 17
13 59
17 24
18 70
19 96
22 57
26 51
26 85
27 71
31 56
32 30
32 62
34 16
34 72
37 47
38 27
39 12
40 82
41 87
43 72
46 3
46 15
46 20
48 49
51 62
63 56
66 15
67 77
68 5
69 57
69 96
70 0
75 48
77 73
78 9
79 95
80 32
83 3
84 42
84 77
86 9
86 93
88 2
89 36
90 69
91 81
93 11
93 94
97 73
97 87
