118
60 43
66 92
70 1
95 37
8 48
14 38
14 43
24 22
29 92
34 53
50 86
55 38
67 62
67 71
69 80
72 6
76 23
84 46
87 31
88 2
89 89
92 7
94 15
95 60
0 49
1 10
5 61
8 91
10 97
11 70
18 96
31 44
34 62
36 86
36 92
38 0
38 71
43 16
43 60
48 26
54 78
64 16
65 36
65 86
78 11
78 95
79 30
79 67
82 51
83 84
96 84
0 34
0 97
2 53
4 24
4 34
4 74
8 3
12 30
14 0
14 45
14 64
15 78
17 10
18 5
18 30
20 83
21 88
22 0
26 73
28 27
28 68
30 46
30 94
32 17
36 51
40 31
44 73
45 11
45 43
46 59
47 1
48 16
48 54
50 46
52 92
53 11
54 25
54 60
57 95
58 51
59 13
59 64
60 71
60 77
65 18
65 28
65 45
71 24
72 42
72 89
75 4
76 60
80 74
80 87
81 11
81 61
82 68
86 12
86 38
88 79
88 95
89 52
94 78
95 61
96 15
97 9
97 23
