119
38 67
50 39
23 96
29 18
34 45
35 90
44 72
45 63
50 16
50 71
55 70
60 6
68 21
78 85
81 92
84 30
88 94
94 3
94 65
96 9
0 39
0 55
8 58
13 59
14 70
15 90
16 21
23 4
23 56
26 70
27 79
29 61
34 83
39 93
40 1
43 12
44 21
48 81
49 26
50 23
51 95
53 46
56 84
66 36
67 65
72 79
73 67
74 53
77 96
81 11
88 21
90 91
92 47
93 37
94 17
95 54
96 89
1 90
3 28
4 20
5 50
7 10
7 93
8 5
8 40
11 29
11 34
12 81
16 75
21 83
22 22
22 73
23 47
25 11
26 0
26 42
27 37
27 90
29 20
30 5
33 31
33 50
34 76
36 44
37 83
38 6
42 52
42 87
44 47
62 15
63 72
63 84
66 1
66 59
67 97
68 86
70 11
71 16
72 56
73 30
74 4
77 97
78 39
79 54
79 66
80 60
85 53
86 47
86 66
87 5
87 83
88 0
90 20
90 93
94 80
96 2
96 60
97 27
97 88
