108
11 2
39 58
58 22
61 95
65 12
35 98
8 98
8 30
14 43
20 68
23 30
33 45
39 10
46 31
54 59
61 38
67 70
88 83
92 22
13 85
35 85
47 8
73 67
38 90
53 15
6 16
20 15
71 28
78 93
89 48
95 65
98 34
20 99
4 98
0 39
5 84
16 54
26 64
28 46
29 4
40 65
47 45
54 94
65 7
68 42
81 66
1 21
21 23
21 86
41 79
54 44
61 83
79 34
8 38
34 51
34 66
43 16
75 77
79 55
48 53
55 31
35 74
98 9
87 0
1 59
79 14
99 86
99 51
86 1
15 1
37 31
99 38
68 1
59 99
49 1
1 51
8 76
48 77
55 61
72 27
81 90
98 28
16 50
17 64
25 5
27 86
35 22
68 82
69 58
87 63
90 4
19 71
28 42
51 4
51 84
62 17
72 4
77 23
86 36
29 11
31 36
35 65
44 26
50 39
65 87
43 72
24 67
56 3
