113
66 42
82 77
1 13
23 29
23 63
28 96
38 67
40 43
44 14
72 89
73 55
76 31
88 15
29 22
31 85
41 59
74 72
99 6
63 0
0 62
3 41
12 93
15 11
25 44
32 3
42 95
48 82
56 24
57 93
90 56
92 39
96 74
8 31
14 67
16 88
41 35
46 4
56 50
57 78
64 17
70 69
71 96
72 4
80 16
85 83
32 18
37 52
46 38
52 1
61 36
74 96
75 37
83 54
92 70
94 13
94 45
13 24
29 75
45 70
65 50
82 36
50 67
62 87
84 7
20 20
32 66
1 76
94 94
99 24
28 99
26 0
3 0
3 58
9 45
23 44
99 79
99 52
18 0
6 75
14 97
17 59
46 19
51 53
62 64
94 28
60 99
2 10
21 37
55 30
62 11
6 15
8 59
24 58
29 14
33 29
56 70
65 83
67 59
36 74
47 23
55 36
69 44
82 31
83 75
12 39
27 28
34 13
79 45
84 22
62 34
83 45
41 22
68 36
