119
60 55
82 74
42 35
43 24
3 22
4 91
6 6
19 41
35 21
35 92
41 69
42 49
44 94
68 66
76 35
90 33
92 68
4 42
4 97
9 84
22 91
23 82
27 69
29 6
30 52
31 27
32 34
32 77
32 86
34 46
35 56
38 85
39 12
40 97
50 91
52 68
57 84
58 7
59 75
65 85
65 93
66 36
67 71
68 47
70 6
72 87
75 13
76 84
78 3
78 27
79 89
80 54
81 47
83 8
86 82
88 11
91 60
95 3
95 48
96 90
97 8
0 64
1 35
2 55
2 70
3 48
8 48
11 28
11 74
12 16
13 90
13 95
17 19
18 60
20 47
21 40
22 94
23 35
29 19
29 40
29 92
30 13
33 25
36 31
37 1
39 16
41 57
45 28
45 35
45 66
47 10
49 49
50 28
51 5
53 22
54 79
56 30
56 41
56 47
56 95
61 3
61 70
64 52
67 23
70 59
70 95
73 72
78 17
80 39
84 1
84 16
85 71
87 89
87 95
89 38
90 21
93 31
94 54
96 65
