113
11 11
17 31
20 44
99 37
6 71
24 86
25 58
33 23
47 45
59 35
61 20
74 61
78 13
79 34
81 74
93 66
15 5
33 83
40 28
81 20
26 49
67 33
98 51
98 9
61 1
4 98
1 23
48 68
54 84
65 74
89 86
90 0
24 1
1 87
20 74
38 85
53 13
74 85
83 39
94 89
96 65
1 12
3 76
9 30
23 33
29 69
48 54
50 39
78 5
86 48
92 14
96 80
22 10
31 33
54 22
62 9
69 78
71 26
72 12
45 0
3 48
62 49
99 99
99 29
7 57
15 88
39 57
39 96
43 71
54 89
68 92
9 35
14 57
24 17
31 4
47 6
62 60
79 96
80 58
98 19
76 1
17 82
29 96
30 54
44 43
44 74
61 76
63 45
88 46
94 33
94 60
22 1
4 19
9 43
13 66
19 24
54 27
65 52
73 40
84 73
17 47
19 65
25 78
31 45
34 61
56 83
70 85
82 14
91 25
95 72
10 25
36 38
23 44
