123
12 11
18 31
22 42
6 71
15 5
26 49
27 56
33 23
47 45
59 35
74 61
78 17
80 9
80 32
81 72
93 66
97 34
0 20
2 85
2 97
10 28
21 0
22 5
22 32
22 81
24 86
30 33
30 67
30 83
35 83
36 27
48 68
49 55
51 37
53 26
54 13
54 85
60 18
61 2
62 9
63 76
64 33
70 77
71 26
74 83
84 37
86 48
89 85
90 12
93 76
94 60
94 89
96 48
97 7
0 7
0 74
1 12
4 46
4 74
5 17
6 35
7 57
10 22
10 41
11 88
12 66
13 47
14 53
18 45
18 69
18 75
19 24
19 62
22 10
22 18
24 58
24 75
29 92
31 4
31 45
35 59
37 36
37 85
37 92
39 54
39 67
40 0
40 24
42 44
43 74
48 4
52 18
55 87
57 20
57 81
59 49
62 41
62 70
63 58
65 83
66 50
67 30
68 89
70 13
71 8
71 41
72 0
78 1
79 21
79 92
81 16
81 56
85 0
85 71
87 21
88 44
89 31
90 0
93 17
95 25
95 65
96 77
97 95
