118
34 31
7 48
71 94
3 94
5 2
7 17
16 38
17 22
19 3
32 38
38 48
43 7
45 39
54 95
63 55
64 4
71 58
72 79
74 17
78 48
96 22
1 32
3 74
4 25
6 7
9 82
11 22
15 58
17 48
27 5
27 24
31 87
33 40
33 73
33 92
38 33
38 66
49 47
50 68
52 36
52 74
54 42
61 18
63 28
63 81
64 72
66 92
69 3
72 88
75 68
77 33
81 20
84 53
87 41
91 1
93 76
97 91
0 11
2 61
5 70
7 0
7 88
8 6
9 39
10 28
12 95
13 9
14 65
16 70
17 26
17 50
18 42
19 96
21 19
21 79
23 91
25 84
26 62
28 67
33 7
34 15
34 95
35 0
35 76
39 55
42 26
43 93
47 52
50 59
53 19
54 50
56 26
56 93
57 66
60 38
62 60
63 11
67 76
69 44
72 2
72 25
75 59
75 72
77 95
78 35
79 30
81 0
84 73
86 59
86 65
89 44
90 36
92 10
94 79
95 52
95 96
96 28
97 21
