108
14 74
26 61
43 87
49 48
64 75
74 54
4 2
4 48
14 24
16 10
27 87
33 3
39 16
49 27
52 8
87 31
87 67
91 92
95 8
9 78
13 45
49 94
60 8
65 82
77 41
45 20
19 99
31 44
41 67
61 39
63 22
74 9
99 74
1 11
34 32
42 81
54 73
55 55
74 87
77 24
78 70
91 25
5 54
9 85
18 35
20 67
37 97
47 38
61 68
83 11
83 56
13 90
21 50
23 76
53 22
57 82
65 64
66 16
83 20
16 81
63 96
93 46
99 23
19 0
3 29
24 14
40 59
63 43
77 93
92 93
99 67
59 99
45 0
16 99
3 93
29 17
32 36
45 45
65 2
79 79
90 47
99 33
5 9
7 70
18 60
28 50
35 66
45 98
67 23
74 45
10 15
20 26
31 8
53 32
71 28
77 69
81 93
14 4
34 24
37 38
44 14
56 76
59 90
64 49
51 13
71 78
74 13
59 15
