113
5 37
24 73
39 80
47 25
12 45
4 80
29 7
42 66
44 3
57 52
60 8
61 27
64 67
74 77
76 9
89 53
90 5
19 48
20 34
34 92
49 69
70 33
69 13
44 76
99 30
95 99
2 94
4 7
16 89
32 54
59 85
74 47
83 25
84 87
4 55
11 3
20 14
26 27
40 24
50 52
93 59
39 0
10 81
21 56
24 79
28 34
35 59
51 55
53 30
68 51
73 89
75 65
81 4
87 31
4 45
30 87
55 78
60 37
65 19
92 23
71 2
72 26
99 78
57 99
41 40
99 1
72 99
42 99
6 99
0 62
12 21
88 45
89 68
94 97
27 99
1 76
17 62
31 13
33 40
45 17
48 94
82 89
90 73
92 14
2 69
12 17
19 93
21 64
59 11
60 78
82 46
99 67
90 99
11 36
33 45
39 73
47 19
48 41
61 61
68 84
83 40
85 20
88 82
90 53
80 99
15 77
28 59
41 81
71 17
36 53
47 62
48 26
88 87
