114
97 3
8 96
11 4
50 9
51 74
91 91
3 57
4 42
8 79
22 29
23 52
24 10
41 87
60 47
72 59
80 7
85 72
45 65
54 78
74 51
82 91
83 12
90 75
11 88
13 13
27 40
25 99
26 85
29 67
36 2
37 18
38 50
43 32
61 18
67 84
69 30
84 27
92 50
0 14
6 58
48 27
66 67
78 45
89 32
99 84
13 32
26 6
27 78
30 26
48 88
52 35
58 13
72 8
86 63
92 18
33 56
59 70
51 85
62 99
99 36
79 99
7 0
0 79
0 25
48 60
70 83
98 21
99 75
59 0
34 0
10 99
5 72
11 44
20 66
35 96
52 45
67 24
73 37
88 46
11 93
16 51
19 26
22 82
32 42
34 73
43 11
64 53
71 78
77 13
84 89
88 66
0 84
16 11
17 48
35 35
47 53
49 38
92 39
12 74
15 33
25 22
33 87
38 28
39 12
41 75
51 20
59 62
78 35
83 17
90 86
93 32
59 27
86 11
60 80
