116
7 15
12 11
15 43
30 10
67 41
85 67
3 62
10 51
10 96
20 53
22 79
43 15
43 81
45 65
63 79
66 9
70 56
74 41
85 39
0 28
4 56
7 72
8 26
8 81
13 5
14 60
14 97
20 39
20 60
21 47
23 25
23 96
30 59
31 32
37 75
38 36
39 43
40 51
42 92
46 49
49 21
50 60
55 42
62 61
64 72
64 92
66 34
69 1
72 76
73 11
77 54
80 0
87 10
91 51
91 91
92 34
92 42
95 82
97 54
1 88
3 45
7 65
8 35
9 29
12 51
13 83
14 30
20 81
21 28
21 54
24 44
27 86
29 41
31 75
35 22
36 58
36 66
38 7
39 27
42 17
42 57
45 27
46 39
46 44
47 4
49 81
50 66
50 86
51 35
51 48
53 30
54 17
55 63
57 73
59 83
61 97
65 66
67 46
67 81
69 36
71 61
74 19
74 97
76 7
76 74
77 42
81 17
81 49
81 89
82 75
84 28
87 60
88 95
95 23
96 96
97 10
