118
30 58
56 68
62 54
63 66
75 37
91 40
10 72
18 48
31 34
35 61
36 71
39 29
45 66
60 45
64 49
75 23
90 75
94 87
0 18
1 1
4 66
7 26
12 18
15 44
18 26
18 94
21 56
22 44
23 10
27 18
28 1
29 48
38 22
40 74
43 20
43 91
46 73
47 7
47 49
51 28
55 16
55 83
59 60
63 78
64 22
70 92
72 84
74 66
81 57
82 62
85 4
85 31
88 95
92 8
93 44
93 77
94 28
95 53
0 19
0 38
0 46
0 51
5 38
5 44
5 97
6 31
6 73
10 0
11 66
12 35
13 23
14 84
17 0
21 81
21 89
23 35
24 22
26 50
27 80
27 89
28 68
33 25
35 0
37 49
37 87
38 64
40 6
40 58
42 97
44 25
47 94
48 31
48 39
49 61
52 53
52 73
55 21
57 7
59 31
61 87
62 82
64 76
65 5
68 16
69 60
71 95
73 11
74 2
74 52
75 89
76 94
79 22
81 80
83 10
86 0
86 52
95 8
95 34
