111
4 7
45 58
86 17
92 18
56 99
2 47
12 73
15 41
17 96
22 12
23 29
30 59
36 94
37 14
38 35
69 44
71 72
84 95
91 36
3 59
45 48
45 90
52 64
22 18
35 65
28 28
50 53
38 58
33 80
49 5
53 20
57 35
65 86
67 21
82 56
92 83
12 0
0 65
17 68
47 85
71 37
79 10
92 44
93 76
40 16
51 81
71 91
73 77
16 25
42 95
41 78
42 23
55 88
67 0
3 99
0 33
4 85
93 4
96 59
99 92
52 0
0 18
16 45
18 88
30 42
56 67
72 58
99 41
99 11
88 0
82 99
5 79
18 3
23 82
35 6
54 14
73 36
85 68
96 55
99 39
9 46
14 17
14 62
23 44
28 78
31 56
38 30
57 74
58 39
72 86
75 18
76 51
86 83
91 27
7 93
34 73
45 33
64 72
75 26
86 61
21 26
27 86
28 13
47 19
93 12
22 30
48 71
74 68
20 75
14 34
32 17
