124
68 64
85 24
1 76
5 14
9 97
31 95
32 63
50 19
50 83
51 29
52 74
53 5
54 37
65 58
76 3
78 47
93 22
95 11
97 16
2 47
2 61
6 50
10 79
12 28
17 47
19 54
20 84
25 74
26 80
28 87
30 75
32 7
34 51
36 60
38 93
40 44
44 57
46 24
60 72
60 90
61 6
62 25
66 77
67 50
69 35
71 82
75 59
76 7
79 52
82 92
84 18
92 43
0 38
0 79
1 15
2 84
2 89
4 57
6 6
6 20
7 62
8 85
10 50
11 2
11 91
13 83
16 69
17 10
17 90
20 33
21 24
24 1
25 43
25 48
29 12
29 84
30 41
30 90
31 70
32 53
32 78
36 36
40 30
43 85
44 41
46 64
46 92
47 8
51 76
52 11
54 0
54 51
56 76
58 82
59 52
60 38
61 60
63 29
63 97
64 0
64 17
65 22
67 67
69 95
70 16
70 89
76 78
76 89
77 7
77 54
78 64
82 28
82 83
84 11
84 54
87 28
87 94
89 35
93 96
94 26
95 0
95 36
96 72
97 62
