122
21 21
27 51
94 0
9 36
9 43
14 33
25 84
27 32
35 31
37 58
38 86
39 64
45 76
61 90
66 41
68 92
79 29
95 45
3 42
4 0
4 81
4 89
6 16
10 8
10 25
11 0
14 63
20 76
24 11
24 71
25 91
25 97
29 23
29 35
30 54
32 76
39 39
41 2
44 84
46 20
46 30
48 47
48 95
49 72
50 79
52 56
54 64
56 44
57 97
58 61
59 17
59 76
60 50
74 75
84 32
88 56
90 16
90 85
0 14
1 69
4 48
8 68
9 38
9 54
11 97
13 5
13 10
14 53
14 91
16 82
17 67
20 46
23 57
26 9
29 63
31 43
31 82
33 95
34 5
35 76
35 89
36 10
39 25
45 2
46 7
47 32
50 19
52 0
54 12
54 28
54 35
54 72
56 53
56 80
59 21
60 33
64 14
65 2
66 58
67 22
73 36
73 91
76 63
77 96
79 4
81 16
82 0
82 10
82 22
82 65
87 66
89 3
90 42
90 76
92 64
94 7
94 30
94 93
95 80
95 86
97 51
97 61
