112
12 50
19 77
27 96
82 0
40 90
86 26
91 57
3 50
11 11
18 63
39 68
50 39
57 56
65 82
70 14
82 80
95 95
90 7
93 50
93 74
9 45
19 55
74 76
93 15
0 87
5 25
20 31
26 8
36 37
46 12
66 28
74 93
0 58
8 3
10 77
22 25
31 69
44 76
46 90
51 43
52 9
72 36
90 40
96 1
14 82
24 46
45 66
55 14
67 73
88 66
4 15
9 64
15 40
61 99
10 97
36 22
36 54
99 88
75 0
41 0
0 33
24 94
27 10
58 58
66 45
79 94
99 70
55 99
0 80
0 65
31 40
38 25
52 74
61 86
66 5
66 23
79 65
80 27
94 22
38 99
6 30
21 1
23 60
31 86
40 56
50 46
82 53
95 15
4 62
8 20
13 91
22 16
23 69
29 39
33 5
38 84
43 20
47 4
65 89
75 7
78 36
26 54
55 53
86 29
86 60
6 82
18 16
21 86
38 16
73 79
5 53
37 45
