111
65 64
58 36
91 43
95 80
6 87
10 63
16 39
20 84
24 24
30 5
36 33
39 82
65 84
73 24
74 47
87 97
24 81
51 31
75 63
78 37
36 99
10 26
13 4
20 53
36 63
43 46
50 64
52 90
81 10
95 11
1 94
1 75
7 42
24 51
36 5
55 22
59 48
66 78
66 95
87 57
92 34
3 66
18 13
19 65
25 95
40 60
67 48
69 15
73 31
77 94
86 18
14 34
58 94
14 49
19 29
50 38
71 51
21 43
69 37
68 1
2 14
80 80
99 94
99 31
85 1
19 98
6 0
1 40
41 20
44 4
89 66
99 85
1 28
2 57
7 90
18 68
43 85
52 96
59 8
72 65
88 48
99 39
79 1
22 1
27 16
28 30
41 68
47 22
59 71
83 19
85 74
11 98
2 50
6 78
8 20
14 5
30 40
46 53
49 93
60 52
66 84
22 61
41 36
55 29
80 26
4 34
18 19
71 77
81 43
16 58
52 40
