113
48 48
18 96
82 40
82 98
69 0
51 99
2 8
15 69
29 10
38 28
39 89
51 17
67 32
74 62
80 84
82 23
83 6
6 6
38 10
40 36
51 83
78 70
91 21
49 34
31 18
99 74
12 22
22 34
24 80
28 47
35 64
60 64
65 93
88 57
9 99
4 71
26 79
37 58
48 72
57 4
58 45
61 18
70 53
75 20
91 62
37 0
35 89
95 54
29 32
53 91
69 73
72 27
73 9
76 49
87 71
25 71
46 42
99 96
99 8
6 45
16 55
87 0
52 0
0 92
0 77
0 62
20 7
67 92
90 85
98 22
3 0
0 19
14 57
20 94
33 49
39 72
45 15
62 70
85 42
94 89
99 68
99 14
65 99
6 78
27 1
42 1
47 58
54 20
58 34
74 56
90 27
94 48
12 11
16 89
22 42
27 19
58 84
59 13
72 80
81 91
90 7
32 44
54 38
64 8
71 39
76 66
84 26
92 68
80 82
48 14
80 14
80 63
92 13
