120
20 60
78 49
84 63
13 64
13 80
21 54
23 9
23 96
27 63
38 49
40 34
44 74
45 45
65 52
67 7
73 6
86 33
96 50
0 86
3 41
4 91
6 61
7 29
14 18
14 97
15 11
15 29
17 35
20 1
20 76
22 57
25 12
25 49
27 25
28 28
32 46
34 52
34 97
38 86
42 3
46 78
50 50
54 11
55 58
59 88
60 12
63 35
67 63
67 68
68 34
68 81
68 95
72 76
75 41
76 17
78 51
81 93
89 93
90 18
94 72
1 46
2 0
2 33
3 8
3 54
3 75
4 97
8 40
10 71
15 81
16 49
18 64
20 32
29 71
29 77
31 66
33 16
34 72
39 54
40 77
43 15
44 67
49 22
49 67
49 91
51 2
52 30
53 83
53 97
54 67
56 78
58 0
58 94
59 4
60 22
60 56
61 83
65 43
65 54
66 11
70 54
70 59
71 0
72 9
72 80
74 32
76 73
77 62
79 24
83 18
83 77
86 68
89 24
89 46
92 37
92 77
93 31
93 83
94 13
95 42
