165
34 99
96 61
99 28
0 18
9 50
14 21
21 42
27 28
30 54
33 76
47 92
49 33
53 7
62 61
70 5
74 49
74 69
83 84
86 41
50 83
78 65
88 55
5 14
16 46
27 35
85 70
90 30
30 42
99 98
99 77
99 7
82 99
40 0
25 0
10 0
0 94
0 79
0 39
6 64
14 76
21 91
29 14
41 63
42 20
45 49
57 21
61 42
62 91
71 19
72 33
85 14
99 0
83 0
74 99
67 0
50 99
3 0
0 38
6 92
10 28
17 62
24 87
30 72
43 35
46 63
47 77
59 56
63 75
75 84
95 92
96 43
51 0
35 0
19 0
0 73
0 58
0 17
14 14
24 58
37 14
38 91
55 26
57 40
62 57
70 14
85 21
94 57
97 82
98 14
99 35
91 0
90 99
58 99
26 99
5 35
7 78
21 14
29 28
34 48
37 77
48 67
49 5
58 77
64 37
70 90
77 49
78 34
42 99
0 10
5 56
16 81
21 63
37 49
46 30
61 21
62 72
64 6
78 54
79 16
86 84
96 51
98 21
0 87
6 42
17 5
22 77
32 32
33 5
40 44
45 14
54 47
54 91
79 40
88 64
0 29
14 36
22 19
26 68
32 81
55 61
62 26
64 81
77 91
80 30
6 86
8 4
14 55
24 4
30 62
33 22
38 6
42 70
47 19
63 47
65 15
69 77
86 35
86 91
6 19
23 47
46 40
53 84
71 41
58 68
53 35
