89
7 49
48 68
65 72
3 24
14 72
19 60
20 38
21 82
34 62
34 97
35 90
52 71
1 89
2 53
4 19
6 43
8 14
8 97
13 39
17 44
27 82
27 91
29 43
31 48
31 74
34 77
46 92
50 86
53 77
60 75
65 85
68 91
76 79
2 93
3 59
8 21
8 92
9 29
10 84
13 15
15 77
17 53
19 84
20 75
21 29
22 67
24 85
26 65
31 92
35 81
36 43
37 96
40 52
46 78
48 56
48 96
53 58
55 96
56 65
57 81
62 95
75 97
80 83
0 60
1 7
2 79
5 36
8 55
8 61
8 68
15 22
15 89
17 94
25 35
28 29
28 49
28 59
30 66
33 49
36 56
37 68
51 80
51 85
57 68
59 89
67 97
72 84
75 91
92 95
