118
46 78
92 85
3 33
7 47
17 62
26 38
29 96
32 39
33 67
39 5
45 71
47 94
59 12
59 95
69 66
70 0
72 35
74 55
80 72
85 69
88 24
0 66
6 75
7 6
9 16
12 38
15 9
16 30
18 92
23 19
31 7
31 61
31 80
40 47
40 57
41 75
43 62
46 51
62 30
62 51
63 6
63 85
64 77
70 97
71 71
72 48
75 41
78 21
78 92
81 4
82 54
84 59
84 96
87 47
89 10
91 32
92 25
93 77
0 21
0 51
0 73
1 39
7 23
7 95
8 65
10 53
11 44
12 0
12 83
15 35
15 50
18 29
20 24
20 72
22 48
22 85
22 95
23 1
23 80
28 24
29 0
33 43
34 32
35 0
35 62
39 82
39 94
45 16
45 26
47 72
48 42
48 52
50 11
50 17
52 30
53 36
53 88
54 95
55 50
59 25
59 96
66 23
66 36
67 78
68 16
70 63
71 94
73 29
84 83
85 77
88 40
92 51
93 11
93 86
95 94
96 18
96 61
97 55
