108
52 32
83 34
14 18
22 38
22 95
64 21
72 63
33 96
9 68
21 5
33 64
43 10
47 47
55 76
69 78
82 92
90 47
93 23
11 27
35 88
44 61
55 48
67 56
92 97
38 96
91 32
55 40
4 54
18 52
23 74
28 21
55 91
70 42
83 74
97 62
99 96
99 48
44 0
1 26
23 80
25 52
88 18
2 62
11 48
17 67
35 7
37 60
66 30
81 63
97 86
99 41
10 20
21 89
59 67
72 27
10 71
61 49
73 71
86 42
89 89
89 0
68 0
7 0
0 87
36 35
62 99
61 0
1 7
4 91
33 21
43 75
47 24
57 14
75 91
29 0
3 48
5 85
20 37
56 69
60 14
83 49
91 9
91 73
0 17
23 7
30 60
33 29
39 92
65 92
92 17
0 79
6 38
25 44
27 81
47 7
58 62
59 33
69 22
72 60
75 43
97 45
6 10
8 62
33 50
14 73
16 55
65 58
68 41
