117
46 29
75 66
78 89
0 90
25 95
28 29
30 40
34 62
37 71
38 55
40 85
61 17
61 92
64 41
85 37
96 9
97 80
0 47
2 96
7 20
8 74
12 12
12 39
12 46
16 29
16 85
19 13
20 35
20 63
23 4
26 81
27 7
29 21
31 91
40 15
40 46
40 66
41 97
46 89
48 11
50 58
50 63
52 47
58 30
59 72
60 65
61 23
62 46
62 87
73 47
76 4
84 54
84 88
88 5
89 16
89 69
94 0
97 87
2 10
2 68
3 63
4 39
5 95
8 83
12 91
13 21
13 60
14 51
14 67
17 16
18 91
21 22
23 72
26 31
26 63
29 8
30 0
30 13
31 63
31 74
33 80
35 26
39 19
41 10
45 70
48 30
48 49
49 16
50 1
50 79
52 91
57 79
59 94
61 63
65 34
65 80
66 9
66 41
69 53
72 38
72 73
74 50
74 81
76 23
77 17
77 58
77 95
82 79
85 46
86 36
86 60
90 55
93 21
93 46
95 96
96 71
97 61
