121
67 69
10 86
43 0
79 53
92 83
2 25
31 53
35 90
38 64
39 48
46 11
69 75
70 81
72 23
79 80
86 34
89 92
90 25
1 4
2 96
4 46
10 4
11 19
11 43
12 30
12 85
17 79
18 65
21 20
22 42
24 77
29 65
36 3
36 85
36 96
39 7
42 76
50 86
52 17
52 52
59 90
62 24
63 7
64 37
64 87
67 18
68 66
71 87
72 53
75 82
77 43
77 91
81 40
81 57
83 9
83 51
86 79
94 60
0 18
0 38
0 61
0 69
5 34
5 73
6 92
7 63
10 55
11 48
11 90
18 69
19 25
20 37
22 30
25 11
25 56
25 81
28 3
28 39
29 34
32 71
34 52
38 30
39 18
41 68
42 62
43 35
45 52
49 30
49 65
50 40
51 21
51 78
52 73
54 59
55 27
56 39
56 64
60 74
61 2
63 48
66 0
66 4
66 82
68 10
70 67
71 4
71 31
75 25
76 61
79 70
82 94
85 64
86 86
87 28
88 57
90 2
91 47
95 23
95 82
96 15
96 95
