119
14 28
7 10
21 3
41 19
57 97
3 78
6 59
8 71
40 9
40 26
50 51
59 64
75 64
77 46
84 92
91 19
0 66
3 21
10 49
17 88
17 96
28 0
31 18
32 75
32 95
34 55
35 87
40 2
40 92
41 33
41 46
47 74
47 93
49 18
50 23
50 62
53 89
56 67
58 33
59 41
59 53
61 20
64 60
66 48
69 17
71 96
72 31
76 14
78 30
78 84
79 38
80 16
85 86
86 97
87 69
87 80
89 33
91 58
94 44
95 68
95 97
97 15
0 51
0 93
1 43
3 4
3 36
5 79
8 4
8 41
8 97
9 22
13 63
13 69
15 43
15 54
17 13
18 70
19 25
21 96
22 10
22 40
24 85
28 35
29 3
39 56
41 38
42 16
43 10
45 0
48 71
49 39
50 8
51 95
52 60
56 11
61 92
65 77
66 8
67 70
71 37
71 54
73 22
74 72
77 64
78 0
78 90
80 7
82 25
82 39
82 51
83 61
87 49
92 29
92 89
94 0
94 51
95 75
96 63
