120
30 90
34 64
45 73
8 62
17 66
38 27
38 74
52 79
57 70
59 45
69 19
77 59
81 20
83 66
86 46
90 88
96 61
4 21
8 96
12 33
12 43
14 49
15 26
18 53
20 26
21 81
25 48
25 96
30 93
36 33
43 93
45 54
45 88
54 4
56 87
57 80
59 12
61 37
64 44
64 63
64 71
69 71
70 47
70 54
71 39
74 32
75 76
78 96
81 57
82 87
84 26
84 97
85 12
85 74
86 31
89 37
92 72
94 7
94 32
97 39
0 52
0 86
5 85
6 74
9 9
12 59
12 69
15 12
16 0
21 86
22 15
23 38
25 67
27 77
28 0
30 54
31 19
31 72
33 80
34 90
36 63
38 35
40 7
41 40
41 63
42 0
43 24
45 46
45 77
46 94
47 31
47 82
49 69
52 9
53 36
57 18
57 81
59 89
61 49
63 75
64 3
65 20
65 32
67 80
67 86
74 83
75 21
78 32
83 78
84 6
87 21
87 40
88 78
91 53
92 66
95 91
96 51
96 79
97 14
97 70
