105
71 60
22 30
22 68
26 79
29 35
34 58
41 58
54 27
62 34
73 26
75 16
78 29
20 58
24 3
38 46
53 65
54 73
62 42
64 65
67 25
71 74
77 60
81 23
81 75
89 47
2 68
8 27
12 16
15 22
18 74
19 25
19 39
20 63
21 78
26 25
27 73
28 7
30 65
31 28
33 20
33 50
35 73
38 61
40 23
40 88
43 15
46 61
54 32
58 47
58 56
58 68
62 16
66 53
67 44
72 79
83 80
87 18
97 52
0 0
5 51
5 70
5 96
10 75
11 34
11 66
19 50
23 85
24 41
25 91
28 57
29 37
33 7
34 15
34 30
34 80
40 31
44 91
45 36
46 13
46 73
47 3
49 56
58 58
59 76
60 21
61 2
61 69
63 27
64 36
65 60
65 80
67 54
70 39
70 68
71 86
72 11
74 21
76 68
77 53
77 61
80 42
81 36
82 31
82 58
87 69
