119
15 85
17 29
40 77
60 8
61 49
1 44
6 42
8 54
9 96
14 52
27 79
44 58
45 7
52 83
57 27
62 86
63 2
69 86
74 78
89 55
94 31
3 66
5 76
12 72
13 88
15 43
24 68
26 47
32 4
33 91
36 58
37 81
38 7
39 32
41 29
43 79
46 36
46 93
49 29
54 47
55 89
61 21
63 29
74 17
75 25
76 72
77 7
78 55
80 63
81 12
81 68
81 88
83 56
85 40
85 94
86 5
86 48
97 14
0 13
0 32
0 82
1 54
3 96
6 24
7 17
8 63
16 0
17 37
18 16
18 42
18 58
18 78
21 2
22 22
23 61
23 97
27 34
28 29
28 68
29 12
29 86
34 22
34 95
39 16
45 65
46 47
47 2
47 21
47 55
52 18
52 67
55 12
55 57
59 38
59 74
59 94
61 79
63 89
64 62
65 35
66 72
68 43
68 93
70 54
78 14
78 20
78 35
84 76
85 83
86 67
88 94
90 77
91 5
92 56
95 21
95 29
95 43
97 53
97 75
