113
43 21
6 9
12 73
45 76
67 54
92 47
17 69
0 61
5 26
22 29
32 60
59 86
71 72
73 6
81 29
93 8
96 31
18 57
52 70
65 44
78 78
85 44
64 61
82 13
74 61
13 88
19 15
24 44
27 3
45 95
46 57
50 8
58 22
67 98
91 87
13 2
20 89
31 68
33 16
36 82
38 33
48 50
64 9
78 94
59 99
0 19
55 46
66 3
73 21
27 11
41 9
49 92
73 84
97 41
25 79
29 22
37 69
52 81
62 51
99 75
3 99
99 69
99 25
29 99
0 94
1 33
11 43
35 35
61 30
71 40
85 70
91 57
3 0
2 85
9 57
9 72
15 29
23 98
46 7
48 22
76 26
94 22
9 99
13 12
15 59
25 39
34 53
35 89
40 40
53 64
54 36
63 84
78 11
82 49
19 25
72 64
80 86
84 48
6 15
24 63
34 75
59 77
66 10
85 77
90 23
4 64
13 7
33 21
63 79
8 24
22 64
68 17
82 18
