123
82 6
5 76
37 9
57 18
70 79
11 4
15 29
38 69
40 16
41 49
50 92
51 17
53 37
53 65
64 26
81 81
82 15
3 49
5 4
5 22
10 57
12 96
18 91
19 43
20 73
24 84
25 52
28 8
31 23
41 97
43 2
44 73
45 25
58 23
60 46
62 97
66 0
70 27
70 32
71 9
72 1
74 56
76 21
80 67
83 53
83 86
84 92
86 0
88 24
89 63
93 74
94 36
95 17
0 54
0 71
1 12
1 28
1 35
1 83
5 40
6 15
6 85
7 63
7 77
10 48
12 43
12 71
12 83
15 5
15 64
16 14
16 22
19 30
23 45
26 97
27 15
27 37
32 37
32 85
38 26
39 63
40 19
41 33
43 6
45 58
46 0
46 28
47 20
47 44
47 94
51 54
51 89
53 40
54 60
56 8
62 47
62 59
64 15
67 64
68 39
68 44
68 96
70 71
74 28
75 61
76 82
76 92
81 37
82 44
84 10
84 57
84 69
88 5
88 31
88 81
89 26
92 0
93 83
94 96
95 30
96 10
96 23
96 73
