113
30 64
42 62
89 80
0 41
1 54
11 2
19 25
36 91
43 70
46 48
47 5
48 89
51 20
53 30
58 88
64 33
70 53
78 89
79 40
96 12
0 66
2 92
3 74
6 25
6 30
11 41
13 88
16 39
16 77
16 94
19 6
20 27
22 41
23 92
26 85
32 58
34 28
38 10
39 22
43 30
43 51
44 82
46 39
48 47
54 6
54 14
54 62
58 94
59 32
59 70
64 5
68 41
72 3
73 36
82 90
84 59
88 6
89 34
95 39
95 67
0 7
0 14
0 20
0 48
0 82
7 70
8 78
9 8
11 26
15 12
18 44
20 1
23 8
30 91
32 72
32 97
33 2
35 59
36 48
38 76
42 0
44 57
44 73
45 10
46 20
51 36
53 54
55 21
57 15
58 7
58 43
58 55
64 19
67 29
72 14
72 41
73 24
73 95
74 36
76 60
77 5
77 10
77 67
78 0
78 83
80 21
81 31
81 51
85 82
88 95
91 75
92 13
93 90
