108
66 57
87 48
6 14
29 4
40 84
44 23
63 84
64 15
1 56
6 37
8 69
10 87
33 67
35 34
43 49
72 43
75 2
85 91
89 74
71 20
82 5
91 71
5 65
42 32
99 58
35 99
10 0
15 49
23 81
43 6
52 61
73 73
81 31
88 18
95 34
15 94
21 48
26 29
41 70
50 47
68 94
80 55
31 49
58 60
71 80
72 34
96 51
13 37
18 87
37 77
76 71
77 38
23 37
29 89
69 9
87 39
35 41
91 60
99 84
99 4
92 99
5 0
0 90
12 15
19 64
24 7
27 21
47 8
47 87
85 0
0 72
0 47
24 62
38 63
47 26
54 93
55 14
55 66
63 36
80 86
85 21
99 40
38 0
61 4
72 52
93 92
10 67
18 6
27 76
38 8
38 85
40 27
53 21
61 74
67 23
73 66
76 90
85 12
91 34
10 43
13 78
17 56
43 41
31 81
73 20
76 80
78 47
83 12
