117
63 9
7 62
30 81
41 90
89 51
0 11
11 5
19 40
22 19
32 35
37 65
41 30
49 30
49 85
50 24
50 36
53 49
64 91
68 23
70 30
70 54
80 72
86 76
0 3
3 20
3 69
5 74
6 27
10 41
13 20
16 85
19 77
21 28
29 31
31 7
32 52
34 84
35 77
38 42
39 6
49 94
50 75
56 62
58 15
60 44
62 0
67 43
74 74
75 15
78 51
85 3
95 18
97 70
0 58
3 52
4 88
5 0
6 8
6 46
7 33
9 59
10 65
10 70
12 48
14 94
15 59
16 43
18 65
21 95
23 71
24 23
25 54
27 86
28 10
30 57
33 16
34 27
37 96
38 13
39 22
41 56
43 11
44 66
46 3
49 16
49 63
51 0
52 70
54 34
56 22
57 77
61 20
62 92
64 14
67 32
70 44
70 62
73 37
76 58
76 86
78 37
79 3
83 12
84 49
85 28
85 60
87 54
88 92
91 3
92 44
93 26
93 55
95 82
95 95
96 8
96 33
97 48
