95
2 19
5 78
20 61
48 58
80 96
19 69
23 40
26 31
38 43
39 86
88 92
7 68
8 24
9 12
10 62
12 18
24 76
25 94
29 81
30 39
42 93
44 51
45 96
57 81
64 75
66 86
80 87
0 3
0 13
0 42
1 49
2 57
4 65
4 90
8 44
9 74
11 32
14 52
17 46
18 31
18 41
19 20
19 84
24 50
26 57
28 97
29 69
29 86
37 60
37 78
41 56
42 62
46 85
49 95
50 55
53 67
57 58
59 96
76 79
82 91
88 97
0 33
1 28
2 6
5 49
5 83
6 37
10 94
12 24
12 56
13 88
15 94
21 34
21 64
21 86
24 25
27 59
30 74
30 89
31 79
39 70
45 61
48 69
48 78
50 97
52 91
54 71
55 86
62 64
65 78
66 72
71 96
72 87
77 78
89 97
