118
58 45
4 18
38 5
43 43
64 79
79 75
88 71
13 60
29 3
29 46
32 31
34 58
34 66
44 29
46 59
55 36
56 82
62 21
80 56
87 29
97 29
5 77
10 71
11 47
15 91
16 4
16 50
16 72
20 48
21 67
21 84
24 16
25 73
30 37
35 89
36 28
37 40
39 91
40 54
45 22
46 79
47 2
47 87
48 53
49 18
51 31
56 54
60 63
61 68
67 23
68 49
68 61
73 97
74 85
75 62
85 62
85 93
91 42
0 0
0 4
0 16
0 91
1 11
2 55
2 64
6 12
7 75
8 6
9 19
10 25
13 41
16 23
16 78
21 34
22 8
22 95
24 66
24 78
25 53
25 61
29 48
29 76
30 70
36 19
42 45
44 34
45 68
49 95
50 59
51 12
51 44
52 0
56 32
57 14
59 95
60 0
60 88
61 35
66 35
66 83
68 11
69 29
71 4
74 9
76 19
79 38
84 17
84 47
87 35
89 8
90 90
91 97
92 14
93 81
95 36
96 45
96 50
97 18
