171
3 3
3 8
3 13
3 18
3 23
3 28
3 33
3 38
3 43
3 48
3 53
3 58
3 63
3 68
3 73
3 78
3 83
3 88
3 93
8 3
13 3
18 3
23 3
28 3
33 3
38 3
43 3
8 8
8 13
8 18
8 23
8 28
8 33
8 38
8 43
8 48
8 53
8 58
8 63
8 68
8 73
8 78
8 83
8 88
8 93
13 8
13 13
13 18
13 23
13 28
13 33
13 38
13 43
13 48
13 53
13 58
13 63
13 68
13 73
13 78
13 83
13 88
13 93
18 8
18 13
18 18
18 23
18 28
18 33
18 38
18 43
18 48
18 53
18 58
18 63
18 68
18 73
18 78
18 83
18 88
18 93
23 8
23 13
23 18
23 23
23 28
23 33
23 38
23 43
23 48
23 53
23 58
23 63
23 68
23 73
23 78
23 83
23 88
23 93
28 8
28 13
28 18
28 23
28 28
28 33
28 38
28 43
28 48
28 53
28 58
28 63
28 68
28 73
28 78
28 83
28 88
28 93
33 8
33 13
33 18
33 23
33 28
33 33
33 38
33 43
33 48
33 53
33 58
33 63
33 68
33 73
33 78
33 83
33 88
33 93
38 8
38 13
38 18
38 23
38 28
38 33
38 38
38 43
38 48
38 53
38 58
38 63
38 68
38 73
38 78
38 83
38 88
38 93
43 8
43 13
43 18
43 23
43 28
43 33
43 38
43 43
43 48
43 53
43 58
43 63
43 68
43 73
43 78
43 83
43 88
43 93
