111
70 74
74 29
25 13
49 43
51 6
60 59
65 10
83 63
86 72
99 46
80 98
3 23
18 89
19 35
39 63
47 75
55 92
29 33
40 46
54 33
71 86
76 61
60 41
80 67
87 1
1 73
2 53
17 64
27 52
86 21
72 1
11 23
13 95
25 17
37 9
38 78
44 61
48 21
85 7
85 88
94 24
71 98
7 60
8 81
30 58
65 2
68 34
75 53
88 81
16 16
27 27
43 35
51 47
80 27
86 53
90 59
35 54
82 74
17 24
3 1
32 92
98 91
98 61
38 0
1 46
16 49
24 72
48 89
1 81
1 36
25 86
39 14
55 70
57 55
62 86
65 43
79 44
94 96
3 88
6 15
7 37
19 9
27 90
35 39
39 18
55 13
65 27
71 6
77 19
82 39
88 10
92 75
4 51
19 52
26 3
28 88
29 67
45 28
78 91
12 9
12 34
31 43
59 53
71 23
78 36
79 4
7 54
31 17
77 83
84 58
34 24
