112
1 51
21 32
53 45
77 30
21 17
5 56
0 31
12 87
21 51
63 72
66 91
67 44
82 95
86 41
90 13
20 9
20 85
89 88
95 4
67 82
81 31
10 55
85 31
40 99
0 76
34 69
35 24
42 81
48 65
49 16
54 30
69 3
84 73
6 70
9 96
11 40
24 2
25 36
56 14
68 97
71 14
86 16
93 68
97 31
9 14
19 57
45 36
56 46
64 29
72 2
91 95
6 81
18 93
15 20
52 39
35 50
73 61
99 78
0 11
20 65
24 79
37 50
37 85
40 10
50 93
78 55
91 44
99 10
12 0
29 37
30 20
41 67
51 80
56 53
68 67
72 83
91 49
79 99
59 99
2 4
12 40
26 5
27 93
45 14
59 32
74 44
81 16
82 79
99 21
0 48
2 62
10 75
26 38
28 53
35 91
47 75
67 24
21 87
25 10
28 34
32 76
33 59
37 18
49 70
78 34
81 85
92 35
5 48
43 85
56 23
23 24
67 36
