116
65 32
94 69
0 50
2 82
3 74
27 76
39 58
43 90
46 67
52 10
54 25
61 12
73 20
83 71
85 56
86 5
87 33
93 7
0 18
0 87
6 13
7 64
10 82
11 36
13 1
13 49
14 29
17 94
18 23
19 79
21 41
21 54
21 60
25 15
27 9
27 51
29 25
32 12
34 18
34 51
34 64
34 95
36 78
39 17
40 73
46 56
47 94
49 24
51 76
56 71
59 85
60 2
60 52
65 56
78 8
79 13
83 81
84 90
87 41
89 73
91 50
97 45
0 31
0 63
1 36
1 52
5 75
6 28
10 94
13 72
13 87
18 9
19 35
21 23
21 71
22 1
22 88
26 65
28 80
29 72
31 4
34 24
34 35
36 94
37 44
40 11
44 0
49 35
50 51
51 41
51 94
56 95
58 65
60 22
61 40
65 17
68 11
69 30
69 78
72 60
73 40
74 95
75 16
76 48
76 66
78 27
83 63
87 11
89 97
93 62
93 71
95 81
96 14
96 50
97 3
97 27
