105
28 69
54 58
4 4
16 42
49 44
70 36
77 49
85 1
3 99
2 85
16 86
31 48
57 97
67 87
71 21
72 73
86 15
91 45
2 12
14 34
32 55
52 38
58 55
75 97
13 10
63 33
68 81
9 92
99 99
99 6
5 51
30 93
33 14
37 34
42 70
54 14
90 69
95 83
42 25
46 79
68 12
73 64
23 88
53 84
56 67
75 35
89 93
34 73
37 50
51 52
57 21
59 92
75 7
82 26
66 95
42 50
77 13
53 0
0 31
5 68
96 27
37 99
21 0
13 56
31 10
44 4
71 0
52 99
10 99
2 0
7 18
19 66
31 28
71 50
78 78
83 92
85 45
95 20
10 78
19 9
27 51
31 83
33 69
38 35
55 31
66 67
69 35
76 56
90 6
97 89
16 91
19 73
27 4
40 90
47 64
60 12
85 32
85 52
13 0
34 55
48 71
49 25
62 17
69 37
70 43
