87
5 97
89 94
3 87
17 39
28 66
42 70
44 76
66 86
68 78
0 5
3 18
3 56
6 41
9 60
10 47
11 96
12 31
14 79
19 46
22 42
24 90
29 60
29 89
32 69
33 54
36 76
38 60
38 88
47 64
48 54
48 89
59 93
60 63
64 71
66 93
4 26
6 74
8 19
9 83
9 90
10 25
11 70
12 16
14 55
14 91
15 82
17 96
18 28
20 75
21 25
21 67
27 33
43 49
43 92
50 69
50 76
55 75
57 82
73 89
76 85
80 90
88 97
0 25
0 50
0 57
1 12
6 62
15 47
20 33
21 97
26 40
26 95
27 81
30 31
32 42
33 97
36 66
40 79
48 91
50 59
52 68
59 95
68 73
70 96
74 77
91 92
94 97
