115
24 67
89 85
8 97
9 74
22 38
34 8
49 49
75 34
9 65
12 45
16 58
25 27
60 51
61 12
69 15
73 44
80 15
84 27
87 22
94 90
0 60
2 69
8 7
12 91
15 77
16 51
18 22
19 32
22 51
23 7
26 94
27 45
28 85
34 68
35 86
39 5
42 45
45 10
46 26
48 94
51 97
54 19
57 78
60 40
62 23
62 69
72 8
73 26
78 76
83 92
87 59
88 76
93 60
95 13
96 30
0 6
0 34
3 52
4 75
5 47
6 20
9 66
11 9
13 4
15 87
18 68
18 95
19 15
22 73
25 17
27 11
29 67
30 48
33 94
35 20
35 39
35 46
35 52
36 15
40 62
42 0
42 70
46 31
49 8
49 19
50 78
51 1
52 47
54 61
54 88
54 96
55 70
56 1
57 32
59 58
61 95
62 85
63 11
64 0
68 57
68 68
73 60
75 65
76 0
76 90
81 65
81 79
84 49
87 36
90 4
90 17
92 39
93 0
95 57
96 91
