116
46 21
53 84
21 99
3 95
5 12
15 22
22 9
31 79
33 52
40 66
55 9
69 4
78 67
81 52
89 76
93 94
43 27
94 72
34 59
1 41
2 56
15 37
17 63
56 48
58 31
60 63
66 76
70 43
71 90
78 15
83 35
95 47
99 63
21 0
2 85
24 41
28 16
31 89
38 42
46 83
83 82
88 30
6 35
9 60
27 2
50 76
60 19
62 90
68 32
71 53
73 8
73 70
13 31
39 16
47 35
77 2
90 54
90 80
19 20
60 41
62 8
52 26
88 64
49 99
44 0
0 71
91 3
99 95
99 41
99 26
74 99
10 81
24 76
28 31
43 97
13 0
0 27
13 85
16 45
23 62
24 94
44 69
50 56
83 15
71 99
9 15
16 47
29 55
41 37
61 62
66 23
74 39
76 56
84 28
85 94
4 67
5 90
28 5
30 21
32 73
48 91
87 49
94 80
14 14
20 45
34 44
41 22
49 62
58 73
64 46
76 89
37 50
68 15
7 27
7 44
83 71
