111
9 63
11 82
50 16
52 44
86 18
86 42
4 33
18 31
26 84
41 73
44 96
65 26
77 57
94 90
8 43
21 67
25 28
44 45
49 87
93 33
94 49
52 75
79 45
38 87
99 3
82 99
51 0
9 96
22 45
32 14
60 97
62 64
66 12
71 75
24 59
56 29
65 90
78 20
79 63
98 8
20 86
36 27
44 53
46 9
60 11
65 54
66 70
73 35
80 71
9 73
21 36
49 50
85 27
41 18
50 92
12 39
84 54
99 76
85 0
20 0
0 14
15 14
99 95
99 67
99 35
77 0
13 0
0 58
79 87
99 19
58 0
35 99
0 24
1 88
2 50
11 15
19 52
27 64
40 32
47 68
54 35
64 93
77 3
79 91
92 80
97 60
91 99
14 94
21 27
60 26
66 79
67 46
1 38
17 8
25 52
41 75
64 13
70 27
78 14
93 42
14 22
16 77
49 78
51 23
55 54
57 90
63 40
74 49
14 30
59 15
72 21
