115
3 76
11 23
18 92
31 55
49 27
4 93
7 27
16 28
34 37
40 84
44 0
46 43
72 90
75 58
86 26
89 14
90 51
1 3
2 31
4 45
6 79
7 67
11 13
12 35
14 57
19 81
20 64
21 48
22 2
24 22
25 14
25 87
28 42
29 76
32 4
32 11
33 64
35 23
37 11
38 70
41 49
44 59
45 87
50 64
54 77
56 83
58 25
58 62
59 17
60 8
62 12
66 75
69 13
73 67
81 2
81 52
82 15
86 66
87 35
88 2
88 43
92 5
92 59
94 11
0 0
0 16
1 9
3 59
3 97
7 3
7 37
9 43
10 0
15 7
15 32
16 19
19 52
19 57
20 4
20 29
20 75
32 5
34 0
37 32
38 18
39 42
42 24
43 12
44 48
45 32
48 17
48 57
49 1
50 8
53 42
56 47
58 69
60 94
63 20
65 1
65 59
66 25
67 46
70 95
72 49
77 32
81 38
84 78
86 84
88 26
90 97
92 88
93 47
94 20
95 80
