109
51 35
47 94
88 16
99 47
85 0
0 82
5 96
9 39
15 83
30 22
32 52
35 38
50 11
54 72
66 38
80 90
85 74
15 43
59 80
80 96
43 41
8 0
0 15
9 61
16 12
28 68
29 90
46 55
60 51
72 9
74 23
79 44
85 57
88 33
10 69
24 54
28 37
32 98
39 75
51 95
75 68
94 30
94 46
2 43
10 92
21 81
42 17
57 64
61 10
70 41
73 97
81 81
33 28
46 36
52 88
96 53
19 91
60 37
66 71
83 39
70 81
99 91
99 7
41 0
10 25
61 0
67 23
91 70
99 29
99 14
98 0
63 99
0 73
1 29
15 27
24 72
27 15
38 55
54 50
75 9
92 71
10 56
38 67
41 9
51 22
82 19
86 58
8 16
12 94
14 75
19 36
46 70
52 57
74 39
96 21
28 76
33 19
48 77
58 28
61 45
77 72
80 36
84 8
90 53
18 21
35 44
94 37
18 86
43 50
