108
56 59
25 14
54 75
69 36
94 13
77 35
1 24
1 71
21 60
30 71
36 52
36 90
48 44
55 23
95 87
97 68
28 5
37 16
39 60
61 13
57 37
64 22
28 13
99 32
78 0
69 99
7 52
16 32
34 35
49 97
78 18
79 75
99 17
71 0
0 81
4 66
39 32
42 83
63 82
72 93
83 66
8 69
22 19
27 46
36 97
45 63
73 21
89 5
19 4
29 65
42 46
43 23
56 48
66 5
65 33
89 16
70 29
0 39
0 6
1 95
17 88
46 4
70 53
89 52
99 65
99 42
1 20
5 1
19 80
55 96
77 79
82 93
83 39
3 85
19 27
32 73
59 67
88 92
92 2
8 17
10 91
24 87
26 51
43 77
52 11
55 89
65 54
78 41
79 55
89 27
91 81
79 99
24 66
33 37
52 40
33 12
40 52
48 71
66 14
70 87
91 24
27 80
49 82
75 8
30 46
38 67
79 25
28 57
