116
47 68
41 43
61 58
2 27
5 42
11 17
18 72
27 44
42 24
46 91
48 3
49 61
55 65
64 77
69 88
70 64
72 95
75 65
80 19
93 37
0 68
2 59
2 93
8 83
9 44
10 35
11 63
14 39
17 3
21 61
23 46
24 21
25 76
25 95
27 52
28 81
30 66
32 91
36 63
36 76
39 0
42 60
56 4
56 31
56 72
59 84
64 0
70 46
72 33
72 80
74 86
77 78
81 27
82 34
82 47
89 75
90 93
93 22
95 35
97 77
0 0
0 6
0 43
0 49
1 21
5 71
7 49
9 56
9 78
14 29
15 13
15 51
15 61
19 84
22 32
25 10
27 2
28 93
32 32
32 39
35 26
36 51
36 83
38 16
38 44
49 40
49 79
50 24
51 0
51 90
56 15
57 41
58 91
61 60
61 65
62 23
62 42
63 83
64 12
64 29
67 6
71 68
74 96
75 40
83 59
83 74
84 19
85 4
87 80
88 39
88 50
92 5
93 94
94 26
95 39
96 49
