121
7 75
5 93
6 84
11 10
26 85
28 70
29 19
35 56
36 79
55 74
57 66
60 29
71 23
80 12
87 69
87 92
88 81
91 41
93 71
0 74
4 12
6 2
6 49
9 25
9 95
15 29
17 25
18 56
18 85
28 5
29 62
30 72
31 26
31 49
33 87
35 8
35 29
40 7
44 37
45 43
50 60
51 26
51 83
61 48
63 62
66 31
66 95
67 18
68 10
75 3
75 52
81 45
82 56
91 6
91 60
92 12
94 32
0 7
0 47
0 85
0 90
5 27
5 63
6 41
7 54
8 68
11 78
13 46
13 70
14 14
16 31
17 78
18 67
19 46
20 62
21 33
22 22
23 17
27 10
27 96
31 65
33 0
38 28
38 49
39 60
39 96
41 12
43 52
44 18
45 95
46 10
46 33
46 74
49 5
49 44
55 13
56 79
62 75
64 38
66 55
66 96
67 0
68 27
69 82
71 58
72 70
73 26
75 31
79 19
80 36
82 58
86 23
87 52
89 81
93 72
94 91
95 18
95 41
96 80
97 5
97 65
