94
12 16
12 96
4 6
11 86
12 6
13 37
93 13
12 10
1 19
14 46
21 3
72 17
82 17
1 10
11 19
11 75
21 56
30 2
31 19
43 6
45 83
49 13
0 97
2 33
3 56
3 92
10 3
10 24
12 89
14 53
20 89
21 17
21 24
26 33
31 10
31 90
33 28
33 33
39 3
40 17
41 65
43 46
45 93
71 24
89 17
0 0
0 64
1 45
1 73
4 62
6 33
9 64
9 79
14 2
16 37
16 77
20 44
21 63
21 74
25 0
25 9
30 52
31 5
31 35
31 45
31 96
35 12
37 73
40 10
43 72
47 39
47 52
50 17
50 44
53 6
53 76
55 12
61 10
61 90
64 2
64 82
71 3
71 93
75 12
75 32
76 37
79 24
80 10
82 0
87 3
89 24
90 19
91 45
93 2
