110
72 38
16 4
19 31
24 45
39 39
45 84
13 65
26 59
28 79
37 2
40 60
45 15
55 63
63 8
79 72
90 60
94 96
35 93
49 79
74 13
76 34
47 59
59 74
30 52
93 0
67 99
1 54
2 86
3 39
32 24
51 31
68 85
11 83
16 45
18 10
28 95
29 73
32 8
50 94
55 36
65 47
69 21
77 89
85 3
91 50
93 68
2 60
46 6
67 5
76 19
79 37
22 38
23 3
32 18
44 41
49 86
61 29
2 73
43 25
44 67
76 3
27 33
65 36
99 34
10 99
2 0
0 25
75 57
92 16
99 80
88 99
0 18
61 50
80 74
62 0
43 99
0 34
16 80
19 63
31 77
63 77
68 63
80 93
85 46
4 11
4 68
6 40
18 85
54 56
63 88
83 79
86 3
87 43
68 0
22 17
31 49
50 21
71 19
87 65
27 89
36 9
46 85
58 44
72 39
85 14
89 53
10 36
14 71
22 49
35 87
