118
8 3
36 89
64 15
17 19
23 0
27 30
34 22
34 94
43 8
45 71
53 54
54 13
55 94
58 49
72 83
80 16
82 26
89 21
97 80
0 57
1 7
2 34
2 91
4 82
8 16
9 21
10 76
11 66
13 40
16 93
18 5
19 46
22 40
23 96
24 47
27 71
28 80
31 62
32 11
34 35
36 81
45 16
47 2
47 86
50 46
51 40
52 82
54 6
55 19
58 81
62 39
70 9
71 28
71 38
85 76
86 46
91 9
94 21
94 47
97 33
0 59
1 11
7 26
7 35
11 80
12 30
12 52
14 40
14 65
15 57
17 28
21 16
21 22
22 11
24 54
26 60
28 42
30 2
32 67
39 29
39 43
39 64
41 0
41 95
43 59
48 8
50 63
57 37
58 9
59 24
60 66
64 24
67 79
67 84
68 45
68 71
69 13
69 92
74 76
74 93
75 30
76 6
76 43
78 70
81 8
82 86
83 39
83 70
84 0
85 57
87 30
88 64
89 16
91 69
91 82
93 87
93 94
96 64
