118
91 60
12 39
53 68
62 32
89 79
62 69
5 12
9 91
26 26
32 39
35 2
40 51
50 20
72 19
72 42
8 43
10 9
47 55
55 9
82 65
51 73
69 25
99 48
76 99
0 30
2 57
3 78
25 92
50 95
69 5
83 3
90 95
94 32
99 67
9 72
13 24
19 10
29 55
35 91
44 26
61 46
64 79
68 94
86 11
4 0
1 85
16 93
25 5
26 33
40 40
79 55
7 48
10 28
49 36
76 18
79 97
29 47
99 5
35 68
99 82
99 29
54 99
51 0
13 67
30 19
36 71
39 85
63 53
76 70
49 99
44 0
0 15
1 94
15 63
21 50
33 17
46 81
60 85
61 10
78 45
78 80
89 25
98 68
99 43
9 0
0 73
15 86
29 85
47 14
49 62
63 26
67 69
86 93
2 26
11 44
14 14
16 95
19 57
28 19
63 42
79 15
83 72
86 51
90 36
22 60
29 81
35 22
50 13
50 83
51 30
51 62
68 33
7 80
16 24
24 11
70 19
34 32
51 23
