113
39 41
52 25
53 83
57 54
72 78
73 26
77 52
44 46
55 0
5 63
10 87
17 55
22 35
33 80
36 22
88 82
53 32
76 37
79 23
24 26
44 75
41 36
35 33
98 95
95 1
64 99
50 98
1 15
24 93
30 6
63 16
69 64
87 62
99 75
1 84
1 7
5 69
10 34
18 80
22 66
23 41
35 94
40 7
46 68
59 45
71 92
74 78
87 10
88 47
20 15
30 47
39 94
67 41
14 28
37 51
82 54
29 26
62 82
78 47
84 99
16 1
2 99
69 2
99 51
2 0
1 22
5 48
88 85
92 38
90 99
1 66
15 6
15 79
19 59
34 79
38 62
46 7
52 59
61 18
66 61
76 5
78 98
35 98
6 29
20 73
47 21
48 76
57 39
83 61
14 16
15 58
22 4
28 20
53 81
57 11
61 36
67 21
67 85
81 38
21 51
34 12
47 53
58 73
66 55
74 68
85 89
90 58
21 77
43 23
51 49
25 36
53 40
61 25
