123
28 64
12 14
35 11
35 69
7 46
11 3
12 48
12 59
18 93
20 84
21 41
29 40
32 77
34 25
68 47
76 90
83 8
87 17
0 55
3 6
3 70
6 38
6 79
6 92
9 21
12 28
12 66
17 12
22 88
28 22
29 16
37 77
38 63
39 91
45 7
47 33
47 41
50 7
53 86
58 28
60 82
63 68
64 31
64 89
65 75
67 0
69 34
69 97
70 67
71 9
75 42
76 17
79 60
82 28
84 58
92 24
93 95
95 81
97 54
0 14
0 75
0 83
0 89
1 97
2 23
5 81
9 33
12 39
13 85
15 31
18 62
18 73
22 49
25 78
25 93
27 44
28 28
28 55
29 49
32 80
34 13
34 96
36 32
36 46
37 21
40 63
40 80
40 86
42 73
43 51
44 96
45 91
46 10
46 66
47 19
47 46
49 80
50 71
54 1
54 52
61 50
65 41
66 90
67 79
69 26
74 95
75 44
75 72
76 34
77 22
78 12
79 52
82 66
82 71
87 74
87 89
88 0
88 96
90 7
90 48
93 27
96 11
97 58
