122
32 59
86 13
85 91
3 5
14 46
19 41
21 7
49 35
50 88
63 38
63 91
67 45
70 17
81 21
86 85
0 89
3 33
3 51
4 94
8 9
8 70
11 30
12 92
13 80
17 8
20 61
24 69
28 36
29 52
32 84
34 13
36 24
37 64
38 29
38 58
42 35
42 54
50 80
51 68
53 63
54 21
61 6
65 64
67 73
71 10
73 28
73 91
76 15
78 31
78 75
83 50
86 70
87 80
93 87
94 50
94 68
95 63
97 96
0 0
0 62
3 24
5 17
5 57
5 82
6 43
7 1
10 48
13 70
14 96
15 25
19 13
20 48
23 0
25 24
25 80
26 72
28 0
28 61
30 46
32 40
32 89
37 70
39 0
39 13
40 6
41 64
42 24
44 43
44 97
47 13
49 0
51 54
54 36
55 20
55 31
55 72
55 90
58 66
66 30
67 48
70 55
71 43
72 97
73 31
73 50
74 69
79 42
80 66
82 16
86 54
86 61
87 8
87 20
87 92
87 97
89 0
91 38
94 12
95 43
95 53
97 7
97 21
