111
25 68
75 49
85 68
0 77
2 18
15 32
17 52
29 28
32 49
33 87
46 81
61 12
61 53
66 72
71 86
93 91
31 35
39 47
67 18
58 86
74 56
25 55
99 65
99 22
87 0
1 53
7 3
16 14
54 28
86 15
3 46
4 74
25 73
29 20
45 43
55 94
61 3
67 40
78 94
88 84
95 3
3 29
14 59
38 87
65 26
73 72
75 42
92 70
15 21
40 91
42 52
66 8
80 50
93 14
24 45
74 68
8 23
47 90
66 48
99 50
31 0
25 99
4 99
79 28
89 38
99 28
11 95
32 14
38 62
44 27
53 61
99 85
99 57
72 0
0 11
16 35
19 73
34 4
51 76
74 86
81 13
92 35
49 99
3 63
25 88
43 61
47 34
56 53
56 71
61 31
63 95
86 94
17 59
21 7
59 45
73 22
75 4
17 67
21 34
27 78
40 37
58 21
64 83
79 58
92 22
5 13
26 41
53 43
66 36
71 13
33 42
