105
80 14
35 28
1 6
43 58
56 51
60 2
64 31
95 57
41 37
99 6
7 80
24 17
32 84
71 91
83 28
89 41
30 6
48 4
56 34
66 3
31 38
36 14
42 28
99 88
99 21
54 99
33 99
0 27
3 62
42 74
57 81
66 61
76 71
88 79
6 0
3 90
4 55
17 14
23 36
34 62
49 20
66 21
69 47
82 57
88 2
37 51
41 83
57 89
68 72
75 33
80 80
95 80
37 67
45 9
46 51
50 37
63 48
64 86
85 32
33 21
45 93
69 29
82 71
49 29
65 37
8 40
17 61
18 89
33 0
0 76
22 74
37 99
4 48
9 94
10 27
15 3
16 56
56 67
77 49
82 11
90 41
7 79
12 18
34 82
50 5
64 11
67 93
86 60
90 26
92 88
14 71
42 65
47 79
58 59
61 75
71 86
7 89
45 43
50 14
64 55
69 19
72 67
37 21
78 57
79 35
