114
5 84
34 60
87 13
16 88
0 64
8 17
13 38
33 89
34 26
41 42
47 16
50 69
52 55
87 72
92 34
94 48
13 49
46 39
87 77
21 55
25 97
53 99
9 0
20 74
21 9
34 75
56 29
60 9
64 70
65 48
70 26
72 92
78 61
90 95
97 62
10 99
0 58
0 38
19 35
32 9
54 91
66 52
71 8
75 35
14 4
17 19
40 39
42 72
56 14
71 69
76 23
91 53
94 79
9 77
49 28
60 95
79 75
49 46
66 62
93 72
36 30
63 19
99 4
44 0
94 0
76 0
75 99
0 99
0 23
0 3
27 47
92 27
99 41
40 0
35 99
14 56
25 77
44 87
57 77
70 83
80 57
82 17
99 65
83 99
0 90
15 94
21 24
29 95
30 44
34 66
37 16
44 56
60 33
66 4
84 47
93 33
99 56
11 14
13 50
18 78
46 83
51 69
57 48
71 76
26 38
31 81
48 19
59 49
72 55
74 60
36 49
45 35
79 71
54 36
