126
23 3
62 18
83 2
8 78
21 68
41 7
42 49
48 87
54 31
62 44
65 38
79 13
90 49
92 35
96 8
2 88
7 60
10 45
12 88
12 96
13 22
20 77
32 79
37 43
37 85
39 33
40 14
41 93
43 39
44 70
46 50
48 40
49 26
51 88
54 45
57 53
58 80
59 96
61 62
64 5
69 8
69 65
70 18
74 28
74 92
76 57
76 63
77 97
85 4
85 96
86 58
89 17
92 54
93 45
93 77
93 82
0 0
0 6
0 12
0 17
0 42
0 62
0 77
0 93
1 53
3 82
4 48
5 6
5 65
6 32
7 20
10 13
11 5
13 66
13 80
14 27
14 46
15 54
15 86
16 0
16 34
18 17
21 47
24 30
24 88
25 83
26 0
27 5
27 50
29 61
30 35
31 0
32 10
39 79
43 2
45 78
45 91
48 4
49 36
49 96
50 13
55 56
56 70
57 13
57 20
57 84
58 8
59 25
64 75
64 83
65 15
65 56
68 51
70 81
75 4
75 86
79 41
82 89
84 73
85 33
85 39
90 8
91 0
91 97
94 70
97 65
