112
54 10
6 28
90 83
49 16
65 4
40 98
3 67
9 85
26 26
31 63
46 62
54 40
54 76
58 90
77 46
87 17
12 95
55 56
60 23
80 89
57 48
99 25
10 4
12 44
23 10
26 77
40 27
68 35
68 65
68 80
85 66
91 45
98 75
84 98
5 24
18 51
21 30
36 88
75 14
88 8
95 39
71 98
2 78
9 18
19 66
29 15
41 79
66 84
70 56
77 24
83 74
91 23
24 56
36 16
42 72
43 91
63 9
80 39
12 32
61 72
67 25
67 49
75 66
96 16
35 42
85 0
51 1
26 1
26 92
44 30
91 53
94 97
99 41
1 86
0 15
10 54
12 68
34 49
95 89
96 68
80 99
31 99
4 8
17 71
24 33
35 65
47 55
57 37
68 7
14 13
29 18
38 30
42 8
44 88
51 24
64 30
81 44
81 88
11 79
16 40
34 77
40 57
47 70
51 85
54 17
71 21
92 79
18 30
31 93
61 38
85 92
62 20
