117
6 31
40 48
80 22
5 58
7 26
8 40
13 16
26 53
34 57
42 23
45 95
46 77
50 51
62 40
63 20
72 27
72 87
80 66
81 6
81 55
83 58
11 57
11 80
11 87
11 93
12 68
14 17
18 60
19 51
20 29
21 13
24 45
25 70
26 97
28 79
32 92
33 17
36 61
36 80
37 5
38 28
40 69
45 56
46 17
49 96
53 39
54 27
54 45
54 89
59 44
59 72
64 30
67 67
79 0
84 24
91 37
94 13
94 60
96 42
0 6
0 22
0 49
2 12
2 38
2 82
3 45
10 46
12 91
13 96
17 22
18 0
18 97
21 14
21 54
24 63
26 57
27 6
30 0
30 44
30 71
31 49
32 66
33 39
36 10
37 53
39 58
41 12
42 89
45 60
47 11
47 26
47 31
47 36
50 72
56 88
57 78
58 8
60 52
61 60
61 96
63 21
64 80
66 50
69 0
71 96
78 39
78 90
80 13
80 81
81 66
85 0
86 87
89 45
90 94
94 22
95 0
97 68
