114
29 87
67 72
86 56
0 4
3 66
4 26
13 12
24 3
39 49
39 65
50 76
52 57
57 91
70 36
11 63
18 80
38 84
72 77
74 29
81 66
18 5
20 31
20 47
33 25
46 7
47 26
81 88
83 3
85 42
91 19
95 79
26 99
24 55
24 73
33 40
47 37
54 9
56 96
84 94
97 86
5 76
6 17
6 57
27 26
66 90
69 61
81 73
90 51
22 87
46 48
59 75
77 58
6 7
12 54
25 79
64 86
76 82
8 90
40 98
70 99
3 31
31 11
37 67
47 22
53 61
59 1
60 44
61 19
73 9
76 23
88 36
20 99
17 37
38 5
44 82
44 97
61 25
75 43
94 94
6 51
7 25
7 71
25 64
34 44
51 40
62 3
87 70
93 42
16 0
16 17
33 13
44 79
45 62
51 41
80 28
89 73
19 63
25 40
30 54
30 72
37 24
50 92
59 39
31 86
36 41
70 91
73 68
78 37
88 87
6 12
50 83
38 33
82 80
35 79
