123
76 58
97 71
7 33
10 97
20 86
40 25
47 8
53 94
54 42
66 22
1 72
2 67
3 49
5 82
7 66
8 28
9 5
12 80
13 56
20 46
23 57
26 24
28 4
30 13
30 76
31 19
31 71
33 36
34 87
38 65
40 60
41 35
41 79
41 89
43 44
43 68
46 73
47 37
53 25
53 73
53 82
54 16
54 51
60 3
62 80
63 48
63 59
63 86
65 1
66 54
66 66
68 41
69 6
70 12
71 66
71 97
74 84
77 45
80 16
80 63
80 86
90 87
94 13
97 44
97 84
0 29
0 80
0 97
1 5
1 35
7 14
13 0
13 46
13 66
14 10
21 10
21 40
25 63
27 30
31 41
32 94
33 0
33 58
33 75
34 19
34 29
36 5
38 94
40 14
40 49
42 27
45 45
46 52
46 78
46 97
51 56
54 30
55 85
59 16
62 94
64 33
68 77
73 34
75 2
79 35
81 3
81 50
82 40
82 79
83 58
84 10
87 77
88 48
88 56
88 62
89 21
89 42
92 0
94 91
95 31
96 19
97 38
97 97
