114
70 13
1 1
3 46
6 6
6 27
16 90
19 25
34 17
35 0
39 42
44 15
49 16
56 97
67 89
75 79
76 16
85 28
8 16
9 26
10 83
11 5
14 11
17 17
21 56
22 37
23 1
24 26
25 8
26 17
29 67
30 54
32 41
36 65
38 35
40 27
44 44
46 30
49 96
51 85
53 77
55 16
60 87
61 5
62 96
63 16
68 74
70 53
75 54
76 61
77 59
78 88
79 13
81 67
84 10
84 81
87 44
88 72
89 13
92 51
93 2
94 65
95 77
97 14
0 33
3 8
5 37
7 91
10 47
12 27
14 71
15 0
16 8
18 84
23 72
24 97
25 83
27 27
27 46
29 8
32 54
33 94
37 77
38 5
40 59
41 66
43 6
46 97
47 54
48 4
50 36
51 11
52 53
54 22
55 29
56 45
57 51
58 15
59 73
60 37
61 43
62 31
64 65
65 91
69 46
71 18
80 1
80 35
81 54
86 1
87 57
90 19
91 37
92 5
97 66
