119
35 37
67 88
81 32
81 65
83 96
3 53
4 31
10 38
10 75
20 92
29 68
33 10
41 26
48 17
48 52
52 73
72 74
73 9
77 91
84 73
88 37
93 26
94 59
5 96
8 68
12 20
12 77
13 64
18 15
19 77
21 58
22 88
23 0
28 47
37 47
40 10
40 58
44 36
51 33
52 39
52 90
52 97
53 6
55 70
55 82
62 34
66 63
68 3
68 48
69 83
80 44
80 87
86 65
86 75
87 10
87 89
90 17
92 46
0 36
0 80
0 89
1 16
10 29
10 87
11 44
13 37
14 54
15 3
16 18
20 81
21 7
21 63
22 33
23 72
25 28
25 42
26 52
27 85
29 95
32 64
35 27
36 0
39 65
39 71
42 0
42 43
43 25
44 11
44 62
46 54
46 67
52 16
53 23
54 46
55 40
56 65
63 53
64 23
65 68
68 15
69 92
70 0
70 32
72 26
72 54
76 11
77 26
81 36
85 52
85 79
86 0
87 68
90 75
91 53
92 15
92 87
96 5
96 24
96 30
