115
13 90
16 11
66 12
94 58
4 40
29 22
38 49
41 14
42 28
42 75
49 60
50 88
55 37
73 84
77 63
95 73
61 30
74 12
76 96
46 35
53 30
95 0
0 22
11 67
13 51
14 28
30 97
32 64
78 37
89 15
90 90
91 43
93 29
0 16
16 91
27 48
33 91
35 5
49 8
52 51
55 67
61 94
81 3
95 43
10 12
21 25
40 42
52 6
73 26
83 97
97 82
24 14
81 14
86 52
49 49
99 16
59 99
27 0
0 67
0 45
3 84
12 53
15 76
28 82
60 70
69 42
69 81
74 66
76 0
61 0
47 99
0 41
1 7
22 63
28 29
40 78
53 84
67 26
79 52
79 71
93 76
50 0
9 5
11 76
19 96
34 55
39 20
55 15
63 40
63 61
81 30
93 22
95 8
99 51
2 30
27 8
29 78
37 59
39 92
52 70
73 95
3 50
12 25
41 2
55 44
58 12
75 89
91 30
92 46
27 52
33 15
35 88
41 68
42 40
83 23
