205
99 34
99 18
99 2
92 98
85 1
75 98
71 0
54 1
51 98
40 0
27 98
26 1
6 1
3 98
1 83
1 67
1 51
1 35
1 19
13 27
13 43
13 59
13 75
14 13
15 90
25 35
25 51
25 67
26 81
27 20
37 43
37 59
38 29
39 74
39 90
41 14
49 51
50 65
51 36
51 82
53 22
62 45
63 12
63 59
63 74
63 90
65 30
75 20
75 82
76 40
76 66
83 53
88 74
21 0
4 0
76 82
77 13
77 38
85 25
87 56
88 90
91 39
99 26
99 10
89 0
69 0
68 98
52 0
44 98
20 98
1 91
19 14
28 83
35 14
40 73
49 15
52 50
52 83
61 26
63 72
64 58
84 70
88 92
1 75
1 59
1 43
1 27
1 7
15 32
15 48
15 64
27 40
27 56
39 32
66 51
67 26
75 14
77 42
89 22
89 50
90 67
90 83
37 1
3 76
3 92
4 21
15 66
15 84
17 10
28 42
28 58
30 95
35 18
36 70
40 50
46 32
52 68
56 90
78 59
90 5
61 1
30 1
3 44
14 34
16 70
42 53
42 87
49 11
51 40
59 86
61 23
63 50
66 67
73 34
73 85
75 4
82 20
90 32
3 12
3 60
14 50
16 82
18 27
23 6
29 36
29 76
44 82
47 54
77 76
80 52
91 14
3 28
16 86
25 22
28 54
40 26
41 10
49 69
54 41
63 16
64 68
77 91
82 36
86 76
13 1
27 15
32 68
52 26
66 9
68 40
76 56
3 36
3 52
13 17
23 89
34 36
36 82
48 90
51 12
51 60
63 88
70 72
71 6
75 24
82 60
85 9
85 42
87 84
3 68
4 82
16 42
19 56
35 52
43 38
54 75
59 38
76 28
22 72
30 15
32 29
40 66
47 26
67 81
71 46
71 62
