114
71 9
86 8
96 39
6 63
9 6
11 52
20 67
23 30
25 10
29 4
30 54
32 49
36 68
39 67
44 27
47 90
49 25
78 38
86 34
88 52
95 83
10 20
13 42
14 4
17 86
20 74
21 16
26 85
31 78
37 20
38 89
39 52
40 1
40 39
43 84
45 61
48 0
49 71
50 45
50 81
52 37
54 75
57 5
62 34
62 73
62 95
69 26
70 33
70 70
72 96
75 39
78 48
78 90
79 77
82 14
84 60
85 88
91 10
92 59
96 19
0 2
1 20
1 41
3 69
6 64
7 33
8 43
9 79
10 69
11 94
12 49
12 58
16 24
16 33
17 46
20 40
21 4
22 47
26 25
28 14
30 95
33 12
35 75
39 4
41 10
43 94
50 15
53 24
53 29
55 52
55 62
57 35
58 42
58 83
62 6
63 39
65 88
66 45
68 11
72 19
73 65
74 0
80 23
81 39
83 94
87 0
88 25
88 31
92 46
93 51
93 62
95 27
95 32
96 4
