119
4 68
34 9
43 90
69 5
0 50
3 5
6 20
7 27
17 13
18 42
19 69
23 49
43 75
48 64
53 74
58 11
64 60
77 67
82 26
97 66
2 43
4 94
6 11
6 53
10 84
11 14
11 21
13 30
16 79
23 23
26 84
27 89
28 31
30 44
30 55
32 28
34 89
37 65
39 83
41 1
49 39
53 84
55 44
57 20
61 91
62 31
64 68
71 26
72 76
80 42
83 89
84 81
91 14
91 22
93 78
94 57
97 16
0 22
0 62
1 86
6 58
9 51
9 72
13 33
14 49
15 88
16 59
18 93
19 33
22 14
22 63
27 3
28 0
30 61
31 51
32 43
33 37
37 11
37 28
38 17
40 38
41 47
41 91
42 33
44 53
45 6
45 84
48 47
52 54
52 93
53 62
55 75
58 0
58 52
59 35
60 96
62 42
64 79
65 17
66 34
67 70
68 47
72 61
74 53
74 73
75 0
75 91
76 97
82 50
83 36
83 59
85 20
86 66
90 39
90 91
91 29
92 47
96 37
96 80
