119
49 12
2 54
17 3
71 94
75 8
3 18
9 67
14 54
16 95
23 38
24 89
31 39
34 59
37 29
41 91
55 36
57 46
64 83
65 70
81 66
90 38
1 42
3 86
8 51
8 87
14 73
18 6
22 97
26 80
28 67
31 85
36 54
40 35
42 61
50 0
56 65
60 12
62 41
68 78
71 13
72 46
75 21
80 0
81 22
82 89
84 46
85 57
90 27
91 32
96 63
96 73
97 2
0 25
2 10
5 20
7 8
9 95
11 23
13 30
13 45
16 87
18 79
19 40
20 58
20 67
21 52
23 0
24 47
24 73
25 27
26 10
26 18
27 92
32 4
32 63
33 17
38 6
39 22
40 83
42 29
42 53
43 75
44 4
44 43
47 15
48 25
48 37
48 51
49 59
50 97
56 72
56 85
57 5
58 15
59 94
61 58
63 86
64 30
66 55
67 1
69 28
70 50
73 33
74 28
74 82
75 77
76 12
76 69
82 7
82 81
83 88
84 68
86 76
89 85
90 51
91 24
92 46
93 96
97 49
