122
5 43
13 18
44 80
62 7
5 74
8 86
17 8
22 0
26 24
29 81
59 83
60 18
81 14
2 4
2 31
2 89
4 95
5 51
6 16
8 21
12 55
15 92
24 85
25 70
27 47
29 61
30 15
31 52
37 2
38 32
40 11
40 85
42 48
46 23
47 8
47 82
49 48
52 10
52 86
54 21
57 10
59 24
61 68
61 97
64 25
66 53
69 95
70 28
73 33
74 95
79 2
81 48
81 60
81 96
84 70
85 23
91 27
94 57
95 44
97 70
0 40
0 59
2 53
5 6
8 60
8 78
10 3
11 9
15 14
15 68
16 75
17 45
22 4
22 33
24 78
25 10
26 67
28 23
29 41
29 95
31 86
32 12
32 73
40 20
40 55
43 73
44 29
45 49
47 18
48 38
50 65
52 59
52 71
52 78
53 85
54 39
56 44
60 75
61 55
66 60
67 36
69 0
72 73
72 80
73 54
75 7
78 18
78 33
78 87
79 81
83 0
83 4
85 54
86 45
87 86
88 38
90 33
91 79
93 21
94 5
96 0
96 97
