105
54 71
6 75
15 21
34 79
61 91
71 25
90 34
35 67
80 20
5 93
6 38
15 3
32 11
33 97
54 3
68 5
71 81
94 57
16 40
25 59
52 80
53 66
99 19
87 0
0 5
7 56
34 43
39 27
51 17
54 50
67 56
72 39
80 63
83 48
71 99
1 30
9 79
12 94
17 66
40 92
52 21
57 95
66 11
75 84
80 70
9 42
14 26
18 81
28 25
35 57
37 36
46 6
84 31
0 86
3 66
17 54
40 84
50 27
54 86
41 70
80 39
53 11
99 98
85 96
89 81
32 0
47 49
65 38
66 59
84 16
88 2
97 49
71 0
2 16
23 80
48 45
89 85
92 71
93 32
97 10
70 99
44 0
17 17
18 46
20 62
33 52
42 31
55 25
55 66
61 52
68 73
69 11
30 73
39 15
39 61
56 85
74 60
60 0
15 32
49 72
67 45
85 77
24 47
75 46
57 17
