124
32 58
34 51
36 71
42 5
8 23
14 59
22 91
35 12
39 22
46 69
53 77
72 23
79 56
84 30
92 47
1 19
3 76
6 1
10 10
12 19
13 46
17 83
18 14
25 60
27 4
27 73
28 51
32 39
37 13
40 45
44 1
44 93
51 3
54 13
57 26
62 0
62 81
63 39
64 97
65 21
65 67
67 9
69 47
69 88
74 86
77 31
80 2
80 73
85 47
86 11
88 55
88 85
89 61
95 81
96 14
96 53
97 65
0 6
0 42
0 49
0 83
4 96
5 24
6 38
8 49
15 6
17 22
17 64
18 48
19 57
22 29
24 44
27 16
29 82
29 87
30 76
32 18
36 35
38 95
40 14
40 53
41 34
41 48
42 84
47 16
48 41
48 48
52 65
52 96
54 0
57 16
57 62
58 92
60 50
60 87
61 26
64 0
67 97
69 2
70 7
70 58
71 74
72 37
73 45
75 17
75 89
76 11
76 25
77 63
78 46
81 37
82 66
82 90
83 80
87 27
88 21
89 2
90 67
90 97
92 74
93 33
93 86
94 25
94 91
