117
1 51
11 38
85 86
87 70
5 9
9 82
27 33
33 46
39 8
39 94
43 70
49 48
53 3
71 73
77 34
85 49
3 30
12 6
15 46
34 28
49 86
53 41
79 79
57 99
7 66
23 62
48 27
69 89
70 14
86 11
97 94
99 49
30 84
39 63
40 14
51 71
57 27
62 2
70 65
71 95
78 52
87 18
3 59
5 73
38 47
43 92
56 52
58 73
60 36
75 2
88 95
89 42
2 40
33 22
47 16
74 41
76 16
31 39
36 57
41 54
27 0
25 99
0 97
16 23
98 79
99 25
16 83
30 82
63 51
96 65
88 0
79 99
37 0
18 0
0 91
1 4
17 49
18 93
21 14
64 86
73 30
99 86
1 80
16 77
33 78
44 87
53 13
59 59
70 47
83 59
84 80
64 99
2 44
7 94
15 8
17 40
31 14
45 37
60 6
70 50
84 39
92 56
22 25
22 76
45 12
47 82
48 96
50 34
75 64
77 10
83 87
4 52
24 9
29 89
45 56
54 82
86 84
