106
21 49
39 50
52 33
0 33
21 26
24 93
26 4
38 83
83 93
88 42
1 75
3 5
43 67
64 60
77 17
96 65
9 15
10 78
27 59
33 8
46 81
80 51
81 9
49 71
1 56
49 95
54 48
57 8
66 96
70 33
95 8
97 94
35 99
6 39
15 28
17 63
20 42
30 73
44 24
61 19
73 65
79 83
83 23
90 72
95 51
63 9
64 46
78 45
84 30
13 57
22 31
25 49
33 77
43 62
64 53
86 8
91 87
99 33
9 96
60 80
99 27
83 99
74 0
50 0
35 24
68 97
74 81
99 89
99 49
43 0
20 99
0 16
2 76
3 61
16 11
33 10
39 23
42 48
57 66
78 65
4 82
6 29
15 92
18 64
39 94
55 41
61 87
71 39
78 3
14 43
28 85
29 40
31 70
43 57
45 85
66 77
67 14
76 25
81 85
91 14
12 25
70 59
32 58
76 95
86 15
38 72
