110
46 1
42 98
30 1
26 98
14 1
10 98
0 87
0 69
0 51
0 33
0 15
12 24
12 42
12 60
12 78
22 13
24 33
24 51
24 69
26 83
34 22
36 42
36 60
38 74
6 1
38 13
38 28
40 45
40 81
42 59
34 98
18 98
2 98
0 3
4 18
4 36
4 54
4 72
16 27
16 45
16 63
16 81
18 10
28 54
44 12
44 30
44 78
4 90
20 30
20 66
20 84
42 64
42 92
44 42
38 1
22 1
8 15
8 39
8 57
8 75
20 48
26 16
28 36
28 72
26 91
30 19
32 57
34 79
38 7
2 25
2 43
2 61
2 79
14 7
32 39
40 21
10 92
42 52
6 7
10 31
14 52
14 70
18 91
22 40
26 61
32 87
38 35
14 16
22 76
26 25
30 7
34 67
36 90
10 85
30 47
46 88
42 67
44 20
8 21
22 4
6 46
6 64
14 34
18 55
22 19
26 86
38 50
29 72
30 31
32 9
