122
6 55
46 51
58 75
72 12
75 27
12 3
23 73
25 56
34 48
48 14
49 46
53 97
74 7
0 32
0 54
0 59
4 9
4 43
7 85
10 26
11 62
16 26
16 59
17 51
19 85
24 85
28 2
32 23
32 97
33 14
34 35
42 66
51 54
51 72
52 43
57 94
58 5
58 56
59 66
60 43
61 31
66 60
70 2
70 97
71 59
72 86
73 50
77 84
78 10
78 29
79 23
79 90
82 61
83 12
84 17
86 73
89 32
91 74
92 9
95 85
0 85
1 49
2 0
3 34
3 79
5 16
5 39
6 56
6 97
11 83
11 96
12 91
13 18
13 32
14 66
16 6
16 61
17 96
18 33
21 15
21 48
22 60
28 59
29 30
29 80
32 4
33 52
37 9
37 14
41 71
42 23
43 35
46 59
46 86
49 13
51 87
53 26
59 0
60 90
61 10
61 82
66 24
68 29
68 39
72 72
75 41
75 59
78 69
81 44
82 82
84 53
85 0
85 87
86 40
86 47
89 18
91 47
91 60
93 89
94 7
97 20
97 64
