108
20 74
28 22
47 62
52 88
90 31
59 88
94 42
99 74
2 11
7 46
36 39
45 4
65 50
77 78
91 58
10 56
39 67
41 43
44 28
61 77
80 35
85 49
41 50
78 0
61 0
0 96
0 75
6 30
10 85
21 42
23 3
24 88
27 57
54 18
58 34
69 22
72 94
99 27
3 0
7 15
20 21
25 71
40 78
83 71
84 86
96 60
3 36
40 21
62 14
62 42
76 39
77 53
14 49
17 31
33 56
62 20
73 85
18 45
28 34
46 34
85 78
34 28
35 97
82 14
3 60
24 7
38 92
46 5
58 71
60 56
99 56
0 81
13 87
41 75
61 36
64 96
65 6
73 62
76 16
79 98
0 54
0 22
4 69
17 59
22 93
23 18
24 77
40 14
40 94
45 48
47 80
98 70
6 83
31 60
61 61
72 36
42 12
59 86
68 13
75 28
92 72
19 28
20 85
25 68
35 78
66 42
29 23
40 83
