120
36 77
41 72
61 38
77 91
82 64
1 38
1 74
3 64
10 85
21 14
26 19
32 39
37 34
70 54
76 73
90 23
1 14
1 25
6 12
9 50
12 70
15 13
16 24
22 50
22 60
23 45
31 59
32 68
33 13
33 90
36 79
40 29
41 85
42 15
43 21
43 78
46 48
51 94
55 53
57 44
58 30
59 61
62 10
63 65
66 93
68 8
71 96
74 26
74 57
79 94
80 30
84 2
84 45
84 70
85 28
86 11
86 56
89 77
95 46
0 18
0 82
5 67
10 5
10 56
13 0
13 44
15 71
15 85
18 29
18 93
19 34
19 66
20 74
22 12
23 84
24 30
25 3
25 48
27 67
28 92
29 28
30 16
35 0
35 45
38 89
40 66
41 59
42 39
42 84
43 0
44 73
48 18
48 34
48 41
54 6
54 19
54 80
58 88
59 78
63 35
64 1
65 25
70 62
72 84
76 2
77 67
80 95
81 90
84 19
85 48
86 82
89 3
89 68
89 87
92 60
93 24
94 81
94 97
96 3
97 65
