141
0 1
1 27
2 77
8 17
8 37
8 67
8 91
11 47
12 77
18 7
18 29
18 60
20 47
28 7
28 37
28 50
28 71
28 87
28 97
30 0
30 17
38 27
38 37
38 61
38 77
39 7
42 47
48 17
48 61
48 89
51 37
51 77
58 7
58 27
58 67
62 97
68 1
68 27
68 41
68 57
71 67
71 87
72 47
78 2
78 27
78 51
78 77
78 87
80 67
81 17
81 97
82 7
88 37
88 57
90 77
91 20
97 1
97 31
97 57
97 90
0 7
0 17
0 37
0 47
0 57
0 67
0 87
0 97
1 52
8 0
8 7
8 27
8 57
8 97
13 15
15 82
18 0
18 17
18 37
18 67
18 77
18 87
18 97
21 23
28 27
28 57
28 77
32 42
33 91
38 0
38 17
38 67
38 87
38 97
43 34
43 73
48 0
48 7
48 27
48 47
48 67
48 97
51 15
53 45
55 82
58 0
58 17
58 37
58 47
58 57
58 77
58 87
61 72
62 10
66 82
68 7
68 17
68 77
68 97
71 12
78 37
78 57
81 44
83 83
87 97
88 0
88 7
88 27
88 47
88 67
88 87
91 42
94 12
96 60
97 7
97 17
97 37
97 47
97 67
97 77
97 97
