185
0 1
0 7
0 13
0 19
0 26
0 31
0 37
0 43
78 18
78 32
0 46
0 53
0 58
0 63
0 68
0 73
0 78
0 83
0 88
0 93
3 0
3 3
3 8
3 13
3 18
3 23
3 28
3 33
3 38
3 43
3 48
3 53
3 58
3 63
3 68
3 73
3 78
3 83
3 88
3 93
8 0
8 3
8 8
8 13
8 18
8 23
8 28
8 33
8 38
8 43
8 48
8 53
8 58
8 63
8 68
8 73
8 78
8 83
8 88
8 93
13 0
13 3
13 8
13 13
13 18
13 23
13 28
13 33
13 38
13 43
13 48
13 53
13 58
13 63
13 68
13 73
13 78
13 83
13 88
13 93
18 0
18 3
18 8
18 13
18 18
18 23
18 28
18 33
18 38
18 43
18 48
18 53
18 58
18 63
18 68
18 73
18 78
18 83
18 88
18 93
23 0
23 3
23 8
23 13
23 18
23 23
23 28
23 33
23 38
23 43
23 48
23 53
23 58
23 63
23 68
23 73
23 78
23 83
23 88
23 93
28 0
28 3
28 8
28 13
28 18
28 23
28 28
28 33
28 38
28 43
28 48
28 53
28 58
28 63
28 68
28 73
28 78
28 83
28 88
28 93
47 0
47 3
47 8
47 13
47 18
47 23
47 28
47 33
47 38
47 43
68 0
68 3
68 8
68 13
68 18
68 23
68 28
68 33
68 38
68 43
68 48
68 53
68 58
68 63
68 68
68 73
68 78
68 83
68 88
68 93
73 0
73 48
73 70
78 0
78 5
78 38
78 43
88 2
88 18
88 43
93 7
93 15
93 31
93 38
93 43
