117
59 96
1 80
22 35
56 42
82 42
4 61
21 48
21 56
24 20
28 9
32 39
33 85
44 20
62 41
64 88
81 22
91 80
0 16
0 41
8 46
14 51
16 21
16 75
17 90
18 8
19 63
21 41
27 84
28 2
28 59
29 25
33 6
35 17
37 40
37 95
44 51
45 45
50 70
51 32
54 65
56 9
57 84
59 78
61 32
62 61
65 78
67 0
68 51
70 87
73 10
74 1
78 60
80 90
81 57
91 96
92 11
93 48
94 70
95 26
95 62
95 93
96 42
0 34
1 52
2 27
5 2
5 17
7 53
7 68
14 43
14 80
15 32
20 50
26 54
27 30
27 88
32 70
33 56
34 63
37 2
37 44
39 25
40 61
41 32
41 80
41 95
42 55
43 12
43 75
48 41
49 53
55 12
57 36
58 55
58 67
58 72
63 35
63 66
64 19
71 38
72 95
74 17
75 5
78 28
79 48
80 94
81 75
82 89
84 2
84 28
84 34
86 52
89 89
91 74
96 55
97 4
97 79
