92
19 20
5 7
10 11
28 44
44 6
10 29
14 15
22 23
31 24
40 78
58 44
65 43
87 6
2 39
6 17
12 22
12 44
16 31
19 40
20 4
33 40
34 96
35 28
36 11
40 28
43 36
73 26
79 80
88 70
97 28
97 97
0 4
0 58
4 28
15 47
18 74
21 86
23 28
27 39
29 26
30 73
31 54
34 58
40 13
44 52
47 11
49 58
53 84
57 74
67 76
69 50
82 53
85 26
86 14
88 41
91 2
91 8
0 18
0 43
8 0
14 35
15 90
16 50
26 46
27 12
31 42
34 64
34 90
35 12
37 0
37 38
39 46
43 70
44 0
47 24
47 36
49 16
51 48
59 10
59 49
59 54
65 3
70 16
70 58
70 67
72 21
84 79
87 58
89 64
94 70
96 17
97 1
