114
33 55
42 51
59 57
70 70
96 27
6 96
19 24
23 86
27 65
29 70
31 5
50 53
53 88
54 34
66 75
72 17
77 7
82 68
0 52
3 61
6 51
7 10
8 15
8 81
18 56
24 3
24 42
25 49
31 95
32 21
32 49
34 65
40 5
44 97
46 91
47 65
49 43
52 68
53 26
56 88
57 5
59 69
60 43
63 53
64 61
65 67
70 36
70 51
71 78
74 86
76 44
78 51
79 78
82 86
83 91
85 56
87 71
89 15
91 49
91 59
94 87
97 34
97 95
7 0
7 37
9 56
11 74
15 40
17 13
21 91
23 9
27 29
28 81
33 9
36 54
37 25
37 70
38 60
41 3
41 20
42 44
42 53
42 79
48 5
52 56
53 37
54 78
55 13
56 96
59 19
60 34
63 8
63 14
64 96
67 25
69 53
71 20
72 6
74 28
76 54
77 39
79 46
82 13
82 21
83 36
85 3
87 21
89 36
90 96
92 77
93 28
96 4
96 85
97 69
