107
1 30
15 34
36 14
65 25
81 39
97 70
0 78
13 65
17 3
23 55
30 32
32 95
41 84
58 53
66 40
67 97
70 8
85 19
91 94
6 81
9 45
32 6
48 10
89 33
74 23
90 41
93 81
82 0
0 59
13 20
46 43
46 70
55 81
69 83
71 66
83 57
99 96
99 60
49 0
13 85
23 96
34 79
39 21
53 33
81 91
25 40
50 63
54 24
65 92
68 56
80 65
83 14
91 26
92 75
20 91
24 9
55 67
74 46
27 86
82 46
99 5
0 97
2 11
37 56
58 0
1 33
98 46
99 30
85 99
62 99
0 47
14 49
15 28
26 57
39 94
62 6
72 77
84 4
99 81
41 0
0 82
16 21
20 82
32 21
33 41
35 64
43 90
46 24
59 38
68 19
75 82
91 2
94 66
17 9
49 71
52 9
60 84
64 34
76 7
78 60
23 46
41 89
61 48
86 72
87 52
22 25
26 14
