118
35 96
36 22
78 32
95 76
11 24
15 68
17 40
18 10
43 12
48 2
59 83
64 14
75 54
85 39
88 11
95 95
97 26
3 16
5 61
5 78
6 5
11 14
19 92
20 21
21 50
23 19
25 6
26 52
29 34
29 97
34 4
36 38
38 94
41 30
45 95
48 5
49 53
50 29
55 26
55 49
57 57
61 5
62 37
62 45
64 0
64 28
68 50
71 29
72 8
72 59
80 4
83 22
95 84
97 65
97 75
97 80
0 0
0 21
0 97
4 41
5 21
5 52
7 30
8 62
10 52
12 81
14 72
17 24
17 79
18 37
19 0
27 1
30 71
33 52
33 65
37 0
37 46
38 77
41 56
42 36
42 65
43 73
43 80
43 89
46 48
51 34
52 81
53 18
54 1
55 88
58 49
59 75
61 88
62 61
64 76
68 14
69 66
73 2
75 47
75 70
76 34
77 56
79 93
80 46
82 55
82 61
85 21
87 45
87 62
89 95
91 21
93 34
94 3
94 12
96 86
97 0
97 55
97 97
