104
98 83
4 19
42 64
46 37
53 50
77 56
80 3
85 62
89 80
91 5
9 88
18 60
45 81
46 10
83 21
18 73
23 52
35 34
55 15
64 46
70 9
77 64
87 53
78 10
2 49
10 5
13 40
27 19
30 82
61 62
71 86
76 35
96 97
1 93
10 22
27 35
35 5
48 83
60 36
64 4
73 70
8 77
33 21
33 73
46 29
49 3
73 29
86 86
90 18
91 66
5 30
10 67
51 63
63 12
63 55
74 45
25 29
35 13
75 23
89 91
44 72
29 25
63 98
44 99
29 98
99 52
58 98
1 5
15 90
16 7
62 84
96 27
90 0
1 73
0 89
28 58
38 94
46 44
52 23
99 59
10 99
9 51
18 36
30 44
54 82
61 21
74 78
77 38
94 73
12 15
25 66
42 91
43 54
67 49
77 6
4 81
46 14
54 56
63 28
70 63
88 81
35 84
39 27
48 92
