108
10 51
12 73
75 83
90 90
38 99
2 93
9 33
12 6
18 97
25 43
40 85
57 66
64 22
76 10
80 32
91 70
10 58
24 7
65 33
87 39
6 43
40 92
17 37
73 99
57 99
25 79
31 30
39 2
39 47
40 18
53 50
75 49
90 13
3 0
3 84
6 23
24 93
45 25
48 6
50 79
64 74
76 97
79 57
91 6
93 26
0 36
0 10
2 65
54 21
60 58
77 14
82 83
11 65
16 27
48 84
63 52
64 94
68 31
85 50
95 13
29 99
46 10
50 17
74 38
33 86
99 58
26 57
38 65
99 87
99 48
78 0
45 32
90 98
99 67
70 0
11 80
15 12
24 23
28 4
43 60
70 74
80 64
94 34
99 20
87 0
7 0
13 94
17 78
30 22
48 31
54 50
54 71
54 93
78 21
83 68
10 20
18 64
58 66
7 6
23 35
59 28
72 90
82 26
90 66
17 87
35 25
84 22
83 7
