109
88 1
51 29
56 14
60 86
79 19
18 98
2 79
15 54
18 30
24 6
41 65
56 72
73 92
75 74
80 36
24 89
25 39
40 25
44 56
50 35
56 7
87 73
66 64
42 33
1 46
16 74
39 11
62 49
84 52
92 95
78 99
3 87
7 60
14 9
17 23
25 68
31 81
36 50
48 90
62 27
77 22
63 98
15 49
32 4
49 56
57 43
58 80
71 41
84 8
84 83
89 40
20 47
74 68
32 60
43 19
57 62
67 81
52 22
99 61
98 14
71 1
3 25
99 90
99 50
99 0
98 76
2 98
1 42
37 95
85 59
91 27
30 0
1 71
13 15
17 80
26 21
28 35
39 78
70 15
72 99
7 41
26 86
29 53
43 73
43 89
68 52
71 16
76 40
80 60
85 22
91 46
94 70
7 84
14 34
14 64
29 20
51 49
57 66
58 35
83 90
31 24
39 66
61 8
64 79
85 44
15 44
72 51
75 8
18 55
