118
3 69
5 33
35 7
77 48
17 91
38 32
47 54
49 68
58 82
71 10
76 82
9 65
50 41
60 94
66 50
84 44
51 32
68 38
86 50
53 50
96 0
61 0
10 0
0 10
11 46
19 34
20 76
27 21
31 67
70 67
86 66
90 13
90 84
0 80
7 14
16 49
27 95
37 52
41 20
45 2
65 28
7 88
50 7
79 88
92 72
93 45
32 21
41 38
56 61
57 5
63 83
66 43
44 12
50 46
83 73
91 53
62 70
99 32
91 99
36 82
79 24
99 59
79 0
53 99
29 0
0 55
0 36
22 35
30 47
38 85
58 19
70 11
82 30
0 19
12 88
18 17
23 76
28 5
31 61
48 72
91 96
92 10
92 30
94 82
0 60
0 16
2 40
11 51
24 90
35 46
51 25
65 27
68 64
93 1
4 30
19 38
36 64
63 86
76 60
76 76
34 18
48 21
50 58
63 35
64 8
75 27
79 80
84 4
0 50
51 48
36 27
36 57
40 9
54 13
66 25
67 72
13 42
42 59
