114
14 5
31 13
71 43
72 24
12 39
12 56
19 24
26 93
27 37
29 68
38 55
46 1
58 30
71 91
84 2
91 23
92 71
28 8
32 97
37 69
78 44
97 23
38 92
99 42
13 99
0 65
14 84
41 32
49 82
54 13
57 69
63 55
71 8
74 70
85 58
3 44
10 11
15 74
43 23
57 84
80 80
92 37
35 10
42 61
49 36
57 18
63 45
64 70
65 85
72 2
17 33
43 69
70 38
81 48
17 15
71 29
50 74
51 27
69 52
99 97
99 57
85 94
99 79
97 0
71 99
46 99
1 12
3 82
21 50
39 47
99 51
67 0
63 99
12 0
0 61
0 41
14 64
17 78
23 53
33 83
53 44
71 23
79 62
81 13
95 14
28 99
18 81
26 22
40 84
45 8
49 96
58 61
86 27
93 64
1 50
20 36
30 51
30 72
42 32
55 41
86 11
5 68
24 8
29 93
47 18
51 63
56 89
73 23
86 51
29 75
57 48
67 59
65 36
70 57
