103
4 4
4 39
6 21
6 56
19 4
19 39
21 21
21 56
31 94
32 77
34 4
34 39
36 21
36 56
46 94
47 77
49 4
49 39
51 21
51 56
61 94
62 77
64 4
64 39
66 21
66 56
76 94
77 77
79 4
79 39
81 21
81 56
91 94
92 77
0 0
0 7
0 19
0 33
0 42
0 54
7 25
7 60
13 19
13 54
15 0
15 7
15 33
15 42
16 94
22 25
22 60
28 19
28 54
28 70
30 0
30 7
30 33
30 42
35 88
35 97
37 25
37 60
37 76
43 19
43 54
43 70
45 0
45 7
45 33
45 42
50 88
50 97
52 25
52 60
52 76
58 19
58 54
58 70
60 0
60 7
60 33
60 42
65 88
65 97
67 25
67 60
67 76
73 19
73 54
73 70
75 0
75 7
75 33
75 42
80 88
80 97
82 25
82 60
82 76
88 70
95 88
95 97
97 76
