111
8 95
21 45
32 81
39 52
58 76
68 88
76 35
73 0
0 68
7 53
8 20
29 12
45 21
84 10
86 25
90 63
10 72
19 91
72 81
94 3
11 83
63 82
99 79
99 36
37 0
11 5
22 62
25 27
49 41
49 62
49 88
59 14
59 51
78 52
79 97
93 49
10 29
42 5
62 36
83 90
85 66
0 87
2 59
7 10
15 66
29 17
31 68
32 49
44 32
52 46
53 19
55 68
81 21
86 95
92 82
95 42
12 19
17 59
19 37
38 62
3 77
43 46
49 10
92 90
17 25
70 64
99 64
65 99
62 0
23 95
73 49
98 99
56 99
56 0
27 0
27 77
29 33
36 89
59 20
67 32
74 14
76 66
87 8
94 28
99 85
23 46
31 26
38 68
40 83
57 50
76 38
77 77
91 11
13 11
37 45
39 28
41 7
63 4
63 59
80 80
86 55
45 3
66 50
78 7
92 71
8 63
43 18
52 58
80 62
29 57
85 84
