110
34 59
35 45
60 59
71 87
88 90
97 23
78 84
1 55
2 27
17 85
51 79
61 23
80 1
81 18
89 66
5 64
23 89
24 43
50 63
56 86
65 56
62 64
99 9
50 99
0 83
6 96
9 13
22 5
25 29
34 74
45 24
49 10
63 40
94 48
99 75
92 99
72 0
8 71
11 39
30 91
32 31
47 49
67 19
77 64
86 3
13 5
14 64
55 77
57 32
83 79
87 61
14 77
24 87
27 51
39 69
68 84
85 11
53 64
71 60
89 82
91 7
32 15
77 41
99 39
64 0
13 99
17 25
43 97
50 4
81 25
83 39
99 81
60 99
0 93
1 17
2 35
19 57
37 37
56 38
64 2
99 60
0 76
4 56
18 71
28 59
30 18
33 77
40 44
44 86
52 12
69 78
70 46
74 92
75 21
86 32
16 46
36 60
50 84
71 35
79 55
83 95
16 83
67 63
71 6
75 78
90 21
11 51
55 54
57 78
77 9
