103
50 0
29 0
8 0
6 14
6 35
6 56
7 70
27 14
27 35
27 56
27 77
48 14
48 35
48 56
49 70
7 19
7 40
28 19
28 40
28 61
49 19
49 40
6 63
7 49
28 70
48 63
49 49
6 7
7 28
27 7
28 28
28 49
48 7
49 28
66 69
59 0
44 0
24 0
3 0
0 73
14 68
23 79
37 78
58 51
0 57
0 42
0 27
11 14
13 33
13 48
24 21
32 35
32 56
42 14
42 69
45 42
54 22
56 68
58 36
35 0
14 0
0 5
12 65
54 54
56 15
0 24
14 41
20 64
21 14
33 42
34 20
34 62
44 33
57 6
58 29
0 66
0 50
19 48
34 70
42 6
56 65
0 35
0 15
14 20
19 72
20 34
21 4
21 54
34 27
35 47
42 62
54 43
40 20
40 48
14 26
33 5
40 28
12 5
13 57
19 27
21 45
41 55
32 14
