115
74 78
82 8
7 63
28 71
56 18
57 79
70 31
32 58
10 80
21 7
25 24
39 91
50 55
84 32
11 58
54 85
70 10
83 3
54 68
0 94
0 46
7 19
14 44
38 32
55 36
71 54
81 95
88 60
91 45
95 20
95 81
16 0
30 85
45 11
45 69
54 93
69 25
70 85
82 75
96 9
10 87
49 47
60 71
61 38
82 18
93 27
18 64
62 94
63 17
67 63
7 51
44 79
64 35
77 13
77 25
96 99
36 0
23 99
0 6
1 32
99 71
66 0
0 77
17 39
27 50
33 36
37 15
50 1
76 50
84 90
99 13
8 0
0 18
1 38
14 22
14 95
36 57
41 29
41 95
42 76
53 54
78 72
83 46
98 31
95 0
47 0
0 65
24 86
33 43
49 15
67 91
84 66
85 39
85 94
90 53
0 89
1 50
3 10
6 72
10 36
27 65
30 28
33 97
40 43
47 93
62 9
69 40
76 78
92 86
47 37
84 9
91 34
68 16
78 36
76 86
