129
48 11
59 5
8 10
8 89
23 9
30 7
31 19
32 31
40 39
45 4
62 11
74 39
75 10
79 6
84 69
0 2
2 20
8 39
9 46
10 0
15 91
18 0
19 20
22 61
23 32
28 39
39 15
45 66
50 29
52 76
53 8
55 21
56 42
58 85
59 69
64 76
67 79
69 0
70 16
70 54
76 17
81 54
83 10
83 83
84 91
87 52
88 4
88 39
89 65
91 88
92 9
92 78
93 71
97 48
0 47
0 59
0 66
0 79
0 92
2 36
3 26
5 13
6 69
10 63
10 97
11 10
11 27
11 56
12 16
13 81
14 75
16 10
16 41
17 48
18 27
20 74
22 79
24 91
25 17
26 45
27 25
27 66
28 0
30 72
32 87
33 21
33 42
35 7
35 66
36 2
36 27
36 80
37 53
39 94
40 41
41 85
42 20
43 47
43 58
46 42
46 78
48 0
50 89
52 47
54 97
56 11
58 32
60 0
61 54
61 64
62 23
63 88
64 29
66 6
69 65
71 76
74 32
74 87
77 59
79 22
80 29
83 41
86 15
90 31
91 51
94 17
95 62
96 96
97 2
