119
10 18
57 62
33 37
73 11
75 43
83 97
10 41
18 56
23 74
24 22
36 8
63 16
63 25
78 89
79 80
86 17
0 6
0 11
3 67
3 81
8 95
12 5
12 52
14 15
15 68
21 64
23 0
27 53
29 80
30 0
31 61
32 18
34 75
37 29
38 56
42 8
42 46
42 66
43 0
43 88
44 54
45 28
45 95
48 40
49 72
53 86
63 4
65 66
71 48
72 32
73 66
75 94
76 22
80 53
81 29
86 25
87 3
95 46
97 23
0 33
0 58
0 86
3 31
3 45
4 64
4 73
6 20
9 81
11 28
12 23
13 48
15 0
16 16
18 6
21 40
24 31
24 96
27 10
27 73
28 62
32 2
33 77
34 13
34 83
35 23
35 89
37 47
38 95
40 59
43 14
44 20
44 82
48 88
52 72
53 3
57 26
58 46
59 94
60 84
63 7
63 35
66 77
67 43
67 56
68 95
70 86
71 78
74 0
75 6
75 14
82 89
86 9
88 44
89 65
91 18
92 83
93 89
95 77
96 35
