120
34 48
57 61
63 36
91 8
2 37
4 7
8 63
31 86
33 66
34 12
44 23
47 38
62 97
69 49
73 17
86 35
97 23
9 39
44 69
37 56
38 42
61 24
87 15
99 73
3 99
12 88
20 4
45 94
52 11
55 83
74 89
93 59
95 87
99 40
30 99
1 25
2 69
23 40
26 18
28 80
58 64
74 45
80 92
84 1
4 86
9 12
30 1
46 21
46 79
65 22
78 15
99 34
53 59
53 94
51 28
61 13
81 23
46 62
70 0
0 51
74 63
83 74
99 7
55 0
15 27
17 92
18 73
61 82
87 51
99 70
82 99
4 5
4 55
23 35
25 59
34 5
36 28
67 98
69 3
79 39
99 60
18 99
0 35
6 71
10 49
12 20
26 85
32 72
37 94
38 49
60 75
65 29
71 55
86 81
99 30
16 0
5 90
13 78
16 34
23 14
30 32
46 83
66 30
85 8
88 88
90 61
37 19
70 44
76 19
88 39
89 80
3 31
25 94
38 13
44 28
61 14
89 29
93 66
72 34
74 7
