110
2 56
27 63
40 92
59 90
64 68
87 64
48 87
99 23
4 8
16 73
18 11
32 22
33 46
40 6
48 31
62 19
66 42
83 90
99 16
4 47
19 82
45 16
48 78
61 60
72 13
78 66
42 25
54 83
99 87
1 22
33 77
44 56
58 3
99 67
2 33
24 40
61 25
67 75
76 46
78 9
94 81
48 99
8 55
21 18
21 61
25 87
42 45
46 67
60 50
62 34
71 27
72 69
37 66
39 83
51 56
73 75
66 60
99 52
98 38
27 0
16 99
1 93
1 78
85 22
84 98
68 98
44 1
9 0
1 76
23 35
60 5
80 38
94 37
30 98
1 41
2 61
17 53
81 24
83 52
85 83
92 65
57 99
10 21
14 87
24 24
34 76
35 12
37 31
56 19
57 42
69 83
89 38
19 46
19 76
35 58
74 52
83 80
87 94
40 50
51 29
54 91
55 11
57 64
93 71
29 79
48 46
62 79
66 53
78 61
40 75
