125
4 32
7 49
10 9
29 5
33 16
39 21
41 90
54 72
60 97
69 7
69 89
1 3
1 74
6 22
6 33
8 40
8 69
9 82
11 60
14 15
19 24
20 4
20 50
22 33
29 47
31 52
33 40
33 95
34 67
35 25
35 75
35 90
38 83
40 37
40 74
43 26
43 51
49 76
53 59
56 85
59 37
62 1
62 64
63 46
64 10
67 27
67 41
70 18
71 65
75 7
77 78
78 29
78 56
82 61
82 95
83 71
87 63
87 84
90 35
92 57
94 53
95 13
96 92
0 12
0 44
0 79
1 39
1 55
4 2
7 88
11 21
16 80
17 11
18 45
19 55
20 96
21 0
25 70
28 19
28 77
29 34
36 52
37 7
41 65
43 9
43 36
47 61
48 0
49 16
50 9
50 66
52 36
54 27
55 20
56 13
57 57
57 76
60 87
63 31
66 48
68 54
68 79
69 93
70 87
71 43
74 17
74 93
75 63
75 69
78 82
81 26
82 38
84 11
84 48
84 78
87 18
88 42
90 73
91 58
92 80
92 97
96 22
96 60
97 0
97 91
