120
57 91
86 55
17 14
17 70
50 76
64 7
70 76
95 3
53 85
57 40
59 5
64 66
65 16
68 88
69 67
70 54
73 88
76 65
78 6
83 73
84 28
85 33
87 12
90 24
90 80
7 13
23 13
51 13
54 77
55 48
56 31
57 69
60 21
61 87
63 29
67 47
69 21
69 59
73 23
83 59
84 79
86 0
89 40
90 31
91 8
95 51
96 14
96 59
0 0
0 6
0 18
0 26
1 12
4 0
4 25
7 68
10 5
10 19
10 61
10 75
11 0
11 25
11 55
11 81
15 4
15 20
15 60
15 76
19 0
19 25
19 55
19 81
20 5
20 19
20 61
20 75
23 68
24 41
26 0
26 25
32 0
32 6
32 18
32 26
33 38
34 44
48 58
49 91
52 22
53 8
56 34
56 94
58 55
61 75
61 96
63 91
67 68
67 81
70 47
72 38
72 95
77 92
78 24
79 11
79 40
79 49
82 85
84 19
84 63
86 71
86 94
88 55
91 70
92 18
92 43
92 84
93 26
93 75
94 5
97 82
