100
60 57
78 49
21 54
29 79
45 18
80 92
89 68
29 55
33 49
2 53
10 37
15 4
34 35
46 63
47 77
73 73
77 14
85 32
22 74
26 88
50 84
52 16
54 47
89 91
91 77
34 63
78 73
99 46
10 87
27 14
43 4
59 33
63 94
91 7
3 38
24 38
37 94
43 33
64 24
73 35
74 58
82 46
90 59
10 30
14 80
37 78
42 47
51 92
54 62
66 70
84 3
95 36
95 74
56 27
56 89
62 40
72 78
25 61
31 88
46 55
30 43
30 70
41 90
29 0
0 9
10 66
99 99
99 31
78 0
22 99
14 0
4 23
21 17
43 1
91 16
99 90
99 58
0 47
26 22
66 14
80 90
7 56
17 33
35 20
37 3
58 72
76 43
78 22
95 52
17 90
21 2
40 28
60 19
44 69
55 82
74 67
28 76
32 41
81 66
33 79
