114
11 9
16 82
69 29
79 50
98 92
98 10
66 1
2 71
21 26
35 64
53 54
61 79
68 64
85 76
2 10
42 72
56 31
75 20
86 91
99 70
98 51
30 98
0 46
18 67
29 38
43 4
43 40
46 19
85 30
4 57
9 43
16 5
29 58
30 78
32 93
53 62
57 45
66 81
71 6
76 64
88 39
89 14
10 22
16 74
18 92
35 44
61 23
62 51
75 12
80 82
90 65
11 50
64 75
67 40
71 26
7 69
43 55
78 40
87 85
74 99
50 98
3 99
32 17
99 77
99 54
83 0
40 0
26 1
40 88
55 93
57 7
69 95
99 48
98 15
1 20
2 39
4 83
12 29
16 46
21 60
24 17
92 33
99 85
1 56
0 18
12 88
26 24
35 59
37 79
46 13
47 89
52 39
65 46
81 53
91 17
98 63
19 53
23 38
48 4
54 66
62 89
63 9
77 95
79 26
81 7
91 91
13 11
24 73
32 11
43 47
90 59
15 57
54 56
65 19
