110
17 32
38 76
42 53
60 27
89 64
51 55
98 14
40 1
2 28
14 71
21 53
39 90
46 33
73 6
80 96
88 37
24 36
31 78
50 67
69 32
96 32
12 22
98 96
1 13
10 97
14 6
53 91
56 12
65 53
65 82
85 78
1 76
13 56
24 86
31 43
33 13
34 97
35 27
67 89
70 17
92 80
95 55
98 41
92 98
6 39
30 66
45 77
73 75
93 20
6 65
9 14
16 48
27 96
31 58
59 20
59 59
59 91
79 88
36 64
90 0
81 52
60 0
6 98
1 0
25 15
45 37
74 35
99 65
99 7
55 1
1 94
8 80
21 88
34 4
40 17
49 40
59 74
73 53
76 21
82 38
83 7
83 63
99 28
5 55
21 22
35 49
39 94
84 92
85 67
94 46
6 90
22 78
26 5
32 34
45 61
47 41
51 26
52 77
56 52
68 7
90 26
20 57
24 73
29 20
38 81
75 63
36 26
63 18
37 63
66 24
