115
21 14
49 32
58 92
85 4
1 49
3 91
7 30
25 95
33 67
52 10
64 74
68 17
78 83
82 59
89 95
12 10
13 37
50 92
67 94
51 81
56 17
98 75
8 73
21 51
29 27
37 47
63 33
65 3
75 46
88 40
94 27
98 64
90 1
15 1
4 54
11 87
27 77
31 94
32 13
40 62
46 27
59 65
72 22
6 5
11 27
24 33
39 89
44 68
66 80
73 96
88 56
88 87
94 2
1 38
15 18
71 75
82 48
43 20
56 83
51 50
99 50
48 1
32 1
1 77
17 60
53 52
64 36
87 19
99 44
98 95
80 1
45 99
28 99
11 99
1 68
1 23
28 49
30 77
44 34
61 60
90 73
63 99
1 89
1 46
21 64
29 17
45 48
46 75
58 36
76 44
79 7
95 81
15 33
16 4
22 96
29 63
40 90
47 15
54 88
55 58
57 4
60 31
80 88
87 63
6 44
23 19
65 78
93 50
8 16
10 51
25 86
44 39
53 22
55 68
64 89
