114
12 24
28 96
37 3
57 84
65 51
7 54
7 75
19 46
25 30
31 82
33 61
42 92
61 9
71 96
81 59
81 85
91 97
95 54
15 73
53 56
48 88
69 79
87 55
51 95
98 83
90 1
18 9
35 40
54 29
68 26
77 38
83 23
91 70
93 34
83 1
8 86
17 65
26 13
48 12
55 71
90 16
6 15
11 45
17 26
22 71
41 59
52 3
62 84
63 67
69 17
83 69
83 86
95 20
43 99
34 93
57 91
88 80
40 25
99 47
99 3
14 98
1 59
1 41
1 15
36 45
36 75
49 36
99 71
1 83
9 29
21 9
33 17
43 74
49 51
55 38
64 11
69 33
69 67
71 47
91 40
99 63
63 99
10 59
21 79
24 52
30 32
38 4
75 20
76 92
90 95
92 2
1 26
24 88
37 64
51 17
51 45
60 70
72 55
82 45
83 16
83 64
8 54
8 79
22 67
65 19
72 78
75 30
92 50
38 83
62 58
75 64
11 19
94 65
88 58
