113
62 52
7 34
16 56
30 59
31 26
52 26
34 19
55 1
1 97
21 92
24 43
36 72
51 91
69 2
84 57
4 52
37 53
60 89
68 54
70 7
22 61
99 26
90 98
83 0
10 82
18 14
48 62
51 76
66 22
76 82
77 43
84 27
86 71
93 84
4 25
14 77
29 74
33 8
40 96
52 39
58 72
78 14
90 49
7 44
8 96
13 63
27 37
37 25
62 58
90 78
94 30
21 75
43 66
69 17
30 51
53 81
20 51
99 65
99 0
1 10
99 45
79 98
32 0
26 99
0 81
0 57
18 6
46 2
60 38
99 80
54 98
1 30
3 67
15 28
22 91
36 93
38 47
47 5
54 19
68 37
70 64
79 89
82 41
1 25
18 23
40 88
44 33
44 52
67 78
76 57
81 75
75 1
2 39
20 17
38 16
50 66
51 9
63 30
87 34
7 89
12 39
18 70
30 30
59 79
66 44
77 66
16 84
36 64
57 11
75 46
81 81
10 36
44 55
