112
22 71
23 1
1 34
3 64
4 50
23 94
38 72
40 25
45 88
60 88
61 35
71 67
79 52
84 89
2 28
17 11
61 45
69 81
85 42
11 28
21 83
53 80
73 78
98 77
68 1
3 98
19 43
31 13
33 38
43 5
46 56
70 15
76 28
84 13
86 69
50 98
26 99
2 89
17 61
46 12
55 72
90 63
10 4
12 78
15 22
28 28
30 70
60 23
62 6
72 58
78 2
83 21
35 1
22 15
33 95
34 23
54 94
83 77
75 67
99 37
99 12
47 39
98 86
78 98
3 0
18 45
34 54
47 40
90 26
98 43
89 0
54 0
19 99
2 10
48 13
49 63
57 50
70 33
79 91
63 98
3 36
8 60
20 29
24 66
27 85
42 78
47 29
54 64
62 16
71 47
75 32
87 40
97 76
13 42
16 2
32 5
36 46
61 68
64 83
76 7
87 47
89 18
16 14
25 34
37 4
74 24
78 81
66 8
68 92
77 61
85 33
20 25
