118
66 16
26 5
93 71
13 90
25 25
25 63
40 23
43 90
48 11
52 38
72 3
75 78
82 17
92 94
18 93
25 75
36 64
28 20
98 20
73 98
59 99
3 23
5 55
8 41
53 79
55 52
61 65
68 45
76 60
92 38
99 85
45 98
3 98
9 18
12 55
40 3
44 66
58 21
83 61
84 12
85 90
95 24
18 68
26 11
31 77
48 50
61 58
67 72
95 9
27 25
45 20
57 91
76 6
86 30
89 80
17 13
85 23
34 14
11 0
0 84
0 69
22 39
99 64
99 38
99 3
98 99
63 0
1 40
1 6
25 44
27 91
39 45
64 30
84 47
78 99
45 1
0 54
2 73
14 34
39 82
67 36
67 78
89 74
92 1
1 94
10 80
15 65
22 89
34 52
47 73
51 33
52 14
64 22
64 93
65 50
80 53
15 41
18 5
19 57
26 74
29 34
62 7
68 20
70 84
92 77
51 45
52 65
74 72
5 62
17 79
18 20
32 67
46 23
55 75
57 32
71 87
18 31
67 15
