112
18 77
20 47
56 55
56 78
71 6
88 37
66 64
99 22
9 5
24 10
42 42
54 92
55 22
71 46
78 21
24 41
26 56
55 29
92 36
96 11
60 86
99 88
2 53
2 68
6 19
35 77
39 4
79 1
14 34
28 19
33 54
39 83
41 11
47 56
56 36
69 72
70 24
72 41
77 60
84 20
76 1
59 98
17 55
22 82
42 21
49 76
51 61
56 43
92 46
60 50
62 18
72 58
74 72
87 22
45 34
59 77
75 52
43 50
62 38
83 44
99 67
85 98
17 99
1 94
31 95
99 99
99 52
83 99
61 1
7 0
1 72
7 33
17 96
82 78
86 61
92 7
54 99
30 1
5 83
20 14
27 41
30 70
45 5
68 90
84 85
99 32
1 63
9 97
10 51
34 20
36 66
59 8
74 95
88 69
94 53
8 76
41 79
44 65
63 22
28 55
43 14
57 58
65 10
69 32
69 66
73 80
82 7
85 34
45 83
58 57
28 10
54 69
