116
24 38
38 54
30 47
53 98
31 0
3 82
17 5
27 92
28 22
56 7
59 59
63 33
73 57
94 31
33 27
38 7
60 95
61 69
64 6
99 93
76 98
1 34
1 10
5 68
17 80
44 39
67 82
76 20
76 39
82 80
87 54
90 12
74 1
51 0
22 98
6 56
8 25
14 40
21 19
21 54
41 15
41 56
42 90
52 27
54 49
88 72
93 46
68 98
9 10
55 71
60 11
68 51
81 16
84 89
23 8
52 55
26 30
37 39
67 8
94 82
42 45
2 96
25 68
98 17
1 49
28 67
36 81
62 37
79 34
99 43
1 92
4 74
36 96
41 82
42 65
48 20
60 85
68 23
69 72
78 61
86 9
86 49
74 98
43 0
23 0
6 35
7 49
10 67
11 81
12 19
20 34
26 84
58 40
83 68
15 94
23 48
37 13
37 60
54 82
66 28
83 40
85 65
10 33
50 45
66 58
13 71
27 6
27 54
59 80
68 91
69 65
71 9
28 34
33 11
78 48
31 52
