115
1 6
43 40
99 5
3 80
12 32
15 47
17 67
25 24
30 50
33 86
49 83
51 62
56 24
66 79
77 58
83 14
91 63
7 11
26 18
50 76
85 4
26 75
41 89
64 66
86 57
99 50
98 77
5 96
27 3
55 10
55 97
59 47
71 32
72 92
81 81
85 38
99 39
19 81
35 34
37 53
54 31
60 9
79 95
86 18
19 39
20 17
34 13
43 60
50 45
68 17
72 55
73 77
42 32
63 87
94 63
19 8
36 81
78 87
79 63
18 27
33 40
71 83
99 24
26 99
1 54
93 91
99 9
69 1
12 98
1 46
3 26
3 60
71 39
85 33
52 1
7 0
3 87
4 20
12 68
26 56
31 70
51 59
99 12
77 99
63 98
3 0
9 82
39 25
48 11
57 38
65 52
71 30
81 9
82 41
16 12
45 68
46 25
57 79
61 17
85 44
85 85
26 33
34 49
57 58
61 44
85 48
86 95
21 9
47 39
67 38
88 38
9 22
27 26
54 69
36 43
