110
4 65
51 52
27 52
29 95
87 97
34 43
53 1
1 93
2 49
16 35
27 24
44 91
45 28
53 16
64 76
76 85
78 71
89 33
29 13
59 25
92 46
44 42
99 89
99 22
99 6
4 13
16 5
26 81
33 65
58 93
62 42
69 55
73 27
91 60
47 1
7 46
9 31
13 72
19 59
20 94
34 79
48 56
60 69
76 22
87 12
92 80
98 58
98 40
0 60
6 3
43 84
57 85
61 36
12 38
16 24
51 25
81 81
82 59
36 31
97 34
76 0
76 41
99 72
62 1
30 1
15 99
1 98
1 29
10 78
37 14
65 97
96 99
19 66
21 49
57 67
61 15
65 50
72 94
73 7
89 16
3 93
20 11
33 2
33 17
33 74
50 81
71 69
75 38
76 87
84 53
92 72
8 48
16 86
24 30
30 57
44 12
45 32
57 83
58 45
59 29
79 24
5 66
27 71
60 91
61 62
73 44
10 62
27 75
51 41
62 83
