87
95 35
94 2
27 18
37 26
95 28
26 94
28 3
66 26
56 93
28 9
27 59
55 73
93 73
84 37
96 45
38 1
55 1
9 53
87 1
26 83
50 26
84 71
92 54
98 24
56 27
83 26
1 77
11 87
16 36
40 84
71 83
73 13
25 36
25 51
25 73
50 94
83 57
4 82
57 37
64 84
82 16
93 7
14 85
15 60
47 85
93 67
61 28
84 47
98 93
85 99
1 38
1 11
7 25
43 51
74 98
62 1
30 99
1 61
44 58
61 70
71 58
59 98
19 1
3 94
10 39
15 71
28 44
29 65
41 17
48 40
73 36
99 38
10 95
14 26
27 79
40 89
59 15
15 50
21 97
60 92
79 7
93 16
35 83
93 25
17 41
54 87
25 89
