113
66 42
82 77
1 13
23 29
23 63
28 96
38 67
40 43
44 14
72 89
73 55
76 31
88 15
29 22
31 85
41 59
74 72
99 6
98 77
63 1
42 98
1 64
3 41
12 93
15 11
25 44
32 3
46 83
56 24
56 93
90 56
92 39
70 98
52 1
8 31
15 66
16 88
41 35
56 50
57 78
64 17
70 69
72 4
80 16
85 83
32 18
37 52
46 4
46 38
61 36
74 96
75 37
83 54
92 70
94 13
94 45
13 24
29 75
45 70
65 50
82 36
50 67
62 87
84 7
20 20
32 66
2 78
94 94
99 24
28 99
27 1
3 0
2 60
5 45
19 43
99 52
18 1
10 75
14 97
17 59
46 19
51 53
62 64
94 28
96 74
60 99
2 10
21 37
55 30
62 11
6 15
8 59
24 58
29 24
54 70
65 83
67 59
18 39
33 29
38 11
47 23
55 36
69 44
82 31
83 75
36 74
79 45
84 22
29 10
62 34
83 45
39 25
68 36
