113
5 37
24 73
39 80
47 25
12 45
40 1
4 80
42 66
57 52
60 8
61 27
64 67
74 77
76 9
89 53
90 5
19 48
20 34
29 7
34 92
49 69
70 33
69 13
44 76
99 30
97 98
12 1
4 98
15 89
32 54
59 85
74 47
83 25
84 87
4 7
4 55
20 14
23 77
26 27
40 24
44 3
50 52
93 59
9 83
21 56
28 34
35 59
51 55
53 30
68 51
73 89
75 65
81 4
87 31
4 45
29 87
55 78
60 37
65 19
92 23
71 2
72 26
99 78
57 99
41 40
99 1
83 99
43 98
1 71
12 21
88 45
89 68
97 94
72 99
29 99
1 64
17 62
31 13
33 40
45 17
48 94
88 82
92 14
99 67
1 92
2 69
10 15
17 91
59 11
60 78
73 84
82 46
91 98
11 36
20 66
33 45
39 73
47 19
48 41
61 61
83 40
85 20
90 53
90 73
12 81
28 59
41 81
71 17
88 87
36 53
47 62
48 26
82 89
