108
4 34
21 31
35 37
60 55
70 14
16 11
23 45
30 58
33 11
34 78
45 27
47 2
47 85
62 32
62 80
75 90
18 2
36 51
67 74
69 55
31 29
51 76
70 25
99 66
86 1
43 99
1 9
7 79
8 51
17 91
78 37
81 72
89 84
90 28
91 53
4 25
14 70
36 71
49 65
56 39
63 4
86 6
8 42
16 26
55 90
56 46
60 24
72 47
74 18
87 76
11 50
22 79
35 20
70 66
77 3
19 37
35 27
38 77
48 52
53 28
53 84
79 82
80 13
66 84
88 98
1 64
99 23
99 0
72 98
62 1
58 99
1 83
47 8
86 49
92 36
0 69
0 39
37 42
38 92
81 63
91 90
95 14
98 77
80 99
6 56
8 6
20 59
36 6
49 59
63 60
71 33
92 62
46 99
22 52
28 82
38 70
46 17
48 43
65 74
76 27
78 41
88 14
64 46
14 44
38 62
42 37
42 84
46 70
