113
48 48
82 98
18 98
82 40
69 0
51 99
2 8
15 69
29 10
38 28
39 89
51 17
67 32
74 62
80 84
82 23
83 6
6 6
38 10
40 36
51 83
78 70
91 21
49 34
31 18
99 74
98 56
12 22
22 34
24 80
28 47
35 64
60 64
65 93
10 98
4 71
26 79
37 58
48 72
57 4
58 45
61 18
70 53
75 20
88 57
37 0
35 89
87 71
29 32
53 91
69 73
72 27
73 9
76 49
91 62
25 71
46 42
99 96
99 8
6 45
16 55
98 22
87 0
52 0
1 94
1 79
1 64
20 7
67 92
89 42
90 85
3 1
0 19
14 57
15 84
24 95
33 49
39 72
45 15
62 70
94 89
99 14
65 99
43 1
27 1
47 58
54 20
58 34
74 56
90 27
94 48
99 68
6 78
13 11
22 42
27 19
58 84
59 13
72 39
72 80
81 91
90 7
32 44
54 38
64 8
76 66
84 26
80 82
91 64
49 14
80 14
80 63
92 13
