164
35 98
96 61
99 28
1 20
9 50
15 21
21 42
29 28
30 54
33 76
48 87
49 33
53 7
62 61
70 5
74 49
74 69
83 84
86 41
49 96
54 82
78 65
88 55
5 14
16 46
27 35
85 70
90 30
30 42
99 98
99 77
99 7
86 1
82 99
40 1
26 0
11 0
1 93
1 78
1 37
6 64
14 84
30 14
41 63
45 49
57 21
61 42
63 93
71 19
72 33
86 16
98 93
98 44
67 0
27 98
3 0
0 39
14 64
15 79
26 56
27 70
29 84
38 15
42 34
46 63
56 74
59 56
69 91
70 77
86 84
99 0
98 14
83 0
57 99
51 0
35 0
19 0
1 72
1 57
1 16
0 87
5 35
15 14
40 18
43 49
54 26
56 40
62 57
70 14
85 21
86 35
94 58
98 84
91 98
75 98
43 98
6 92
21 14
21 84
22 28
30 70
40 80
48 67
49 5
61 77
63 37
77 49
99 49
98 33
1 5
0 31
5 56
22 92
34 20
34 36
51 21
64 6
65 20
74 84
78 34
78 54
79 16
7 78
15 36
17 5
21 63
23 49
33 5
39 43
41 92
47 78
55 90
56 35
63 71
88 64
98 23
6 19
30 62
53 49
65 15
70 41
77 91
80 30
6 40
6 86
10 5
21 21
22 77
26 5
41 71
46 12
46 28
55 64
86 92
15 55
30 50
46 44
56 73
62 51
63 86
64 27
78 44
6 30
40 4
