113
46 78
59 97
92 84
71 1
33 98
3 33
6 47
17 31
17 62
31 65
32 39
38 5
43 49
59 12
68 68
72 31
74 55
83 69
88 24
45 71
47 94
93 29
26 37
76 73
88 98
73 99
1 68
7 6
17 92
30 82
59 51
87 46
89 10
6 75
8 18
14 5
22 23
31 7
45 63
49 19
61 30
62 87
73 48
87 61
94 78
24 84
63 6
63 79
77 92
78 21
80 6
12 38
32 69
40 57
68 37
47 54
75 41
82 54
41 75
99 98
99 64
98 13
11 99
1 53
19 53
30 23
44 28
91 43
99 60
43 98
40 0
26 99
24 1
1 77
1 25
16 85
22 51
48 42
50 13
71 20
88 83
99 22
71 99
2 39
9 65
14 11
17 37
25 20
34 43
49 77
52 33
56 92
61 53
67 82
69 65
84 68
88 32
98 88
34 1
6 25
20 76
52 38
58 93
66 30
14 47
33 34
35 62
39 82
68 72
69 23
87 82
92 51
15 55
