108
52 32
83 34
34 98
14 18
22 38
64 21
72 63
22 95
92 98
9 68
21 5
33 64
43 10
47 47
55 76
69 78
90 47
93 23
11 27
35 88
44 61
55 48
67 56
82 92
40 94
91 32
55 40
4 54
18 52
23 74
28 21
55 91
70 42
83 74
97 62
99 96
99 48
44 1
1 27
21 89
25 52
88 18
2 62
11 48
12 72
35 7
37 60
66 30
81 63
97 86
99 41
10 20
17 67
22 82
59 67
72 27
61 49
73 71
86 42
89 89
90 1
69 1
7 1
1 88
36 35
64 98
62 1
1 7
4 91
33 21
43 75
47 24
98 17
30 0
3 48
5 85
20 37
49 8
56 69
62 14
65 92
79 89
83 49
91 73
0 17
23 7
30 60
33 29
91 9
98 46
1 80
6 38
25 44
27 81
33 97
53 12
58 62
59 33
66 20
72 60
75 43
6 10
8 62
33 50
14 73
16 55
65 58
68 41
