114
82 6
5 76
37 9
55 64
57 18
70 79
9 5
14 30
14 95
38 69
41 49
47 28
49 94
83 86
45 2
53 37
64 26
70 3
82 15
40 16
49 19
98 74
98 18
65 99
2 51
13 60
18 45
19 73
25 86
31 39
62 48
73 58
83 71
87 57
88 28
88 1
44 98
5 22
25 52
27 10
30 25
43 73
69 29
70 43
80 94
90 36
5 87
50 91
88 64
92 85
69 34
70 10
78 22
78 79
12 47
58 23
77 66
99 98
1 37
99 38
99 14
96 0
31 99
15 1
1 73
1 3
18 16
32 85
50 60
84 49
73 98
1 58
3 17
15 64
18 93
19 30
44 33
52 58
54 43
69 63
99 34
74 0
1 32
6 79
26 45
38 65
43 6
54 15
82 41
86 91
99 23
4 42
5 17
11 63
15 5
16 26
32 17
38 30
47 44
56 12
60 50
66 63
74 29
82 51
84 11
91 73
11 85
69 73
88 5
15 71
75 84
87 22
40 23
63 17
