104
8 3
36 89
64 15
99 81
23 1
6 37
17 19
23 49
27 30
31 62
43 5
45 71
51 49
55 83
62 39
69 84
79 15
3 10
34 22
34 94
54 14
55 53
55 94
82 26
13 42
71 12
89 21
1 93
1 62
10 76
16 92
82 72
85 48
97 33
48 1
9 23
14 68
28 80
33 37
48 19
71 28
72 82
85 76
92 8
93 49
95 86
4 82
18 5
23 96
32 7
53 39
71 37
73 95
94 18
9 17
23 21
27 71
35 83
49 85
54 21
80 10
22 40
54 6
57 48
63 26
16 30
99 66
59 68
98 96
1 58
15 61
45 63
89 0
41 99
28 54
39 43
71 45
84 90
85 41
85 57
10 82
14 52
31 13
31 69
41 28
50 67
67 73
77 29
96 22
96 71
6 28
11 68
62 9
75 45
16 45
30 44
40 64
48 8
58 79
73 78
86 32
87 66
22 11
40 10
