117
27 91
44 44
45 91
64 2
86 28
33 1
1 8
7 87
40 77
69 62
75 37
98 29
47 72
58 10
74 7
71 50
95 21
98 94
98 74
2 22
7 60
16 21
17 50
20 77
26 64
30 41
33 25
39 58
58 84
60 37
68 20
81 85
96 7
78 1
45 1
7 1
2 31
5 78
22 91
53 13
72 65
92 95
95 80
13 57
21 33
31 58
38 7
39 42
57 95
58 79
61 56
63 27
81 45
84 17
94 35
8 25
25 83
41 68
70 34
78 59
50 6
59 17
99 59
5 99
1 42
0 64
16 12
41 92
53 55
69 93
86 66
95 43
87 1
3 1
3 42
19 70
30 9
45 38
61 74
72 83
84 91
60 0
35 99
0 56
11 92
15 40
21 69
26 31
39 15
40 85
52 24
62 93
68 69
80 23
83 52
88 69
92 15
3 63
19 47
34 62
49 65
74 40
75 75
94 91
28 85
35 48
69 55
79 37
85 60
10 46
14 78
17 61
82 12
83 77
57 64
62 84
16 87
