115
28 63
12 13
12 48
35 11
35 69
7 80
17 95
29 40
34 25
63 71
65 92
67 46
78 16
79 60
79 90
11 3
11 60
21 84
34 76
68 35
83 8
20 43
87 17
99 81
93 98
70 1
11 27
38 93
47 32
49 6
49 46
51 85
82 31
97 54
1 58
3 93
13 66
27 24
42 64
49 9
62 29
69 78
77 46
84 70
70 99
2 8
5 46
9 21
21 90
29 49
38 78
46 95
91 24
6 38
17 12
29 20
69 67
71 9
3 70
59 84
42 85
99 63
99 12
98 29
91 0
3 99
45 50
48 23
49 66
61 54
91 48
93 94
78 99
56 0
38 99
1 85
2 23
27 57
68 28
79 56
86 76
1 79
15 34
17 75
24 95
36 35
40 49
49 13
50 38
52 70
54 52
57 86
71 42
83 60
91 93
1 17
5 94
20 61
24 80
33 15
53 30
77 22
77 74
79 37
90 7
11 32
29 29
35 62
36 83
68 47
12 41
15 84
24 49
37 21
41 75
