103
71 15
6 28
7 8
46 16
66 91
53 99
35 1
3 46
16 90
20 25
31 56
36 41
70 54
75 79
85 27
87 11
4 1
33 17
42 32
43 46
51 15
76 61
57 17
79 13
80 56
98 79
20 1
29 70
50 85
56 53
87 43
94 65
99 18
95 1
9 85
11 14
21 36
21 56
40 67
52 79
61 5
67 76
82 85
17 18
47 97
60 45
61 95
65 19
88 71
92 51
24 28
25 6
43 7
72 18
85 3
11 4
61 90
80 67
11 29
25 17
15 10
33 98
14 71
56 31
29 99
10 47
23 86
38 81
43 65
63 67
95 37
99 65
2 32
6 93
24 72
28 42
44 62
46 31
59 39
76 93
79 37
93 15
24 85
51 58
59 73
61 33
69 47
84 81
67 98
7 42
27 49
38 25
47 6
90 22
90 57
92 5
3 18
29 8
37 39
55 38
59 24
27 28
25 11
