107
85 98
10 76
22 90
35 37
54 72
67 88
81 32
81 65
3 31
3 52
15 20
28 51
29 67
33 10
43 25
48 52
70 2
87 78
91 17
94 59
9 38
12 66
48 17
72 10
72 73
88 37
77 91
91 89
95 26
84 73
56 98
23 0
9 98
56 40
68 48
18 15
24 75
41 58
51 92
53 6
55 67
61 34
76 28
86 12
93 45
24 58
37 28
66 63
15 77
40 10
41 45
41 70
51 33
54 84
69 83
85 64
46 67
80 44
82 89
45 40
99 5
33 99
1 17
1 93
13 41
67 17
85 2
99 32
47 0
1 85
14 5
15 44
15 94
16 59
24 32
27 85
63 53
93 52
94 75
40 0
1 38
4 70
25 30
52 18
64 26
69 68
71 97
14 91
21 7
24 81
26 65
27 44
45 56
57 48
69 34
72 54
75 13
83 35
90 54
9 31
36 67
46 16
87 72
93 25
37 52
49 42
57 26
