114
43 90
4 68
34 9
68 5
98 67
1 50
3 5
6 20
15 32
19 69
23 49
28 89
43 75
57 74
63 60
77 67
82 26
8 53
17 13
31 45
47 64
57 13
7 27
17 42
99 18
4 94
30 30
32 60
44 38
55 47
60 93
61 33
79 91
80 42
92 80
98 59
43 1
5 86
17 78
29 2
59 19
71 77
73 25
90 14
1 45
25 25
33 91
56 84
84 83
5 13
36 67
49 39
89 23
39 83
64 68
10 23
11 14
99 41
42 21
93 94
99 81
80 0
79 99
65 98
20 98
1 66
18 63
63 35
69 51
82 61
83 40
63 1
10 81
19 92
37 14
45 53
49 6
84 54
94 39
54 98
0 27
15 49
22 63
25 30
31 51
39 28
52 50
64 19
65 36
71 72
95 32
21 16
24 83
46 84
51 70
59 52
74 73
76 53
85 85
88 69
92 51
96 24
5 60
11 76
19 35
29 54
31 27
35 41
53 65
64 83
45 47
64 41
52 54
72 62
