111
48 12
2 54
17 3
70 96
75 8
3 18
8 69
15 96
16 56
23 38
33 59
36 31
41 91
54 35
64 83
65 69
81 65
90 31
23 90
57 46
60 14
76 21
82 90
90 38
31 38
99 75
98 4
3 86
71 48
99 64
82 0
52 1
1 43
14 73
17 8
26 81
28 67
36 54
56 65
68 30
84 59
25 99
8 87
10 54
40 36
42 61
67 80
74 13
75 32
90 26
92 50
6 10
31 85
76 81
62 40
84 46
98 98
55 99
13 28
25 20
31 6
43 75
99 49
46 17
52 51
68 55
89 87
68 1
63 98
11 98
1 28
14 34
30 14
50 26
56 85
70 52
80 73
27 0
14 49
22 70
40 83
45 4
49 60
61 5
75 14
84 68
4 22
18 42
23 60
27 95
28 28
28 74
42 22
43 45
58 71
81 83
82 7
84 25
26 46
39 8
44 31
63 61
63 87
90 76
17 81
33 21
34 62
44 52
17 87
20 54
48 37
