105
54 71
6 75
15 21
34 79
61 91
71 25
90 34
35 67
80 20
56 1
5 93
6 38
15 3
32 11
33 97
68 9
71 81
94 57
16 40
25 59
52 80
53 66
99 19
90 1
1 5
7 56
34 43
39 27
49 14
54 50
67 56
72 39
80 63
83 48
71 99
57 98
1 30
9 79
12 94
17 66
40 92
48 28
75 84
80 70
67 1
9 42
14 26
18 81
28 25
35 57
46 6
52 21
84 31
1 85
3 66
17 54
37 36
40 84
54 86
41 70
53 11
80 39
99 98
85 96
89 81
98 50
87 0
42 0
47 49
65 38
66 59
84 16
98 10
32 1
2 16
23 80
48 45
54 28
67 10
89 85
92 71
93 32
70 99
17 17
18 46
20 62
33 52
55 66
61 52
68 73
69 11
52 0
30 73
39 15
39 61
40 29
55 84
74 60
15 32
67 45
85 77
24 47
49 72
55 15
75 46
