113
32 55
35 72
41 6
28 60
63 1
7 23
14 58
21 93
38 22
52 77
60 28
72 47
74 86
82 57
84 30
92 47
67 22
34 51
35 12
45 70
99 83
99 64
98 15
81 1
66 99
9 1
3 76
18 13
35 37
43 95
54 13
64 68
80 73
46 1
1 20
13 46
17 83
29 74
60 91
77 32
86 15
88 85
99 54
14 8
31 20
31 86
42 44
63 38
68 11
86 48
95 91
12 23
26 6
42 52
62 82
71 7
74 24
89 62
26 49
39 14
50 5
88 55
9 15
8 99
0 54
99 27
95 99
91 1
42 99
1 86
5 40
21 31
57 62
98 35
65 99
0 6
16 66
40 36
45 85
48 48
61 54
76 76
77 90
94 68
57 98
1 46
17 50
30 76
47 20
71 39
71 61
80 28
81 92
58 1
18 26
48 43
51 67
57 20
78 10
84 71
91 29
19 61
31 41
77 48
91 76
7 51
39 16
67 88
78 65
88 21
80 39
74 19
82 82
