107
20 74
28 22
47 62
52 88
90 31
59 88
94 42
99 74
2 11
7 46
36 39
45 4
65 50
77 78
91 58
10 56
39 67
41 43
44 28
61 77
80 35
85 49
41 50
78 1
61 1
1 96
1 78
6 30
12 87
21 42
23 3
26 88
27 57
54 18
58 34
69 22
72 94
99 27
4 1
7 15
20 21
25 71
40 78
83 71
84 86
96 60
3 36
8 83
40 21
62 20
62 42
76 39
77 53
14 49
17 31
33 56
67 12
73 85
18 45
28 34
46 34
85 78
34 28
83 15
1 70
24 7
24 95
38 92
46 5
58 71
60 56
99 56
79 98
1 55
4 69
38 94
41 75
61 36
64 96
73 62
98 70
1 22
15 59
23 18
24 77
40 14
40 94
45 48
47 80
65 6
75 28
29 62
61 61
76 16
3 60
22 81
42 12
59 11
59 86
66 42
92 72
19 28
35 75
72 36
24 66
29 23
43 80
