114
3 22
24 19
34 31
38 63
54 12
12 78
25 44
28 5
28 87
47 37
72 90
73 62
77 6
84 75
86 43
7 14
42 12
85 61
93 44
9 20
22 12
38 38
76 84
99 19
91 99
4 92
5 45
9 59
47 74
58 64
58 87
69 25
87 28
5 73
16 36
26 76
44 59
51 23
58 4
69 34
82 4
2 31
10 51
19 4
33 24
34 83
48 82
53 29
62 10
65 65
78 58
86 89
38 68
79 35
20 26
29 19
99 80
99 62
99 2
50 99
19 99
5 0
23 58
55 49
43 1
19 98
3 0
62 50
70 97
83 19
98 67
84 98
76 1
1 69
6 87
19 75
22 40
31 90
34 48
44 2
45 93
48 51
61 73
76 76
91 7
1 63
0 14
24 67
54 22
61 35
84 33
90 81
9 98
4 29
11 3
11 73
42 35
42 77
62 86
68 8
80 51
14 84
32 10
34 56
47 18
47 42
67 71
76 9
79 24
81 65
14 9
25 84
33 71
48 9
