136
50 17
99 62
99 32
97 1
83 99
78 1
33 0
2 1
1 29
2 77
8 91
9 17
10 47
17 29
18 59
19 7
27 89
28 38
28 71
29 17
38 28
38 61
42 47
47 89
52 37
58 67
62 97
68 27
68 57
68 81
79 67
80 17
80 46
90 76
97 90
99 52
70 1
12 77
28 97
37 79
39 7
58 47
72 87
90 36
91 20
27 49
48 61
51 77
58 7
59 28
78 27
80 89
89 57
8 37
8 67
37 39
68 41
70 66
82 7
17 19
20 46
27 9
72 47
78 78
99 99
99 17
53 0
48 99
13 99
1 91
1 61
0 6
99 82
99 67
99 37
99 8
69 98
43 99
39 1
19 1
1 54
1 21
0 37
17 79
32 57
42 75
52 31
54 84
61 12
98 16
93 0
92 99
23 99
13 0
3 99
1 51
0 69
19 82
21 25
38 21
48 51
59 81
68 17
82 37
82 58
63 0
12 61
22 39
32 93
33 79
36 42
49 70
60 61
82 85
88 50
88 71
8 31
22 67
41 91
47 9
57 39
62 21
65 72
75 13
92 30
95 44
7 9
22 88
30 26
38 71
42 36
58 88
76 51
88 90
90 6
68 8
