107
58 95
1 80
22 35
23 50
29 8
56 42
82 42
65 89
3 62
32 86
44 20
44 54
65 65
80 59
81 22
81 91
91 80
20 58
23 22
32 38
62 41
28 59
29 29
99 95
99 59
99 44
98 26
76 0
41 99
1 45
1 18
15 75
16 90
45 80
51 67
56 9
92 11
70 1
7 48
16 21
20 7
36 4
38 40
59 79
67 51
93 72
91 98
51 32
64 79
65 34
72 11
81 53
83 30
95 48
14 51
19 65
28 2
37 19
41 47
21 41
57 69
58 86
47 43
7 1
99 9
76 99
1 35
28 81
34 64
56 12
66 24
99 80
98 64
86 1
1 29
7 16
15 36
30 88
80 77
83 36
84 98
0 54
9 67
13 82
32 71
32 87
42 14
42 61
59 27
59 55
73 19
94 78
35 94
43 25
50 73
72 85
75 5
85 54
34 60
45 32
49 57
60 37
74 38
88 91
6 55
15 43
59 72
