118
3 69
5 33
35 7
77 48
17 91
38 32
47 54
49 68
58 82
71 10
76 82
9 65
50 41
60 94
66 50
84 44
51 32
68 38
86 50
53 50
98 2
61 0
10 1
1 14
11 46
19 34
20 76
27 21
31 67
70 67
86 66
90 84
46 1
1 79
16 49
27 95
37 52
41 20
65 28
89 11
7 12
7 88
44 15
57 5
79 88
92 72
93 45
41 38
56 61
63 83
66 43
32 21
50 7
50 46
83 73
91 53
62 70
99 32
91 99
36 82
79 24
99 59
79 1
53 99
29 0
1 53
1 36
22 35
30 47
38 85
58 19
82 30
98 10
1 19
0 50
12 88
18 17
23 76
28 5
31 61
48 72
68 14
84 4
91 96
92 30
94 82
2 28
24 90
35 46
54 26
68 64
88 0
1 62
1 11
11 51
19 38
36 64
59 27
63 86
73 28
76 60
76 76
34 18
50 58
54 13
79 80
1 42
36 27
51 48
64 8
69 24
36 57
40 9
59 35
67 72
42 21
42 59
9 41
