103
4 4
4 39
5 23
5 58
19 4
19 39
20 23
20 58
31 79
31 94
34 4
34 39
35 23
35 58
46 79
46 94
49 4
49 39
50 23
50 58
61 79
61 94
64 4
64 39
65 23
65 58
76 79
76 94
79 4
79 39
80 23
80 58
91 79
91 94
17 98
99 99
99 81
80 0
65 0
50 0
35 0
20 0
5 0
1 58
1 43
1 23
18 37
21 62
29 74
33 37
43 71
48 37
58 71
63 37
73 71
78 37
82 60
84 24
84 99
69 99
54 99
39 99
1 8
0 37
6 62
15 18
18 42
29 19
33 42
42 56
43 20
48 42
49 7
57 21
57 56
63 8
63 42
78 7
78 42
84 80
99 92
18 7
27 56
33 7
37 92
52 92
56 77
67 92
69 24
72 56
88 70
8 25
24 24
36 78
39 24
39 64
54 24
55 62
70 76
72 21
82 92
12 56
71 60
