103
50 0
29 0
8 0
6 14
6 35
6 56
7 70
27 14
27 35
27 56
27 77
48 14
48 35
48 56
49 70
7 19
7 40
28 19
28 40
28 61
49 19
49 40
6 63
7 49
28 70
48 63
49 49
6 7
7 28
27 7
28 28
28 49
48 7
49 28
66 69
59 0
44 0
24 0
3 0
1 72
19 78
33 75
58 51
1 57
1 42
1 21
12 33
14 48
14 63
21 14
32 35
32 56
34 20
42 69
45 42
53 14
56 32
56 68
35 1
14 1
1 15
14 27
20 64
54 54
57 28
1 36
0 66
0 50
0 6
19 48
33 42
33 70
34 15
42 27
57 6
13 72
19 20
20 34
21 6
33 50
42 62
55 20
56 65
0 25
19 72
34 27
41 5
42 46
56 42
13 57
14 21
14 42
40 20
12 5
19 28
20 57
33 5
34 61
41 34
19 41
41 55
42 14
13 12
