116
47 75
55 10
84 5
64 98
1 15
5 79
26 70
34 41
53 52
67 44
88 57
88 83
75 1
6 21
31 65
40 36
60 5
63 90
92 44
13 22
2 48
4 64
11 93
18 48
26 6
41 18
41 89
55 25
69 65
70 30
80 97
88 19
99 48
13 62
18 32
23 52
47 94
48 38
66 81
72 58
93 19
7 86
18 72
21 27
32 76
37 26
37 47
46 9
68 84
78 27
80 56
96 35
12 14
16 87
62 33
84 49
36 69
55 87
75 61
12 53
69 94
99 3
98 99
0 34
99 82
31 0
1 99
1 5
25 89
47 58
51 72
72 13
90 66
99 29
90 1
1 43
23 12
30 90
36 19
57 24
59 66
77 72
78 42
99 19
98 90
83 1
18 98
14 33
30 56
44 52
54 38
79 34
91 75
6 71
20 66
27 21
31 38
34 85
49 12
52 66
55 91
64 37
66 19
76 7
76 81
84 27
29 55
38 78
19 81
22 37
32 10
38 61
47 31
81 70
18 57
24 74
