109
9 36
11 11
78 31
90 63
1 82
1 22
13 55
25 20
34 43
40 85
45 66
75 47
90 95
92 30
13 0
15 65
84 69
4 31
19 58
83 31
21 10
85 40
99 76
51 1
37 99
26 87
46 34
52 93
55 45
59 24
65 57
65 84
72 8
80 83
85 16
81 99
1 92
1 60
2 76
22 27
37 57
43 80
46 12
61 28
66 75
90 46
30 98
6 1
2 51
9 78
32 35
46 60
60 13
70 41
73 59
80 74
93 81
47 89
52 38
55 63
73 90
7 89
5 66
91 1
37 0
28 73
77 0
66 99
17 99
39 18
59 1
23 1
1 1
2 22
17 37
27 56
57 77
74 15
90 18
91 56
93 89
75 98
3 43
15 83
20 42
27 3
30 29
39 64
60 53
77 54
15 91
22 66
31 13
49 28
50 8
60 38
75 74
83 13
4 55
50 84
61 43
75 39
81 60
51 31
80 28
81 89
8 60
68 52
77 65
