106
34 79
1 66
9 45
26 35
44 93
52 47
41 79
98 55
2 84
10 27
19 68
39 61
47 18
55 5
63 89
89 3
21 61
24 26
31 41
69 91
48 87
31 31
2 4
16 6
16 82
58 27
62 58
68 43
69 4
69 76
76 55
78 29
82 69
84 42
87 18
96 78
97 92
5 69
8 51
29 88
45 40
61 19
76 95
87 64
91 35
21 53
39 21
44 54
48 38
49 9
61 78
68 59
84 82
12 32
29 65
44 71
51 89
54 53
58 20
17 32
28 23
53 38
88 72
21 43
84 99
41 1
31 99
1 88
16 13
72 28
75 9
99 63
64 0
28 98
18 5
32 12
55 73
80 51
89 7
77 98
50 1
1 73
29 49
30 79
43 63
63 73
71 13
85 68
90 86
13 27
15 64
24 18
33 83
44 35
66 62
72 37
76 83
7 79
47 24
58 48
57 27
63 48
72 69
58 13
72 52
72 74
