113
46 74
47 16
79 56
99 58
65 0
33 98
0 49
5 12
10 39
14 74
16 59
44 38
47 93
59 37
69 15
75 28
86 41
2 57
18 45
22 73
25 93
47 63
73 50
81 13
85 29
25 67
36 86
98 85
88 99
7 89
21 14
58 83
64 63
72 84
84 70
72 1
6 29
9 6
29 39
31 12
36 55
41 23
44 5
51 57
58 6
61 27
69 70
4 43
7 82
36 76
49 35
68 41
86 56
41 98
8 67
15 40
21 84
37 69
43 82
68 29
77 67
68 11
99 27
99 12
68 98
99 75
11 25
82 94
85 7
27 99
4 0
17 20
30 55
33 5
34 22
34 41
50 49
61 58
63 84
83 40
83 73
82 1
2 80
10 60
42 21
83 80
86 21
87 56
13 11
20 36
25 19
30 61
44 54
44 89
48 16
48 40
65 48
65 77
78 42
86 85
89 14
91 35
92 62
7 79
29 47
41 71
45 15
53 43
74 19
85 75
75 34
81 49
83 63
