111
18 29
19 53
63 20
84 73
99 60
4 56
9 74
15 94
28 76
37 31
40 11
41 91
45 54
50 39
63 3
68 76
82 7
86 88
96 29
12 69
35 67
50 22
7 51
15 79
66 98
3 30
6 8
22 4
49 77
63 57
64 43
77 25
82 41
83 55
96 5
80 1
30 98
4 94
17 18
22 43
46 95
63 28
73 95
95 47
95 63
69 1
22 50
22 81
28 27
48 47
60 67
71 16
90 14
7 89
13 35
29 62
41 18
84 62
11 53
86 3
98 33
93 98
37 1
4 1
60 89
71 79
94 83
23 99
1 78
11 14
25 13
39 67
42 81
55 15
57 62
71 56
72 31
59 98
42 98
1 53
13 67
26 5
28 29
49 30
55 16
63 83
69 70
77 34
85 17
88 47
0 61
11 90
12 28
23 77
25 91
42 72
44 7
68 9
80 79
92 61
94 3
10 42
32 15
46 62
51 92
74 63
17 49
59 11
73 9
20 25
14 59
