105
70 3
20 8
71 80
42 73
67 95
71 31
84 8
53 72
62 72
39 1
10 87
15 30
30 55
36 95
52 48
67 58
94 41
15 91
28 29
63 29
73 59
74 19
99 23
1 61
1 46
1 11
44 18
82 70
86 53
88 83
62 99
2 28
5 65
16 77
20 15
22 96
39 87
44 61
52 39
60 8
73 39
94 78
99 52
30 19
48 90
55 22
58 57
81 13
84 37
7 23
9 71
13 10
34 64
53 82
56 32
78 74
59 81
67 66
2 99
15 48
36 41
56 1
25 0
1 85
15 55
38 41
76 94
85 28
90 92
95 64
31 99
31 24
32 78
35 5
46 22
53 7
68 45
81 51
92 25
46 98
17 98
1 80
1 24
8 41
29 43
48 67
66 13
81 53
15 22
37 37
43 7
45 84
47 47
67 3
71 27
77 84
27 14
64 91
85 76
9 11
41 15
44 33
54 64
62 38
60 65
