108
10 15
7 54
16 73
55 74
69 68
74 88
21 13
1 77
10 90
44 7
52 31
71 8
77 38
95 48
96 82
17 59
21 4
48 62
57 79
75 62
75 81
80 37
96 93
99 62
1 29
16 36
25 47
32 80
34 35
36 21
37 94
58 48
74 22
88 21
90 6
96 34
6 98
17 88
34 71
39 45
64 96
79 95
89 63
7 60
8 6
17 43
50 78
58 58
62 28
73 51
80 78
9 72
21 53
32 43
86 92
91 43
24 79
43 70
65 82
73 70
94 55
99 3
98 18
77 0
54 98
47 0
31 1
1 4
34 59
40 21
63 9
15 0
1 76
1 57
1 23
11 39
23 93
25 23
44 88
46 44
49 14
85 12
99 27
34 65
38 29
50 60
53 27
66 14
79 56
88 73
15 98
2 86
4 34
50 6
65 54
81 28
93 20
4 43
15 79
28 65
51 64
53 83
67 84
71 9
81 86
17 84
78 72
71 77
