201
3 14
4 63
61 5
90 93
99 82
99 67
99 52
99 37
99 22
99 4
85 1
77 99
63 98
49 99
47 1
35 98
30 1
21 99
16 0
7 98
1 85
1 49
1 34
13 24
13 74
14 40
19 56
22 13
22 85
26 30
27 70
28 44
34 57
35 19
36 82
40 35
42 69
46 49
49 15
50 83
54 29
55 60
60 42
62 75
64 19
69 55
70 32
71 86
75 68
78 20
78 44
84 57
84 79
98 19
94 98
80 0
10 0
2 99
0 80
0 31
14 41
56 62
81 16
82 42
93 68
99 84
99 46
71 0
57 1
43 0
1 58
1 10
10 21
10 70
15 56
15 84
23 27
28 67
29 85
33 43
34 15
42 32
42 66
48 90
49 18
51 44
54 77
62 91
63 14
65 50
68 70
75 84
83 38
99 33
98 70
94 0
0 44
16 7
18 42
34 93
55 38
65 28
71 63
83 53
83 71
84 27
84 95
99 56
1 93
0 68
0 18
14 76
15 91
21 9
29 51
35 4
36 79
37 29
41 59
43 16
56 96
67 46
68 10
82 9
85 85
92 19
4 28
5 54
18 70
19 23
20 89
37 33
43 46
47 63
50 78
61 33
68 78
70 92
77 36
77 58
90 5
91 34
91 53
92 83
21 1
4 35
6 93
15 50
23 64
27 16
29 95
30 78
43 49
54 18
60 57
68 14
79 26
93 51
5 77
19 33
27 58
35 72
43 7
51 34
53 86
59 72
69 36
75 6
75 65
91 14
93 28
5 49
14 16
28 22
52 58
76 79
82 64
90 78
4 84
14 64
19 48
26 7
28 37
33 51
39 79
42 21
46 7
53 44
56 22
61 61
70 21
74 50
92 42
21 80
49 69
54 7
63 72
5 40
14 27
47 30
57 52
