114
74 35
88 44
84 98
1 25
7 45
15 65
22 29
27 15
46 34
66 88
76 13
85 68
88 82
92 24
8 25
54 31
73 82
96 38
70 23
3 37
1 83
7 5
17 83
22 47
27 73
31 88
41 6
44 55
49 77
60 50
69 61
80 98
1 53
18 15
37 26
49 83
50 19
53 63
64 21
66 47
81 11
89 54
94 88
98 73
4 21
6 81
15 50
17 68
68 71
72 42
82 31
98 47
16 43
39 83
55 21
74 51
80 79
86 17
16 58
58 41
60 59
80 37
80 86
87 89
59 0
26 0
66 99
38 98
1 97
1 63
29 52
31 67
43 48
51 91
55 4
98 30
1 10
0 39
19 13
22 93
30 34
34 12
45 62
52 77
72 6
82 68
94 10
36 48
41 11
63 74
69 20
81 53
7 66
22 21
23 79
24 37
48 39
55 10
65 83
93 44
1 32
21 64
33 26
47 24
64 41
72 96
77 28
7 30
48 9
54 87
60 18
86 39
9 37
13 61
