118
2 14
25 19
68 47
99 93
98 76
10 33
15 76
18 50
27 84
34 46
55 32
60 11
60 66
73 79
74 62
78 14
79 31
30 28
30 88
78 83
63 55
70 1
59 98
11 99
1 89
3 46
22 5
25 63
36 72
38 2
48 80
90 6
99 66
3 71
5 10
5 28
36 51
59 71
61 88
62 25
71 43
80 65
91 35
7 75
11 47
22 90
30 4
35 37
53 57
67 92
76 20
84 6
87 80
32 15
50 71
61 45
78 42
89 13
2 37
23 42
62 81
27 47
53 64
99 23
45 99
46 14
88 52
99 43
99 2
89 98
74 98
56 0
16 1
1 62
16 19
44 84
49 34
99 59
52 99
37 98
7 99
2 85
28 68
91 20
99 8
1 28
6 7
12 71
23 27
24 90
52 27
54 43
59 6
68 26
75 46
78 79
84 62
68 99
5 43
6 92
7 57
30 77
31 23
64 9
80 84
9 16
32 92
40 76
54 38
64 82
69 33
16 86
51 90
61 51
83 76
21 82
65 33
68 53
