116
0 32
18 65
76 38
36 99
1 6
13 14
23 43
31 6
37 71
43 14
47 45
64 89
79 79
94 15
7 68
27 53
47 19
79 27
79 89
3 21
99 55
51 1
8 54
9 90
26 27
43 84
51 70
59 31
77 52
93 87
1 39
25 94
26 77
31 57
55 61
55 92
57 5
58 75
61 38
77 67
85 11
86 48
40 0
5 79
10 22
30 37
53 25
86 92
5 62
38 14
46 93
65 43
80 41
81 60
5 11
14 60
19 32
31 48
66 28
90 51
73 33
99 33
70 14
99 98
99 18
93 1
69 99
23 1
22 98
8 99
44 38
56 56
94 36
86 1
2 98
0 53
4 35
29 20
35 65
38 85
57 8
62 61
64 79
67 18
82 75
83 25
92 65
34 0
13 46
39 69
41 47
60 94
70 51
72 7
78 93
7 73
18 18
28 34
39 21
40 79
46 49
53 6
53 22
81 21
96 41
20 47
56 39
57 70
60 53
72 85
36 55
44 23
70 57
79 84
88 23
56 46
