110
42 88
49 52
50 37
69 44
99 73
8 99
1 23
10 80
14 32
25 22
31 42
34 67
40 25
51 66
55 81
66 30
66 91
47 20
62 45
91 75
18 44
31 18
51 91
55 77
43 48
1 61
17 63
34 3
60 7
68 69
79 17
80 33
81 3
81 62
95 6
0 30
12 77
29 88
74 87
89 61
96 87
8 55
9 41
23 50
32 35
40 54
45 16
62 97
66 13
70 50
76 73
71 31
84 10
18 33
35 12
52 45
59 58
64 83
60 88
71 38
99 51
99 31
14 1
99 99
99 24
3 99
5 16
26 79
27 93
84 44
1 46
10 12
11 94
32 37
35 61
36 75
46 92
66 6
83 76
84 18
85 34
90 89
91 47
8 62
20 19
28 7
46 34
48 18
73 59
97 16
54 99
5 27
11 58
14 84
26 48
39 69
75 64
85 77
21 26
42 8
44 72
55 36
59 78
76 47
92 65
8 32
31 21
38 40
36 21
52 88
