113
45 1
2 85
7 40
67 85
90 56
98 26
22 73
37 38
51 45
64 58
66 4
74 20
84 91
96 78
10 84
51 10
90 29
96 60
39 47
99 9
50 98
8 98
1 60
1 27
1 8
24 27
30 60
36 74
46 61
50 83
52 24
76 43
77 74
85 10
96 42
12 70
20 94
49 68
55 38
63 65
67 30
69 92
81 76
99 72
1 96
2 17
22 60
24 83
26 43
54 91
59 44
69 58
82 48
43 31
43 51
82 64
15 91
46 41
31 0
99 91
87 1
72 1
27 99
7 1
2 45
14 53
18 22
22 41
29 9
37 21
84 30
99 18
73 98
56 99
52 0
1 63
4 24
34 84
70 35
85 87
97 56
7 76
9 39
27 57
30 23
35 70
43 8
52 67
54 83
65 11
75 21
80 2
96 12
64 99
41 55
60 58
76 58
81 26
82 41
90 60
94 33
8 31
15 64
25 76
29 46
43 70
44 91
65 49
77 67
89 25
29 65
73 30
82 52
