113
29 27
65 54
34 50
37 8
49 26
90 94
93 72
8 81
10 27
16 62
26 78
43 39
48 82
70 85
75 68
84 33
90 16
18 51
39 14
53 41
83 96
17 20
25 43
35 78
51 31
98 34
64 98
4 50
49 96
51 5
65 17
73 42
85 54
1 36
12 91
15 68
35 67
55 2
99 25
7 16
20 37
30 10
39 59
67 61
68 47
68 77
78 20
88 44
88 60
14 24
33 45
44 18
56 12
99 5
51 67
69 3
99 99
99 53
94 0
21 1
14 98
1 16
51 51
55 83
82 81
95 75
65 1
35 0
1 89
3 43
3 73
18 92
30 64
39 84
75 34
77 9
6 57
14 8
17 76
22 36
44 65
52 77
54 26
62 90
72 71
77 88
78 24
83 10
90 69
96 84
31 1
7 64
10 47
21 58
22 12
22 84
38 22
38 45
45 90
91 5
92 25
94 57
24 26
47 42
58 74
74 61
75 43
84 86
16 84
26 50
62 81
34 36
40 31
