114
34 42
7 70
13 90
44 60
47 91
87 23
92 90
1 51
25 80
47 35
60 65
66 49
68 33
72 91
80 43
42 99
18 98
34 76
51 85
67 75
70 55
71 23
89 51
60 99
1 23
14 32
17 56
19 3
30 12
48 19
83 69
87 4
2 65
3 80
27 38
28 63
33 7
46 50
51 35
62 18
79 83
18 93
31 32
33 85
55 84
83 44
86 58
7 54
58 79
73 26
83 84
11 80
13 44
27 85
35 38
55 57
79 58
51 95
42 87
99 77
98 13
73 1
2 99
1 7
14 17
47 3
99 92
81 99
0 31
68 5
88 29
98 96
74 98
11 1
1 95
1 11
16 26
21 59
28 14
35 60
42 74
81 13
91 72
93 36
18 73
33 18
40 55
52 63
66 19
68 77
71 56
86 9
3 85
11 17
15 58
24 7
44 14
45 36
82 37
82 75
89 97
8 71
11 21
25 53
27 72
39 52
65 55
83 79
38 27
47 51
95 81
34 66
50 61
74 50
