107
70 3
14 39
59 42
65 93
84 47
90 5
94 37
24 22
29 92
32 45
48 58
50 86
65 73
66 18
82 86
95 60
7 48
33 54
67 62
75 24
87 32
88 88
94 15
14 45
38 91
69 80
80 13
39 1
12 99
1 13
4 62
28 72
42 18
79 70
98 86
8 91
11 69
19 9
22 88
38 71
47 28
64 36
80 99
1 51
3 36
53 80
65 88
74 6
78 32
80 63
93 6
21 98
17 32
33 62
52 35
99 65
99 23
51 1
25 0
3 76
10 2
30 26
45 14
59 13
74 46
99 80
99 19
92 99
61 99
4 99
3 26
13 66
17 82
35 96
42 34
44 73
50 49
54 63
81 70
89 52
18 1
1 55
31 19
36 85
51 94
53 27
59 67
60 47
69 32
99 8
35 53
45 43
52 13
60 50
72 6
77 20
78 53
82 73
86 38
92 83
44 64
61 77
64 47
72 89
47 18
66 71
85 14
