107
10 73
30 58
55 67
62 54
75 37
91 40
63 66
2 18
18 48
25 13
31 34
36 71
40 22
90 75
94 10
94 89
60 45
64 78
74 24
34 61
38 27
64 49
44 62
2 1
1 51
9 31
17 96
42 92
44 7
52 31
55 16
70 92
78 64
94 55
90 98
89 1
30 1
4 66
15 44
18 26
26 91
46 49
55 83
74 88
88 31
21 45
40 74
55 25
68 19
75 96
81 56
93 29
93 45
93 77
4 40
11 20
59 63
23 56
46 69
63 86
27 22
28 50
45 25
65 5
51 98
19 0
10 99
21 82
40 89
73 4
85 15
40 1
15 0
10 68
26 82
50 11
59 31
76 57
47 99
4 46
13 27
28 37
47 41
58 8
72 71
76 92
87 6
90 54
99 38
16 86
31 68
49 63
75 15
81 82
6 26
31 44
40 28
44 77
65 25
73 64
79 22
37 49
52 77
56 53
81 63
12 39
38 64
