108
68 64
85 24
1 78
32 95
94 13
3 14
9 52
9 97
30 72
34 52
48 29
49 85
53 5
66 22
76 3
78 47
49 21
52 74
53 38
64 60
76 9
98 20
31 63
67 54
77 58
11 29
20 84
30 12
70 82
81 91
92 43
1 63
1 47
17 47
33 78
35 43
38 94
44 57
60 8
69 35
86 30
86 96
4 88
19 54
55 78
58 54
81 52
9 81
25 80
38 59
60 87
84 21
27 47
44 44
60 72
13 87
28 86
66 76
92 21
99 76
99 61
69 99
13 1
25 26
99 40
99 4
98 98
68 99
28 1
1 40
4 16
10 66
82 66
58 1
16 69
17 10
20 33
31 6
41 30
44 87
46 10
59 40
70 18
79 82
4 61
5 22
11 95
42 25
45 66
46 92
60 94
66 32
84 82
89 38
99 28
68 1
6 6
35 38
52 14
83 56
17 94
51 28
66 69
84 15
22 74
24 89
62 25
70 93
