112
94 1
8 44
20 22
27 50
11 37
25 84
29 33
37 61
39 85
47 32
53 74
56 47
58 16
61 90
79 29
94 43
15 10
65 42
67 94
35 31
44 78
49 21
14 33
42 1
26 99
5 0
3 82
13 65
48 96
59 61
74 75
87 67
89 18
90 85
3 89
6 16
19 78
29 13
39 64
47 7
47 47
59 76
83 33
88 56
97 85
11 1
13 55
22 69
24 93
54 60
59 99
28 74
30 54
36 10
42 39
43 86
10 25
29 23
55 55
34 78
49 79
82 98
67 1
80 7
99 66
99 47
99 32
98 97
98 7
11 99
1 73
1 14
61 33
63 16
68 61
85 1
56 0
37 99
1 46
71 22
75 91
84 15
92 81
99 51
3 50
7 70
13 93
20 12
21 50
28 34
39 59
43 25
56 31
74 39
75 65
85 16
91 66
17 83
28 37
39 92
57 84
91 2
6 9
54 64
56 34
64 50
85 23
22 59
31 47
61 20
28 65
33 81
