112
69 91
10 60
19 47
23 80
57 49
68 65
10 71
1 95
27 12
38 52
42 5
47 79
61 6
63 33
77 19
79 80
80 3
88 91
89 68
20 90
41 60
43 17
68 76
85 78
35 99
4 11
29 26
39 38
77 34
88 49
96 25
98 94
90 0
1 84
11 3
13 18
13 46
17 96
28 77
42 32
51 73
59 87
66 60
69 18
82 97
90 40
1 66
17 40
20 14
28 49
32 4
33 74
47 33
86 14
95 69
83 42
24 88
30 35
57 79
77 89
51 99
3 28
99 58
3 46
20 61
38 90
56 50
72 51
82 62
99 52
98 87
57 99
28 1
7 98
0 80
14 74
37 66
41 86
42 52
60 24
79 28
91 15
97 38
18 1
1 59
17 25
52 95
53 43
55 59
68 40
80 63
92 21
5 36
6 87
15 64
27 19
65 69
78 48
83 34
86 6
5 54
26 66
27 81
28 11
32 42
57 43
29 58
78 12
83 54
15 85
41 46
64 47
