109
20 26
30 63
44 62
48 48
53 16
89 80
1 56
1 41
11 2
36 91
38 24
54 30
58 88
70 53
73 38
77 90
96 12
10 28
43 70
47 5
79 40
46 84
61 33
99 41
1 94
2 73
15 91
16 41
16 76
58 63
64 5
79 9
84 59
96 67
1 19
19 3
22 41
39 10
45 41
57 94
58 70
81 92
92 34
1 67
23 92
32 58
71 5
88 6
12 42
25 87
42 32
44 49
50 20
54 6
68 33
47 90
58 56
69 45
98 92
67 19
80 25
36 99
0 87
0 12
23 10
24 27
76 69
84 54
92 99
77 99
35 1
16 98
1 52
6 25
31 74
45 76
90 77
92 15
83 0
6 72
14 10
17 46
33 32
57 33
62 47
74 19
78 65
78 85
47 1
8 86
15 12
30 91
35 60
38 76
45 50
74 24
83 35
5 32
10 77
16 8
56 17
84 84
36 48
51 36
61 7
71 43
44 60
45 11
55 21
