108
63 8
89 51
6 62
29 81
41 90
48 32
64 91
68 25
1 11
18 42
21 20
31 35
37 65
53 49
69 56
75 74
89 76
5 74
11 5
49 26
49 85
69 31
63 44
40 32
6 27
30 9
34 51
55 64
84 5
94 18
99 72
65 1
10 41
14 61
16 84
39 6
58 15
74 17
77 39
1 7
2 22
19 76
21 28
33 86
42 13
48 96
49 75
78 53
80 71
30 31
35 77
12 22
12 69
38 42
51 36
60 22
69 46
99 99
99 37
25 99
3 90
78 88
99 53
99 12
89 1
51 0
18 98
0 60
27 53
61 77
84 30
90 96
99 84
98 57
98 28
42 98
5 48
28 5
41 57
51 67
9 1
15 38
19 68
36 17
45 5
70 65
82 14
84 62
91 3
92 44
1 71
2 54
6 8
26 27
30 57
31 86
48 70
51 18
54 35
7 33
16 52
24 71
52 70
65 16
76 59
90 58
34 27
41 21
