112
16 77
48 80
40 12
82 75
13 90
15 52
25 27
32 59
34 43
55 4
56 96
57 34
68 20
70 55
83 61
37 74
45 21
58 42
72 13
65 32
99 38
85 99
42 99
24 99
5 1
1 39
1 20
2 62
15 11
45 52
69 88
85 47
86 18
3 78
15 68
28 43
46 60
64 65
87 81
91 34
62 98
6 44
10 8
16 60
19 83
29 73
51 23
51 86
71 27
72 48
90 67
35 59
42 8
45 69
49 41
7 56
10 74
23 48
56 54
63 39
48 11
99 97
99 3
33 88
99 19
79 98
73 1
6 24
18 32
32 27
60 72
84 21
89 48
56 0
40 99
36 1
1 58
20 18
62 75
77 40
77 76
85 7
90 63
97 33
1 15
2 84
11 30
17 93
33 80
42 46
59 19
69 62
41 1
1 70
20 41
31 64
31 94
36 22
46 32
62 13
73 34
17 74
24 41
42 55
47 75
74 73
91 38
24 57
24 91
46 61
84 67
50 68
