111
58 45
3 18
38 4
43 43
63 21
64 79
79 75
87 72
99 31
10 75
12 61
29 46
32 31
33 63
39 91
47 59
80 56
5 14
20 74
28 4
44 29
56 82
57 36
60 67
86 30
35 56
98 50
73 98
11 47
14 93
23 18
50 14
86 92
0 4
16 4
26 77
46 78
67 62
90 44
15 52
29 39
34 70
38 28
46 4
50 56
52 30
65 37
70 84
77 61
20 86
46 89
67 51
85 61
20 48
25 67
44 50
45 22
58 53
37 40
98 83
64 1
59 99
0 96
12 29
74 11
88 10
99 23
96 99
26 99
1 81
1 57
71 33
77 19
56 1
53 99
16 24
35 88
58 15
70 6
82 42
91 16
99 40
1 66
10 5
13 43
23 11
45 71
61 68
74 89
84 47
89 92
8 21
10 68
23 33
27 61
37 20
67 26
73 13
85 21
16 78
31 77
51 36
53 18
60 88
86 37
26 53
50 59
17 71
29 48
46 36
51 44
