112
1 52
21 32
53 45
77 30
21 17
5 56
98 7
1 31
12 87
21 51
63 72
66 91
67 44
82 95
86 41
20 9
20 85
89 88
90 13
67 82
81 31
10 55
85 31
72 1
41 98
1 77
34 69
35 24
42 81
48 65
49 16
54 30
84 73
6 70
9 40
9 96
24 2
24 36
56 14
68 97
69 5
86 16
93 68
97 31
9 14
19 57
45 36
56 46
64 29
71 14
91 95
6 81
18 93
15 20
52 39
35 50
73 61
99 78
5 1
20 65
24 79
37 50
38 83
40 10
50 93
78 55
91 44
1 10
27 93
29 37
30 20
41 67
52 79
56 53
68 67
72 83
91 49
93 3
99 21
79 99
59 99
12 0
0 45
13 39
26 5
45 14
59 32
74 44
81 16
82 79
2 62
10 75
28 34
28 53
35 91
38 76
50 68
67 24
21 87
25 10
33 59
37 18
78 34
81 85
92 35
4 50
24 39
43 84
56 23
23 24
47 79
67 36
