113
5 76
65 32
92 70
1 52
20 25
27 75
38 19
39 58
43 89
47 70
51 10
53 24
73 20
85 5
85 56
87 32
1 87
61 12
83 71
93 7
99 50
17 98
16 1
1 18
2 36
15 49
21 62
27 10
55 97
60 52
61 69
84 90
5 15
7 65
14 81
15 29
20 43
32 53
34 27
34 95
46 56
51 27
58 85
67 55
86 41
97 72
24 17
35 80
36 46
48 96
60 2
78 8
82 83
1 81
21 57
32 11
40 73
78 15
90 51
10 37
51 76
34 64
99 85
99 32
99 17
99 2
94 99
78 99
46 1
14 98
1 51
49 38
69 34
71 79
99 47
98 64
22 1
0 67
19 79
33 37
51 41
71 62
75 42
40 98
6 32
24 93
31 4
38 20
50 55
56 71
66 17
75 68
82 27
15 77
19 39
26 66
30 80
42 15
65 40
75 50
88 75
91 14
15 92
17 11
59 24
69 13
23 53
29 25
32 72
74 18
82 65
6 84
20 73
