105
24 67
89 85
8 98
9 66
22 38
34 8
49 49
62 13
74 33
86 25
9 74
9 47
89 61
98 91
25 27
34 69
60 51
69 15
73 44
18 58
80 15
99 31
55 98
4 8
26 94
31 49
37 85
45 28
48 10
56 80
65 69
78 76
95 13
48 98
1 61
10 11
12 91
17 24
24 7
83 92
95 59
41 1
14 50
18 77
28 87
37 19
37 51
55 3
58 20
59 42
75 65
88 76
1 71
19 32
39 43
61 24
71 10
89 19
24 52
42 9
73 26
1 35
87 39
98 1
80 0
65 99
40 65
47 31
50 78
54 64
63 85
7 22
18 6
48 94
70 61
76 91
84 53
92 39
94 4
68 0
33 98
19 99
3 52
3 77
23 73
28 21
45 45
57 36
91 90
17 53
41 72
52 50
55 70
69 68
83 67
14 89
19 72
21 20
28 43
51 22
80 81
82 29
26 13
53 90
60 62
