117
46 21
53 84
98 93
22 98
3 95
5 12
15 22
22 9
31 79
33 52
40 66
55 9
69 4
78 67
81 52
89 76
43 27
94 72
34 59
98 47
1 55
2 41
15 60
16 39
56 48
58 31
60 63
66 76
70 43
71 90
78 15
83 35
99 63
29 1
2 85
24 41
28 16
32 88
38 42
46 83
83 82
88 30
78 1
22 1
6 35
50 76
60 19
62 90
68 32
71 53
73 70
13 31
39 16
47 35
62 8
90 54
90 80
19 20
60 41
73 8
52 26
88 64
50 98
44 0
1 71
91 7
99 41
99 26
76 98
13 85
15 65
24 76
28 31
43 97
90 95
14 1
1 27
18 46
24 94
29 55
44 69
50 56
83 29
86 14
71 99
5 69
5 90
9 15
41 37
61 62
66 23
76 56
8 57
20 45
22 62
28 5
30 21
31 73
48 91
64 46
75 37
76 89
87 49
5 79
34 44
41 22
49 62
58 73
85 94
92 81
7 26
8 42
11 11
37 50
68 15
87 71
10 38
