112
3 76
11 23
17 94
31 55
46 28
45 1
1 3
33 13
34 37
40 84
46 47
62 10
72 89
75 58
85 27
90 51
91 13
4 93
6 29
93 9
11 37
16 28
24 1
13 59
20 79
38 70
50 62
53 77
60 27
67 74
87 66
83 1
3 47
10 15
20 64
22 48
24 16
55 85
58 62
65 13
87 35
6 69
24 88
30 41
37 7
37 23
40 51
72 66
80 51
91 60
87 1
6 79
31 75
45 87
58 19
82 15
87 45
21 56
25 22
32 4
33 64
44 59
99 84
95 99
62 99
60 48
83 80
99 22
51 1
15 0
3 99
68 29
74 99
68 1
1 33
1 13
2 61
47 33
54 46
69 45
85 86
97 47
99 13
8 45
19 85
39 21
52 63
68 60
69 9
77 32
91 28
92 91
39 0
1 18
7 3
15 32
21 4
48 17
48 39
63 24
74 51
18 18
24 31
51 8
57 71
82 39
2 25
38 35
53 24
15 7
38 44
42 14
