107
51 35
47 94
88 16
99 47
86 1
83 98
1 81
4 95
9 39
15 83
30 22
32 52
35 38
50 11
54 72
66 38
85 74
15 43
59 80
80 90
43 41
98 28
32 98
8 1
1 17
9 61
16 13
28 68
46 55
60 51
72 9
74 23
79 44
85 57
10 69
18 94
24 54
28 37
32 90
39 75
51 95
75 68
83 39
2 43
21 81
42 17
57 64
61 10
73 97
80 82
88 33
92 50
10 92
33 28
46 36
52 88
60 37
96 53
66 71
69 42
20 87
70 81
93 42
99 91
99 7
41 0
61 0
5 24
67 23
89 71
99 14
98 0
63 99
0 73
13 29
24 72
27 15
38 55
54 50
75 9
91 73
99 32
10 15
10 56
38 67
41 9
51 22
82 19
87 56
1 34
19 36
46 70
52 57
74 39
96 21
10 75
19 21
33 19
48 77
58 28
61 45
80 33
81 71
84 8
25 79
35 44
43 50
