109
56 59
98 15
25 14
54 75
69 36
77 35
1 71
1 25
21 60
30 71
36 52
36 90
48 44
55 23
95 87
97 68
28 5
37 16
39 60
61 13
90 11
57 37
64 22
28 13
99 32
78 1
71 98
7 52
16 32
34 35
49 97
78 21
79 75
71 0
1 81
4 66
39 32
42 83
63 82
72 93
83 66
38 98
9 69
22 19
27 46
45 63
92 5
19 4
29 65
42 46
43 23
56 48
66 5
65 33
70 29
5 1
0 39
12 90
46 4
70 53
89 52
99 65
99 42
56 98
1 20
1 5
17 88
77 79
83 39
86 91
1 95
19 27
19 80
32 73
59 67
76 16
87 25
88 92
90 1
3 85
8 17
26 51
26 86
43 77
52 11
55 89
65 54
78 41
79 55
92 25
81 98
24 66
33 37
52 40
70 87
73 21
91 81
33 12
40 52
48 71
90 19
27 80
49 82
65 13
30 46
38 67
71 8
79 25
28 57
