107
42 44
47 68
61 58
73 67
95 35
51 1
1 29
3 43
11 17
18 72
25 46
42 24
46 91
68 88
80 19
9 48
20 63
38 62
71 97
47 61
64 77
55 65
76 80
99 77
67 0
25 99
1 94
1 70
17 3
24 23
29 81
55 33
70 46
72 32
90 93
40 1
7 84
14 33
27 44
32 95
35 78
81 36
88 22
90 75
2 59
28 51
52 6
59 83
62 43
69 63
82 47
94 26
26 76
74 87
88 39
7 38
10 63
31 66
36 87
55 74
13 41
80 29
63 64
99 53
3 1
58 19
85 4
86 61
98 96
1 7
26 4
37 29
64 14
91 7
77 99
1 25
9 82
15 17
27 9
38 18
48 42
50 92
67 6
84 76
99 43
1 52
35 32
51 24
64 32
88 54
60 0
4 73
14 58
19 86
38 53
50 82
60 92
65 23
75 65
89 79
21 34
51 56
69 81
74 42
16 55
32 43
65 84
