107
17 96
50 53
1 59
31 8
76 86
89 76
60 61
99 15
1 42
13 34
16 4
22 65
24 43
36 24
36 68
54 39
59 25
87 32
88 51
32 46
39 10
43 28
60 19
91 28
25 9
87 85
91 20
33 16
99 66
79 1
64 1
43 93
51 73
58 89
74 49
71 98
1 73
8 55
13 95
15 75
16 23
35 76
68 31
4 35
18 45
19 92
30 37
51 81
60 52
82 89
85 46
27 67
43 75
77 80
79 26
94 99
1 21
75 66
98 62
1 84
9 8
36 90
43 55
50 9
64 5
76 17
88 6
99 38
7 60
16 20
20 81
49 96
50 36
61 63
66 77
67 48
70 34
84 60
99 58
80 98
36 1
4 40
21 48
27 32
29 60
87 74
90 14
92 90
29 0
16 67
25 86
30 22
33 45
40 61
43 6
61 15
62 72
71 83
84 35
9 82
46 80
64 54
15 40
22 17
27 51
30 71
80 80
