104
98 57
23 77
26 31
26 94
40 69
52 19
63 74
76 92
53 31
98 27
3 15
4 61
10 46
24 63
38 3
38 50
60 52
64 10
77 62
83 3
97 8
34 95
71 46
74 83
85 24
95 37
38 59
51 9
97 99
2 86
12 26
12 96
18 8
55 92
94 76
79 1
8 70
26 15
35 36
47 44
48 73
54 59
74 15
80 97
20 99
3 25
6 50
9 8
25 69
42 18
59 5
62 45
43 8
65 59
18 18
34 67
48 65
73 32
85 49
99 62
99 43
61 99
0 36
19 44
47 89
77 77
93 90
5 99
1 77
2 6
26 47
31 89
36 35
45 46
53 27
56 77
75 39
85 17
73 99
48 99
1 68
1 51
16 32
26 22
38 75
58 32
65 6
70 75
78 46
87 89
91 30
16 69
28 13
30 53
47 14
85 44
6 35
28 77
52 51
64 88
66 38
35 11
53 46
56 17
