114
5 84
34 60
87 13
16 88
98 49
1 65
8 17
13 38
33 89
34 26
41 42
47 16
50 69
52 55
87 72
92 34
13 49
46 39
87 77
25 98
21 55
54 98
9 0
20 74
21 9
34 75
56 29
60 9
64 70
65 48
70 26
72 92
78 61
90 95
10 99
1 38
0 58
19 35
32 9
54 91
66 52
71 8
75 35
91 53
98 80
14 4
17 19
40 39
42 72
56 14
71 69
76 23
97 61
9 77
49 28
60 95
79 75
49 46
66 62
93 72
36 30
63 19
99 4
46 1
94 0
78 1
76 98
2 98
1 23
0 3
27 47
84 47
92 27
99 41
40 0
37 98
14 56
25 77
46 83
59 77
72 83
82 17
99 66
83 99
69 1
1 92
16 93
21 24
30 44
30 91
34 66
37 16
44 56
46 86
60 33
80 57
92 35
99 56
13 50
18 78
32 82
51 69
57 48
73 75
10 14
26 38
48 19
59 49
72 55
74 60
36 49
45 35
54 36
79 68
