115
83 2
23 3
45 49
48 87
61 17
99 8
8 77
20 69
41 7
53 33
61 45
77 61
79 16
90 35
92 54
93 82
14 88
44 93
67 38
57 55
92 47
48 41
87 99
60 98
0 17
6 60
10 45
14 21
31 80
44 70
58 75
74 92
15 99
1 93
40 13
49 26
62 61
63 7
73 30
88 19
94 73
80 98
31 1
23 77
36 45
47 6
58 84
61 21
69 65
86 60
3 86
26 87
39 37
69 8
36 87
54 47
72 22
3 1
20 34
23 51
33 61
99 69
96 99
17 0
1 64
1 46
14 14
23 32
72 80
80 45
93 33
96 1
1 8
0 79
5 34
15 48
17 19
34 15
38 31
85 74
54 98
1 57
15 65
28 54
64 79
75 88
76 63
77 3
93 12
4 8
11 21
17 83
27 5
34 35
38 51
39 79
58 27
60 7
81 91
84 41
3 50
5 65
18 28
19 54
45 78
51 91
65 59
68 85
85 4
86 49
11 5
50 40
70 56
49 15
64 17
