115
13 90
16 11
66 12
94 58
4 40
29 22
38 49
41 14
42 28
42 75
49 60
50 88
55 37
73 84
77 63
95 73
61 30
74 12
76 96
46 35
53 30
95 1
1 24
11 67
13 51
15 28
30 97
32 64
78 37
89 15
90 90
91 43
93 29
1 15
16 91
27 48
33 91
35 5
49 8
52 51
55 67
61 94
81 3
95 43
98 83
85 98
10 12
21 25
40 42
52 6
73 26
24 14
81 14
86 52
49 49
99 16
60 98
46 99
27 0
1 68
1 43
3 84
12 53
15 76
28 82
60 70
69 42
69 81
74 66
76 0
62 1
1 40
1 9
22 63
40 78
53 84
67 26
79 52
79 71
93 76
50 0
20 98
10 3
26 31
34 55
39 20
55 15
63 40
63 61
76 87
81 30
93 22
95 8
99 51
1 32
9 81
27 8
29 78
37 59
39 92
52 70
42 1
3 50
12 25
35 20
55 44
58 12
70 95
91 30
92 46
27 52
35 88
41 68
42 40
83 23
