110
5 42
9 20
27 25
44 80
59 9
14 16
24 0
4 74
6 88
27 50
28 80
49 23
58 83
63 27
73 97
81 14
72 30
17 8
52 10
52 87
57 17
99 72
98 44
98 5
1 3
12 55
29 64
33 12
38 34
41 49
56 44
61 68
67 53
80 62
81 48
91 27
94 58
65 98
5 99
1 33
17 91
31 86
38 2
77 6
80 92
83 71
4 52
25 69
48 50
77 35
82 6
85 23
92 38
10 82
24 85
29 14
40 88
55 24
62 7
7 11
39 13
47 82
99 99
72 80
31 99
21 35
50 65
86 88
98 23
84 0
62 98
1 94
1 60
18 49
18 68
44 33
54 63
72 77
91 83
85 98
69 0
1 45
31 55
43 73
49 47
62 57
68 36
76 54
78 20
87 45
8 60
9 5
23 4
25 70
29 41
43 9
52 38
54 82
66 64
90 56
11 13
40 55
41 23
60 22
63 78
4 53
18 75
34 72
78 83
56 71
