117
1 53
11 38
85 86
87 70
5 9
9 82
27 33
33 46
39 8
39 94
43 70
49 48
53 3
71 73
77 34
85 49
3 30
12 6
15 46
34 28
49 86
53 41
79 79
59 98
7 66
23 62
48 27
70 14
73 95
86 11
97 94
99 49
63 1
30 84
39 63
40 14
51 71
57 27
70 65
78 52
87 18
3 38
3 59
5 73
38 47
43 92
56 52
58 73
60 36
69 89
75 2
88 95
89 42
33 22
47 16
74 41
76 16
31 39
36 57
41 54
98 79
27 0
25 99
1 98
16 23
99 25
16 83
30 82
63 51
96 65
88 0
79 99
37 0
19 1
4 1
1 90
17 49
18 93
22 16
54 12
73 30
99 86
65 98
1 80
16 77
33 78
44 87
59 59
70 47
83 59
84 80
2 44
7 94
17 40
19 7
32 14
45 37
52 85
60 6
65 91
70 50
84 39
92 56
4 52
22 25
22 76
46 11
50 34
75 64
77 10
50 98
24 9
29 89
45 56
47 82
83 87
86 84
