108
23 85
25 5
37 52
38 82
50 64
63 56
75 36
88 3
91 77
86 35
95 98
11 1
19 30
43 11
70 9
70 81
25 37
26 90
47 17
91 40
74 28
89 89
99 24
58 98
1 11
2 35
2 77
6 52
13 65
79 59
94 54
95 1
3 25
15 71
24 59
29 14
33 31
38 66
49 28
49 50
61 81
74 74
78 21
89 69
23 1
18 89
33 37
35 93
47 70
48 9
54 22
88 21
89 95
96 9
99 33
21 68
32 59
34 22
62 90
54 15
59 0
1 96
58 39
74 1
15 99
13 45
17 22
44 95
76 95
98 74
3 0
1 70
34 76
47 85
54 45
64 25
68 41
69 69
86 55
99 95
99 18
5 61
6 36
22 44
40 35
54 64
69 95
73 13
82 40
11 80
24 74
32 7
41 80
55 29
55 50
64 75
69 27
94 91
9 31
17 53
38 28
40 62
82 44
92 23
51 53
29 70
83 28
46 61
