110
6 56
48 50
72 12
54 96
57 74
75 27
10 85
11 4
23 73
25 56
48 14
70 61
0 58
21 87
34 48
51 45
78 10
78 28
84 14
16 61
72 99
32 98
28 1
11 99
1 33
13 25
32 16
33 33
41 67
59 3
61 31
77 84
83 71
90 49
95 85
4 9
4 41
17 35
50 89
53 75
61 56
74 50
84 62
89 32
92 9
28 82
32 22
59 92
72 86
73 4
89 76
1 53
14 66
17 51
39 13
51 54
68 29
78 92
59 66
60 43
83 22
99 66
99 22
98 91
98 8
1 89
13 20
46 26
59 5
75 42
90 0
18 99
7 1
2 36
2 81
18 11
30 58
33 37
40 73
47 35
87 56
89 40
73 0
4 18
15 28
32 4
32 54
46 59
48 15
53 29
62 13
64 60
65 86
69 43
73 72
95 63
14 95
23 15
86 90
4 43
14 59
23 48
52 43
77 58
83 45
89 19
91 70
6 26
81 84
22 64
