113
10 98
35 22
41 86
3 86
42 19
2 49
8 17
14 30
19 76
44 72
50 49
61 7
64 24
78 26
88 16
92 58
6 39
70 18
95 98
14 60
20 2
21 45
23 92
31 55
33 36
51 30
55 87
61 67
62 39
78 94
81 78
87 41
94 3
99 50
67 1
1 21
25 6
26 91
38 41
39 68
59 90
62 74
64 45
81 9
83 56
88 80
95 66
1 97
16 50
29 29
82 29
14 11
38 50
54 73
55 34
66 82
84 63
85 87
87 5
89 32
8 46
23 37
39 56
26 47
48 1
47 99
1 4
0 65
99 80
99 31
76 98
34 0
13 76
28 77
69 52
38 99
1 87
15 25
24 62
28 15
50 5
55 54
62 21
75 33
75 65
82 46
79 1
57 99
1 41
3 6
21 76
39 67
45 85
49 27
76 69
94 84
8 90
9 3
30 87
46 70
56 60
68 38
69 20
85 55
11 66
53 20
60 75
73 87
77 72
83 15
89 90
37 29
69 13
