115
47 66
59 46
71 54
95 30
98 96
17 63
23 15
28 87
44 16
49 30
63 2
75 37
75 70
85 58
20 58
54 30
56 55
72 9
89 56
55 37
98 16
51 98
22 1
1 96
2 20
5 46
5 79
11 31
32 29
32 68
42 48
52 80
61 69
68 85
94 74
99 35
6 62
14 86
18 39
32 37
33 5
35 96
66 26
68 91
89 7
21 47
45 62
46 86
58 75
76 78
83 29
7 68
29 52
32 19
41 40
53 90
63 49
67 64
77 91
88 22
40 76
46 52
76 63
57 61
49 1
4 6
99 60
84 99
16 99
16 14
47 15
66 22
75 11
88 44
93 88
99 10
55 1
31 98
1 32
6 54
18 72
72 40
89 71
83 1
3 87
4 18
18 77
19 29
31 57
55 16
58 95
68 8
82 84
94 57
5 24
9 10
18 94
21 72
28 29
37 12
38 84
73 48
80 19
82 37
75 1
45 43
46 23
47 71
78 73
81 15
27 61
55 83
60 54
61 38
79 53
