109
10 52
12 34
30 85
33 6
76 82
84 28
2 53
25 23
35 33
60 53
69 3
70 40
75 63
90 77
91 92
94 53
67 75
73 95
74 26
83 67
85 19
3 0
0 23
5 70
12 94
13 10
19 67
34 64
44 79
51 19
34 98
1 37
19 39
36 3
42 36
47 88
54 8
56 71
66 25
75 48
86 7
89 42
92 56
96 95
2 14
10 68
18 85
20 4
27 65
31 92
41 67
58 77
68 12
31 28
70 78
78 91
11 78
26 88
59 65
80 58
7 60
76 15
99 32
40 51
99 72
99 20
98 6
51 98
1 92
49 34
50 2
56 47
64 92
81 0
78 99
1 18
14 24
17 50
63 39
99 48
66 1
26 3
39 21
40 4
48 90
49 38
64 25
66 61
79 32
91 85
82 99
1 9
14 28
14 44
18 76
33 84
82 28
83 64
17 15
40 12
57 5
71 3
72 74
83 84
90 23
40 95
8 14
71 89
77 77
