111
34 59
35 45
60 59
71 87
88 90
97 23
78 84
83 1
1 55
2 27
17 85
51 79
61 23
81 18
89 66
5 64
23 89
24 43
50 63
56 86
65 56
62 64
99 9
69 0
50 99
1 83
7 96
9 13
22 5
25 29
34 74
45 24
49 10
63 40
94 48
99 75
94 98
9 70
11 39
30 91
32 31
47 49
67 19
77 64
13 5
14 64
55 77
57 32
83 79
85 11
87 61
14 77
24 87
27 51
39 69
68 84
88 4
53 64
71 60
89 82
32 15
77 41
99 39
64 0
13 99
17 25
43 97
50 4
81 25
83 39
99 81
60 99
1 98
1 17
2 35
19 57
37 37
56 38
64 2
99 60
1 78
4 56
18 71
28 59
30 18
33 77
40 44
44 86
52 12
69 78
70 46
74 92
75 21
86 32
80 1
16 46
36 60
50 84
71 35
79 55
83 95
92 9
16 83
67 63
75 78
11 51
55 54
57 78
70 8
89 18
77 9
