115
74 78
82 8
7 63
28 71
56 18
57 79
70 31
32 58
10 80
21 7
25 24
39 91
50 55
84 32
11 58
54 85
70 10
83 3
54 68
1 95
1 47
7 19
15 44
38 32
55 36
71 54
81 95
88 60
91 45
95 20
95 81
16 0
30 85
45 11
45 69
54 93
69 25
70 85
82 75
96 9
10 87
49 47
60 71
61 38
82 18
93 27
18 64
62 94
63 17
67 63
7 51
44 79
64 35
77 13
77 25
96 99
36 0
23 99
1 32
1 6
99 71
67 1
50 1
0 77
17 39
28 50
33 36
37 15
76 50
84 90
99 13
98 31
44 98
8 1
1 38
1 21
15 20
15 94
36 57
41 29
42 76
53 54
78 72
83 46
95 0
48 1
1 64
24 86
33 43
49 15
67 91
84 66
85 39
85 94
90 53
1 90
3 10
6 72
9 35
27 65
30 28
30 94
42 43
47 93
62 9
69 40
76 78
92 86
1 56
47 37
84 9
91 34
68 16
78 36
76 86
